   1              		.cpu cortex-m4
   2              		.eabi_attribute 20, 1
   3              		.eabi_attribute 21, 1
   4              		.eabi_attribute 23, 3
   5              		.eabi_attribute 24, 1
   6              		.eabi_attribute 25, 1
   7              		.eabi_attribute 26, 1
   8              		.eabi_attribute 30, 4
   9              		.eabi_attribute 34, 1
  10              		.eabi_attribute 18, 4
  11              		.file	"RXTX.c"
  12              		.text
  13              	.Ltext0:
  14              		.cfi_sections	.debug_frame
  15              		.align	1
  16              		.global	UART0_RX_TX_IRQHandler
  17              		.arch armv7e-m
  18              		.syntax unified
  19              		.thumb
  20              		.thumb_func
  21              		.fpu softvfp
  23              	UART0_RX_TX_IRQHandler:
  24              	.LFB0:
  25              		.file 1 "hal/Landungsbruecke/tmc/RXTX.c"
   1:hal/Landungsbruecke/tmc/RXTX.c **** /*
   2:hal/Landungsbruecke/tmc/RXTX.c ****  * RXTX.c
   3:hal/Landungsbruecke/tmc/RXTX.c ****  *
   4:hal/Landungsbruecke/tmc/RXTX.c ****  *  Created on: 26.02.2019
   5:hal/Landungsbruecke/tmc/RXTX.c ****  *      Author: LK
   6:hal/Landungsbruecke/tmc/RXTX.c ****  */
   7:hal/Landungsbruecke/tmc/RXTX.c **** 
   8:hal/Landungsbruecke/tmc/RXTX.c **** #include "hal/RXTX.h"
   9:hal/Landungsbruecke/tmc/RXTX.c **** #include "hal/WLAN.h"
  10:hal/Landungsbruecke/tmc/RXTX.c **** #include "hal/UART.h"
  11:hal/Landungsbruecke/tmc/RXTX.c **** 
  12:hal/Landungsbruecke/tmc/RXTX.c **** UART0_Interrupt uart0_interrupt = UART0_INTERRUPT_UART;
  13:hal/Landungsbruecke/tmc/RXTX.c **** 
  14:hal/Landungsbruecke/tmc/RXTX.c **** void UART0_RX_TX_IRQHandler(void)
  15:hal/Landungsbruecke/tmc/RXTX.c **** {
  26              		.loc 1 15 1 view -0
  27              		.cfi_startproc
  28              		@ args = 0, pretend = 0, frame = 0
  29              		@ frame_needed = 0, uses_anonymous_args = 0
  30              		@ link register save eliminated.
  16:hal/Landungsbruecke/tmc/RXTX.c **** 	switch(uart0_interrupt) {
  31              		.loc 1 16 2 view .LVU1
  32 0000 034B     		ldr	r3, .L3
  33 0002 1B78     		ldrb	r3, [r3]	@ zero_extendqisi2
  34 0004 012B     		cmp	r3, #1
  35 0006 01D1     		bne	.L2
  17:hal/Landungsbruecke/tmc/RXTX.c **** 	case UART0_INTERRUPT_WLAN:
  18:hal/Landungsbruecke/tmc/RXTX.c **** 		UART0_RX_TX_IRQHandler_WLAN();
  36              		.loc 1 18 3 view .LVU2
  37 0008 FFF7FEBF 		b	UART0_RX_TX_IRQHandler_WLAN
  38              	.LVL0:
  39              	.L2:
  19:hal/Landungsbruecke/tmc/RXTX.c **** 		break;
  20:hal/Landungsbruecke/tmc/RXTX.c **** 	case UART0_INTERRUPT_UART:
  21:hal/Landungsbruecke/tmc/RXTX.c **** 	default:
  22:hal/Landungsbruecke/tmc/RXTX.c **** 		UART0_RX_TX_IRQHandler_UART();
  40              		.loc 1 22 3 view .LVU3
  41 000c FFF7FEBF 		b	UART0_RX_TX_IRQHandler_UART
  42              	.LVL1:
  43              	.L4:
  44              		.align	2
  45              	.L3:
  46 0010 00000000 		.word	.LANCHOR0
  47              		.cfi_endproc
  48              	.LFE0:
  50              		.comm	UART,40,4
  51              		.comm	WLAN,36,4
  52              		.global	uart0_interrupt
  53              		.bss
  54              		.set	.LANCHOR0,. + 0
  57              	uart0_interrupt:
  58 0000 00       		.space	1
  59              		.text
  60              	.Letext0:
  61              		.file 2 "c:\\program files (x86)\\gnu arm embedded toolchain\\9 2020-q2-update\\arm-none-eabi\\inc
  62              		.file 3 "c:\\program files (x86)\\gnu arm embedded toolchain\\9 2020-q2-update\\arm-none-eabi\\inc
  63              		.file 4 "c:\\program files (x86)\\gnu arm embedded toolchain\\9 2020-q2-update\\lib\\gcc\\arm-none
  64              		.file 5 "c:\\program files (x86)\\gnu arm embedded toolchain\\9 2020-q2-update\\arm-none-eabi\\inc
  65              		.file 6 "c:\\program files (x86)\\gnu arm embedded toolchain\\9 2020-q2-update\\arm-none-eabi\\inc
  66              		.file 7 "c:\\program files (x86)\\gnu arm embedded toolchain\\9 2020-q2-update\\arm-none-eabi\\inc
  67              		.file 8 "c:\\program files (x86)\\gnu arm embedded toolchain\\9 2020-q2-update\\arm-none-eabi\\inc
  68              		.file 9 "./hal/RXTX.h"
  69              		.file 10 "./hal/WLAN.h"
  70              		.file 11 "./hal/UART.h"
DEFINED SYMBOLS
                            *ABS*:00000000 RXTX.c
C:\Users\Shubham\AppData\Local\Temp\ccUWvmWX.s:15     .text:00000000 $t
C:\Users\Shubham\AppData\Local\Temp\ccUWvmWX.s:23     .text:00000000 UART0_RX_TX_IRQHandler
C:\Users\Shubham\AppData\Local\Temp\ccUWvmWX.s:46     .text:00000010 $d
                            *COM*:00000028 UART
                            *COM*:00000024 WLAN
C:\Users\Shubham\AppData\Local\Temp\ccUWvmWX.s:57     .bss:00000000 uart0_interrupt
C:\Users\Shubham\AppData\Local\Temp\ccUWvmWX.s:58     .bss:00000000 $d

UNDEFINED SYMBOLS
UART0_RX_TX_IRQHandler_WLAN
UART0_RX_TX_IRQHandler_UART
