   1              		.cpu cortex-m4
   2              		.eabi_attribute 20, 1
   3              		.eabi_attribute 21, 1
   4              		.eabi_attribute 23, 3
   5              		.eabi_attribute 24, 1
   6              		.eabi_attribute 25, 1
   7              		.eabi_attribute 26, 1
   8              		.eabi_attribute 30, 4
   9              		.eabi_attribute 34, 1
  10              		.eabi_attribute 18, 4
  11              		.file	"TMC2041.c"
  12              		.text
  13              	.Ltext0:
  14              		.cfi_sections	.debug_frame
  15              		.align	1
  16              		.global	tmc2041_writeDatagram
  17              		.arch armv7e-m
  18              		.syntax unified
  19              		.thumb
  20              		.thumb_func
  21              		.fpu softvfp
  23              	tmc2041_writeDatagram:
  24              	.LVL0:
  25              	.LFB0:
  26              		.file 1 "TMC-API/tmc/ic/TMC2041/TMC2041.c"
   1:TMC-API/tmc/ic/TMC2041/TMC2041.c **** /*
   2:TMC-API/tmc/ic/TMC2041/TMC2041.c ****  * TMC2041.c
   3:TMC-API/tmc/ic/TMC2041/TMC2041.c ****  *
   4:TMC-API/tmc/ic/TMC2041/TMC2041.c ****  *  Created on: 14.08.2017
   5:TMC-API/tmc/ic/TMC2041/TMC2041.c ****  *      Author: LK
   6:TMC-API/tmc/ic/TMC2041/TMC2041.c ****  */
   7:TMC-API/tmc/ic/TMC2041/TMC2041.c **** 
   8:TMC-API/tmc/ic/TMC2041/TMC2041.c **** #include "TMC2041.h"
   9:TMC-API/tmc/ic/TMC2041/TMC2041.c **** 
  10:TMC-API/tmc/ic/TMC2041/TMC2041.c **** // => SPI wrapper
  11:TMC-API/tmc/ic/TMC2041/TMC2041.c **** extern void tmc2041_readWriteArray(uint8_t channel, uint8_t *data, size_t length);
  12:TMC-API/tmc/ic/TMC2041/TMC2041.c **** // <= SPI wrapper
  13:TMC-API/tmc/ic/TMC2041/TMC2041.c **** 
  14:TMC-API/tmc/ic/TMC2041/TMC2041.c **** void tmc2041_writeDatagram(TMC2041TypeDef *tmc2041, uint8_t address, uint8_t x1, uint8_t x2, uint8_
  15:TMC-API/tmc/ic/TMC2041/TMC2041.c **** {
  27              		.loc 1 15 1 view -0
  28              		.cfi_startproc
  29              		@ args = 8, pretend = 0, frame = 8
  30              		@ frame_needed = 0, uses_anonymous_args = 0
  16:TMC-API/tmc/ic/TMC2041/TMC2041.c **** 	uint8_t data[5] = { address | TMC2041_WRITE_BIT, x1, x2, x3, x4 };
  31              		.loc 1 16 2 view .LVU1
  15:TMC-API/tmc/ic/TMC2041/TMC2041.c **** 	uint8_t data[5] = { address | TMC2041_WRITE_BIT, x1, x2, x3, x4 };
  32              		.loc 1 15 1 is_stmt 0 view .LVU2
  33 0000 2DE9F743 		push	{r0, r1, r2, r4, r5, r6, r7, r8, r9, lr}
  34              	.LCFI0:
  35              		.cfi_def_cfa_offset 40
  36              		.cfi_offset 4, -28
  37              		.cfi_offset 5, -24
  38              		.cfi_offset 6, -20
  39              		.cfi_offset 7, -16
  40              		.cfi_offset 8, -12
  41              		.cfi_offset 9, -8
  42              		.cfi_offset 14, -4
  15:TMC-API/tmc/ic/TMC2041/TMC2041.c **** 	uint8_t data[5] = { address | TMC2041_WRITE_BIT, x1, x2, x3, x4 };
  43              		.loc 1 15 1 view .LVU3
  44 0004 9846     		mov	r8, r3
  45              		.loc 1 16 10 view .LVU4
  46 0006 61F07F03 		orn	r3, r1, #127
  47              	.LVL1:
  48              		.loc 1 16 10 view .LVU5
  49 000a 8DF80030 		strb	r3, [sp]
  17:TMC-API/tmc/ic/TMC2041/TMC2041.c **** 	tmc2041_readWriteArray(tmc2041->config->channel, &data[0], 5);
  50              		.loc 1 17 2 view .LVU6
  51 000e 0368     		ldr	r3, [r0]
  15:TMC-API/tmc/ic/TMC2041/TMC2041.c **** 	uint8_t data[5] = { address | TMC2041_WRITE_BIT, x1, x2, x3, x4 };
  52              		.loc 1 15 1 view .LVU7
  53 0010 9DF82890 		ldrb	r9, [sp, #40]	@ zero_extendqisi2
  54 0014 9DF82C50 		ldrb	r5, [sp, #44]	@ zero_extendqisi2
  16:TMC-API/tmc/ic/TMC2041/TMC2041.c **** 	uint8_t data[5] = { address | TMC2041_WRITE_BIT, x1, x2, x3, x4 };
  55              		.loc 1 16 10 view .LVU8
  56 0018 8DF80120 		strb	r2, [sp, #1]
  15:TMC-API/tmc/ic/TMC2041/TMC2041.c **** 	uint8_t data[5] = { address | TMC2041_WRITE_BIT, x1, x2, x3, x4 };
  57              		.loc 1 15 1 view .LVU9
  58 001c 0446     		mov	r4, r0
  59 001e 1746     		mov	r7, r2
  60              		.loc 1 17 2 view .LVU10
  61 0020 93F81002 		ldrb	r0, [r3, #528]	@ zero_extendqisi2
  62              	.LVL2:
  16:TMC-API/tmc/ic/TMC2041/TMC2041.c **** 	uint8_t data[5] = { address | TMC2041_WRITE_BIT, x1, x2, x3, x4 };
  63              		.loc 1 16 10 view .LVU11
  64 0024 8DF80450 		strb	r5, [sp, #4]
  65              		.loc 1 17 2 is_stmt 1 view .LVU12
  15:TMC-API/tmc/ic/TMC2041/TMC2041.c **** 	uint8_t data[5] = { address | TMC2041_WRITE_BIT, x1, x2, x3, x4 };
  66              		.loc 1 15 1 is_stmt 0 view .LVU13
  67 0028 0E46     		mov	r6, r1
  68              		.loc 1 17 2 view .LVU14
  69 002a 0522     		movs	r2, #5
  70              	.LVL3:
  71              		.loc 1 17 2 view .LVU15
  72 002c 6946     		mov	r1, sp
  73              	.LVL4:
  16:TMC-API/tmc/ic/TMC2041/TMC2041.c **** 	uint8_t data[5] = { address | TMC2041_WRITE_BIT, x1, x2, x3, x4 };
  74              		.loc 1 16 10 view .LVU16
  75 002e 8DF80280 		strb	r8, [sp, #2]
  76 0032 8DF80390 		strb	r9, [sp, #3]
  77              		.loc 1 17 2 view .LVU17
  78 0036 FFF7FEFF 		bl	tmc2041_readWriteArray
  79              	.LVL5:
  18:TMC-API/tmc/ic/TMC2041/TMC2041.c **** 
  19:TMC-API/tmc/ic/TMC2041/TMC2041.c **** 	int value = (x1 << 24) | (x2 << 16) | (x3 << 8) | x4;
  80              		.loc 1 19 2 is_stmt 1 view .LVU18
  20:TMC-API/tmc/ic/TMC2041/TMC2041.c **** 
  21:TMC-API/tmc/ic/TMC2041/TMC2041.c **** 	// Write to the shadow register and mark the register dirty
  22:TMC-API/tmc/ic/TMC2041/TMC2041.c **** 	address = address & ~TMC2041_WRITE_BIT;
  81              		.loc 1 22 2 view .LVU19
  23:TMC-API/tmc/ic/TMC2041/TMC2041.c **** 	tmc2041->config->shadowRegister[address] = value;
  82              		.loc 1 23 2 view .LVU20
  83              		.loc 1 23 43 is_stmt 0 view .LVU21
  84 003a 2268     		ldr	r2, [r4]
  85              		.loc 1 23 33 view .LVU22
  86 003c 06F07F06 		and	r6, r6, #127
  87              	.LVL6:
  19:TMC-API/tmc/ic/TMC2041/TMC2041.c **** 
  88              		.loc 1 19 6 view .LVU23
  89 0040 45EA0925 		orr	r5, r5, r9, lsl #8
  90              	.LVL7:
  91              		.loc 1 23 43 view .LVU24
  92 0044 02EB8601 		add	r1, r2, r6, lsl #2
  19:TMC-API/tmc/ic/TMC2041/TMC2041.c **** 
  93              		.loc 1 19 6 view .LVU25
  94 0048 45EA0843 		orr	r3, r5, r8, lsl #16
  95 004c 43EA0763 		orr	r3, r3, r7, lsl #24
  24:TMC-API/tmc/ic/TMC2041/TMC2041.c **** 	tmc2041->registerAccess[address] |= TMC_ACCESS_DIRTY;
  96              		.loc 1 24 35 view .LVU26
  97 0050 3444     		add	r4, r4, r6
  98              	.LVL8:
  23:TMC-API/tmc/ic/TMC2041/TMC2041.c **** 	tmc2041->config->shadowRegister[address] = value;
  99              		.loc 1 23 43 view .LVU27
 100 0052 4B60     		str	r3, [r1, #4]
 101              		.loc 1 24 2 is_stmt 1 view .LVU28
 102              		.loc 1 24 35 is_stmt 0 view .LVU29
 103 0054 94F80432 		ldrb	r3, [r4, #516]	@ zero_extendqisi2
 104 0058 43F00803 		orr	r3, r3, #8
 105 005c 84F80432 		strb	r3, [r4, #516]
  25:TMC-API/tmc/ic/TMC2041/TMC2041.c **** }
 106              		.loc 1 25 1 view .LVU30
 107 0060 03B0     		add	sp, sp, #12
 108              	.LCFI1:
 109              		.cfi_def_cfa_offset 28
 110              		@ sp needed
 111 0062 BDE8F083 		pop	{r4, r5, r6, r7, r8, r9, pc}
 112              		.loc 1 25 1 view .LVU31
 113              		.cfi_endproc
 114              	.LFE0:
 116              		.align	1
 117              		.global	tmc2041_writeInt
 118              		.syntax unified
 119              		.thumb
 120              		.thumb_func
 121              		.fpu softvfp
 123              	tmc2041_writeInt:
 124              	.LVL9:
 125              	.LFB1:
  26:TMC-API/tmc/ic/TMC2041/TMC2041.c **** 
  27:TMC-API/tmc/ic/TMC2041/TMC2041.c **** void tmc2041_writeInt(TMC2041TypeDef *tmc2041, uint8_t address, int32_t value)
  28:TMC-API/tmc/ic/TMC2041/TMC2041.c **** {
 126              		.loc 1 28 1 is_stmt 1 view -0
 127              		.cfi_startproc
 128              		@ args = 0, pretend = 0, frame = 0
 129              		@ frame_needed = 0, uses_anonymous_args = 0
  29:TMC-API/tmc/ic/TMC2041/TMC2041.c **** 	tmc2041_writeDatagram(tmc2041, address, BYTE(value, 3), BYTE(value, 2), BYTE(value, 1), BYTE(value
 130              		.loc 1 29 2 view .LVU33
  28:TMC-API/tmc/ic/TMC2041/TMC2041.c **** 	tmc2041_writeDatagram(tmc2041, address, BYTE(value, 3), BYTE(value, 2), BYTE(value, 1), BYTE(value
 131              		.loc 1 28 1 is_stmt 0 view .LVU34
 132 0066 07B5     		push	{r0, r1, r2, lr}
 133              	.LCFI2:
 134              		.cfi_def_cfa_offset 16
 135              		.cfi_offset 14, -4
 136              		.loc 1 29 2 view .LVU35
 137 0068 D3B2     		uxtb	r3, r2
 138 006a 0193     		str	r3, [sp, #4]
 139 006c C2F30723 		ubfx	r3, r2, #8, #8
 140 0070 0093     		str	r3, [sp]
 141 0072 C2F30743 		ubfx	r3, r2, #16, #8
 142 0076 120E     		lsrs	r2, r2, #24
 143              	.LVL10:
 144              		.loc 1 29 2 view .LVU36
 145 0078 FFF7FEFF 		bl	tmc2041_writeDatagram
 146              	.LVL11:
  30:TMC-API/tmc/ic/TMC2041/TMC2041.c **** }
 147              		.loc 1 30 1 view .LVU37
 148 007c 03B0     		add	sp, sp, #12
 149              	.LCFI3:
 150              		.cfi_def_cfa_offset 4
 151              		@ sp needed
 152 007e 5DF804FB 		ldr	pc, [sp], #4
 153              		.cfi_endproc
 154              	.LFE1:
 156              		.align	1
 157              		.global	tmc2041_readInt
 158              		.syntax unified
 159              		.thumb
 160              		.thumb_func
 161              		.fpu softvfp
 163              	tmc2041_readInt:
 164              	.LVL12:
 165              	.LFB2:
  31:TMC-API/tmc/ic/TMC2041/TMC2041.c **** 
  32:TMC-API/tmc/ic/TMC2041/TMC2041.c **** int32_t tmc2041_readInt(TMC2041TypeDef *tmc2041, uint8_t address)
  33:TMC-API/tmc/ic/TMC2041/TMC2041.c **** {
 166              		.loc 1 33 1 is_stmt 1 view -0
 167              		.cfi_startproc
 168              		@ args = 0, pretend = 0, frame = 8
 169              		@ frame_needed = 0, uses_anonymous_args = 0
  34:TMC-API/tmc/ic/TMC2041/TMC2041.c **** 	address = TMC_ADDRESS(address);
 170              		.loc 1 34 2 view .LVU39
  33:TMC-API/tmc/ic/TMC2041/TMC2041.c **** 	address = TMC_ADDRESS(address);
 171              		.loc 1 33 1 is_stmt 0 view .LVU40
 172 0082 37B5     		push	{r0, r1, r2, r4, r5, lr}
 173              	.LCFI4:
 174              		.cfi_def_cfa_offset 24
 175              		.cfi_offset 4, -12
 176              		.cfi_offset 5, -8
 177              		.cfi_offset 14, -4
 178              		.loc 1 34 10 view .LVU41
 179 0084 01F07F04 		and	r4, r1, #127
 180              	.LVL13:
  35:TMC-API/tmc/ic/TMC2041/TMC2041.c **** 
  36:TMC-API/tmc/ic/TMC2041/TMC2041.c **** 	// register not readable -> shadow register copy
  37:TMC-API/tmc/ic/TMC2041/TMC2041.c **** 	if(!TMC_IS_READABLE(tmc2041->registerAccess[address]))
 181              		.loc 1 37 2 is_stmt 1 view .LVU42
 182              		.loc 1 37 6 is_stmt 0 view .LVU43
 183 0088 0219     		adds	r2, r0, r4
 184 008a 0368     		ldr	r3, [r0]
 185              		.loc 1 37 4 view .LVU44
 186 008c 92F80422 		ldrb	r2, [r2, #516]	@ zero_extendqisi2
 187 0090 D207     		lsls	r2, r2, #31
  33:TMC-API/tmc/ic/TMC2041/TMC2041.c **** 	address = TMC_ADDRESS(address);
 188              		.loc 1 33 1 view .LVU45
 189 0092 0546     		mov	r5, r0
 190              		.loc 1 37 4 view .LVU46
 191 0094 04D4     		bmi	.L4
  38:TMC-API/tmc/ic/TMC2041/TMC2041.c **** 		return tmc2041->config->shadowRegister[address];
 192              		.loc 1 38 3 is_stmt 1 view .LVU47
 193              		.loc 1 38 41 is_stmt 0 view .LVU48
 194 0096 03EB8404 		add	r4, r3, r4, lsl #2
 195              	.LVL14:
 196              		.loc 1 38 41 view .LVU49
 197 009a 6068     		ldr	r0, [r4, #4]
 198              	.LVL15:
 199              	.L3:
  39:TMC-API/tmc/ic/TMC2041/TMC2041.c **** 
  40:TMC-API/tmc/ic/TMC2041/TMC2041.c **** 	uint8_t data[5];
  41:TMC-API/tmc/ic/TMC2041/TMC2041.c **** 
  42:TMC-API/tmc/ic/TMC2041/TMC2041.c **** 	data[0] = address;
  43:TMC-API/tmc/ic/TMC2041/TMC2041.c **** 	tmc2041_readWriteArray(tmc2041->config->channel, &data[0], 5);
  44:TMC-API/tmc/ic/TMC2041/TMC2041.c **** 
  45:TMC-API/tmc/ic/TMC2041/TMC2041.c **** 	data[0] = address;
  46:TMC-API/tmc/ic/TMC2041/TMC2041.c **** 	tmc2041_readWriteArray(tmc2041->config->channel, &data[0], 5);
  47:TMC-API/tmc/ic/TMC2041/TMC2041.c **** 
  48:TMC-API/tmc/ic/TMC2041/TMC2041.c **** 	return (data[1] << 24) | (data[2] << 16) | (data[3] << 8) | data[4];
  49:TMC-API/tmc/ic/TMC2041/TMC2041.c **** }
 200              		.loc 1 49 1 view .LVU50
 201 009c 03B0     		add	sp, sp, #12
 202              	.LCFI5:
 203              		.cfi_remember_state
 204              		.cfi_def_cfa_offset 12
 205              		@ sp needed
 206 009e 30BD     		pop	{r4, r5, pc}
 207              	.LVL16:
 208              	.L4:
 209              	.LCFI6:
 210              		.cfi_restore_state
  40:TMC-API/tmc/ic/TMC2041/TMC2041.c **** 
 211              		.loc 1 40 2 is_stmt 1 view .LVU51
  42:TMC-API/tmc/ic/TMC2041/TMC2041.c **** 	tmc2041_readWriteArray(tmc2041->config->channel, &data[0], 5);
 212              		.loc 1 42 2 view .LVU52
  43:TMC-API/tmc/ic/TMC2041/TMC2041.c **** 
 213              		.loc 1 43 2 is_stmt 0 view .LVU53
 214 00a0 93F81002 		ldrb	r0, [r3, #528]	@ zero_extendqisi2
 215              	.LVL17:
  42:TMC-API/tmc/ic/TMC2041/TMC2041.c **** 	tmc2041_readWriteArray(tmc2041->config->channel, &data[0], 5);
 216              		.loc 1 42 10 view .LVU54
 217 00a4 8DF80040 		strb	r4, [sp]
  43:TMC-API/tmc/ic/TMC2041/TMC2041.c **** 
 218              		.loc 1 43 2 is_stmt 1 view .LVU55
 219 00a8 0522     		movs	r2, #5
 220 00aa 6946     		mov	r1, sp
 221 00ac FFF7FEFF 		bl	tmc2041_readWriteArray
 222              	.LVL18:
  45:TMC-API/tmc/ic/TMC2041/TMC2041.c **** 	tmc2041_readWriteArray(tmc2041->config->channel, &data[0], 5);
 223              		.loc 1 45 2 view .LVU56
  46:TMC-API/tmc/ic/TMC2041/TMC2041.c **** 
 224              		.loc 1 46 2 is_stmt 0 view .LVU57
 225 00b0 2B68     		ldr	r3, [r5]
  45:TMC-API/tmc/ic/TMC2041/TMC2041.c **** 	tmc2041_readWriteArray(tmc2041->config->channel, &data[0], 5);
 226              		.loc 1 45 10 view .LVU58
 227 00b2 8DF80040 		strb	r4, [sp]
  46:TMC-API/tmc/ic/TMC2041/TMC2041.c **** 
 228              		.loc 1 46 2 is_stmt 1 view .LVU59
 229 00b6 93F81002 		ldrb	r0, [r3, #528]	@ zero_extendqisi2
 230 00ba 0522     		movs	r2, #5
 231 00bc 6946     		mov	r1, sp
 232 00be FFF7FEFF 		bl	tmc2041_readWriteArray
 233              	.LVL19:
  48:TMC-API/tmc/ic/TMC2041/TMC2041.c **** }
 234              		.loc 1 48 2 view .LVU60
 235 00c2 DDF80100 		ldr	r0, [sp, #1]	@ unaligned
 236 00c6 00BA     		rev	r0, r0
  48:TMC-API/tmc/ic/TMC2041/TMC2041.c **** }
 237              		.loc 1 48 60 is_stmt 0 view .LVU61
 238 00c8 E8E7     		b	.L3
 239              		.cfi_endproc
 240              	.LFE2:
 242              		.align	1
 243              		.global	tmc2041_init
 244              		.syntax unified
 245              		.thumb
 246              		.thumb_func
 247              		.fpu softvfp
 249              	tmc2041_init:
 250              	.LVL20:
 251              	.LFB3:
  50:TMC-API/tmc/ic/TMC2041/TMC2041.c **** 
  51:TMC-API/tmc/ic/TMC2041/TMC2041.c **** void tmc2041_init(TMC2041TypeDef *tmc2041, uint8_t channel, ConfigurationTypeDef *config, const int
  52:TMC-API/tmc/ic/TMC2041/TMC2041.c **** {
 252              		.loc 1 52 1 is_stmt 1 view -0
 253              		.cfi_startproc
 254              		@ args = 0, pretend = 0, frame = 0
 255              		@ frame_needed = 0, uses_anonymous_args = 0
  53:TMC-API/tmc/ic/TMC2041/TMC2041.c **** 	tmc2041->config = config;
 256              		.loc 1 53 2 view .LVU63
  52:TMC-API/tmc/ic/TMC2041/TMC2041.c **** 	tmc2041->config = config;
 257              		.loc 1 52 1 is_stmt 0 view .LVU64
 258 00ca 30B5     		push	{r4, r5, lr}
 259              	.LCFI7:
 260              		.cfi_def_cfa_offset 12
 261              		.cfi_offset 4, -12
 262              		.cfi_offset 5, -8
 263              		.cfi_offset 14, -4
  54:TMC-API/tmc/ic/TMC2041/TMC2041.c **** 
  55:TMC-API/tmc/ic/TMC2041/TMC2041.c **** 	tmc2041->config->callback     = NULL;
 264              		.loc 1 55 32 view .LVU65
 265 00cc 0024     		movs	r4, #0
  53:TMC-API/tmc/ic/TMC2041/TMC2041.c **** 
 266              		.loc 1 53 18 view .LVU66
 267 00ce 0260     		str	r2, [r0]
 268              		.loc 1 55 2 is_stmt 1 view .LVU67
 269              		.loc 1 55 32 is_stmt 0 view .LVU68
 270 00d0 C2F80C42 		str	r4, [r2, #524]
  56:TMC-API/tmc/ic/TMC2041/TMC2041.c **** 	tmc2041->config->channel      = channel;
 271              		.loc 1 56 2 is_stmt 1 view .LVU69
  57:TMC-API/tmc/ic/TMC2041/TMC2041.c **** 	tmc2041->config->configIndex  = 0;
  58:TMC-API/tmc/ic/TMC2041/TMC2041.c **** 	tmc2041->config->state        = CONFIG_READY;
 272              		.loc 1 58 32 is_stmt 0 view .LVU70
 273 00d4 1480     		strh	r4, [r2]	@ movhi
 274 00d6 0A4C     		ldr	r4, .L9
  56:TMC-API/tmc/ic/TMC2041/TMC2041.c **** 	tmc2041->config->channel      = channel;
 275              		.loc 1 56 32 view .LVU71
 276 00d8 82F81012 		strb	r1, [r2, #528]
  57:TMC-API/tmc/ic/TMC2041/TMC2041.c **** 	tmc2041->config->configIndex  = 0;
 277              		.loc 1 57 2 is_stmt 1 view .LVU72
 278              		.loc 1 58 2 view .LVU73
  59:TMC-API/tmc/ic/TMC2041/TMC2041.c **** 
  60:TMC-API/tmc/ic/TMC2041/TMC2041.c **** 	int i;
 279              		.loc 1 60 2 view .LVU74
  61:TMC-API/tmc/ic/TMC2041/TMC2041.c **** 	for(i = 0; i < TMC2041_REGISTER_COUNT; i++)
 280              		.loc 1 61 2 view .LVU75
 281              	.LVL21:
 282              		.loc 1 61 13 view .LVU76
 283 00dc 043B     		subs	r3, r3, #4
 284              	.LVL22:
 285              		.loc 1 61 13 is_stmt 0 view .LVU77
 286 00de 00F50172 		add	r2, r0, #516
 287              	.LVL23:
 288              		.loc 1 61 13 view .LVU78
 289 00e2 011D     		adds	r1, r0, #4
 290              	.LVL24:
 291              		.loc 1 61 13 view .LVU79
 292 00e4 00F52170 		add	r0, r0, #644
 293              	.LVL25:
 294              	.L7:
  62:TMC-API/tmc/ic/TMC2041/TMC2041.c **** 	{
  63:TMC-API/tmc/ic/TMC2041/TMC2041.c **** 		tmc2041->registerAccess[i]      = tmc2041_defaultRegisterAccess[i];
 295              		.loc 1 63 3 is_stmt 1 discriminator 3 view .LVU80
 296              		.loc 1 63 66 is_stmt 0 discriminator 3 view .LVU81
 297 00e8 14F8015B 		ldrb	r5, [r4], #1	@ zero_extendqisi2
 298              	.LVL26:
 299              		.loc 1 63 35 discriminator 3 view .LVU82
 300 00ec 02F8015B 		strb	r5, [r2], #1
  64:TMC-API/tmc/ic/TMC2041/TMC2041.c **** 		tmc2041->registerResetState[i]  = registerResetState[i];
 301              		.loc 1 64 3 is_stmt 1 discriminator 3 view .LVU83
 302              		.loc 1 64 55 is_stmt 0 discriminator 3 view .LVU84
 303 00f0 53F8045F 		ldr	r5, [r3, #4]!
 304              		.loc 1 64 35 discriminator 3 view .LVU85
 305 00f4 41F8045B 		str	r5, [r1], #4
  61:TMC-API/tmc/ic/TMC2041/TMC2041.c **** 	for(i = 0; i < TMC2041_REGISTER_COUNT; i++)
 306              		.loc 1 61 41 is_stmt 1 discriminator 3 view .LVU86
 307              	.LVL27:
  61:TMC-API/tmc/ic/TMC2041/TMC2041.c **** 	for(i = 0; i < TMC2041_REGISTER_COUNT; i++)
 308              		.loc 1 61 13 discriminator 3 view .LVU87
  61:TMC-API/tmc/ic/TMC2041/TMC2041.c **** 	for(i = 0; i < TMC2041_REGISTER_COUNT; i++)
 309              		.loc 1 61 2 is_stmt 0 discriminator 3 view .LVU88
 310 00f8 8242     		cmp	r2, r0
 311 00fa F5D1     		bne	.L7
  65:TMC-API/tmc/ic/TMC2041/TMC2041.c **** 	}
  66:TMC-API/tmc/ic/TMC2041/TMC2041.c **** }
 312              		.loc 1 66 1 view .LVU89
 313 00fc 30BD     		pop	{r4, r5, pc}
 314              	.LVL28:
 315              	.L10:
 316              		.loc 1 66 1 view .LVU90
 317 00fe 00BF     		.align	2
 318              	.L9:
 319 0100 00000000 		.word	.LANCHOR0
 320              		.cfi_endproc
 321              	.LFE3:
 323              		.align	1
 324              		.global	tmc2041_reset
 325              		.syntax unified
 326              		.thumb
 327              		.thumb_func
 328              		.fpu softvfp
 330              	tmc2041_reset:
 331              	.LVL29:
 332              	.LFB4:
  67:TMC-API/tmc/ic/TMC2041/TMC2041.c **** 
  68:TMC-API/tmc/ic/TMC2041/TMC2041.c **** uint8_t tmc2041_reset(TMC2041TypeDef *tmc2041)
  69:TMC-API/tmc/ic/TMC2041/TMC2041.c **** {
 333              		.loc 1 69 1 is_stmt 1 view -0
 334              		.cfi_startproc
 335              		@ args = 0, pretend = 0, frame = 0
 336              		@ frame_needed = 0, uses_anonymous_args = 0
 337              		@ link register save eliminated.
  70:TMC-API/tmc/ic/TMC2041/TMC2041.c **** 	if(tmc2041->config->state != CONFIG_READY)
 338              		.loc 1 70 2 view .LVU92
 339              		.loc 1 70 12 is_stmt 0 view .LVU93
 340 0104 0168     		ldr	r1, [r0]
 341              		.loc 1 70 4 view .LVU94
 342 0106 0B78     		ldrb	r3, [r1]	@ zero_extendqisi2
 343 0108 6BB9     		cbnz	r3, .L14
 344 010a 00F50173 		add	r3, r0, #516
 345 010e 00F52170 		add	r0, r0, #644
 346              	.LVL30:
 347              	.L13:
  71:TMC-API/tmc/ic/TMC2041/TMC2041.c **** 		return 0;
  72:TMC-API/tmc/ic/TMC2041/TMC2041.c **** 
  73:TMC-API/tmc/ic/TMC2041/TMC2041.c **** 	int i;
  74:TMC-API/tmc/ic/TMC2041/TMC2041.c **** 
  75:TMC-API/tmc/ic/TMC2041/TMC2041.c **** 	// Reset the dirty bits
  76:TMC-API/tmc/ic/TMC2041/TMC2041.c **** 	for(i = 0; i < TMC2041_REGISTER_COUNT; i++)
  77:TMC-API/tmc/ic/TMC2041/TMC2041.c **** 		tmc2041->registerAccess[i] &= ~TMC_ACCESS_DIRTY;
 348              		.loc 1 77 3 is_stmt 1 discriminator 3 view .LVU95
 349              		.loc 1 77 30 is_stmt 0 discriminator 3 view .LVU96
 350 0112 1A78     		ldrb	r2, [r3]	@ zero_extendqisi2
 351 0114 22F00802 		bic	r2, r2, #8
 352 0118 03F8012B 		strb	r2, [r3], #1
 353              	.LVL31:
  76:TMC-API/tmc/ic/TMC2041/TMC2041.c **** 		tmc2041->registerAccess[i] &= ~TMC_ACCESS_DIRTY;
 354              		.loc 1 76 41 is_stmt 1 discriminator 3 view .LVU97
  76:TMC-API/tmc/ic/TMC2041/TMC2041.c **** 		tmc2041->registerAccess[i] &= ~TMC_ACCESS_DIRTY;
 355              		.loc 1 76 13 discriminator 3 view .LVU98
  76:TMC-API/tmc/ic/TMC2041/TMC2041.c **** 		tmc2041->registerAccess[i] &= ~TMC_ACCESS_DIRTY;
 356              		.loc 1 76 2 is_stmt 0 discriminator 3 view .LVU99
 357 011c 8342     		cmp	r3, r0
 358 011e F8D1     		bne	.L13
  78:TMC-API/tmc/ic/TMC2041/TMC2041.c **** 
  79:TMC-API/tmc/ic/TMC2041/TMC2041.c **** 	tmc2041->config->state        = CONFIG_RESET;
 359              		.loc 1 79 2 is_stmt 1 view .LVU100
  80:TMC-API/tmc/ic/TMC2041/TMC2041.c **** 	tmc2041->config->configIndex  = 0;
 360              		.loc 1 80 2 view .LVU101
  79:TMC-API/tmc/ic/TMC2041/TMC2041.c **** 	tmc2041->config->configIndex  = 0;
 361              		.loc 1 79 32 is_stmt 0 view .LVU102
 362 0120 0120     		movs	r0, #1
 363              	.LVL32:
  79:TMC-API/tmc/ic/TMC2041/TMC2041.c **** 	tmc2041->config->configIndex  = 0;
 364              		.loc 1 79 32 view .LVU103
 365 0122 0880     		strh	r0, [r1]	@ movhi
  81:TMC-API/tmc/ic/TMC2041/TMC2041.c **** 
  82:TMC-API/tmc/ic/TMC2041/TMC2041.c **** 	return 1;
 366              		.loc 1 82 2 is_stmt 1 view .LVU104
 367              		.loc 1 82 9 is_stmt 0 view .LVU105
 368 0124 7047     		bx	lr
 369              	.LVL33:
 370              	.L14:
  71:TMC-API/tmc/ic/TMC2041/TMC2041.c **** 
 371              		.loc 1 71 10 view .LVU106
 372 0126 0020     		movs	r0, #0
 373              	.LVL34:
  83:TMC-API/tmc/ic/TMC2041/TMC2041.c **** }
 374              		.loc 1 83 1 view .LVU107
 375 0128 7047     		bx	lr
 376              		.cfi_endproc
 377              	.LFE4:
 379              		.align	1
 380              		.global	tmc2041_restore
 381              		.syntax unified
 382              		.thumb
 383              		.thumb_func
 384              		.fpu softvfp
 386              	tmc2041_restore:
 387              	.LVL35:
 388              	.LFB5:
  84:TMC-API/tmc/ic/TMC2041/TMC2041.c **** 
  85:TMC-API/tmc/ic/TMC2041/TMC2041.c **** uint8_t tmc2041_restore(TMC2041TypeDef *tmc2041)
  86:TMC-API/tmc/ic/TMC2041/TMC2041.c **** {
 389              		.loc 1 86 1 is_stmt 1 view -0
 390              		.cfi_startproc
 391              		@ args = 0, pretend = 0, frame = 0
 392              		@ frame_needed = 0, uses_anonymous_args = 0
 393              		@ link register save eliminated.
  87:TMC-API/tmc/ic/TMC2041/TMC2041.c **** 	if(tmc2041->config->state != CONFIG_READY)
 394              		.loc 1 87 2 view .LVU109
 395              		.loc 1 87 12 is_stmt 0 view .LVU110
 396 012a 0368     		ldr	r3, [r0]
 397              		.loc 1 87 4 view .LVU111
 398 012c 1A78     		ldrb	r2, [r3]	@ zero_extendqisi2
 399 012e 1AB9     		cbnz	r2, .L18
  88:TMC-API/tmc/ic/TMC2041/TMC2041.c **** 		return 0;
  89:TMC-API/tmc/ic/TMC2041/TMC2041.c **** 
  90:TMC-API/tmc/ic/TMC2041/TMC2041.c **** 	tmc2041->config->state        = CONFIG_RESTORE;
 400              		.loc 1 90 2 is_stmt 1 view .LVU112
  91:TMC-API/tmc/ic/TMC2041/TMC2041.c **** 	tmc2041->config->configIndex  = 0;
 401              		.loc 1 91 2 view .LVU113
  90:TMC-API/tmc/ic/TMC2041/TMC2041.c **** 	tmc2041->config->configIndex  = 0;
 402              		.loc 1 90 32 is_stmt 0 view .LVU114
 403 0130 0222     		movs	r2, #2
 404 0132 1A80     		strh	r2, [r3]	@ movhi
  92:TMC-API/tmc/ic/TMC2041/TMC2041.c **** 
  93:TMC-API/tmc/ic/TMC2041/TMC2041.c **** 	return 1;
 405              		.loc 1 93 2 is_stmt 1 view .LVU115
 406              		.loc 1 93 9 is_stmt 0 view .LVU116
 407 0134 0120     		movs	r0, #1
 408              	.LVL36:
 409              		.loc 1 93 9 view .LVU117
 410 0136 7047     		bx	lr
 411              	.LVL37:
 412              	.L18:
  88:TMC-API/tmc/ic/TMC2041/TMC2041.c **** 
 413              		.loc 1 88 10 view .LVU118
 414 0138 0020     		movs	r0, #0
 415              	.LVL38:
  94:TMC-API/tmc/ic/TMC2041/TMC2041.c **** }
 416              		.loc 1 94 1 view .LVU119
 417 013a 7047     		bx	lr
 418              		.cfi_endproc
 419              	.LFE5:
 421              		.align	1
 422              		.global	tmc2041_setRegisterResetState
 423              		.syntax unified
 424              		.thumb
 425              		.thumb_func
 426              		.fpu softvfp
 428              	tmc2041_setRegisterResetState:
 429              	.LVL39:
 430              	.LFB6:
  95:TMC-API/tmc/ic/TMC2041/TMC2041.c **** 
  96:TMC-API/tmc/ic/TMC2041/TMC2041.c **** void tmc2041_setRegisterResetState(TMC2041TypeDef *tmc2041, const int32_t *resetState)
  97:TMC-API/tmc/ic/TMC2041/TMC2041.c **** {
 431              		.loc 1 97 1 is_stmt 1 view -0
 432              		.cfi_startproc
 433              		@ args = 0, pretend = 0, frame = 0
 434              		@ frame_needed = 0, uses_anonymous_args = 0
 435              		@ link register save eliminated.
  98:TMC-API/tmc/ic/TMC2041/TMC2041.c **** 	uint32_t i;
 436              		.loc 1 98 2 view .LVU121
  99:TMC-API/tmc/ic/TMC2041/TMC2041.c **** 	for(i = 0; i < TMC2041_REGISTER_COUNT; i++)
 437              		.loc 1 99 2 view .LVU122
 438              		.loc 1 99 13 view .LVU123
 439 013c 0B1F     		subs	r3, r1, #4
 440 013e 0430     		adds	r0, r0, #4
 441              	.LVL40:
 442              		.loc 1 99 13 is_stmt 0 view .LVU124
 443 0140 01F5FE71 		add	r1, r1, #508
 444              	.LVL41:
 445              	.L20:
 100:TMC-API/tmc/ic/TMC2041/TMC2041.c **** 		tmc2041->registerResetState[i] = resetState[i];
 446              		.loc 1 100 3 is_stmt 1 discriminator 3 view .LVU125
 447              		.loc 1 100 46 is_stmt 0 discriminator 3 view .LVU126
 448 0144 53F8042F 		ldr	r2, [r3, #4]!
 449              		.loc 1 100 34 discriminator 3 view .LVU127
 450 0148 40F8042B 		str	r2, [r0], #4
  99:TMC-API/tmc/ic/TMC2041/TMC2041.c **** 	for(i = 0; i < TMC2041_REGISTER_COUNT; i++)
 451              		.loc 1 99 41 is_stmt 1 discriminator 3 view .LVU128
  99:TMC-API/tmc/ic/TMC2041/TMC2041.c **** 	for(i = 0; i < TMC2041_REGISTER_COUNT; i++)
 452              		.loc 1 99 13 discriminator 3 view .LVU129
  99:TMC-API/tmc/ic/TMC2041/TMC2041.c **** 	for(i = 0; i < TMC2041_REGISTER_COUNT; i++)
 453              		.loc 1 99 2 is_stmt 0 discriminator 3 view .LVU130
 454 014c 8B42     		cmp	r3, r1
 455 014e F9D1     		bne	.L20
 101:TMC-API/tmc/ic/TMC2041/TMC2041.c **** }
 456              		.loc 1 101 1 view .LVU131
 457 0150 7047     		bx	lr
 458              		.cfi_endproc
 459              	.LFE6:
 461              		.align	1
 462              		.global	tmc2041_setCallback
 463              		.syntax unified
 464              		.thumb
 465              		.thumb_func
 466              		.fpu softvfp
 468              	tmc2041_setCallback:
 469              	.LVL42:
 470              	.LFB7:
 102:TMC-API/tmc/ic/TMC2041/TMC2041.c **** 
 103:TMC-API/tmc/ic/TMC2041/TMC2041.c **** void tmc2041_setCallback(TMC2041TypeDef *tmc2041, tmc2041_callback callback)
 104:TMC-API/tmc/ic/TMC2041/TMC2041.c **** {
 471              		.loc 1 104 1 is_stmt 1 view -0
 472              		.cfi_startproc
 473              		@ args = 0, pretend = 0, frame = 0
 474              		@ frame_needed = 0, uses_anonymous_args = 0
 475              		@ link register save eliminated.
 105:TMC-API/tmc/ic/TMC2041/TMC2041.c **** 	tmc2041->config->callback = (tmc_callback_config) callback;
 476              		.loc 1 105 2 view .LVU133
 477              		.loc 1 105 28 is_stmt 0 view .LVU134
 478 0152 0368     		ldr	r3, [r0]
 479 0154 C3F80C12 		str	r1, [r3, #524]
 106:TMC-API/tmc/ic/TMC2041/TMC2041.c **** }
 480              		.loc 1 106 1 view .LVU135
 481 0158 7047     		bx	lr
 482              		.cfi_endproc
 483              	.LFE7:
 485              		.align	1
 486              		.global	tmc2041_periodicJob
 487              		.syntax unified
 488              		.thumb
 489              		.thumb_func
 490              		.fpu softvfp
 492              	tmc2041_periodicJob:
 493              	.LVL43:
 494              	.LFB9:
 107:TMC-API/tmc/ic/TMC2041/TMC2041.c **** 
 108:TMC-API/tmc/ic/TMC2041/TMC2041.c **** static void writeConfiguration(TMC2041TypeDef *tmc2041)
 109:TMC-API/tmc/ic/TMC2041/TMC2041.c **** {
 110:TMC-API/tmc/ic/TMC2041/TMC2041.c **** 	uint8_t *ptr = &tmc2041->config->configIndex;
 111:TMC-API/tmc/ic/TMC2041/TMC2041.c **** 	const int32_t *settings;
 112:TMC-API/tmc/ic/TMC2041/TMC2041.c **** 
 113:TMC-API/tmc/ic/TMC2041/TMC2041.c **** 	if(tmc2041->config->state == CONFIG_RESTORE)
 114:TMC-API/tmc/ic/TMC2041/TMC2041.c **** 	{
 115:TMC-API/tmc/ic/TMC2041/TMC2041.c **** 		settings = tmc2041->config->shadowRegister;
 116:TMC-API/tmc/ic/TMC2041/TMC2041.c **** 		// Find the next restorable register
 117:TMC-API/tmc/ic/TMC2041/TMC2041.c **** 		while((*ptr < TMC2041_REGISTER_COUNT) && !TMC_IS_RESTORABLE(tmc2041->registerAccess[*ptr]))
 118:TMC-API/tmc/ic/TMC2041/TMC2041.c **** 			(*ptr)++;
 119:TMC-API/tmc/ic/TMC2041/TMC2041.c **** 	}
 120:TMC-API/tmc/ic/TMC2041/TMC2041.c **** 	else
 121:TMC-API/tmc/ic/TMC2041/TMC2041.c **** 	{
 122:TMC-API/tmc/ic/TMC2041/TMC2041.c **** 		settings = tmc2041->registerResetState;
 123:TMC-API/tmc/ic/TMC2041/TMC2041.c **** 		// Find the next restorable register
 124:TMC-API/tmc/ic/TMC2041/TMC2041.c **** 		while((*ptr < TMC2041_REGISTER_COUNT) && !TMC_IS_RESETTABLE(tmc2041->registerAccess[*ptr]))
 125:TMC-API/tmc/ic/TMC2041/TMC2041.c **** 			(*ptr)++;
 126:TMC-API/tmc/ic/TMC2041/TMC2041.c **** 	}
 127:TMC-API/tmc/ic/TMC2041/TMC2041.c **** 
 128:TMC-API/tmc/ic/TMC2041/TMC2041.c **** 	if(*ptr < TMC2041_REGISTER_COUNT)
 129:TMC-API/tmc/ic/TMC2041/TMC2041.c **** 	{
 130:TMC-API/tmc/ic/TMC2041/TMC2041.c **** 		tmc2041_writeInt(tmc2041, *ptr, settings[*ptr]);
 131:TMC-API/tmc/ic/TMC2041/TMC2041.c **** 		(*ptr)++;
 132:TMC-API/tmc/ic/TMC2041/TMC2041.c **** 	}
 133:TMC-API/tmc/ic/TMC2041/TMC2041.c **** 	else // Finished configuration
 134:TMC-API/tmc/ic/TMC2041/TMC2041.c **** 	{
 135:TMC-API/tmc/ic/TMC2041/TMC2041.c **** 		if(tmc2041->config->callback)
 136:TMC-API/tmc/ic/TMC2041/TMC2041.c **** 			((tmc2041_callback)tmc2041->config->callback)(tmc2041, tmc2041->config->state);
 137:TMC-API/tmc/ic/TMC2041/TMC2041.c **** 
 138:TMC-API/tmc/ic/TMC2041/TMC2041.c **** 		tmc2041->config->state = CONFIG_READY;
 139:TMC-API/tmc/ic/TMC2041/TMC2041.c **** 	}
 140:TMC-API/tmc/ic/TMC2041/TMC2041.c **** }
 141:TMC-API/tmc/ic/TMC2041/TMC2041.c **** 
 142:TMC-API/tmc/ic/TMC2041/TMC2041.c **** void tmc2041_periodicJob(TMC2041TypeDef *tmc2041, uint32_t tick)
 143:TMC-API/tmc/ic/TMC2041/TMC2041.c **** {
 495              		.loc 1 143 1 is_stmt 1 view -0
 496              		.cfi_startproc
 497              		@ args = 0, pretend = 0, frame = 0
 498              		@ frame_needed = 0, uses_anonymous_args = 0
 144:TMC-API/tmc/ic/TMC2041/TMC2041.c **** 	UNUSED(tick);
 499              		.loc 1 144 2 view .LVU137
 145:TMC-API/tmc/ic/TMC2041/TMC2041.c **** 
 146:TMC-API/tmc/ic/TMC2041/TMC2041.c **** 	if(tmc2041->config->state != CONFIG_READY)
 500              		.loc 1 146 2 view .LVU138
 143:TMC-API/tmc/ic/TMC2041/TMC2041.c **** 	UNUSED(tick);
 501              		.loc 1 143 1 is_stmt 0 view .LVU139
 502 015a 38B5     		push	{r3, r4, r5, lr}
 503              	.LCFI8:
 504              		.cfi_def_cfa_offset 16
 505              		.cfi_offset 3, -16
 506              		.cfi_offset 4, -12
 507              		.cfi_offset 5, -8
 508              		.cfi_offset 14, -4
 509              		.loc 1 146 12 view .LVU140
 510 015c 0468     		ldr	r4, [r0]
 511              		.loc 1 146 20 view .LVU141
 512 015e 2378     		ldrb	r3, [r4]	@ zero_extendqisi2
 143:TMC-API/tmc/ic/TMC2041/TMC2041.c **** 	UNUSED(tick);
 513              		.loc 1 143 1 view .LVU142
 514 0160 0546     		mov	r5, r0
 515              		.loc 1 146 4 view .LVU143
 516 0162 EBB1     		cbz	r3, .L23
 147:TMC-API/tmc/ic/TMC2041/TMC2041.c **** 	{
 148:TMC-API/tmc/ic/TMC2041/TMC2041.c **** 		writeConfiguration(tmc2041);
 517              		.loc 1 148 3 is_stmt 1 view .LVU144
 518              	.LVL44:
 519              	.LBB4:
 520              	.LBI4:
 108:TMC-API/tmc/ic/TMC2041/TMC2041.c **** {
 521              		.loc 1 108 13 view .LVU145
 522              	.LBB5:
 110:TMC-API/tmc/ic/TMC2041/TMC2041.c **** 	const int32_t *settings;
 523              		.loc 1 110 2 view .LVU146
 111:TMC-API/tmc/ic/TMC2041/TMC2041.c **** 
 524              		.loc 1 111 2 view .LVU147
 113:TMC-API/tmc/ic/TMC2041/TMC2041.c **** 	{
 525              		.loc 1 113 2 view .LVU148
 113:TMC-API/tmc/ic/TMC2041/TMC2041.c **** 	{
 526              		.loc 1 113 4 is_stmt 0 view .LVU149
 527 0164 022B     		cmp	r3, #2
 528 0166 1FD1     		bne	.L25
 115:TMC-API/tmc/ic/TMC2041/TMC2041.c **** 		// Find the next restorable register
 529              		.loc 1 115 3 is_stmt 1 view .LVU150
 115:TMC-API/tmc/ic/TMC2041/TMC2041.c **** 		// Find the next restorable register
 530              		.loc 1 115 12 is_stmt 0 view .LVU151
 531 0168 201D     		adds	r0, r4, #4
 532              	.LVL45:
 117:TMC-API/tmc/ic/TMC2041/TMC2041.c **** 			(*ptr)++;
 533              		.loc 1 117 3 is_stmt 1 view .LVU152
 534              	.L26:
 117:TMC-API/tmc/ic/TMC2041/TMC2041.c **** 			(*ptr)++;
 535              		.loc 1 117 8 view .LVU153
 536 016a 94F90130 		ldrsb	r3, [r4, #1]
 117:TMC-API/tmc/ic/TMC2041/TMC2041.c **** 			(*ptr)++;
 537              		.loc 1 117 10 is_stmt 0 view .LVU154
 538 016e 6278     		ldrb	r2, [r4, #1]	@ zero_extendqisi2
 117:TMC-API/tmc/ic/TMC2041/TMC2041.c **** 			(*ptr)++;
 539              		.loc 1 117 8 view .LVU155
 540 0170 002B     		cmp	r3, #0
 541 0172 08DB     		blt	.L27
 117:TMC-API/tmc/ic/TMC2041/TMC2041.c **** 			(*ptr)++;
 542              		.loc 1 117 45 view .LVU156
 543 0174 AB18     		adds	r3, r5, r2
 544 0176 93F80432 		ldrb	r3, [r3, #516]	@ zero_extendqisi2
 117:TMC-API/tmc/ic/TMC2041/TMC2041.c **** 			(*ptr)++;
 545              		.loc 1 117 41 view .LVU157
 546 017a 9907     		lsls	r1, r3, #30
 547 017c 11D5     		bpl	.L28
 117:TMC-API/tmc/ic/TMC2041/TMC2041.c **** 			(*ptr)++;
 548              		.loc 1 117 44 view .LVU158
 549 017e 03F04803 		and	r3, r3, #72
 550 0182 402B     		cmp	r3, #64
 551 0184 0DD0     		beq	.L28
 552              	.L27:
 128:TMC-API/tmc/ic/TMC2041/TMC2041.c **** 	{
 553              		.loc 1 128 2 is_stmt 1 view .LVU159
 128:TMC-API/tmc/ic/TMC2041/TMC2041.c **** 	{
 554              		.loc 1 128 4 is_stmt 0 view .LVU160
 555 0186 94F90130 		ldrsb	r3, [r4, #1]
 128:TMC-API/tmc/ic/TMC2041/TMC2041.c **** 	{
 556              		.loc 1 128 5 view .LVU161
 557 018a 6178     		ldrb	r1, [r4, #1]	@ zero_extendqisi2
 128:TMC-API/tmc/ic/TMC2041/TMC2041.c **** 	{
 558              		.loc 1 128 4 view .LVU162
 559 018c 002B     		cmp	r3, #0
 560 018e 1BDB     		blt	.L31
 130:TMC-API/tmc/ic/TMC2041/TMC2041.c **** 		(*ptr)++;
 561              		.loc 1 130 3 is_stmt 1 view .LVU163
 562 0190 50F82120 		ldr	r2, [r0, r1, lsl #2]
 563 0194 2846     		mov	r0, r5
 564              	.LVL46:
 130:TMC-API/tmc/ic/TMC2041/TMC2041.c **** 		(*ptr)++;
 565              		.loc 1 130 3 is_stmt 0 view .LVU164
 566 0196 FFF7FEFF 		bl	tmc2041_writeInt
 567              	.LVL47:
 131:TMC-API/tmc/ic/TMC2041/TMC2041.c **** 	}
 568              		.loc 1 131 3 is_stmt 1 view .LVU165
 131:TMC-API/tmc/ic/TMC2041/TMC2041.c **** 	}
 569              		.loc 1 131 9 is_stmt 0 view .LVU166
 570 019a 6378     		ldrb	r3, [r4, #1]	@ zero_extendqisi2
 571 019c 0133     		adds	r3, r3, #1
 572 019e 6370     		strb	r3, [r4, #1]
 573              	.LVL48:
 574              	.L23:
 131:TMC-API/tmc/ic/TMC2041/TMC2041.c **** 	}
 575              		.loc 1 131 9 view .LVU167
 576              	.LBE5:
 577              	.LBE4:
 149:TMC-API/tmc/ic/TMC2041/TMC2041.c **** 		return;
 150:TMC-API/tmc/ic/TMC2041/TMC2041.c **** 	}
 151:TMC-API/tmc/ic/TMC2041/TMC2041.c **** }
 578              		.loc 1 151 1 view .LVU168
 579 01a0 38BD     		pop	{r3, r4, r5, pc}
 580              	.LVL49:
 581              	.L28:
 582              	.LBB7:
 583              	.LBB6:
 118:TMC-API/tmc/ic/TMC2041/TMC2041.c **** 	}
 584              		.loc 1 118 4 is_stmt 1 view .LVU169
 118:TMC-API/tmc/ic/TMC2041/TMC2041.c **** 	}
 585              		.loc 1 118 10 is_stmt 0 view .LVU170
 586 01a2 0132     		adds	r2, r2, #1
 587 01a4 6270     		strb	r2, [r4, #1]
 588 01a6 E0E7     		b	.L26
 589              	.LVL50:
 590              	.L25:
 122:TMC-API/tmc/ic/TMC2041/TMC2041.c **** 		// Find the next restorable register
 591              		.loc 1 122 3 is_stmt 1 view .LVU171
 122:TMC-API/tmc/ic/TMC2041/TMC2041.c **** 		// Find the next restorable register
 592              		.loc 1 122 12 is_stmt 0 view .LVU172
 593 01a8 0430     		adds	r0, r0, #4
 594              	.LVL51:
 124:TMC-API/tmc/ic/TMC2041/TMC2041.c **** 			(*ptr)++;
 595              		.loc 1 124 3 is_stmt 1 view .LVU173
 596              	.L29:
 124:TMC-API/tmc/ic/TMC2041/TMC2041.c **** 			(*ptr)++;
 597              		.loc 1 124 8 view .LVU174
 598 01aa 94F90120 		ldrsb	r2, [r4, #1]
 124:TMC-API/tmc/ic/TMC2041/TMC2041.c **** 			(*ptr)++;
 599              		.loc 1 124 10 is_stmt 0 view .LVU175
 600 01ae 6378     		ldrb	r3, [r4, #1]	@ zero_extendqisi2
 124:TMC-API/tmc/ic/TMC2041/TMC2041.c **** 			(*ptr)++;
 601              		.loc 1 124 8 view .LVU176
 602 01b0 002A     		cmp	r2, #0
 603 01b2 E8DB     		blt	.L27
 124:TMC-API/tmc/ic/TMC2041/TMC2041.c **** 			(*ptr)++;
 604              		.loc 1 124 45 view .LVU177
 605 01b4 EA18     		adds	r2, r5, r3
 124:TMC-API/tmc/ic/TMC2041/TMC2041.c **** 			(*ptr)++;
 606              		.loc 1 124 41 view .LVU178
 607 01b6 92F80422 		ldrb	r2, [r2, #516]	@ zero_extendqisi2
 608 01ba 02F04202 		and	r2, r2, #66
 609 01be 022A     		cmp	r2, #2
 610 01c0 E1D0     		beq	.L27
 125:TMC-API/tmc/ic/TMC2041/TMC2041.c **** 	}
 611              		.loc 1 125 4 is_stmt 1 view .LVU179
 125:TMC-API/tmc/ic/TMC2041/TMC2041.c **** 	}
 612              		.loc 1 125 10 is_stmt 0 view .LVU180
 613 01c2 0133     		adds	r3, r3, #1
 614 01c4 6370     		strb	r3, [r4, #1]
 615 01c6 F0E7     		b	.L29
 616              	.LVL52:
 617              	.L31:
 135:TMC-API/tmc/ic/TMC2041/TMC2041.c **** 			((tmc2041_callback)tmc2041->config->callback)(tmc2041, tmc2041->config->state);
 618              		.loc 1 135 3 is_stmt 1 view .LVU181
 135:TMC-API/tmc/ic/TMC2041/TMC2041.c **** 			((tmc2041_callback)tmc2041->config->callback)(tmc2041, tmc2041->config->state);
 619              		.loc 1 135 13 is_stmt 0 view .LVU182
 620 01c8 2A68     		ldr	r2, [r5]
 135:TMC-API/tmc/ic/TMC2041/TMC2041.c **** 			((tmc2041_callback)tmc2041->config->callback)(tmc2041, tmc2041->config->state);
 621              		.loc 1 135 21 view .LVU183
 622 01ca D2F80C32 		ldr	r3, [r2, #524]
 135:TMC-API/tmc/ic/TMC2041/TMC2041.c **** 			((tmc2041_callback)tmc2041->config->callback)(tmc2041, tmc2041->config->state);
 623              		.loc 1 135 5 view .LVU184
 624 01ce 13B1     		cbz	r3, .L32
 136:TMC-API/tmc/ic/TMC2041/TMC2041.c **** 
 625              		.loc 1 136 4 is_stmt 1 view .LVU185
 136:TMC-API/tmc/ic/TMC2041/TMC2041.c **** 
 626              		.loc 1 136 5 is_stmt 0 view .LVU186
 627 01d0 1178     		ldrb	r1, [r2]	@ zero_extendqisi2
 628 01d2 2846     		mov	r0, r5
 629              	.LVL53:
 136:TMC-API/tmc/ic/TMC2041/TMC2041.c **** 
 630              		.loc 1 136 5 view .LVU187
 631 01d4 9847     		blx	r3
 632              	.LVL54:
 633              	.L32:
 138:TMC-API/tmc/ic/TMC2041/TMC2041.c **** 	}
 634              		.loc 1 138 3 is_stmt 1 view .LVU188
 138:TMC-API/tmc/ic/TMC2041/TMC2041.c **** 	}
 635              		.loc 1 138 26 is_stmt 0 view .LVU189
 636 01d6 2B68     		ldr	r3, [r5]
 637 01d8 0022     		movs	r2, #0
 638 01da 1A70     		strb	r2, [r3]
 639              	.LVL55:
 138:TMC-API/tmc/ic/TMC2041/TMC2041.c **** 	}
 640              		.loc 1 138 26 view .LVU190
 641 01dc E0E7     		b	.L23
 642              	.LBE6:
 643              	.LBE7:
 644              		.cfi_endproc
 645              	.LFE9:
 647              		.section	.rodata
 648              		.set	.LANCHOR0,. + 0
 651              	tmc2041_defaultRegisterAccess:
 652 0000 03210102 		.ascii	"\003!\001\002\023\000\000\000\000\000\000\000\000\000"
 652      13000000 
 652      00000000 
 652      0000
 653 000e 00000000 		.ascii	"\000\000\000\000\000\000\000\000\000\000\000\000\000"
 653      00000000 
 653      00000000 
 653      00
 654 001b 00000000 		.ascii	"\000\000\000\000\000\000\000\000\000\000\000\000\000"
 654      00000000 
 654      00000000 
 654      00
 655 0028 00000000 		.ascii	"\000\000\000\000\000\000\000\000\002\000\000\000\000"
 655      00000000 
 655      02000000 
 655      00
 656 0035 00000000 		.ascii	"\000\000\000\000\000\000\000\000\000\000\000\000\000"
 656      00000000 
 656      00000000 
 656      00
 657 0042 00000000 		.ascii	"\000\000\000\000\000\000\000\000\000\000\000\000\000"
 657      00000000 
 657      00000000 
 657      00
 658 004f 00020000 		.ascii	"\000\002\000\000\000\000\000\000\000\000\000\000\000"
 658      00000000 
 658      00000000 
 658      00
 659 005c 00000000 		.ascii	"\000\000\000\000\000\000\000\000\000\000\000\000\000"
 659      00000000 
 659      00000000 
 659      00
 660 0069 00010103 		.ascii	"\000\001\001\003\002\000\001\000\000\000\000\000\000"
 660      02000100 
 660      00000000 
 660      00
 661 0076 00000000 		.ascii	"\000\000\000\000\001\001\003\002\000\001"
 661      01010302 
 661      0001
 662              		.text
 663              	.Letext0:
 664              		.file 2 "c:\\program files (x86)\\gnu arm embedded toolchain\\9 2020-q2-update\\arm-none-eabi\\inc
 665              		.file 3 "c:\\program files (x86)\\gnu arm embedded toolchain\\9 2020-q2-update\\arm-none-eabi\\inc
 666              		.file 4 "TMC-API/tmc/helpers/Config.h"
 667              		.file 5 "c:\\program files (x86)\\gnu arm embedded toolchain\\9 2020-q2-update\\lib\\gcc\\arm-none
 668              		.file 6 "c:\\program files (x86)\\gnu arm embedded toolchain\\9 2020-q2-update\\arm-none-eabi\\inc
 669              		.file 7 "c:\\program files (x86)\\gnu arm embedded toolchain\\9 2020-q2-update\\arm-none-eabi\\inc
 670              		.file 8 "c:\\program files (x86)\\gnu arm embedded toolchain\\9 2020-q2-update\\arm-none-eabi\\inc
 671              		.file 9 "c:\\program files (x86)\\gnu arm embedded toolchain\\9 2020-q2-update\\arm-none-eabi\\inc
 672              		.file 10 "TMC-API/tmc/ic/TMC2041/TMC2041.h"
DEFINED SYMBOLS
                            *ABS*:00000000 TMC2041.c
C:\Users\Shubham\AppData\Local\Temp\cc7KXeVj.s:15     .text:00000000 $t
C:\Users\Shubham\AppData\Local\Temp\cc7KXeVj.s:23     .text:00000000 tmc2041_writeDatagram
C:\Users\Shubham\AppData\Local\Temp\cc7KXeVj.s:123    .text:00000066 tmc2041_writeInt
C:\Users\Shubham\AppData\Local\Temp\cc7KXeVj.s:163    .text:00000082 tmc2041_readInt
C:\Users\Shubham\AppData\Local\Temp\cc7KXeVj.s:249    .text:000000ca tmc2041_init
C:\Users\Shubham\AppData\Local\Temp\cc7KXeVj.s:319    .text:00000100 $d
C:\Users\Shubham\AppData\Local\Temp\cc7KXeVj.s:323    .text:00000104 $t
C:\Users\Shubham\AppData\Local\Temp\cc7KXeVj.s:330    .text:00000104 tmc2041_reset
C:\Users\Shubham\AppData\Local\Temp\cc7KXeVj.s:386    .text:0000012a tmc2041_restore
C:\Users\Shubham\AppData\Local\Temp\cc7KXeVj.s:428    .text:0000013c tmc2041_setRegisterResetState
C:\Users\Shubham\AppData\Local\Temp\cc7KXeVj.s:468    .text:00000152 tmc2041_setCallback
C:\Users\Shubham\AppData\Local\Temp\cc7KXeVj.s:492    .text:0000015a tmc2041_periodicJob
C:\Users\Shubham\AppData\Local\Temp\cc7KXeVj.s:651    .rodata:00000000 tmc2041_defaultRegisterAccess

UNDEFINED SYMBOLS
tmc2041_readWriteArray
