   1              		.cpu cortex-m4
   2              		.eabi_attribute 20, 1
   3              		.eabi_attribute 21, 1
   4              		.eabi_attribute 23, 3
   5              		.eabi_attribute 24, 1
   6              		.eabi_attribute 25, 1
   7              		.eabi_attribute 26, 1
   8              		.eabi_attribute 30, 4
   9              		.eabi_attribute 34, 1
  10              		.eabi_attribute 18, 4
  11              		.file	"TMC5031.c"
  12              		.text
  13              	.Ltext0:
  14              		.cfi_sections	.debug_frame
  15              		.align	1
  16              		.global	tmc5031_initConfig
  17              		.arch armv7e-m
  18              		.syntax unified
  19              		.thumb
  20              		.thumb_func
  21              		.fpu softvfp
  23              	tmc5031_initConfig:
  24              	.LVL0:
  25              	.LFB0:
  26              		.file 1 "TMC-API/tmc/ic/TMC5031/TMC5031.c"
   1:TMC-API/tmc/ic/TMC5031/TMC5031.c **** /*
   2:TMC-API/tmc/ic/TMC5031/TMC5031.c ****  * TMC5031.c
   3:TMC-API/tmc/ic/TMC5031/TMC5031.c ****  *
   4:TMC-API/tmc/ic/TMC5031/TMC5031.c ****  *  Created on: 06.07.2017
   5:TMC-API/tmc/ic/TMC5031/TMC5031.c ****  *      Author: LK
   6:TMC-API/tmc/ic/TMC5031/TMC5031.c ****  *    Based on: TMC562-MKL.h (26.01.2012 OK)
   7:TMC-API/tmc/ic/TMC5031/TMC5031.c ****  */
   8:TMC-API/tmc/ic/TMC5031/TMC5031.c **** 
   9:TMC-API/tmc/ic/TMC5031/TMC5031.c **** #include "TMC5031.h"
  10:TMC-API/tmc/ic/TMC5031/TMC5031.c **** 
  11:TMC-API/tmc/ic/TMC5031/TMC5031.c **** // Default Register Values
  12:TMC-API/tmc/ic/TMC5031/TMC5031.c **** #define R30 0x00071703  // IHOLD_IRUN
  13:TMC-API/tmc/ic/TMC5031/TMC5031.c **** #define R32 0x00FFFFFF  // VHIGH
  14:TMC-API/tmc/ic/TMC5031/TMC5031.c **** #define R3A 0x00010000  // ENC_CONST
  15:TMC-API/tmc/ic/TMC5031/TMC5031.c **** #define R60 0xAAAAB554  // MSLUT[0]
  16:TMC-API/tmc/ic/TMC5031/TMC5031.c **** #define R61 0x4A9554AA  // MSLUT[1]
  17:TMC-API/tmc/ic/TMC5031/TMC5031.c **** #define R62 0x24492929  // MSLUT[2]
  18:TMC-API/tmc/ic/TMC5031/TMC5031.c **** #define R63 0x10104222  // MSLUT[3]
  19:TMC-API/tmc/ic/TMC5031/TMC5031.c **** #define R64 0xFBFFFFFF  // MSLUT[4]
  20:TMC-API/tmc/ic/TMC5031/TMC5031.c **** #define R65 0xB5BB777D  // MSLUT[5]
  21:TMC-API/tmc/ic/TMC5031/TMC5031.c **** #define R66 0x49295556  // MSLUT[6]
  22:TMC-API/tmc/ic/TMC5031/TMC5031.c **** #define R67 0x00404222  // MSLUT[7]
  23:TMC-API/tmc/ic/TMC5031/TMC5031.c **** #define R68 0xFFFF8056  // MSLUTSEL
  24:TMC-API/tmc/ic/TMC5031/TMC5031.c **** #define R69 0x00F70000  // MSLUTSTART
  25:TMC-API/tmc/ic/TMC5031/TMC5031.c **** #define R6C 0x000101D5  // CHOPCONF
  26:TMC-API/tmc/ic/TMC5031/TMC5031.c **** 
  27:TMC-API/tmc/ic/TMC5031/TMC5031.c **** /* Register access permissions:
  28:TMC-API/tmc/ic/TMC5031/TMC5031.c ****  * 0: none (reserved)
  29:TMC-API/tmc/ic/TMC5031/TMC5031.c ****  * 1: read
  30:TMC-API/tmc/ic/TMC5031/TMC5031.c ****  * 2: write
  31:TMC-API/tmc/ic/TMC5031/TMC5031.c ****  * 3: read/write
  32:TMC-API/tmc/ic/TMC5031/TMC5031.c ****  * 7: read^write (seperate functions/values)
  33:TMC-API/tmc/ic/TMC5031/TMC5031.c ****  */
  34:TMC-API/tmc/ic/TMC5031/TMC5031.c **** const uint8_t tmc5031_defaultRegisterAccess[TMC5031_REGISTER_COUNT] = {
  35:TMC-API/tmc/ic/TMC5031/TMC5031.c **** //	0  1  2  3  4  5  6  7  8  9  A  B  C  D  E  F
  36:TMC-API/tmc/ic/TMC5031/TMC5031.c **** 	3, 1, 1, 2, 7, 2, 0, 0, 0, 0, 0, 0, 0, 0, 0, 0, // 0x00 - 0x0F
  37:TMC-API/tmc/ic/TMC5031/TMC5031.c **** 	2, 1, 0, 0, 0, 0, 0, 0, 2, 1, 0, 0, 0, 0, 0, 0, // 0x10 - 0x1F
  38:TMC-API/tmc/ic/TMC5031/TMC5031.c **** 	3, 3, 1, 2, 2, 2, 2, 2, 2, 2, 2, 2, 2, 3, 0, 0, // 0x20 - 0x2F
  39:TMC-API/tmc/ic/TMC5031/TMC5031.c **** 	2, 2, 2, 2, 3, 1, 1, 0, 3, 3, 2, 1, 1, 0, 0, 0, // 0x30 - 0x3F
  40:TMC-API/tmc/ic/TMC5031/TMC5031.c **** 	3, 3, 1, 2, 2, 2, 2, 2, 2, 2, 2, 2, 2, 3, 0, 0, // 0x40 - 0x4F
  41:TMC-API/tmc/ic/TMC5031/TMC5031.c **** 	2, 2, 2, 2, 3, 1, 1, 0, 3, 3, 2, 1, 1, 0, 0, 0, // 0x50 - 0x5F
  42:TMC-API/tmc/ic/TMC5031/TMC5031.c **** 	2, 2, 2, 2, 2, 2, 2, 2, 2, 2, 1, 1, 3, 2, 2, 1, // 0x60 - 0x6F
  43:TMC-API/tmc/ic/TMC5031/TMC5031.c **** 	2, 2, 2, 2, 2, 2, 2, 2, 2, 2, 1, 1, 3, 2, 2, 1  // 0x70 - 0x7F
  44:TMC-API/tmc/ic/TMC5031/TMC5031.c **** };
  45:TMC-API/tmc/ic/TMC5031/TMC5031.c **** 
  46:TMC-API/tmc/ic/TMC5031/TMC5031.c **** const int32_t tmc5031_defaultRegisterResetState[TMC5031_REGISTER_COUNT] = {
  47:TMC-API/tmc/ic/TMC5031/TMC5031.c **** //	0    1    2    3    4    5    6    7    8    9    A    B    C    D    E    F
  48:TMC-API/tmc/ic/TMC5031/TMC5031.c **** 	0,   0,   0,   0,   0,   0,   0,   0,   0,   0,   0,   0,   0,   0,   0,   0, // 0x00 - 0x0F
  49:TMC-API/tmc/ic/TMC5031/TMC5031.c **** 	0,   0,   0,   0,   0,   0,   0,   0,   0,   0,   0,   0,   0,   0,   0,   0, // 0x10 - 0x1F
  50:TMC-API/tmc/ic/TMC5031/TMC5031.c **** 	0,   0,   0,   0,   0,   0,   0,   0,   0,   0,   0,   0,   0,   0,   0,   0, // 0x20 - 0x2F
  51:TMC-API/tmc/ic/TMC5031/TMC5031.c **** 	R30, 0,   R32, 0,   0,   0,   0,   0,   0,   0,   R3A, 0,   0,   0,   0,   0, // 0x30 - 0x3F
  52:TMC-API/tmc/ic/TMC5031/TMC5031.c **** 	0,   0,   0,   0,   0,   0,   0,   0,   0,   0,   0,   0,   0,   0,   0,   0, // 0x40 - 0x4F
  53:TMC-API/tmc/ic/TMC5031/TMC5031.c **** 	R30, 0,   R32, 0,   0,   0,   0,   0,   0,   0,   R3A, 0,   0,   0,   0,   0, // 0x50 - 0x5F
  54:TMC-API/tmc/ic/TMC5031/TMC5031.c **** 	R60, R61, R62, R63, R64, R65, R66, R67, R68, R69, 0,   0,   R6C, 0,   0,   0, // 0x60 - 0x6F
  55:TMC-API/tmc/ic/TMC5031/TMC5031.c **** 	R60, R61, R62, R63, R64, R65, R66, R67, R68, R69, 0,   0,   R6C, 0,   0,   0  // 0x70 - 0x7F
  56:TMC-API/tmc/ic/TMC5031/TMC5031.c **** };
  57:TMC-API/tmc/ic/TMC5031/TMC5031.c **** 
  58:TMC-API/tmc/ic/TMC5031/TMC5031.c **** // => SPI wrapper
  59:TMC-API/tmc/ic/TMC5031/TMC5031.c **** extern void tmc5031_writeDatagram(uint8_t motor, uint8_t address, uint8_t x1, uint8_t x2, uint8_t x
  60:TMC-API/tmc/ic/TMC5031/TMC5031.c **** extern void tmc5031_writeInt(uint8_t motor, uint8_t address, int value);
  61:TMC-API/tmc/ic/TMC5031/TMC5031.c **** extern int tmc5031_readInt(uint8_t motor, uint8_t address);
  62:TMC-API/tmc/ic/TMC5031/TMC5031.c **** // <= SPI wrapper
  63:TMC-API/tmc/ic/TMC5031/TMC5031.c **** 
  64:TMC-API/tmc/ic/TMC5031/TMC5031.c **** void tmc5031_initConfig(TMC5031TypeDef *tmc5031)
  65:TMC-API/tmc/ic/TMC5031/TMC5031.c **** {
  27              		.loc 1 65 1 view -0
  28              		.cfi_startproc
  29              		@ args = 0, pretend = 0, frame = 0
  30              		@ frame_needed = 0, uses_anonymous_args = 0
  66:TMC-API/tmc/ic/TMC5031/TMC5031.c **** 	tmc5031->velocity[0]      = 0;
  31              		.loc 1 66 2 view .LVU1
  32 0000 0E4A     		ldr	r2, .L4
  33              		.loc 1 66 28 is_stmt 0 view .LVU2
  34 0002 0023     		movs	r3, #0
  65:TMC-API/tmc/ic/TMC5031/TMC5031.c **** 	tmc5031->velocity[0]      = 0;
  35              		.loc 1 65 1 view .LVU3
  36 0004 30B5     		push	{r4, r5, lr}
  37              	.LCFI0:
  38              		.cfi_def_cfa_offset 12
  39              		.cfi_offset 4, -12
  40              		.cfi_offset 5, -8
  41              		.cfi_offset 14, -4
  42 0006 00F11401 		add	r1, r0, #20
  67:TMC-API/tmc/ic/TMC5031/TMC5031.c **** 	tmc5031->velocity[1]      = 0;
  43              		.loc 1 67 28 view .LVU4
  44 000a C0E90033 		strd	r3, r3, [r0]
  68:TMC-API/tmc/ic/TMC5031/TMC5031.c **** 	tmc5031->oldTick          = 0;
  45              		.loc 1 68 2 is_stmt 1 view .LVU5
  69:TMC-API/tmc/ic/TMC5031/TMC5031.c **** 	tmc5031->oldX[0]          = 0;
  70:TMC-API/tmc/ic/TMC5031/TMC5031.c **** 	tmc5031->oldX[1]          = 0;
  46              		.loc 1 70 28 is_stmt 0 view .LVU6
  47 000e C0E90233 		strd	r3, r3, [r0, #8]
  68:TMC-API/tmc/ic/TMC5031/TMC5031.c **** 	tmc5031->oldTick          = 0;
  48              		.loc 1 68 28 view .LVU7
  49 0012 0361     		str	r3, [r0, #16]
  69:TMC-API/tmc/ic/TMC5031/TMC5031.c **** 	tmc5031->oldX[0]          = 0;
  50              		.loc 1 69 2 is_stmt 1 view .LVU8
  71:TMC-API/tmc/ic/TMC5031/TMC5031.c **** 	tmc5031->vMaxModified[0]  = false;
  51              		.loc 1 71 2 view .LVU9
  72:TMC-API/tmc/ic/TMC5031/TMC5031.c **** 	tmc5031->vMaxModified[1]  = false;
  52              		.loc 1 72 2 view .LVU10
  71:TMC-API/tmc/ic/TMC5031/TMC5031.c **** 	tmc5031->vMaxModified[0]  = false;
  53              		.loc 1 71 28 is_stmt 0 view .LVU11
  54 0014 A0F89432 		strh	r3, [r0, #660]	@ movhi
  73:TMC-API/tmc/ic/TMC5031/TMC5031.c **** 
  74:TMC-API/tmc/ic/TMC5031/TMC5031.c **** 	int i;
  55              		.loc 1 74 2 is_stmt 1 view .LVU12
  75:TMC-API/tmc/ic/TMC5031/TMC5031.c **** 	for(i = 0; i < TMC5031_REGISTER_COUNT; i++)
  56              		.loc 1 75 2 view .LVU13
  57              	.LVL1:
  58              		.loc 1 75 13 view .LVU14
  59 0018 02F18004 		add	r4, r2, #128
  60 001c 00F50573 		add	r3, r0, #532
  61 0020 00F52570 		add	r0, r0, #660
  62              	.LVL2:
  63              	.L2:
  76:TMC-API/tmc/ic/TMC5031/TMC5031.c **** 	{
  77:TMC-API/tmc/ic/TMC5031/TMC5031.c **** 		tmc5031->registerAccess[i]      = tmc5031_defaultRegisterAccess[i];
  64              		.loc 1 77 3 discriminator 3 view .LVU15
  65              		.loc 1 77 66 is_stmt 0 discriminator 3 view .LVU16
  66 0024 12F8015B 		ldrb	r5, [r2], #1	@ zero_extendqisi2
  67              	.LVL3:
  68              		.loc 1 77 35 discriminator 3 view .LVU17
  69 0028 03F8015B 		strb	r5, [r3], #1
  78:TMC-API/tmc/ic/TMC5031/TMC5031.c **** 		tmc5031->registerResetState[i]  = tmc5031_defaultRegisterResetState[i];
  70              		.loc 1 78 3 is_stmt 1 discriminator 3 view .LVU18
  71              		.loc 1 78 70 is_stmt 0 discriminator 3 view .LVU19
  72 002c 54F8045B 		ldr	r5, [r4], #4
  73              		.loc 1 78 35 discriminator 3 view .LVU20
  74 0030 41F8045B 		str	r5, [r1], #4
  75:TMC-API/tmc/ic/TMC5031/TMC5031.c **** 	for(i = 0; i < TMC5031_REGISTER_COUNT; i++)
  75              		.loc 1 75 41 is_stmt 1 discriminator 3 view .LVU21
  76              	.LVL4:
  75:TMC-API/tmc/ic/TMC5031/TMC5031.c **** 	for(i = 0; i < TMC5031_REGISTER_COUNT; i++)
  77              		.loc 1 75 13 discriminator 3 view .LVU22
  75:TMC-API/tmc/ic/TMC5031/TMC5031.c **** 	for(i = 0; i < TMC5031_REGISTER_COUNT; i++)
  78              		.loc 1 75 2 is_stmt 0 discriminator 3 view .LVU23
  79 0034 8342     		cmp	r3, r0
  80 0036 F5D1     		bne	.L2
  79:TMC-API/tmc/ic/TMC5031/TMC5031.c **** 	}
  80:TMC-API/tmc/ic/TMC5031/TMC5031.c **** }
  81              		.loc 1 80 1 view .LVU24
  82 0038 30BD     		pop	{r4, r5, pc}
  83              	.L5:
  84 003a 00BF     		.align	2
  85              	.L4:
  86 003c 00000000 		.word	.LANCHOR0
  87              		.cfi_endproc
  88              	.LFE0:
  90              		.align	1
  91              		.global	tmc5031_writeConfiguration
  92              		.syntax unified
  93              		.thumb
  94              		.thumb_func
  95              		.fpu softvfp
  97              	tmc5031_writeConfiguration:
  98              	.LVL5:
  99              	.LFB1:
  81:TMC-API/tmc/ic/TMC5031/TMC5031.c **** 
  82:TMC-API/tmc/ic/TMC5031/TMC5031.c **** void tmc5031_writeConfiguration(TMC5031TypeDef *tmc5031, ConfigurationTypeDef *TMC5031_config)
  83:TMC-API/tmc/ic/TMC5031/TMC5031.c **** {
 100              		.loc 1 83 1 is_stmt 1 view -0
 101              		.cfi_startproc
 102              		@ args = 0, pretend = 0, frame = 0
 103              		@ frame_needed = 0, uses_anonymous_args = 0
  84:TMC-API/tmc/ic/TMC5031/TMC5031.c **** 	uint8_t *ptr = &TMC5031_config->configIndex;
 104              		.loc 1 84 2 view .LVU26
  85:TMC-API/tmc/ic/TMC5031/TMC5031.c **** 	const int32_t *settings = (TMC5031_config->state == CONFIG_RESTORE) ? TMC5031_config->shadowRegist
 105              		.loc 1 85 2 view .LVU27
  83:TMC-API/tmc/ic/TMC5031/TMC5031.c **** 	uint8_t *ptr = &TMC5031_config->configIndex;
 106              		.loc 1 83 1 is_stmt 0 view .LVU28
 107 0040 10B5     		push	{r4, lr}
 108              	.LCFI1:
 109              		.cfi_def_cfa_offset 8
 110              		.cfi_offset 4, -8
 111              		.cfi_offset 14, -4
 112              		.loc 1 85 17 view .LVU29
 113 0042 0B78     		ldrb	r3, [r1]	@ zero_extendqisi2
 114 0044 022B     		cmp	r3, #2
  83:TMC-API/tmc/ic/TMC5031/TMC5031.c **** 	uint8_t *ptr = &TMC5031_config->configIndex;
 115              		.loc 1 83 1 view .LVU30
 116 0046 0C46     		mov	r4, r1
 117              		.loc 1 85 17 view .LVU31
 118 0048 0CBF     		ite	eq
 119 004a 0B1D     		addeq	r3, r1, #4
 120 004c 00F11403 		addne	r3, r0, #20
 121              	.LVL6:
  86:TMC-API/tmc/ic/TMC5031/TMC5031.c **** 
  87:TMC-API/tmc/ic/TMC5031/TMC5031.c **** 	while((*ptr < TMC5031_REGISTER_COUNT) && !TMC_IS_WRITABLE(tmc5031->registerAccess[*ptr]))
 122              		.loc 1 87 2 is_stmt 1 view .LVU32
 123              	.L9:
 124              		.loc 1 87 7 view .LVU33
 125 0050 94F90120 		ldrsb	r2, [r4, #1]
 126              		.loc 1 87 9 is_stmt 0 view .LVU34
 127 0054 6178     		ldrb	r1, [r4, #1]	@ zero_extendqisi2
 128              		.loc 1 87 7 view .LVU35
 129 0056 002A     		cmp	r2, #0
 130 0058 10DB     		blt	.L10
 131              		.loc 1 87 44 discriminator 1 view .LVU36
 132 005a 4218     		adds	r2, r0, r1
 133              		.loc 1 87 40 discriminator 1 view .LVU37
 134 005c 92F81422 		ldrb	r2, [r2, #532]	@ zero_extendqisi2
 135 0060 9207     		lsls	r2, r2, #30
 136 0062 08D5     		bpl	.L11
  88:TMC-API/tmc/ic/TMC5031/TMC5031.c **** 		(*ptr)++;
  89:TMC-API/tmc/ic/TMC5031/TMC5031.c **** 
  90:TMC-API/tmc/ic/TMC5031/TMC5031.c **** 	if(*ptr < TMC5031_REGISTER_COUNT)
 137              		.loc 1 90 2 is_stmt 1 view .LVU38
  91:TMC-API/tmc/ic/TMC5031/TMC5031.c **** 	{
  92:TMC-API/tmc/ic/TMC5031/TMC5031.c **** 		tmc5031_writeInt(0, *ptr, settings[*ptr]);
 138              		.loc 1 92 3 view .LVU39
 139 0064 53F82120 		ldr	r2, [r3, r1, lsl #2]
 140 0068 0020     		movs	r0, #0
 141              	.LVL7:
 142              		.loc 1 92 3 is_stmt 0 view .LVU40
 143 006a FFF7FEFF 		bl	tmc5031_writeInt
 144              	.LVL8:
  93:TMC-API/tmc/ic/TMC5031/TMC5031.c **** 		(*ptr)++;
 145              		.loc 1 93 3 is_stmt 1 view .LVU41
 146              		.loc 1 93 9 is_stmt 0 view .LVU42
 147 006e 6378     		ldrb	r3, [r4, #1]	@ zero_extendqisi2
 148 0070 0133     		adds	r3, r3, #1
 149 0072 6370     		strb	r3, [r4, #1]
 150              	.L6:
  94:TMC-API/tmc/ic/TMC5031/TMC5031.c **** 	}
  95:TMC-API/tmc/ic/TMC5031/TMC5031.c **** 	else
  96:TMC-API/tmc/ic/TMC5031/TMC5031.c **** 	{
  97:TMC-API/tmc/ic/TMC5031/TMC5031.c **** 		TMC5031_config->state = CONFIG_READY;
  98:TMC-API/tmc/ic/TMC5031/TMC5031.c **** 	}
  99:TMC-API/tmc/ic/TMC5031/TMC5031.c **** }
 151              		.loc 1 99 1 view .LVU43
 152 0074 10BD     		pop	{r4, pc}
 153              	.LVL9:
 154              	.L11:
  88:TMC-API/tmc/ic/TMC5031/TMC5031.c **** 
 155              		.loc 1 88 3 is_stmt 1 view .LVU44
  88:TMC-API/tmc/ic/TMC5031/TMC5031.c **** 
 156              		.loc 1 88 9 is_stmt 0 view .LVU45
 157 0076 0131     		adds	r1, r1, #1
 158 0078 6170     		strb	r1, [r4, #1]
 159 007a E9E7     		b	.L9
 160              	.L10:
  90:TMC-API/tmc/ic/TMC5031/TMC5031.c **** 	{
 161              		.loc 1 90 2 is_stmt 1 view .LVU46
  97:TMC-API/tmc/ic/TMC5031/TMC5031.c **** 	}
 162              		.loc 1 97 3 view .LVU47
  97:TMC-API/tmc/ic/TMC5031/TMC5031.c **** 	}
 163              		.loc 1 97 25 is_stmt 0 view .LVU48
 164 007c 0023     		movs	r3, #0
 165              	.LVL10:
  97:TMC-API/tmc/ic/TMC5031/TMC5031.c **** 	}
 166              		.loc 1 97 25 view .LVU49
 167 007e 2370     		strb	r3, [r4]
 168              	.LVL11:
  97:TMC-API/tmc/ic/TMC5031/TMC5031.c **** 	}
 169              		.loc 1 97 25 view .LVU50
 170 0080 F8E7     		b	.L6
 171              		.cfi_endproc
 172              	.LFE1:
 174              		.global	__aeabi_i2f
 175              		.global	__aeabi_ui2f
 176              		.global	__aeabi_fdiv
 177              		.global	__aeabi_fmul
 178              		.global	__aeabi_f2iz
 179              		.align	1
 180              		.global	tmc5031_periodicJob
 181              		.syntax unified
 182              		.thumb
 183              		.thumb_func
 184              		.fpu softvfp
 186              	tmc5031_periodicJob:
 187              	.LVL12:
 188              	.LFB2:
 100:TMC-API/tmc/ic/TMC5031/TMC5031.c **** 
 101:TMC-API/tmc/ic/TMC5031/TMC5031.c **** void tmc5031_periodicJob(uint8_t motor, uint32_t tick, TMC5031TypeDef *tmc5031, ConfigurationTypeDe
 102:TMC-API/tmc/ic/TMC5031/TMC5031.c **** {
 189              		.loc 1 102 1 is_stmt 1 view -0
 190              		.cfi_startproc
 191              		@ args = 0, pretend = 0, frame = 8
 192              		@ frame_needed = 0, uses_anonymous_args = 0
 103:TMC-API/tmc/ic/TMC5031/TMC5031.c **** 	int xActual;
 193              		.loc 1 103 2 view .LVU52
 104:TMC-API/tmc/ic/TMC5031/TMC5031.c **** 	uint32_t tickDiff;
 194              		.loc 1 104 2 view .LVU53
 105:TMC-API/tmc/ic/TMC5031/TMC5031.c **** 
 106:TMC-API/tmc/ic/TMC5031/TMC5031.c **** 	if(TMC5031_config->state != CONFIG_READY)
 195              		.loc 1 106 2 view .LVU54
 102:TMC-API/tmc/ic/TMC5031/TMC5031.c **** 	int xActual;
 196              		.loc 1 102 1 is_stmt 0 view .LVU55
 197 0082 2DE9F74F 		push	{r0, r1, r2, r4, r5, r6, r7, r8, r9, r10, fp, lr}
 198              	.LCFI2:
 199              		.cfi_def_cfa_offset 48
 200              		.cfi_offset 4, -36
 201              		.cfi_offset 5, -32
 202              		.cfi_offset 6, -28
 203              		.cfi_offset 7, -24
 204              		.cfi_offset 8, -20
 205              		.cfi_offset 9, -16
 206              		.cfi_offset 10, -12
 207              		.cfi_offset 11, -8
 208              		.cfi_offset 14, -4
 209              		.loc 1 106 4 view .LVU56
 210 0086 93F800B0 		ldrb	fp, [r3]	@ zero_extendqisi2
 102:TMC-API/tmc/ic/TMC5031/TMC5031.c **** 	int xActual;
 211              		.loc 1 102 1 view .LVU57
 212 008a 0546     		mov	r5, r0
 213 008c 8946     		mov	r9, r1
 214 008e 1446     		mov	r4, r2
 215 0090 1E46     		mov	r6, r3
 216              		.loc 1 106 4 view .LVU58
 217 0092 BBF1000F 		cmp	fp, #0
 218 0096 06D0     		beq	.L15
 107:TMC-API/tmc/ic/TMC5031/TMC5031.c **** 	{
 108:TMC-API/tmc/ic/TMC5031/TMC5031.c **** 		tmc5031_writeConfiguration(tmc5031, TMC5031_config);
 219              		.loc 1 108 3 is_stmt 1 view .LVU59
 220 0098 1946     		mov	r1, r3
 221              	.LVL13:
 222              		.loc 1 108 3 is_stmt 0 view .LVU60
 223 009a 1046     		mov	r0, r2
 224              	.LVL14:
 109:TMC-API/tmc/ic/TMC5031/TMC5031.c **** 		return;
 110:TMC-API/tmc/ic/TMC5031/TMC5031.c **** 	}
 111:TMC-API/tmc/ic/TMC5031/TMC5031.c **** 
 112:TMC-API/tmc/ic/TMC5031/TMC5031.c **** 	if((tickDiff = tick - tmc5031->oldTick) >= 5)
 113:TMC-API/tmc/ic/TMC5031/TMC5031.c **** 	{
 114:TMC-API/tmc/ic/TMC5031/TMC5031.c **** 		xActual = tmc5031_readInt(0, TMC5031_XACTUAL(motor));
 115:TMC-API/tmc/ic/TMC5031/TMC5031.c **** 		TMC5031_config->shadowRegister[TMC5031_XACTUAL(motor)] = xActual;
 116:TMC-API/tmc/ic/TMC5031/TMC5031.c **** 		tmc5031->velocity[motor] = (int) ((float) (abs(xActual-tmc5031->oldX[motor]) / (float) tickDiff) 
 117:TMC-API/tmc/ic/TMC5031/TMC5031.c **** 		if(tmc5031_readInt(0, TMC5031_VACTUAL(motor))<0) tmc5031->velocity[motor] *= -1;
 118:TMC-API/tmc/ic/TMC5031/TMC5031.c **** 		tmc5031->oldX[motor] = xActual;
 119:TMC-API/tmc/ic/TMC5031/TMC5031.c **** 
 120:TMC-API/tmc/ic/TMC5031/TMC5031.c **** 		// Not per motor:
 121:TMC-API/tmc/ic/TMC5031/TMC5031.c **** 		/*xActual = tmc5031_readInt(motor, TMC5031_XACTUAL_1);
 122:TMC-API/tmc/ic/TMC5031/TMC5031.c **** 		TMC562v3_config->shadowRegister[TMC5031_XACTUAL_1] = xActual;
 123:TMC-API/tmc/ic/TMC5031/TMC5031.c **** 		TMC562V3.velocityMotor1 = (int) ((float) (abs(xActual-oldX[0]) / (float) t) * (float) 1048.576);
 124:TMC-API/tmc/ic/TMC5031/TMC5031.c **** 		tmc5031->oldX = xActual;
 125:TMC-API/tmc/ic/TMC5031/TMC5031.c **** 
 126:TMC-API/tmc/ic/TMC5031/TMC5031.c **** 		xActual = readInt(TMC5031_XACTUAL_2);
 127:TMC-API/tmc/ic/TMC5031/TMC5031.c **** 		TMC562v3_config->shadowRegister[TMC5031_XACTUAL_2] = xActual;
 128:TMC-API/tmc/ic/TMC5031/TMC5031.c **** 		TMC562V3.velocityMotor2 = (int) ((float) (abs(xActual-oldX[1]) / (float) t) * (float) 1048.576);
 129:TMC-API/tmc/ic/TMC5031/TMC5031.c **** 		tmc5031->oldX = xActual;*/
 130:TMC-API/tmc/ic/TMC5031/TMC5031.c **** 
 131:TMC-API/tmc/ic/TMC5031/TMC5031.c **** 		tmc5031->oldTick = tick;
 132:TMC-API/tmc/ic/TMC5031/TMC5031.c **** 	}
 133:TMC-API/tmc/ic/TMC5031/TMC5031.c **** }
 225              		.loc 1 133 1 view .LVU61
 226 009c 03B0     		add	sp, sp, #12
 227              	.LCFI3:
 228              		.cfi_remember_state
 229              		.cfi_def_cfa_offset 36
 230              		@ sp needed
 231 009e BDE8F04F 		pop	{r4, r5, r6, r7, r8, r9, r10, fp, lr}
 232              	.LCFI4:
 233              		.cfi_restore 14
 234              		.cfi_restore 11
 235              		.cfi_restore 10
 236              		.cfi_restore 9
 237              		.cfi_restore 8
 238              		.cfi_restore 7
 239              		.cfi_restore 6
 240              		.cfi_restore 5
 241              		.cfi_restore 4
 242              		.cfi_def_cfa_offset 0
 243              	.LVL15:
 108:TMC-API/tmc/ic/TMC5031/TMC5031.c **** 		return;
 244              		.loc 1 108 3 view .LVU62
 245 00a2 FFF7FEBF 		b	tmc5031_writeConfiguration
 246              	.LVL16:
 247              	.L15:
 248              	.LCFI5:
 249              		.cfi_restore_state
 112:TMC-API/tmc/ic/TMC5031/TMC5031.c **** 	{
 250              		.loc 1 112 2 is_stmt 1 view .LVU63
 112:TMC-API/tmc/ic/TMC5031/TMC5031.c **** 	{
 251              		.loc 1 112 15 is_stmt 0 view .LVU64
 252 00a6 1269     		ldr	r2, [r2, #16]
 253              	.LVL17:
 112:TMC-API/tmc/ic/TMC5031/TMC5031.c **** 	{
 254              		.loc 1 112 15 view .LVU65
 255 00a8 8A1A     		subs	r2, r1, r2
 256              	.LVL18:
 112:TMC-API/tmc/ic/TMC5031/TMC5031.c **** 	{
 257              		.loc 1 112 4 view .LVU66
 258 00aa 042A     		cmp	r2, #4
 259 00ac 3CD9     		bls	.L14
 114:TMC-API/tmc/ic/TMC5031/TMC5031.c **** 		TMC5031_config->shadowRegister[TMC5031_XACTUAL(motor)] = xActual;
 260              		.loc 1 114 32 view .LVU67
 261 00ae 2027     		movs	r7, #32
 262 00b0 8740     		lsls	r7, r7, r0
 263 00b2 4FFA87FA 		sxtb	r10, r7
 264 00b6 4AF00101 		orr	r1, r10, #1
 265              	.LVL19:
 114:TMC-API/tmc/ic/TMC5031/TMC5031.c **** 		TMC5031_config->shadowRegister[TMC5031_XACTUAL(motor)] = xActual;
 266              		.loc 1 114 13 view .LVU68
 267 00ba C9B2     		uxtb	r1, r1
 268 00bc 5846     		mov	r0, fp
 269              	.LVL20:
 114:TMC-API/tmc/ic/TMC5031/TMC5031.c **** 		TMC5031_config->shadowRegister[TMC5031_XACTUAL(motor)] = xActual;
 270              		.loc 1 114 13 view .LVU69
 271 00be 0192     		str	r2, [sp, #4]
 114:TMC-API/tmc/ic/TMC5031/TMC5031.c **** 		TMC5031_config->shadowRegister[TMC5031_XACTUAL(motor)] = xActual;
 272              		.loc 1 114 3 is_stmt 1 view .LVU70
 115:TMC-API/tmc/ic/TMC5031/TMC5031.c **** 		tmc5031->velocity[motor] = (int) ((float) (abs(xActual-tmc5031->oldX[motor]) / (float) tickDiff) 
 273              		.loc 1 115 34 is_stmt 0 view .LVU71
 274 00c0 47F00107 		orr	r7, r7, #1
 114:TMC-API/tmc/ic/TMC5031/TMC5031.c **** 		TMC5031_config->shadowRegister[TMC5031_XACTUAL(motor)] = xActual;
 275              		.loc 1 114 13 view .LVU72
 276 00c4 FFF7FEFF 		bl	tmc5031_readInt
 277              	.LVL21:
 115:TMC-API/tmc/ic/TMC5031/TMC5031.c **** 		tmc5031->velocity[motor] = (int) ((float) (abs(xActual-tmc5031->oldX[motor]) / (float) tickDiff) 
 278              		.loc 1 115 58 view .LVU73
 279 00c8 06EB8706 		add	r6, r6, r7, lsl #2
 280              	.LVL22:
 114:TMC-API/tmc/ic/TMC5031/TMC5031.c **** 		TMC5031_config->shadowRegister[TMC5031_XACTUAL(motor)] = xActual;
 281              		.loc 1 114 13 view .LVU74
 282 00cc 8046     		mov	r8, r0
 283              	.LVL23:
 115:TMC-API/tmc/ic/TMC5031/TMC5031.c **** 		tmc5031->velocity[motor] = (int) ((float) (abs(xActual-tmc5031->oldX[motor]) / (float) tickDiff) 
 284              		.loc 1 115 3 is_stmt 1 view .LVU75
 115:TMC-API/tmc/ic/TMC5031/TMC5031.c **** 		tmc5031->velocity[motor] = (int) ((float) (abs(xActual-tmc5031->oldX[motor]) / (float) tickDiff) 
 285              		.loc 1 115 58 is_stmt 0 view .LVU76
 286 00ce 7060     		str	r0, [r6, #4]
 116:TMC-API/tmc/ic/TMC5031/TMC5031.c **** 		if(tmc5031_readInt(0, TMC5031_VACTUAL(motor))<0) tmc5031->velocity[motor] *= -1;
 287              		.loc 1 116 3 is_stmt 1 view .LVU77
 288 00d0 2EB2     		sxth	r6, r5
 289 00d2 04EB8505 		add	r5, r4, r5, lsl #2
 116:TMC-API/tmc/ic/TMC5031/TMC5031.c **** 		if(tmc5031_readInt(0, TMC5031_VACTUAL(motor))<0) tmc5031->velocity[motor] *= -1;
 290              		.loc 1 116 57 is_stmt 0 view .LVU78
 291 00d6 A868     		ldr	r0, [r5, #8]
 292              	.LVL24:
 116:TMC-API/tmc/ic/TMC5031/TMC5031.c **** 		if(tmc5031_readInt(0, TMC5031_VACTUAL(motor))<0) tmc5031->velocity[motor] *= -1;
 293              		.loc 1 116 57 view .LVU79
 294 00d8 A8EB0000 		sub	r0, r8, r0
 116:TMC-API/tmc/ic/TMC5031/TMC5031.c **** 		if(tmc5031_readInt(0, TMC5031_VACTUAL(motor))<0) tmc5031->velocity[motor] *= -1;
 295              		.loc 1 116 37 view .LVU80
 296 00dc 0028     		cmp	r0, #0
 297 00de B8BF     		it	lt
 298 00e0 4042     		rsblt	r0, r0, #0
 299 00e2 FFF7FEFF 		bl	__aeabi_i2f
 300              	.LVL25:
 116:TMC-API/tmc/ic/TMC5031/TMC5031.c **** 		if(tmc5031_readInt(0, TMC5031_VACTUAL(motor))<0) tmc5031->velocity[motor] *= -1;
 301              		.loc 1 116 82 view .LVU81
 302 00e6 019A     		ldr	r2, [sp, #4]
 116:TMC-API/tmc/ic/TMC5031/TMC5031.c **** 		if(tmc5031_readInt(0, TMC5031_VACTUAL(motor))<0) tmc5031->velocity[motor] *= -1;
 303              		.loc 1 116 37 view .LVU82
 304 00e8 0746     		mov	r7, r0
 116:TMC-API/tmc/ic/TMC5031/TMC5031.c **** 		if(tmc5031_readInt(0, TMC5031_VACTUAL(motor))<0) tmc5031->velocity[motor] *= -1;
 305              		.loc 1 116 82 view .LVU83
 306 00ea 1046     		mov	r0, r2
 307 00ec FFF7FEFF 		bl	__aeabi_ui2f
 308              	.LVL26:
 309 00f0 0146     		mov	r1, r0
 116:TMC-API/tmc/ic/TMC5031/TMC5031.c **** 		if(tmc5031_readInt(0, TMC5031_VACTUAL(motor))<0) tmc5031->velocity[motor] *= -1;
 310              		.loc 1 116 37 view .LVU84
 311 00f2 3846     		mov	r0, r7
 312 00f4 FFF7FEFF 		bl	__aeabi_fdiv
 313              	.LVL27:
 116:TMC-API/tmc/ic/TMC5031/TMC5031.c **** 		if(tmc5031_readInt(0, TMC5031_VACTUAL(motor))<0) tmc5031->velocity[motor] *= -1;
 314              		.loc 1 116 100 view .LVU85
 315 00f8 0D49     		ldr	r1, .L18
 316 00fa FFF7FEFF 		bl	__aeabi_fmul
 317              	.LVL28:
 116:TMC-API/tmc/ic/TMC5031/TMC5031.c **** 		if(tmc5031_readInt(0, TMC5031_VACTUAL(motor))<0) tmc5031->velocity[motor] *= -1;
 318              		.loc 1 116 30 view .LVU86
 319 00fe FFF7FEFF 		bl	__aeabi_f2iz
 320              	.LVL29:
 117:TMC-API/tmc/ic/TMC5031/TMC5031.c **** 		tmc5031->oldX[motor] = xActual;
 321              		.loc 1 117 25 view .LVU87
 322 0102 4AF00201 		orr	r1, r10, #2
 116:TMC-API/tmc/ic/TMC5031/TMC5031.c **** 		if(tmc5031_readInt(0, TMC5031_VACTUAL(motor))<0) tmc5031->velocity[motor] *= -1;
 323              		.loc 1 116 30 view .LVU88
 324 0106 44F82600 		str	r0, [r4, r6, lsl #2]
 117:TMC-API/tmc/ic/TMC5031/TMC5031.c **** 		tmc5031->oldX[motor] = xActual;
 325              		.loc 1 117 3 is_stmt 1 view .LVU89
 117:TMC-API/tmc/ic/TMC5031/TMC5031.c **** 		tmc5031->oldX[motor] = xActual;
 326              		.loc 1 117 6 is_stmt 0 view .LVU90
 327 010a C9B2     		uxtb	r1, r1
 328 010c 5846     		mov	r0, fp
 329 010e FFF7FEFF 		bl	tmc5031_readInt
 330              	.LVL30:
 117:TMC-API/tmc/ic/TMC5031/TMC5031.c **** 		tmc5031->oldX[motor] = xActual;
 331              		.loc 1 117 5 view .LVU91
 332 0112 0028     		cmp	r0, #0
 117:TMC-API/tmc/ic/TMC5031/TMC5031.c **** 		tmc5031->oldX[motor] = xActual;
 333              		.loc 1 117 52 is_stmt 1 view .LVU92
 117:TMC-API/tmc/ic/TMC5031/TMC5031.c **** 		tmc5031->oldX[motor] = xActual;
 334              		.loc 1 117 77 is_stmt 0 view .LVU93
 335 0114 BEBF     		ittt	lt
 336 0116 54F82630 		ldrlt	r3, [r4, r6, lsl #2]
 337 011a 5B42     		rsblt	r3, r3, #0
 338 011c 44F82630 		strlt	r3, [r4, r6, lsl #2]
 118:TMC-API/tmc/ic/TMC5031/TMC5031.c **** 
 339              		.loc 1 118 3 is_stmt 1 view .LVU94
 118:TMC-API/tmc/ic/TMC5031/TMC5031.c **** 
 340              		.loc 1 118 24 is_stmt 0 view .LVU95
 341 0120 C5F80880 		str	r8, [r5, #8]
 131:TMC-API/tmc/ic/TMC5031/TMC5031.c **** 	}
 342              		.loc 1 131 3 is_stmt 1 view .LVU96
 131:TMC-API/tmc/ic/TMC5031/TMC5031.c **** 	}
 343              		.loc 1 131 20 is_stmt 0 view .LVU97
 344 0124 C4F81090 		str	r9, [r4, #16]
 345              	.LVL31:
 346              	.L14:
 347              		.loc 1 133 1 view .LVU98
 348 0128 03B0     		add	sp, sp, #12
 349              	.LCFI6:
 350              		.cfi_def_cfa_offset 36
 351              		@ sp needed
 352 012a BDE8F08F 		pop	{r4, r5, r6, r7, r8, r9, r10, fp, pc}
 353              	.LVL32:
 354              	.L19:
 355              		.loc 1 133 1 view .LVU99
 356 012e 00BF     		.align	2
 357              	.L18:
 358 0130 6F128344 		.word	1149440623
 359              		.cfi_endproc
 360              	.LFE2:
 362              		.align	1
 363              		.global	tmc5031_reset
 364              		.syntax unified
 365              		.thumb
 366              		.thumb_func
 367              		.fpu softvfp
 369              	tmc5031_reset:
 370              	.LVL33:
 371              	.LFB3:
 134:TMC-API/tmc/ic/TMC5031/TMC5031.c **** 
 135:TMC-API/tmc/ic/TMC5031/TMC5031.c **** uint8_t tmc5031_reset(ConfigurationTypeDef *TMC5031_config)
 136:TMC-API/tmc/ic/TMC5031/TMC5031.c **** {
 372              		.loc 1 136 1 is_stmt 1 view -0
 373              		.cfi_startproc
 374              		@ args = 0, pretend = 0, frame = 0
 375              		@ frame_needed = 0, uses_anonymous_args = 0
 376              		@ link register save eliminated.
 137:TMC-API/tmc/ic/TMC5031/TMC5031.c **** 	if(TMC5031_config->state != CONFIG_READY)
 377              		.loc 1 137 2 view .LVU101
 378              		.loc 1 137 4 is_stmt 0 view .LVU102
 379 0134 0378     		ldrb	r3, [r0]	@ zero_extendqisi2
 380 0136 13B9     		cbnz	r3, .L22
 138:TMC-API/tmc/ic/TMC5031/TMC5031.c **** 		return 0;
 139:TMC-API/tmc/ic/TMC5031/TMC5031.c **** 
 140:TMC-API/tmc/ic/TMC5031/TMC5031.c **** 	TMC5031_config->state        = CONFIG_READY;
 381              		.loc 1 140 2 is_stmt 1 view .LVU103
 141:TMC-API/tmc/ic/TMC5031/TMC5031.c **** 	TMC5031_config->configIndex  = 0;
 382              		.loc 1 141 2 view .LVU104
 383              		.loc 1 141 31 is_stmt 0 view .LVU105
 384 0138 4370     		strb	r3, [r0, #1]
 142:TMC-API/tmc/ic/TMC5031/TMC5031.c **** 
 143:TMC-API/tmc/ic/TMC5031/TMC5031.c **** 	return 1;
 385              		.loc 1 143 2 is_stmt 1 view .LVU106
 386              		.loc 1 143 9 is_stmt 0 view .LVU107
 387 013a 0120     		movs	r0, #1
 388              	.LVL34:
 389              		.loc 1 143 9 view .LVU108
 390 013c 7047     		bx	lr
 391              	.LVL35:
 392              	.L22:
 138:TMC-API/tmc/ic/TMC5031/TMC5031.c **** 
 393              		.loc 1 138 10 view .LVU109
 394 013e 0020     		movs	r0, #0
 395              	.LVL36:
 144:TMC-API/tmc/ic/TMC5031/TMC5031.c **** }
 396              		.loc 1 144 1 view .LVU110
 397 0140 7047     		bx	lr
 398              		.cfi_endproc
 399              	.LFE3:
 401              		.align	1
 402              		.global	tmc5031_restore
 403              		.syntax unified
 404              		.thumb
 405              		.thumb_func
 406              		.fpu softvfp
 408              	tmc5031_restore:
 409              	.LVL37:
 410              	.LFB4:
 145:TMC-API/tmc/ic/TMC5031/TMC5031.c **** 
 146:TMC-API/tmc/ic/TMC5031/TMC5031.c **** uint8_t tmc5031_restore(ConfigurationTypeDef *TMC5031_config)
 147:TMC-API/tmc/ic/TMC5031/TMC5031.c **** {
 411              		.loc 1 147 1 is_stmt 1 view -0
 412              		.cfi_startproc
 413              		@ args = 0, pretend = 0, frame = 0
 414              		@ frame_needed = 0, uses_anonymous_args = 0
 415              		@ link register save eliminated.
 148:TMC-API/tmc/ic/TMC5031/TMC5031.c **** 	if(TMC5031_config->state != CONFIG_READY)
 416              		.loc 1 148 2 view .LVU112
 417              		.loc 1 148 4 is_stmt 0 view .LVU113
 418 0142 0378     		ldrb	r3, [r0]	@ zero_extendqisi2
 419 0144 1BB9     		cbnz	r3, .L25
 149:TMC-API/tmc/ic/TMC5031/TMC5031.c **** 		return 0;
 150:TMC-API/tmc/ic/TMC5031/TMC5031.c **** 
 151:TMC-API/tmc/ic/TMC5031/TMC5031.c **** 	TMC5031_config->state        = CONFIG_RESTORE;
 420              		.loc 1 151 2 is_stmt 1 view .LVU114
 152:TMC-API/tmc/ic/TMC5031/TMC5031.c **** 	TMC5031_config->configIndex  = 0;
 421              		.loc 1 152 2 view .LVU115
 151:TMC-API/tmc/ic/TMC5031/TMC5031.c **** 	TMC5031_config->configIndex  = 0;
 422              		.loc 1 151 31 is_stmt 0 view .LVU116
 423 0146 0223     		movs	r3, #2
 424 0148 0380     		strh	r3, [r0]	@ movhi
 153:TMC-API/tmc/ic/TMC5031/TMC5031.c **** 
 154:TMC-API/tmc/ic/TMC5031/TMC5031.c **** 	return 1;
 425              		.loc 1 154 2 is_stmt 1 view .LVU117
 426              		.loc 1 154 9 is_stmt 0 view .LVU118
 427 014a 0120     		movs	r0, #1
 428              	.LVL38:
 429              		.loc 1 154 9 view .LVU119
 430 014c 7047     		bx	lr
 431              	.LVL39:
 432              	.L25:
 149:TMC-API/tmc/ic/TMC5031/TMC5031.c **** 
 433              		.loc 1 149 10 view .LVU120
 434 014e 0020     		movs	r0, #0
 435              	.LVL40:
 155:TMC-API/tmc/ic/TMC5031/TMC5031.c **** }
 436              		.loc 1 155 1 view .LVU121
 437 0150 7047     		bx	lr
 438              		.cfi_endproc
 439              	.LFE4:
 441              		.global	tmc5031_defaultRegisterResetState
 442              		.global	tmc5031_defaultRegisterAccess
 443              		.section	.rodata
 444              		.align	2
 445              		.set	.LANCHOR0,. + 0
 448              	tmc5031_defaultRegisterAccess:
 449 0000 03010102 		.ascii	"\003\001\001\002\007\002\000\000\000\000\000\000\000"
 449      07020000 
 449      00000000 
 449      00
 450 000d 00000002 		.ascii	"\000\000\000\002\001\000\000\000\000\000\000\002\001"
 450      01000000 
 450      00000002 
 450      01
 451 001a 00000000 		.ascii	"\000\000\000\000\000\000\003\003\001\002\002\002\002"
 451      00000303 
 451      01020202 
 451      02
 452 0027 02020202 		.ascii	"\002\002\002\002\002\002\003\000\000\002\002\002\002"
 452      02020300 
 452      00020202 
 452      02
 453 0034 03010100 		.ascii	"\003\001\001\000\003\003\002\001\001\000\000\000\003"
 453      03030201 
 453      01000000 
 453      03
 454 0041 03010202 		.ascii	"\003\001\002\002\002\002\002\002\002\002\002\002\003"
 454      02020202 
 454      02020202 
 454      03
 455 004e 00000202 		.ascii	"\000\000\002\002\002\002\003\001\001\000\003\003\002"
 455      02020301 
 455      01000303 
 455      02
 456 005b 01010000 		.ascii	"\001\001\000\000\000\002\002\002\002\002\002\002\002"
 456      00020202 
 456      02020202 
 456      02
 457 0068 02020101 		.ascii	"\002\002\001\001\003\002\002\001\002\002\002\002\002"
 457      03020201 
 457      02020202 
 457      02
 458 0075 02020202 		.ascii	"\002\002\002\002\002\001\001\003\002\002\001"
 458      02010103 
 458      020201
 461              	tmc5031_defaultRegisterResetState:
 462 0080 00000000 		.word	0
 463 0084 00000000 		.word	0
 464 0088 00000000 		.word	0
 465 008c 00000000 		.word	0
 466 0090 00000000 		.word	0
 467 0094 00000000 		.word	0
 468 0098 00000000 		.word	0
 469 009c 00000000 		.word	0
 470 00a0 00000000 		.word	0
 471 00a4 00000000 		.word	0
 472 00a8 00000000 		.word	0
 473 00ac 00000000 		.word	0
 474 00b0 00000000 		.word	0
 475 00b4 00000000 		.word	0
 476 00b8 00000000 		.word	0
 477 00bc 00000000 		.word	0
 478 00c0 00000000 		.word	0
 479 00c4 00000000 		.word	0
 480 00c8 00000000 		.word	0
 481 00cc 00000000 		.word	0
 482 00d0 00000000 		.word	0
 483 00d4 00000000 		.word	0
 484 00d8 00000000 		.word	0
 485 00dc 00000000 		.word	0
 486 00e0 00000000 		.word	0
 487 00e4 00000000 		.word	0
 488 00e8 00000000 		.word	0
 489 00ec 00000000 		.word	0
 490 00f0 00000000 		.word	0
 491 00f4 00000000 		.word	0
 492 00f8 00000000 		.word	0
 493 00fc 00000000 		.word	0
 494 0100 00000000 		.word	0
 495 0104 00000000 		.word	0
 496 0108 00000000 		.word	0
 497 010c 00000000 		.word	0
 498 0110 00000000 		.word	0
 499 0114 00000000 		.word	0
 500 0118 00000000 		.word	0
 501 011c 00000000 		.word	0
 502 0120 00000000 		.word	0
 503 0124 00000000 		.word	0
 504 0128 00000000 		.word	0
 505 012c 00000000 		.word	0
 506 0130 00000000 		.word	0
 507 0134 00000000 		.word	0
 508 0138 00000000 		.word	0
 509 013c 00000000 		.word	0
 510 0140 03170700 		.word	464643
 511 0144 00000000 		.word	0
 512 0148 FFFFFF00 		.word	16777215
 513 014c 00000000 		.word	0
 514 0150 00000000 		.word	0
 515 0154 00000000 		.word	0
 516 0158 00000000 		.word	0
 517 015c 00000000 		.word	0
 518 0160 00000000 		.word	0
 519 0164 00000000 		.word	0
 520 0168 00000100 		.word	65536
 521 016c 00000000 		.word	0
 522 0170 00000000 		.word	0
 523 0174 00000000 		.word	0
 524 0178 00000000 		.word	0
 525 017c 00000000 		.word	0
 526 0180 00000000 		.word	0
 527 0184 00000000 		.word	0
 528 0188 00000000 		.word	0
 529 018c 00000000 		.word	0
 530 0190 00000000 		.word	0
 531 0194 00000000 		.word	0
 532 0198 00000000 		.word	0
 533 019c 00000000 		.word	0
 534 01a0 00000000 		.word	0
 535 01a4 00000000 		.word	0
 536 01a8 00000000 		.word	0
 537 01ac 00000000 		.word	0
 538 01b0 00000000 		.word	0
 539 01b4 00000000 		.word	0
 540 01b8 00000000 		.word	0
 541 01bc 00000000 		.word	0
 542 01c0 03170700 		.word	464643
 543 01c4 00000000 		.word	0
 544 01c8 FFFFFF00 		.word	16777215
 545 01cc 00000000 		.word	0
 546 01d0 00000000 		.word	0
 547 01d4 00000000 		.word	0
 548 01d8 00000000 		.word	0
 549 01dc 00000000 		.word	0
 550 01e0 00000000 		.word	0
 551 01e4 00000000 		.word	0
 552 01e8 00000100 		.word	65536
 553 01ec 00000000 		.word	0
 554 01f0 00000000 		.word	0
 555 01f4 00000000 		.word	0
 556 01f8 00000000 		.word	0
 557 01fc 00000000 		.word	0
 558 0200 54B5AAAA 		.word	-1431653036
 559 0204 AA54954A 		.word	1251300522
 560 0208 29294924 		.word	608774441
 561 020c 22421010 		.word	269500962
 562 0210 FFFFFFFB 		.word	-67108865
 563 0214 7D77BBB5 		.word	-1246005379
 564 0218 56552949 		.word	1227445590
 565 021c 22424000 		.word	4211234
 566 0220 5680FFFF 		.word	-32682
 567 0224 0000F700 		.word	16187392
 568 0228 00000000 		.word	0
 569 022c 00000000 		.word	0
 570 0230 D5010100 		.word	66005
 571 0234 00000000 		.word	0
 572 0238 00000000 		.word	0
 573 023c 00000000 		.word	0
 574 0240 54B5AAAA 		.word	-1431653036
 575 0244 AA54954A 		.word	1251300522
 576 0248 29294924 		.word	608774441
 577 024c 22421010 		.word	269500962
 578 0250 FFFFFFFB 		.word	-67108865
 579 0254 7D77BBB5 		.word	-1246005379
 580 0258 56552949 		.word	1227445590
 581 025c 22424000 		.word	4211234
 582 0260 5680FFFF 		.word	-32682
 583 0264 0000F700 		.word	16187392
 584 0268 00000000 		.word	0
 585 026c 00000000 		.word	0
 586 0270 D5010100 		.word	66005
 587 0274 00000000 		.word	0
 588 0278 00000000 		.word	0
 589 027c 00000000 		.word	0
 590              		.text
 591              	.Letext0:
 592              		.file 2 "c:\\program files (x86)\\gnu arm embedded toolchain\\9 2020-q2-update\\arm-none-eabi\\inc
 593              		.file 3 "c:\\program files (x86)\\gnu arm embedded toolchain\\9 2020-q2-update\\arm-none-eabi\\inc
 594              		.file 4 "TMC-API/tmc/helpers/Config.h"
 595              		.file 5 "c:\\program files (x86)\\gnu arm embedded toolchain\\9 2020-q2-update\\lib\\gcc\\arm-none
 596              		.file 6 "c:\\program files (x86)\\gnu arm embedded toolchain\\9 2020-q2-update\\arm-none-eabi\\inc
 597              		.file 7 "c:\\program files (x86)\\gnu arm embedded toolchain\\9 2020-q2-update\\arm-none-eabi\\inc
 598              		.file 8 "c:\\program files (x86)\\gnu arm embedded toolchain\\9 2020-q2-update\\arm-none-eabi\\inc
 599              		.file 9 "c:\\program files (x86)\\gnu arm embedded toolchain\\9 2020-q2-update\\arm-none-eabi\\inc
 600              		.file 10 "TMC-API/tmc/ic/TMC5031/TMC5031.h"
DEFINED SYMBOLS
                            *ABS*:00000000 TMC5031.c
C:\Users\Shubham\AppData\Local\Temp\ccP4muQn.s:15     .text:00000000 $t
C:\Users\Shubham\AppData\Local\Temp\ccP4muQn.s:23     .text:00000000 tmc5031_initConfig
C:\Users\Shubham\AppData\Local\Temp\ccP4muQn.s:86     .text:0000003c $d
C:\Users\Shubham\AppData\Local\Temp\ccP4muQn.s:90     .text:00000040 $t
C:\Users\Shubham\AppData\Local\Temp\ccP4muQn.s:97     .text:00000040 tmc5031_writeConfiguration
C:\Users\Shubham\AppData\Local\Temp\ccP4muQn.s:186    .text:00000082 tmc5031_periodicJob
C:\Users\Shubham\AppData\Local\Temp\ccP4muQn.s:358    .text:00000130 $d
C:\Users\Shubham\AppData\Local\Temp\ccP4muQn.s:362    .text:00000134 $t
C:\Users\Shubham\AppData\Local\Temp\ccP4muQn.s:369    .text:00000134 tmc5031_reset
C:\Users\Shubham\AppData\Local\Temp\ccP4muQn.s:408    .text:00000142 tmc5031_restore
C:\Users\Shubham\AppData\Local\Temp\ccP4muQn.s:461    .rodata:00000080 tmc5031_defaultRegisterResetState
C:\Users\Shubham\AppData\Local\Temp\ccP4muQn.s:448    .rodata:00000000 tmc5031_defaultRegisterAccess
C:\Users\Shubham\AppData\Local\Temp\ccP4muQn.s:444    .rodata:00000000 $d

UNDEFINED SYMBOLS
tmc5031_writeInt
__aeabi_i2f
__aeabi_ui2f
__aeabi_fdiv
__aeabi_fmul
__aeabi_f2iz
tmc5031_readInt
