   1              		.cpu cortex-m4
   2              		.eabi_attribute 20, 1
   3              		.eabi_attribute 21, 1
   4              		.eabi_attribute 23, 3
   5              		.eabi_attribute 24, 1
   6              		.eabi_attribute 25, 1
   7              		.eabi_attribute 26, 1
   8              		.eabi_attribute 30, 4
   9              		.eabi_attribute 34, 1
  10              		.eabi_attribute 18, 4
  11              		.file	"TMC5041.c"
  12              		.text
  13              	.Ltext0:
  14              		.cfi_sections	.debug_frame
  15              		.align	1
  16              		.global	tmc5041_writeDatagram
  17              		.arch armv7e-m
  18              		.syntax unified
  19              		.thumb
  20              		.thumb_func
  21              		.fpu softvfp
  23              	tmc5041_writeDatagram:
  24              	.LVL0:
  25              	.LFB0:
  26              		.file 1 "TMC-API/tmc/ic/TMC5041/TMC5041.c"
   1:TMC-API/tmc/ic/TMC5041/TMC5041.c **** /*
   2:TMC-API/tmc/ic/TMC5041/TMC5041.c ****  * TMC5041.c
   3:TMC-API/tmc/ic/TMC5041/TMC5041.c ****  *
   4:TMC-API/tmc/ic/TMC5041/TMC5041.c ****  *  Created on: 07.07.2017
   5:TMC-API/tmc/ic/TMC5041/TMC5041.c ****  *      Author: LK
   6:TMC-API/tmc/ic/TMC5041/TMC5041.c ****  *    Based on: TMC562-MKL.h (26.01.2012 OK)
   7:TMC-API/tmc/ic/TMC5041/TMC5041.c ****  */
   8:TMC-API/tmc/ic/TMC5041/TMC5041.c **** 
   9:TMC-API/tmc/ic/TMC5041/TMC5041.c **** #include "TMC5041.h"
  10:TMC-API/tmc/ic/TMC5041/TMC5041.c **** 
  11:TMC-API/tmc/ic/TMC5041/TMC5041.c **** // => SPI wrapper
  12:TMC-API/tmc/ic/TMC5041/TMC5041.c **** extern void tmc5041_readWriteArray(uint8_t channel, uint8_t *data, size_t length);
  13:TMC-API/tmc/ic/TMC5041/TMC5041.c **** // <= SPI wrapper
  14:TMC-API/tmc/ic/TMC5041/TMC5041.c **** 
  15:TMC-API/tmc/ic/TMC5041/TMC5041.c **** void tmc5041_writeDatagram(TMC5041TypeDef *tmc5041, uint8_t address, uint8_t x1, uint8_t x2, uint8_
  16:TMC-API/tmc/ic/TMC5041/TMC5041.c **** {
  27              		.loc 1 16 1 view -0
  28              		.cfi_startproc
  29              		@ args = 8, pretend = 0, frame = 8
  30              		@ frame_needed = 0, uses_anonymous_args = 0
  17:TMC-API/tmc/ic/TMC5041/TMC5041.c **** 	uint8_t data[5] = {address | TMC5041_WRITE_BIT, x1, x2, x3, x4 };
  31              		.loc 1 17 2 view .LVU1
  16:TMC-API/tmc/ic/TMC5041/TMC5041.c **** 	uint8_t data[5] = {address | TMC5041_WRITE_BIT, x1, x2, x3, x4 };
  32              		.loc 1 16 1 is_stmt 0 view .LVU2
  33 0000 2DE9F743 		push	{r0, r1, r2, r4, r5, r6, r7, r8, r9, lr}
  34              	.LCFI0:
  35              		.cfi_def_cfa_offset 40
  36              		.cfi_offset 4, -28
  37              		.cfi_offset 5, -24
  38              		.cfi_offset 6, -20
  39              		.cfi_offset 7, -16
  40              		.cfi_offset 8, -12
  41              		.cfi_offset 9, -8
  42              		.cfi_offset 14, -4
  16:TMC-API/tmc/ic/TMC5041/TMC5041.c **** 	uint8_t data[5] = {address | TMC5041_WRITE_BIT, x1, x2, x3, x4 };
  43              		.loc 1 16 1 view .LVU3
  44 0004 9846     		mov	r8, r3
  45              		.loc 1 17 10 view .LVU4
  46 0006 61F07F03 		orn	r3, r1, #127
  47              	.LVL1:
  48              		.loc 1 17 10 view .LVU5
  49 000a 8DF80030 		strb	r3, [sp]
  18:TMC-API/tmc/ic/TMC5041/TMC5041.c **** 	tmc5041_readWriteArray(tmc5041->config->channel, &data[0], 5);
  50              		.loc 1 18 2 view .LVU6
  51 000e 0368     		ldr	r3, [r0]
  16:TMC-API/tmc/ic/TMC5041/TMC5041.c **** 	uint8_t data[5] = {address | TMC5041_WRITE_BIT, x1, x2, x3, x4 };
  52              		.loc 1 16 1 view .LVU7
  53 0010 9DF82890 		ldrb	r9, [sp, #40]	@ zero_extendqisi2
  54 0014 9DF82C50 		ldrb	r5, [sp, #44]	@ zero_extendqisi2
  17:TMC-API/tmc/ic/TMC5041/TMC5041.c **** 	uint8_t data[5] = {address | TMC5041_WRITE_BIT, x1, x2, x3, x4 };
  55              		.loc 1 17 10 view .LVU8
  56 0018 8DF80120 		strb	r2, [sp, #1]
  16:TMC-API/tmc/ic/TMC5041/TMC5041.c **** 	uint8_t data[5] = {address | TMC5041_WRITE_BIT, x1, x2, x3, x4 };
  57              		.loc 1 16 1 view .LVU9
  58 001c 0446     		mov	r4, r0
  59 001e 1746     		mov	r7, r2
  60              		.loc 1 18 2 view .LVU10
  61 0020 93F81002 		ldrb	r0, [r3, #528]	@ zero_extendqisi2
  62              	.LVL2:
  17:TMC-API/tmc/ic/TMC5041/TMC5041.c **** 	uint8_t data[5] = {address | TMC5041_WRITE_BIT, x1, x2, x3, x4 };
  63              		.loc 1 17 10 view .LVU11
  64 0024 8DF80450 		strb	r5, [sp, #4]
  65              		.loc 1 18 2 is_stmt 1 view .LVU12
  16:TMC-API/tmc/ic/TMC5041/TMC5041.c **** 	uint8_t data[5] = {address | TMC5041_WRITE_BIT, x1, x2, x3, x4 };
  66              		.loc 1 16 1 is_stmt 0 view .LVU13
  67 0028 0E46     		mov	r6, r1
  68              		.loc 1 18 2 view .LVU14
  69 002a 0522     		movs	r2, #5
  70              	.LVL3:
  71              		.loc 1 18 2 view .LVU15
  72 002c 6946     		mov	r1, sp
  73              	.LVL4:
  17:TMC-API/tmc/ic/TMC5041/TMC5041.c **** 	uint8_t data[5] = {address | TMC5041_WRITE_BIT, x1, x2, x3, x4 };
  74              		.loc 1 17 10 view .LVU16
  75 002e 8DF80280 		strb	r8, [sp, #2]
  76 0032 8DF80390 		strb	r9, [sp, #3]
  77              		.loc 1 18 2 view .LVU17
  78 0036 FFF7FEFF 		bl	tmc5041_readWriteArray
  79              	.LVL5:
  19:TMC-API/tmc/ic/TMC5041/TMC5041.c **** 
  20:TMC-API/tmc/ic/TMC5041/TMC5041.c **** 	int32_t value = (x1 << 24) | (x2 << 16) | (x3 << 8) | x4;
  80              		.loc 1 20 2 is_stmt 1 view .LVU18
  21:TMC-API/tmc/ic/TMC5041/TMC5041.c **** 
  22:TMC-API/tmc/ic/TMC5041/TMC5041.c **** 	// Write to the shadow register and mark the register dirty
  23:TMC-API/tmc/ic/TMC5041/TMC5041.c **** 	address = TMC_ADDRESS(address);
  81              		.loc 1 23 2 view .LVU19
  24:TMC-API/tmc/ic/TMC5041/TMC5041.c **** 	tmc5041->config->shadowRegister[address] = value;
  82              		.loc 1 24 2 view .LVU20
  83              		.loc 1 24 43 is_stmt 0 view .LVU21
  84 003a 2268     		ldr	r2, [r4]
  85              		.loc 1 24 33 view .LVU22
  86 003c 06F07F06 		and	r6, r6, #127
  87              	.LVL6:
  20:TMC-API/tmc/ic/TMC5041/TMC5041.c **** 
  88              		.loc 1 20 10 view .LVU23
  89 0040 45EA0925 		orr	r5, r5, r9, lsl #8
  90              	.LVL7:
  91              		.loc 1 24 43 view .LVU24
  92 0044 02EB8601 		add	r1, r2, r6, lsl #2
  20:TMC-API/tmc/ic/TMC5041/TMC5041.c **** 
  93              		.loc 1 20 10 view .LVU25
  94 0048 45EA0843 		orr	r3, r5, r8, lsl #16
  95 004c 43EA0763 		orr	r3, r3, r7, lsl #24
  25:TMC-API/tmc/ic/TMC5041/TMC5041.c **** 	tmc5041->registerAccess[address] |= TMC_ACCESS_DIRTY;
  96              		.loc 1 25 35 view .LVU26
  97 0050 3444     		add	r4, r4, r6
  98              	.LVL8:
  24:TMC-API/tmc/ic/TMC5041/TMC5041.c **** 	tmc5041->config->shadowRegister[address] = value;
  99              		.loc 1 24 43 view .LVU27
 100 0052 4B60     		str	r3, [r1, #4]
 101              		.loc 1 25 2 is_stmt 1 view .LVU28
 102              		.loc 1 25 35 is_stmt 0 view .LVU29
 103 0054 94F81832 		ldrb	r3, [r4, #536]	@ zero_extendqisi2
 104 0058 43F00803 		orr	r3, r3, #8
 105 005c 84F81832 		strb	r3, [r4, #536]
  26:TMC-API/tmc/ic/TMC5041/TMC5041.c **** }
 106              		.loc 1 26 1 view .LVU30
 107 0060 03B0     		add	sp, sp, #12
 108              	.LCFI1:
 109              		.cfi_def_cfa_offset 28
 110              		@ sp needed
 111 0062 BDE8F083 		pop	{r4, r5, r6, r7, r8, r9, pc}
 112              		.loc 1 26 1 view .LVU31
 113              		.cfi_endproc
 114              	.LFE0:
 116              		.align	1
 117              		.global	tmc5041_writeInt
 118              		.syntax unified
 119              		.thumb
 120              		.thumb_func
 121              		.fpu softvfp
 123              	tmc5041_writeInt:
 124              	.LVL9:
 125              	.LFB1:
  27:TMC-API/tmc/ic/TMC5041/TMC5041.c **** 
  28:TMC-API/tmc/ic/TMC5041/TMC5041.c **** void tmc5041_writeInt(TMC5041TypeDef *tmc5041, uint8_t address, int32_t value)
  29:TMC-API/tmc/ic/TMC5041/TMC5041.c **** {
 126              		.loc 1 29 1 is_stmt 1 view -0
 127              		.cfi_startproc
 128              		@ args = 0, pretend = 0, frame = 0
 129              		@ frame_needed = 0, uses_anonymous_args = 0
  30:TMC-API/tmc/ic/TMC5041/TMC5041.c **** 	tmc5041_writeDatagram(tmc5041, address, BYTE(value, 3), BYTE(value, 2), BYTE(value, 1), BYTE(value
 130              		.loc 1 30 2 view .LVU33
  29:TMC-API/tmc/ic/TMC5041/TMC5041.c **** 	tmc5041_writeDatagram(tmc5041, address, BYTE(value, 3), BYTE(value, 2), BYTE(value, 1), BYTE(value
 131              		.loc 1 29 1 is_stmt 0 view .LVU34
 132 0066 07B5     		push	{r0, r1, r2, lr}
 133              	.LCFI2:
 134              		.cfi_def_cfa_offset 16
 135              		.cfi_offset 14, -4
 136              		.loc 1 30 2 view .LVU35
 137 0068 D3B2     		uxtb	r3, r2
 138 006a 0193     		str	r3, [sp, #4]
 139 006c C2F30723 		ubfx	r3, r2, #8, #8
 140 0070 0093     		str	r3, [sp]
 141 0072 C2F30743 		ubfx	r3, r2, #16, #8
 142 0076 120E     		lsrs	r2, r2, #24
 143              	.LVL10:
 144              		.loc 1 30 2 view .LVU36
 145 0078 FFF7FEFF 		bl	tmc5041_writeDatagram
 146              	.LVL11:
  31:TMC-API/tmc/ic/TMC5041/TMC5041.c **** }
 147              		.loc 1 31 1 view .LVU37
 148 007c 03B0     		add	sp, sp, #12
 149              	.LCFI3:
 150              		.cfi_def_cfa_offset 4
 151              		@ sp needed
 152 007e 5DF804FB 		ldr	pc, [sp], #4
 153              		.cfi_endproc
 154              	.LFE1:
 156              		.align	1
 157              		.global	tmc5041_readInt
 158              		.syntax unified
 159              		.thumb
 160              		.thumb_func
 161              		.fpu softvfp
 163              	tmc5041_readInt:
 164              	.LVL12:
 165              	.LFB2:
  32:TMC-API/tmc/ic/TMC5041/TMC5041.c **** 
  33:TMC-API/tmc/ic/TMC5041/TMC5041.c **** int32_t tmc5041_readInt(TMC5041TypeDef *tmc5041, uint8_t address)
  34:TMC-API/tmc/ic/TMC5041/TMC5041.c **** {
 166              		.loc 1 34 1 is_stmt 1 view -0
 167              		.cfi_startproc
 168              		@ args = 0, pretend = 0, frame = 8
 169              		@ frame_needed = 0, uses_anonymous_args = 0
  35:TMC-API/tmc/ic/TMC5041/TMC5041.c **** 	address = TMC_ADDRESS(address);
 170              		.loc 1 35 2 view .LVU39
  34:TMC-API/tmc/ic/TMC5041/TMC5041.c **** 	address = TMC_ADDRESS(address);
 171              		.loc 1 34 1 is_stmt 0 view .LVU40
 172 0082 37B5     		push	{r0, r1, r2, r4, r5, lr}
 173              	.LCFI4:
 174              		.cfi_def_cfa_offset 24
 175              		.cfi_offset 4, -12
 176              		.cfi_offset 5, -8
 177              		.cfi_offset 14, -4
 178              		.loc 1 35 10 view .LVU41
 179 0084 01F07F04 		and	r4, r1, #127
 180              	.LVL13:
  36:TMC-API/tmc/ic/TMC5041/TMC5041.c **** 
  37:TMC-API/tmc/ic/TMC5041/TMC5041.c **** 	// register not readable -> shadow register copy
  38:TMC-API/tmc/ic/TMC5041/TMC5041.c **** 	if(!TMC_IS_READABLE(tmc5041->registerAccess[address]))
 181              		.loc 1 38 2 is_stmt 1 view .LVU42
 182              		.loc 1 38 6 is_stmt 0 view .LVU43
 183 0088 0219     		adds	r2, r0, r4
 184 008a 0368     		ldr	r3, [r0]
 185              		.loc 1 38 4 view .LVU44
 186 008c 92F81822 		ldrb	r2, [r2, #536]	@ zero_extendqisi2
 187 0090 D207     		lsls	r2, r2, #31
  34:TMC-API/tmc/ic/TMC5041/TMC5041.c **** 	address = TMC_ADDRESS(address);
 188              		.loc 1 34 1 view .LVU45
 189 0092 0546     		mov	r5, r0
 190              		.loc 1 38 4 view .LVU46
 191 0094 04D4     		bmi	.L4
  39:TMC-API/tmc/ic/TMC5041/TMC5041.c **** 		return tmc5041->config->shadowRegister[address];
 192              		.loc 1 39 3 is_stmt 1 view .LVU47
 193              		.loc 1 39 41 is_stmt 0 view .LVU48
 194 0096 03EB8404 		add	r4, r3, r4, lsl #2
 195              	.LVL14:
 196              		.loc 1 39 41 view .LVU49
 197 009a 6068     		ldr	r0, [r4, #4]
 198              	.LVL15:
 199              	.L3:
  40:TMC-API/tmc/ic/TMC5041/TMC5041.c **** 
  41:TMC-API/tmc/ic/TMC5041/TMC5041.c **** 	uint8_t data[5] = { 0, 0, 0, 0, 0 };
  42:TMC-API/tmc/ic/TMC5041/TMC5041.c **** 
  43:TMC-API/tmc/ic/TMC5041/TMC5041.c **** 	data[0] = address;
  44:TMC-API/tmc/ic/TMC5041/TMC5041.c **** 	tmc5041_readWriteArray(tmc5041->config->channel, &data[0], 5);
  45:TMC-API/tmc/ic/TMC5041/TMC5041.c **** 
  46:TMC-API/tmc/ic/TMC5041/TMC5041.c **** 	data[0] = address;
  47:TMC-API/tmc/ic/TMC5041/TMC5041.c **** 	tmc5041_readWriteArray(tmc5041->config->channel, &data[0], 5);
  48:TMC-API/tmc/ic/TMC5041/TMC5041.c **** 
  49:TMC-API/tmc/ic/TMC5041/TMC5041.c **** 	return (data[1] << 24) | (data[2] << 16) | (data[3] << 8) | data[4];
  50:TMC-API/tmc/ic/TMC5041/TMC5041.c **** }
 200              		.loc 1 50 1 view .LVU50
 201 009c 03B0     		add	sp, sp, #12
 202              	.LCFI5:
 203              		.cfi_remember_state
 204              		.cfi_def_cfa_offset 12
 205              		@ sp needed
 206 009e 30BD     		pop	{r4, r5, pc}
 207              	.LVL16:
 208              	.L4:
 209              	.LCFI6:
 210              		.cfi_restore_state
  41:TMC-API/tmc/ic/TMC5041/TMC5041.c **** 
 211              		.loc 1 41 2 is_stmt 1 view .LVU51
  41:TMC-API/tmc/ic/TMC5041/TMC5041.c **** 
 212              		.loc 1 41 10 is_stmt 0 view .LVU52
 213 00a0 0D4A     		ldr	r2, .L6
 214 00a2 1068     		ldr	r0, [r2]	@ unaligned
 215              	.LVL17:
  41:TMC-API/tmc/ic/TMC5041/TMC5041.c **** 
 216              		.loc 1 41 10 view .LVU53
 217 00a4 1279     		ldrb	r2, [r2, #4]	@ zero_extendqisi2
 218 00a6 0090     		str	r0, [sp]
 219 00a8 8DF80420 		strb	r2, [sp, #4]
  43:TMC-API/tmc/ic/TMC5041/TMC5041.c **** 	tmc5041_readWriteArray(tmc5041->config->channel, &data[0], 5);
 220              		.loc 1 43 2 is_stmt 1 view .LVU54
  44:TMC-API/tmc/ic/TMC5041/TMC5041.c **** 
 221              		.loc 1 44 2 is_stmt 0 view .LVU55
 222 00ac 93F81002 		ldrb	r0, [r3, #528]	@ zero_extendqisi2
  43:TMC-API/tmc/ic/TMC5041/TMC5041.c **** 	tmc5041_readWriteArray(tmc5041->config->channel, &data[0], 5);
 223              		.loc 1 43 10 view .LVU56
 224 00b0 8DF80040 		strb	r4, [sp]
  44:TMC-API/tmc/ic/TMC5041/TMC5041.c **** 
 225              		.loc 1 44 2 is_stmt 1 view .LVU57
 226 00b4 0522     		movs	r2, #5
 227 00b6 6946     		mov	r1, sp
 228 00b8 FFF7FEFF 		bl	tmc5041_readWriteArray
 229              	.LVL18:
  46:TMC-API/tmc/ic/TMC5041/TMC5041.c **** 	tmc5041_readWriteArray(tmc5041->config->channel, &data[0], 5);
 230              		.loc 1 46 2 view .LVU58
  47:TMC-API/tmc/ic/TMC5041/TMC5041.c **** 
 231              		.loc 1 47 2 is_stmt 0 view .LVU59
 232 00bc 2B68     		ldr	r3, [r5]
  46:TMC-API/tmc/ic/TMC5041/TMC5041.c **** 	tmc5041_readWriteArray(tmc5041->config->channel, &data[0], 5);
 233              		.loc 1 46 10 view .LVU60
 234 00be 8DF80040 		strb	r4, [sp]
  47:TMC-API/tmc/ic/TMC5041/TMC5041.c **** 
 235              		.loc 1 47 2 is_stmt 1 view .LVU61
 236 00c2 93F81002 		ldrb	r0, [r3, #528]	@ zero_extendqisi2
 237 00c6 0522     		movs	r2, #5
 238 00c8 6946     		mov	r1, sp
 239 00ca FFF7FEFF 		bl	tmc5041_readWriteArray
 240              	.LVL19:
  49:TMC-API/tmc/ic/TMC5041/TMC5041.c **** }
 241              		.loc 1 49 2 view .LVU62
 242 00ce DDF80100 		ldr	r0, [sp, #1]	@ unaligned
 243 00d2 00BA     		rev	r0, r0
  49:TMC-API/tmc/ic/TMC5041/TMC5041.c **** }
 244              		.loc 1 49 60 is_stmt 0 view .LVU63
 245 00d4 E2E7     		b	.L3
 246              	.L7:
 247 00d6 00BF     		.align	2
 248              	.L6:
 249 00d8 00000000 		.word	.LANCHOR0
 250              		.cfi_endproc
 251              	.LFE2:
 253              		.align	1
 254              		.global	tmc5041_init
 255              		.syntax unified
 256              		.thumb
 257              		.thumb_func
 258              		.fpu softvfp
 260              	tmc5041_init:
 261              	.LVL20:
 262              	.LFB3:
  51:TMC-API/tmc/ic/TMC5041/TMC5041.c **** 
  52:TMC-API/tmc/ic/TMC5041/TMC5041.c **** void tmc5041_init(TMC5041TypeDef *tmc5041, uint8_t channel, ConfigurationTypeDef *config, const int
  53:TMC-API/tmc/ic/TMC5041/TMC5041.c **** {
 263              		.loc 1 53 1 is_stmt 1 view -0
 264              		.cfi_startproc
 265              		@ args = 0, pretend = 0, frame = 0
 266              		@ frame_needed = 0, uses_anonymous_args = 0
  54:TMC-API/tmc/ic/TMC5041/TMC5041.c **** 	tmc5041->velocity[0]      = 0;
 267              		.loc 1 54 2 view .LVU65
  53:TMC-API/tmc/ic/TMC5041/TMC5041.c **** 	tmc5041->velocity[0]      = 0;
 268              		.loc 1 53 1 is_stmt 0 view .LVU66
 269 00dc 30B5     		push	{r4, r5, lr}
 270              	.LCFI7:
 271              		.cfi_def_cfa_offset 12
 272              		.cfi_offset 4, -12
 273              		.cfi_offset 5, -8
 274              		.cfi_offset 14, -4
 275              		.loc 1 54 28 view .LVU67
 276 00de 0024     		movs	r4, #0
  55:TMC-API/tmc/ic/TMC5041/TMC5041.c **** 	tmc5041->velocity[1]      = 0;
 277              		.loc 1 55 28 view .LVU68
 278 00e0 C0E90144 		strd	r4, r4, [r0, #4]
  56:TMC-API/tmc/ic/TMC5041/TMC5041.c **** 	tmc5041->oldTick          = 0;
 279              		.loc 1 56 2 is_stmt 1 view .LVU69
  57:TMC-API/tmc/ic/TMC5041/TMC5041.c **** 	tmc5041->oldX[0]          = 0;
  58:TMC-API/tmc/ic/TMC5041/TMC5041.c **** 	tmc5041->oldX[1]          = 0;
 280              		.loc 1 58 28 is_stmt 0 view .LVU70
 281 00e4 C0E90344 		strd	r4, r4, [r0, #12]
  56:TMC-API/tmc/ic/TMC5041/TMC5041.c **** 	tmc5041->oldTick          = 0;
 282              		.loc 1 56 28 view .LVU71
 283 00e8 4461     		str	r4, [r0, #20]
  57:TMC-API/tmc/ic/TMC5041/TMC5041.c **** 	tmc5041->oldX[0]          = 0;
 284              		.loc 1 57 2 is_stmt 1 view .LVU72
  59:TMC-API/tmc/ic/TMC5041/TMC5041.c **** 	tmc5041->vMaxModified[0]  = false;
 285              		.loc 1 59 2 view .LVU73
  60:TMC-API/tmc/ic/TMC5041/TMC5041.c **** 	tmc5041->vMaxModified[1]  = false;
 286              		.loc 1 60 2 view .LVU74
  59:TMC-API/tmc/ic/TMC5041/TMC5041.c **** 	tmc5041->vMaxModified[0]  = false;
 287              		.loc 1 59 28 is_stmt 0 view .LVU75
 288 00ea A0F89842 		strh	r4, [r0, #664]	@ movhi
  61:TMC-API/tmc/ic/TMC5041/TMC5041.c **** 
  62:TMC-API/tmc/ic/TMC5041/TMC5041.c **** 	tmc5041->config               = config;
 289              		.loc 1 62 2 is_stmt 1 view .LVU76
 290              		.loc 1 62 32 is_stmt 0 view .LVU77
 291 00ee 0260     		str	r2, [r0]
  63:TMC-API/tmc/ic/TMC5041/TMC5041.c **** 	tmc5041->config->callback     = NULL;
 292              		.loc 1 63 2 is_stmt 1 view .LVU78
 293              		.loc 1 63 32 is_stmt 0 view .LVU79
 294 00f0 C2F80C42 		str	r4, [r2, #524]
  64:TMC-API/tmc/ic/TMC5041/TMC5041.c **** 	tmc5041->config->channel      = channel;
 295              		.loc 1 64 2 is_stmt 1 view .LVU80
  65:TMC-API/tmc/ic/TMC5041/TMC5041.c **** 	tmc5041->config->configIndex  = 0;
  66:TMC-API/tmc/ic/TMC5041/TMC5041.c **** 	tmc5041->config->state        = CONFIG_READY;
 296              		.loc 1 66 32 is_stmt 0 view .LVU81
 297 00f4 1480     		strh	r4, [r2]	@ movhi
 298 00f6 0A4C     		ldr	r4, .L11
  64:TMC-API/tmc/ic/TMC5041/TMC5041.c **** 	tmc5041->config->channel      = channel;
 299              		.loc 1 64 32 view .LVU82
 300 00f8 82F81012 		strb	r1, [r2, #528]
  65:TMC-API/tmc/ic/TMC5041/TMC5041.c **** 	tmc5041->config->configIndex  = 0;
 301              		.loc 1 65 2 is_stmt 1 view .LVU83
 302              		.loc 1 66 2 view .LVU84
  67:TMC-API/tmc/ic/TMC5041/TMC5041.c **** 
  68:TMC-API/tmc/ic/TMC5041/TMC5041.c **** 	int i;
 303              		.loc 1 68 2 view .LVU85
  69:TMC-API/tmc/ic/TMC5041/TMC5041.c **** 	for(i = 0; i < TMC5041_REGISTER_COUNT; i++)
 304              		.loc 1 69 2 view .LVU86
 305              	.LVL21:
 306              		.loc 1 69 13 view .LVU87
 307 00fc 043B     		subs	r3, r3, #4
 308              	.LVL22:
 309              		.loc 1 69 13 is_stmt 0 view .LVU88
 310 00fe 00F50672 		add	r2, r0, #536
 311              	.LVL23:
 312              		.loc 1 69 13 view .LVU89
 313 0102 00F11801 		add	r1, r0, #24
 314              	.LVL24:
 315              		.loc 1 69 13 view .LVU90
 316 0106 00F52670 		add	r0, r0, #664
 317              	.LVL25:
 318              	.L9:
  70:TMC-API/tmc/ic/TMC5041/TMC5041.c **** 	{
  71:TMC-API/tmc/ic/TMC5041/TMC5041.c **** 		tmc5041->registerAccess[i]      = tmc5041_defaultRegisterAccess[i];
 319              		.loc 1 71 3 is_stmt 1 discriminator 3 view .LVU91
 320              		.loc 1 71 66 is_stmt 0 discriminator 3 view .LVU92
 321 010a 14F8015B 		ldrb	r5, [r4], #1	@ zero_extendqisi2
 322              	.LVL26:
 323              		.loc 1 71 35 discriminator 3 view .LVU93
 324 010e 02F8015B 		strb	r5, [r2], #1
  72:TMC-API/tmc/ic/TMC5041/TMC5041.c **** 		tmc5041->registerResetState[i]  = registerResetState[i];
 325              		.loc 1 72 3 is_stmt 1 discriminator 3 view .LVU94
 326              		.loc 1 72 55 is_stmt 0 discriminator 3 view .LVU95
 327 0112 53F8045F 		ldr	r5, [r3, #4]!
 328              		.loc 1 72 35 discriminator 3 view .LVU96
 329 0116 41F8045B 		str	r5, [r1], #4
  69:TMC-API/tmc/ic/TMC5041/TMC5041.c **** 	for(i = 0; i < TMC5041_REGISTER_COUNT; i++)
 330              		.loc 1 69 41 is_stmt 1 discriminator 3 view .LVU97
 331              	.LVL27:
  69:TMC-API/tmc/ic/TMC5041/TMC5041.c **** 	for(i = 0; i < TMC5041_REGISTER_COUNT; i++)
 332              		.loc 1 69 13 discriminator 3 view .LVU98
  69:TMC-API/tmc/ic/TMC5041/TMC5041.c **** 	for(i = 0; i < TMC5041_REGISTER_COUNT; i++)
 333              		.loc 1 69 2 is_stmt 0 discriminator 3 view .LVU99
 334 011a 8242     		cmp	r2, r0
 335 011c F5D1     		bne	.L9
  73:TMC-API/tmc/ic/TMC5041/TMC5041.c **** 	}
  74:TMC-API/tmc/ic/TMC5041/TMC5041.c **** }
 336              		.loc 1 74 1 view .LVU100
 337 011e 30BD     		pop	{r4, r5, pc}
 338              	.LVL28:
 339              	.L12:
 340              		.loc 1 74 1 view .LVU101
 341              		.align	2
 342              	.L11:
 343 0120 05000000 		.word	.LANCHOR0+5
 344              		.cfi_endproc
 345              	.LFE3:
 347              		.global	__aeabi_ui2f
 348              		.global	__aeabi_i2f
 349              		.global	__aeabi_fdiv
 350              		.global	__aeabi_fmul
 351              		.global	__aeabi_f2iz
 352              		.align	1
 353              		.global	tmc5041_periodicJob
 354              		.syntax unified
 355              		.thumb
 356              		.thumb_func
 357              		.fpu softvfp
 359              	tmc5041_periodicJob:
 360              	.LVL29:
 361              	.LFB5:
  75:TMC-API/tmc/ic/TMC5041/TMC5041.c **** 
  76:TMC-API/tmc/ic/TMC5041/TMC5041.c **** static void tmc5041_writeConfiguration(TMC5041TypeDef *tmc5041)
  77:TMC-API/tmc/ic/TMC5041/TMC5041.c **** {
  78:TMC-API/tmc/ic/TMC5041/TMC5041.c **** 	uint8_t *ptr = &tmc5041->config->configIndex;
  79:TMC-API/tmc/ic/TMC5041/TMC5041.c **** 	const int32_t *settings = (tmc5041->config->state == CONFIG_RESTORE) ? tmc5041->config->shadowRegi
  80:TMC-API/tmc/ic/TMC5041/TMC5041.c **** 
  81:TMC-API/tmc/ic/TMC5041/TMC5041.c **** 	while((*ptr < TMC5041_REGISTER_COUNT) && !TMC_IS_WRITABLE(tmc5041->registerAccess[*ptr]))
  82:TMC-API/tmc/ic/TMC5041/TMC5041.c **** 		(*ptr)++;
  83:TMC-API/tmc/ic/TMC5041/TMC5041.c **** 
  84:TMC-API/tmc/ic/TMC5041/TMC5041.c **** 	if(*ptr < TMC5041_REGISTER_COUNT)
  85:TMC-API/tmc/ic/TMC5041/TMC5041.c **** 	{
  86:TMC-API/tmc/ic/TMC5041/TMC5041.c **** 		tmc5041_writeInt(tmc5041, *ptr, settings[*ptr]);
  87:TMC-API/tmc/ic/TMC5041/TMC5041.c **** 		(*ptr)++;
  88:TMC-API/tmc/ic/TMC5041/TMC5041.c **** 	}
  89:TMC-API/tmc/ic/TMC5041/TMC5041.c **** 	else
  90:TMC-API/tmc/ic/TMC5041/TMC5041.c **** 	{
  91:TMC-API/tmc/ic/TMC5041/TMC5041.c **** 		tmc5041->config->state = CONFIG_READY;
  92:TMC-API/tmc/ic/TMC5041/TMC5041.c **** 	}
  93:TMC-API/tmc/ic/TMC5041/TMC5041.c **** }
  94:TMC-API/tmc/ic/TMC5041/TMC5041.c **** 
  95:TMC-API/tmc/ic/TMC5041/TMC5041.c **** void tmc5041_periodicJob(TMC5041TypeDef *tmc5041, uint32_t tick)
  96:TMC-API/tmc/ic/TMC5041/TMC5041.c **** {
 362              		.loc 1 96 1 is_stmt 1 view -0
 363              		.cfi_startproc
 364              		@ args = 0, pretend = 0, frame = 0
 365              		@ frame_needed = 0, uses_anonymous_args = 0
  97:TMC-API/tmc/ic/TMC5041/TMC5041.c **** 	int xActual;
 366              		.loc 1 97 2 view .LVU103
  98:TMC-API/tmc/ic/TMC5041/TMC5041.c **** 	uint32_t tickDiff;
 367              		.loc 1 98 2 view .LVU104
  99:TMC-API/tmc/ic/TMC5041/TMC5041.c **** 
 100:TMC-API/tmc/ic/TMC5041/TMC5041.c **** 	if(tmc5041->config->state != CONFIG_READY)
 368              		.loc 1 100 2 view .LVU105
  96:TMC-API/tmc/ic/TMC5041/TMC5041.c **** 	int xActual;
 369              		.loc 1 96 1 is_stmt 0 view .LVU106
 370 0124 F8B5     		push	{r3, r4, r5, r6, r7, lr}
 371              	.LCFI8:
 372              		.cfi_def_cfa_offset 24
 373              		.cfi_offset 3, -24
 374              		.cfi_offset 4, -20
 375              		.cfi_offset 5, -16
 376              		.cfi_offset 6, -12
 377              		.cfi_offset 7, -8
 378              		.cfi_offset 14, -4
 379              		.loc 1 100 12 view .LVU107
 380 0126 0568     		ldr	r5, [r0]
 381              		.loc 1 100 20 view .LVU108
 382 0128 2B78     		ldrb	r3, [r5]	@ zero_extendqisi2
  96:TMC-API/tmc/ic/TMC5041/TMC5041.c **** 	int xActual;
 383              		.loc 1 96 1 view .LVU109
 384 012a 0446     		mov	r4, r0
 385 012c 0E46     		mov	r6, r1
 386              		.loc 1 100 4 view .LVU110
 387 012e D3B1     		cbz	r3, .L14
 101:TMC-API/tmc/ic/TMC5041/TMC5041.c **** 	{
 102:TMC-API/tmc/ic/TMC5041/TMC5041.c **** 		tmc5041_writeConfiguration(tmc5041);
 388              		.loc 1 102 3 is_stmt 1 view .LVU111
 389              	.LVL30:
 390              	.LBB5:
 391              	.LBI5:
  76:TMC-API/tmc/ic/TMC5041/TMC5041.c **** {
 392              		.loc 1 76 13 view .LVU112
 393              	.LBB6:
  78:TMC-API/tmc/ic/TMC5041/TMC5041.c **** 	const int32_t *settings = (tmc5041->config->state == CONFIG_RESTORE) ? tmc5041->config->shadowRegi
 394              		.loc 1 78 2 view .LVU113
  79:TMC-API/tmc/ic/TMC5041/TMC5041.c **** 
 395              		.loc 1 79 2 view .LVU114
  79:TMC-API/tmc/ic/TMC5041/TMC5041.c **** 
 396              		.loc 1 79 17 is_stmt 0 view .LVU115
 397 0130 022B     		cmp	r3, #2
 398 0132 0CBF     		ite	eq
 399 0134 2B1D     		addeq	r3, r5, #4
 400 0136 00F11803 		addne	r3, r0, #24
 401              	.LVL31:
  81:TMC-API/tmc/ic/TMC5041/TMC5041.c **** 		(*ptr)++;
 402              		.loc 1 81 2 is_stmt 1 view .LVU116
 403              	.L17:
  81:TMC-API/tmc/ic/TMC5041/TMC5041.c **** 		(*ptr)++;
 404              		.loc 1 81 7 view .LVU117
 405 013a 95F90120 		ldrsb	r2, [r5, #1]
  81:TMC-API/tmc/ic/TMC5041/TMC5041.c **** 		(*ptr)++;
 406              		.loc 1 81 9 is_stmt 0 view .LVU118
 407 013e 6978     		ldrb	r1, [r5, #1]	@ zero_extendqisi2
  81:TMC-API/tmc/ic/TMC5041/TMC5041.c **** 		(*ptr)++;
 408              		.loc 1 81 7 view .LVU119
 409 0140 002A     		cmp	r2, #0
 410 0142 4BDB     		blt	.L18
  81:TMC-API/tmc/ic/TMC5041/TMC5041.c **** 		(*ptr)++;
 411              		.loc 1 81 44 view .LVU120
 412 0144 6218     		adds	r2, r4, r1
  81:TMC-API/tmc/ic/TMC5041/TMC5041.c **** 		(*ptr)++;
 413              		.loc 1 81 40 view .LVU121
 414 0146 92F81822 		ldrb	r2, [r2, #536]	@ zero_extendqisi2
 415 014a 9207     		lsls	r2, r2, #30
 416 014c 08D5     		bpl	.L19
  84:TMC-API/tmc/ic/TMC5041/TMC5041.c **** 	{
 417              		.loc 1 84 2 is_stmt 1 view .LVU122
  86:TMC-API/tmc/ic/TMC5041/TMC5041.c **** 		(*ptr)++;
 418              		.loc 1 86 3 view .LVU123
 419 014e 53F82120 		ldr	r2, [r3, r1, lsl #2]
 420 0152 2046     		mov	r0, r4
 421              	.LVL32:
  86:TMC-API/tmc/ic/TMC5041/TMC5041.c **** 		(*ptr)++;
 422              		.loc 1 86 3 is_stmt 0 view .LVU124
 423 0154 FFF7FEFF 		bl	tmc5041_writeInt
 424              	.LVL33:
  87:TMC-API/tmc/ic/TMC5041/TMC5041.c **** 	}
 425              		.loc 1 87 3 is_stmt 1 view .LVU125
  87:TMC-API/tmc/ic/TMC5041/TMC5041.c **** 	}
 426              		.loc 1 87 9 is_stmt 0 view .LVU126
 427 0158 6B78     		ldrb	r3, [r5, #1]	@ zero_extendqisi2
 428 015a 0133     		adds	r3, r3, #1
 429 015c 6B70     		strb	r3, [r5, #1]
 430 015e 3CE0     		b	.L13
 431              	.LVL34:
 432              	.L19:
  82:TMC-API/tmc/ic/TMC5041/TMC5041.c **** 
 433              		.loc 1 82 3 is_stmt 1 view .LVU127
  82:TMC-API/tmc/ic/TMC5041/TMC5041.c **** 
 434              		.loc 1 82 9 is_stmt 0 view .LVU128
 435 0160 0131     		adds	r1, r1, #1
 436 0162 6970     		strb	r1, [r5, #1]
 437 0164 E9E7     		b	.L17
 438              	.LVL35:
 439              	.L14:
  82:TMC-API/tmc/ic/TMC5041/TMC5041.c **** 
 440              		.loc 1 82 9 view .LVU129
 441              	.LBE6:
 442              	.LBE5:
 103:TMC-API/tmc/ic/TMC5041/TMC5041.c **** 		return;
 104:TMC-API/tmc/ic/TMC5041/TMC5041.c **** 	}
 105:TMC-API/tmc/ic/TMC5041/TMC5041.c **** 
 106:TMC-API/tmc/ic/TMC5041/TMC5041.c **** 	if((tickDiff = tick - tmc5041->oldTick) >= 5)
 443              		.loc 1 106 2 is_stmt 1 view .LVU130
 444              		.loc 1 106 15 is_stmt 0 view .LVU131
 445 0166 4769     		ldr	r7, [r0, #20]
 446 0168 CF1B     		subs	r7, r1, r7
 447              	.LVL36:
 448              		.loc 1 106 4 view .LVU132
 449 016a 042F     		cmp	r7, #4
 450 016c 35D9     		bls	.L13
 451              	.LVL37:
 452              	.LBB8:
 107:TMC-API/tmc/ic/TMC5041/TMC5041.c **** 	{
 108:TMC-API/tmc/ic/TMC5041/TMC5041.c **** 		int i;
 109:TMC-API/tmc/ic/TMC5041/TMC5041.c **** 		for (i = 0; i < TMC5041_MOTORS; i++)
 453              		.loc 1 109 15 is_stmt 1 view .LVU133
 110:TMC-API/tmc/ic/TMC5041/TMC5041.c **** 		{
 111:TMC-API/tmc/ic/TMC5041/TMC5041.c **** 			xActual = tmc5041_readInt(tmc5041, TMC5041_XACTUAL(i));
 454              		.loc 1 111 4 view .LVU134
 455              		.loc 1 111 14 is_stmt 0 view .LVU135
 456 016e 2121     		movs	r1, #33
 457              	.LVL38:
 458              		.loc 1 111 14 view .LVU136
 459 0170 FFF7FEFF 		bl	tmc5041_readInt
 460              	.LVL39:
 112:TMC-API/tmc/ic/TMC5041/TMC5041.c **** 			tmc5041->config->shadowRegister[TMC5041_XACTUAL(i)] = xActual;
 461              		.loc 1 112 56 view .LVU137
 462 0174 2368     		ldr	r3, [r4]
 111:TMC-API/tmc/ic/TMC5041/TMC5041.c **** 			tmc5041->config->shadowRegister[TMC5041_XACTUAL(i)] = xActual;
 463              		.loc 1 111 14 view .LVU138
 464 0176 0546     		mov	r5, r0
 465              	.LVL40:
 466              		.loc 1 112 4 is_stmt 1 view .LVU139
 467              		.loc 1 112 56 is_stmt 0 view .LVU140
 468 0178 C3F88800 		str	r0, [r3, #136]
 113:TMC-API/tmc/ic/TMC5041/TMC5041.c **** 			tmc5041->velocity[i] = (int) ((float) (abs(xActual-tmc5041->oldX[i]) / (float) tickDiff) * (floa
 469              		.loc 1 113 4 is_stmt 1 view .LVU141
 470              		.loc 1 113 75 is_stmt 0 view .LVU142
 471 017c 3846     		mov	r0, r7
 472              	.LVL41:
 473              		.loc 1 113 75 view .LVU143
 474 017e FFF7FEFF 		bl	__aeabi_ui2f
 475              	.LVL42:
 476 0182 0746     		mov	r7, r0
 477              	.LVL43:
 478              		.loc 1 113 54 view .LVU144
 479 0184 E068     		ldr	r0, [r4, #12]
 480 0186 281A     		subs	r0, r5, r0
 481              		.loc 1 113 34 view .LVU145
 482 0188 0028     		cmp	r0, #0
 483 018a B8BF     		it	lt
 484 018c 4042     		rsblt	r0, r0, #0
 485 018e FFF7FEFF 		bl	__aeabi_i2f
 486              	.LVL44:
 487 0192 3946     		mov	r1, r7
 488 0194 FFF7FEFF 		bl	__aeabi_fdiv
 489              	.LVL45:
 490              		.loc 1 113 93 view .LVU146
 491 0198 1249     		ldr	r1, .L23
 492 019a FFF7FEFF 		bl	__aeabi_fmul
 493              	.LVL46:
 494              		.loc 1 113 27 view .LVU147
 495 019e FFF7FEFF 		bl	__aeabi_f2iz
 496              	.LVL47:
 111:TMC-API/tmc/ic/TMC5041/TMC5041.c **** 			tmc5041->config->shadowRegister[TMC5041_XACTUAL(i)] = xActual;
 497              		.loc 1 111 14 view .LVU148
 498 01a2 4121     		movs	r1, #65
 499              		.loc 1 113 27 view .LVU149
 500 01a4 6060     		str	r0, [r4, #4]
 114:TMC-API/tmc/ic/TMC5041/TMC5041.c **** 			tmc5041->oldX[i] = xActual;
 501              		.loc 1 114 4 is_stmt 1 view .LVU150
 502              		.loc 1 114 21 is_stmt 0 view .LVU151
 503 01a6 E560     		str	r5, [r4, #12]
 109:TMC-API/tmc/ic/TMC5041/TMC5041.c **** 		{
 504              		.loc 1 109 35 is_stmt 1 view .LVU152
 505              	.LVL48:
 109:TMC-API/tmc/ic/TMC5041/TMC5041.c **** 		{
 506              		.loc 1 109 15 view .LVU153
 111:TMC-API/tmc/ic/TMC5041/TMC5041.c **** 			tmc5041->config->shadowRegister[TMC5041_XACTUAL(i)] = xActual;
 507              		.loc 1 111 4 view .LVU154
 111:TMC-API/tmc/ic/TMC5041/TMC5041.c **** 			tmc5041->config->shadowRegister[TMC5041_XACTUAL(i)] = xActual;
 508              		.loc 1 111 14 is_stmt 0 view .LVU155
 509 01a8 2046     		mov	r0, r4
 510 01aa FFF7FEFF 		bl	tmc5041_readInt
 511              	.LVL49:
 112:TMC-API/tmc/ic/TMC5041/TMC5041.c **** 			tmc5041->velocity[i] = (int) ((float) (abs(xActual-tmc5041->oldX[i]) / (float) tickDiff) * (floa
 512              		.loc 1 112 56 view .LVU156
 513 01ae 2368     		ldr	r3, [r4]
 111:TMC-API/tmc/ic/TMC5041/TMC5041.c **** 			tmc5041->config->shadowRegister[TMC5041_XACTUAL(i)] = xActual;
 514              		.loc 1 111 14 view .LVU157
 515 01b0 0546     		mov	r5, r0
 516              	.LVL50:
 112:TMC-API/tmc/ic/TMC5041/TMC5041.c **** 			tmc5041->velocity[i] = (int) ((float) (abs(xActual-tmc5041->oldX[i]) / (float) tickDiff) * (floa
 517              		.loc 1 112 4 is_stmt 1 view .LVU158
 112:TMC-API/tmc/ic/TMC5041/TMC5041.c **** 			tmc5041->velocity[i] = (int) ((float) (abs(xActual-tmc5041->oldX[i]) / (float) tickDiff) * (floa
 518              		.loc 1 112 56 is_stmt 0 view .LVU159
 519 01b2 C3F80801 		str	r0, [r3, #264]
 113:TMC-API/tmc/ic/TMC5041/TMC5041.c **** 			tmc5041->oldX[i] = xActual;
 520              		.loc 1 113 4 is_stmt 1 view .LVU160
 113:TMC-API/tmc/ic/TMC5041/TMC5041.c **** 			tmc5041->oldX[i] = xActual;
 521              		.loc 1 113 54 is_stmt 0 view .LVU161
 522 01b6 2069     		ldr	r0, [r4, #16]
 523              	.LVL51:
 113:TMC-API/tmc/ic/TMC5041/TMC5041.c **** 			tmc5041->oldX[i] = xActual;
 524              		.loc 1 113 54 view .LVU162
 525 01b8 281A     		subs	r0, r5, r0
 113:TMC-API/tmc/ic/TMC5041/TMC5041.c **** 			tmc5041->oldX[i] = xActual;
 526              		.loc 1 113 34 view .LVU163
 527 01ba 0028     		cmp	r0, #0
 528 01bc B8BF     		it	lt
 529 01be 4042     		rsblt	r0, r0, #0
 530 01c0 FFF7FEFF 		bl	__aeabi_i2f
 531              	.LVL52:
 532 01c4 3946     		mov	r1, r7
 533 01c6 FFF7FEFF 		bl	__aeabi_fdiv
 534              	.LVL53:
 113:TMC-API/tmc/ic/TMC5041/TMC5041.c **** 			tmc5041->oldX[i] = xActual;
 535              		.loc 1 113 93 view .LVU164
 536 01ca 0649     		ldr	r1, .L23
 537 01cc FFF7FEFF 		bl	__aeabi_fmul
 538              	.LVL54:
 113:TMC-API/tmc/ic/TMC5041/TMC5041.c **** 			tmc5041->oldX[i] = xActual;
 539              		.loc 1 113 27 view .LVU165
 540 01d0 FFF7FEFF 		bl	__aeabi_f2iz
 541              	.LVL55:
 115:TMC-API/tmc/ic/TMC5041/TMC5041.c **** 		}
 116:TMC-API/tmc/ic/TMC5041/TMC5041.c **** 		tmc5041->oldTick = tick;
 542              		.loc 1 116 20 view .LVU166
 543 01d4 C4E90456 		strd	r5, r6, [r4, #16]
 113:TMC-API/tmc/ic/TMC5041/TMC5041.c **** 			tmc5041->oldX[i] = xActual;
 544              		.loc 1 113 27 view .LVU167
 545 01d8 A060     		str	r0, [r4, #8]
 114:TMC-API/tmc/ic/TMC5041/TMC5041.c **** 		}
 546              		.loc 1 114 4 is_stmt 1 view .LVU168
 547              	.LVL56:
 548              	.L13:
 114:TMC-API/tmc/ic/TMC5041/TMC5041.c **** 		}
 549              		.loc 1 114 4 is_stmt 0 view .LVU169
 550              	.LBE8:
 117:TMC-API/tmc/ic/TMC5041/TMC5041.c **** 	}
 118:TMC-API/tmc/ic/TMC5041/TMC5041.c **** }
 551              		.loc 1 118 1 view .LVU170
 552 01da F8BD     		pop	{r3, r4, r5, r6, r7, pc}
 553              	.LVL57:
 554              	.L18:
 555              	.LBB9:
 556              	.LBB7:
  84:TMC-API/tmc/ic/TMC5041/TMC5041.c **** 	{
 557              		.loc 1 84 2 is_stmt 1 view .LVU171
  91:TMC-API/tmc/ic/TMC5041/TMC5041.c **** 	}
 558              		.loc 1 91 3 view .LVU172
  91:TMC-API/tmc/ic/TMC5041/TMC5041.c **** 	}
 559              		.loc 1 91 26 is_stmt 0 view .LVU173
 560 01dc 2368     		ldr	r3, [r4]
 561              	.LVL58:
  91:TMC-API/tmc/ic/TMC5041/TMC5041.c **** 	}
 562              		.loc 1 91 26 view .LVU174
 563 01de 0022     		movs	r2, #0
 564 01e0 1A70     		strb	r2, [r3]
 565              	.LVL59:
  91:TMC-API/tmc/ic/TMC5041/TMC5041.c **** 	}
 566              		.loc 1 91 26 view .LVU175
 567 01e2 FAE7     		b	.L13
 568              	.L24:
 569              		.align	2
 570              	.L23:
 571 01e4 6F128344 		.word	1149440623
 572              	.LBE7:
 573              	.LBE9:
 574              		.cfi_endproc
 575              	.LFE5:
 577              		.align	1
 578              		.global	tmc5041_reset
 579              		.syntax unified
 580              		.thumb
 581              		.thumb_func
 582              		.fpu softvfp
 584              	tmc5041_reset:
 585              	.LVL60:
 586              	.LFB6:
 119:TMC-API/tmc/ic/TMC5041/TMC5041.c **** 
 120:TMC-API/tmc/ic/TMC5041/TMC5041.c **** uint8_t tmc5041_reset(TMC5041TypeDef *tmc5041)
 121:TMC-API/tmc/ic/TMC5041/TMC5041.c **** {
 587              		.loc 1 121 1 is_stmt 1 view -0
 588              		.cfi_startproc
 589              		@ args = 0, pretend = 0, frame = 0
 590              		@ frame_needed = 0, uses_anonymous_args = 0
 591              		@ link register save eliminated.
 122:TMC-API/tmc/ic/TMC5041/TMC5041.c **** 	if(tmc5041->config->state != CONFIG_READY)
 592              		.loc 1 122 2 view .LVU177
 593              		.loc 1 122 12 is_stmt 0 view .LVU178
 594 01e8 0368     		ldr	r3, [r0]
 595              		.loc 1 122 4 view .LVU179
 596 01ea 1A78     		ldrb	r2, [r3]	@ zero_extendqisi2
 597 01ec 12B9     		cbnz	r2, .L27
 123:TMC-API/tmc/ic/TMC5041/TMC5041.c **** 		return 0;
 124:TMC-API/tmc/ic/TMC5041/TMC5041.c **** 
 125:TMC-API/tmc/ic/TMC5041/TMC5041.c **** 	tmc5041->config->state        = CONFIG_RESET;
 598              		.loc 1 125 2 is_stmt 1 view .LVU180
 126:TMC-API/tmc/ic/TMC5041/TMC5041.c **** 	tmc5041->config->configIndex  = 0;
 599              		.loc 1 126 2 view .LVU181
 125:TMC-API/tmc/ic/TMC5041/TMC5041.c **** 	tmc5041->config->configIndex  = 0;
 600              		.loc 1 125 32 is_stmt 0 view .LVU182
 601 01ee 0120     		movs	r0, #1
 602              	.LVL61:
 125:TMC-API/tmc/ic/TMC5041/TMC5041.c **** 	tmc5041->config->configIndex  = 0;
 603              		.loc 1 125 32 view .LVU183
 604 01f0 1880     		strh	r0, [r3]	@ movhi
 127:TMC-API/tmc/ic/TMC5041/TMC5041.c **** 
 128:TMC-API/tmc/ic/TMC5041/TMC5041.c **** 	return 1;
 605              		.loc 1 128 2 is_stmt 1 view .LVU184
 606              		.loc 1 128 9 is_stmt 0 view .LVU185
 607 01f2 7047     		bx	lr
 608              	.LVL62:
 609              	.L27:
 123:TMC-API/tmc/ic/TMC5041/TMC5041.c **** 
 610              		.loc 1 123 10 view .LVU186
 611 01f4 0020     		movs	r0, #0
 612              	.LVL63:
 129:TMC-API/tmc/ic/TMC5041/TMC5041.c **** }
 613              		.loc 1 129 1 view .LVU187
 614 01f6 7047     		bx	lr
 615              		.cfi_endproc
 616              	.LFE6:
 618              		.align	1
 619              		.global	tmc5041_restore
 620              		.syntax unified
 621              		.thumb
 622              		.thumb_func
 623              		.fpu softvfp
 625              	tmc5041_restore:
 626              	.LVL64:
 627              	.LFB7:
 130:TMC-API/tmc/ic/TMC5041/TMC5041.c **** 
 131:TMC-API/tmc/ic/TMC5041/TMC5041.c **** uint8_t tmc5041_restore(TMC5041TypeDef *tmc5041)
 132:TMC-API/tmc/ic/TMC5041/TMC5041.c **** {
 628              		.loc 1 132 1 is_stmt 1 view -0
 629              		.cfi_startproc
 630              		@ args = 0, pretend = 0, frame = 0
 631              		@ frame_needed = 0, uses_anonymous_args = 0
 632              		@ link register save eliminated.
 133:TMC-API/tmc/ic/TMC5041/TMC5041.c **** 	if(tmc5041->config->state != CONFIG_READY)
 633              		.loc 1 133 2 view .LVU189
 634              		.loc 1 133 12 is_stmt 0 view .LVU190
 635 01f8 0368     		ldr	r3, [r0]
 636              		.loc 1 133 4 view .LVU191
 637 01fa 1A78     		ldrb	r2, [r3]	@ zero_extendqisi2
 638 01fc 1AB9     		cbnz	r2, .L30
 134:TMC-API/tmc/ic/TMC5041/TMC5041.c **** 		return 0;
 135:TMC-API/tmc/ic/TMC5041/TMC5041.c **** 
 136:TMC-API/tmc/ic/TMC5041/TMC5041.c **** 	tmc5041->config->state        = CONFIG_RESTORE;
 639              		.loc 1 136 2 is_stmt 1 view .LVU192
 137:TMC-API/tmc/ic/TMC5041/TMC5041.c **** 	tmc5041->config->configIndex  = 0;
 640              		.loc 1 137 2 view .LVU193
 136:TMC-API/tmc/ic/TMC5041/TMC5041.c **** 	tmc5041->config->configIndex  = 0;
 641              		.loc 1 136 32 is_stmt 0 view .LVU194
 642 01fe 0222     		movs	r2, #2
 643 0200 1A80     		strh	r2, [r3]	@ movhi
 138:TMC-API/tmc/ic/TMC5041/TMC5041.c **** 
 139:TMC-API/tmc/ic/TMC5041/TMC5041.c **** 	return 1;
 644              		.loc 1 139 2 is_stmt 1 view .LVU195
 645              		.loc 1 139 9 is_stmt 0 view .LVU196
 646 0202 0120     		movs	r0, #1
 647              	.LVL65:
 648              		.loc 1 139 9 view .LVU197
 649 0204 7047     		bx	lr
 650              	.LVL66:
 651              	.L30:
 134:TMC-API/tmc/ic/TMC5041/TMC5041.c **** 
 652              		.loc 1 134 10 view .LVU198
 653 0206 0020     		movs	r0, #0
 654              	.LVL67:
 140:TMC-API/tmc/ic/TMC5041/TMC5041.c **** }
 655              		.loc 1 140 1 view .LVU199
 656 0208 7047     		bx	lr
 657              		.cfi_endproc
 658              	.LFE7:
 660              		.section	.rodata
 661              		.set	.LANCHOR0,. + 0
 662              	.LC0:
 663 0000 00000000 		.ascii	"\000\000\000\000\000"
 663      00
 666              	tmc5041_defaultRegisterAccess:
 667 0005 03010002 		.ascii	"\003\001\000\002\001\002\000\000\000\000\000\000\000"
 667      01020000 
 667      00000000 
 667      00
 668 0012 00000002 		.ascii	"\000\000\000\002\001\000\000\000\000\000\000\002\001"
 668      01000000 
 668      00000002 
 668      01
 669 001f 00000000 		.ascii	"\000\000\000\000\000\000\003\003\001\002\002\002\002"
 669      00000303 
 669      01020202 
 669      02
 670 002c 02020002 		.ascii	"\002\002\000\002\002\002\003\000\000\002\002\002\000"
 670      02020300 
 670      00020202 
 670      00
 671 0039 03010100 		.ascii	"\003\001\001\000\000\000\000\000\000\000\000\000\003"
 671      00000000 
 671      00000000 
 671      03
 672 0046 03010202 		.ascii	"\003\001\002\002\002\002\002\002\000\002\002\002\003"
 672      02020202 
 672      00020202 
 672      03
 673 0053 00000202 		.ascii	"\000\000\002\002\002\000\003\001\001\000\000\000\000"
 673      02000301 
 673      01000000 
 673      00
 674 0060 00000000 		.ascii	"\000\000\000\000\000\002\002\002\002\002\002\002\002"
 674      00020202 
 674      02020202 
 674      02
 675 006d 02020101 		.ascii	"\002\002\001\001\003\002\000\001\000\000\000\000\000"
 675      03020001 
 675      00000000 
 675      00
 676 007a 00000000 		.ascii	"\000\000\000\000\000\001\001\003\002\000\001"
 676      00010103 
 676      020001
 677              		.text
 678              	.Letext0:
 679              		.file 2 "c:\\program files (x86)\\gnu arm embedded toolchain\\9 2020-q2-update\\arm-none-eabi\\inc
 680              		.file 3 "c:\\program files (x86)\\gnu arm embedded toolchain\\9 2020-q2-update\\arm-none-eabi\\inc
 681              		.file 4 "TMC-API/tmc/helpers/Config.h"
 682              		.file 5 "c:\\program files (x86)\\gnu arm embedded toolchain\\9 2020-q2-update\\lib\\gcc\\arm-none
 683              		.file 6 "c:\\program files (x86)\\gnu arm embedded toolchain\\9 2020-q2-update\\arm-none-eabi\\inc
 684              		.file 7 "c:\\program files (x86)\\gnu arm embedded toolchain\\9 2020-q2-update\\arm-none-eabi\\inc
 685              		.file 8 "c:\\program files (x86)\\gnu arm embedded toolchain\\9 2020-q2-update\\arm-none-eabi\\inc
 686              		.file 9 "c:\\program files (x86)\\gnu arm embedded toolchain\\9 2020-q2-update\\arm-none-eabi\\inc
 687              		.file 10 "TMC-API/tmc/ic/TMC5041/TMC5041.h"
DEFINED SYMBOLS
                            *ABS*:00000000 TMC5041.c
C:\Users\Shubham\AppData\Local\Temp\ccruUOIm.s:15     .text:00000000 $t
C:\Users\Shubham\AppData\Local\Temp\ccruUOIm.s:23     .text:00000000 tmc5041_writeDatagram
C:\Users\Shubham\AppData\Local\Temp\ccruUOIm.s:123    .text:00000066 tmc5041_writeInt
C:\Users\Shubham\AppData\Local\Temp\ccruUOIm.s:163    .text:00000082 tmc5041_readInt
C:\Users\Shubham\AppData\Local\Temp\ccruUOIm.s:249    .text:000000d8 $d
C:\Users\Shubham\AppData\Local\Temp\ccruUOIm.s:253    .text:000000dc $t
C:\Users\Shubham\AppData\Local\Temp\ccruUOIm.s:260    .text:000000dc tmc5041_init
C:\Users\Shubham\AppData\Local\Temp\ccruUOIm.s:343    .text:00000120 $d
C:\Users\Shubham\AppData\Local\Temp\ccruUOIm.s:352    .text:00000124 $t
C:\Users\Shubham\AppData\Local\Temp\ccruUOIm.s:359    .text:00000124 tmc5041_periodicJob
C:\Users\Shubham\AppData\Local\Temp\ccruUOIm.s:571    .text:000001e4 $d
C:\Users\Shubham\AppData\Local\Temp\ccruUOIm.s:577    .text:000001e8 $t
C:\Users\Shubham\AppData\Local\Temp\ccruUOIm.s:584    .text:000001e8 tmc5041_reset
C:\Users\Shubham\AppData\Local\Temp\ccruUOIm.s:625    .text:000001f8 tmc5041_restore
C:\Users\Shubham\AppData\Local\Temp\ccruUOIm.s:666    .rodata:00000005 tmc5041_defaultRegisterAccess

UNDEFINED SYMBOLS
tmc5041_readWriteArray
__aeabi_ui2f
__aeabi_i2f
__aeabi_fdiv
__aeabi_fmul
__aeabi_f2iz
