   1              		.cpu cortex-m4
   2              		.eabi_attribute 20, 1
   3              		.eabi_attribute 21, 1
   4              		.eabi_attribute 23, 3
   5              		.eabi_attribute 24, 1
   6              		.eabi_attribute 25, 1
   7              		.eabi_attribute 26, 1
   8              		.eabi_attribute 30, 4
   9              		.eabi_attribute 34, 1
  10              		.eabi_attribute 18, 4
  11              		.file	"TMC5130.c"
  12              		.text
  13              	.Ltext0:
  14              		.cfi_sections	.debug_frame
  15              		.align	1
  16              		.global	tmc5130_writeDatagram
  17              		.arch armv7e-m
  18              		.syntax unified
  19              		.thumb
  20              		.thumb_func
  21              		.fpu softvfp
  23              	tmc5130_writeDatagram:
  24              	.LVL0:
  25              	.LFB0:
  26              		.file 1 "TMC-API/tmc/ic/TMC5130/TMC5130.c"
   1:TMC-API/tmc/ic/TMC5130/TMC5130.c **** /*
   2:TMC-API/tmc/ic/TMC5130/TMC5130.c ****  * TMC5130.c
   3:TMC-API/tmc/ic/TMC5130/TMC5130.c ****  *
   4:TMC-API/tmc/ic/TMC5130/TMC5130.c ****  *  Created on: 03.07.2017
   5:TMC-API/tmc/ic/TMC5130/TMC5130.c ****  *      Author: LK
   6:TMC-API/tmc/ic/TMC5130/TMC5130.c ****  */
   7:TMC-API/tmc/ic/TMC5130/TMC5130.c **** 
   8:TMC-API/tmc/ic/TMC5130/TMC5130.c **** #include "TMC5130.h"
   9:TMC-API/tmc/ic/TMC5130/TMC5130.c **** 
  10:TMC-API/tmc/ic/TMC5130/TMC5130.c **** // => SPI wrapper
  11:TMC-API/tmc/ic/TMC5130/TMC5130.c **** // Send [length] bytes stored in the [data] array over SPI and overwrite [data]
  12:TMC-API/tmc/ic/TMC5130/TMC5130.c **** // with the reply. The first byte sent/received is data[0].
  13:TMC-API/tmc/ic/TMC5130/TMC5130.c **** extern void tmc5130_readWriteArray(uint8_t channel, uint8_t *data, size_t length);
  14:TMC-API/tmc/ic/TMC5130/TMC5130.c **** // <= SPI wrapper
  15:TMC-API/tmc/ic/TMC5130/TMC5130.c **** 
  16:TMC-API/tmc/ic/TMC5130/TMC5130.c **** // Writes (x1 << 24) | (x2 << 16) | (x3 << 8) | x4 to the given address
  17:TMC-API/tmc/ic/TMC5130/TMC5130.c **** void tmc5130_writeDatagram(TMC5130TypeDef *tmc5130, uint8_t address, uint8_t x1, uint8_t x2, uint8_
  18:TMC-API/tmc/ic/TMC5130/TMC5130.c **** {
  27              		.loc 1 18 1 view -0
  28              		.cfi_startproc
  29              		@ args = 8, pretend = 0, frame = 8
  30              		@ frame_needed = 0, uses_anonymous_args = 0
  19:TMC-API/tmc/ic/TMC5130/TMC5130.c **** 	uint8_t data[5] = { address | TMC5130_WRITE_BIT, x1, x2, x3, x4 };
  31              		.loc 1 19 2 view .LVU1
  18:TMC-API/tmc/ic/TMC5130/TMC5130.c **** 	uint8_t data[5] = { address | TMC5130_WRITE_BIT, x1, x2, x3, x4 };
  32              		.loc 1 18 1 is_stmt 0 view .LVU2
  33 0000 2DE9F743 		push	{r0, r1, r2, r4, r5, r6, r7, r8, r9, lr}
  34              	.LCFI0:
  35              		.cfi_def_cfa_offset 40
  36              		.cfi_offset 4, -28
  37              		.cfi_offset 5, -24
  38              		.cfi_offset 6, -20
  39              		.cfi_offset 7, -16
  40              		.cfi_offset 8, -12
  41              		.cfi_offset 9, -8
  42              		.cfi_offset 14, -4
  18:TMC-API/tmc/ic/TMC5130/TMC5130.c **** 	uint8_t data[5] = { address | TMC5130_WRITE_BIT, x1, x2, x3, x4 };
  43              		.loc 1 18 1 view .LVU3
  44 0004 9846     		mov	r8, r3
  45              		.loc 1 19 10 view .LVU4
  46 0006 61F07F03 		orn	r3, r1, #127
  47              	.LVL1:
  48              		.loc 1 19 10 view .LVU5
  49 000a 8DF80030 		strb	r3, [sp]
  20:TMC-API/tmc/ic/TMC5130/TMC5130.c **** 	tmc5130_readWriteArray(tmc5130->config->channel, &data[0], 5);
  50              		.loc 1 20 2 view .LVU6
  51 000e 0368     		ldr	r3, [r0]
  18:TMC-API/tmc/ic/TMC5130/TMC5130.c **** 	uint8_t data[5] = { address | TMC5130_WRITE_BIT, x1, x2, x3, x4 };
  52              		.loc 1 18 1 view .LVU7
  53 0010 9DF82890 		ldrb	r9, [sp, #40]	@ zero_extendqisi2
  54 0014 9DF82C50 		ldrb	r5, [sp, #44]	@ zero_extendqisi2
  19:TMC-API/tmc/ic/TMC5130/TMC5130.c **** 	uint8_t data[5] = { address | TMC5130_WRITE_BIT, x1, x2, x3, x4 };
  55              		.loc 1 19 10 view .LVU8
  56 0018 8DF80120 		strb	r2, [sp, #1]
  18:TMC-API/tmc/ic/TMC5130/TMC5130.c **** 	uint8_t data[5] = { address | TMC5130_WRITE_BIT, x1, x2, x3, x4 };
  57              		.loc 1 18 1 view .LVU9
  58 001c 0446     		mov	r4, r0
  59 001e 1746     		mov	r7, r2
  60              		.loc 1 20 2 view .LVU10
  61 0020 93F81002 		ldrb	r0, [r3, #528]	@ zero_extendqisi2
  62              	.LVL2:
  19:TMC-API/tmc/ic/TMC5130/TMC5130.c **** 	uint8_t data[5] = { address | TMC5130_WRITE_BIT, x1, x2, x3, x4 };
  63              		.loc 1 19 10 view .LVU11
  64 0024 8DF80450 		strb	r5, [sp, #4]
  65              		.loc 1 20 2 is_stmt 1 view .LVU12
  18:TMC-API/tmc/ic/TMC5130/TMC5130.c **** 	uint8_t data[5] = { address | TMC5130_WRITE_BIT, x1, x2, x3, x4 };
  66              		.loc 1 18 1 is_stmt 0 view .LVU13
  67 0028 0E46     		mov	r6, r1
  68              		.loc 1 20 2 view .LVU14
  69 002a 0522     		movs	r2, #5
  70              	.LVL3:
  71              		.loc 1 20 2 view .LVU15
  72 002c 6946     		mov	r1, sp
  73              	.LVL4:
  19:TMC-API/tmc/ic/TMC5130/TMC5130.c **** 	uint8_t data[5] = { address | TMC5130_WRITE_BIT, x1, x2, x3, x4 };
  74              		.loc 1 19 10 view .LVU16
  75 002e 8DF80280 		strb	r8, [sp, #2]
  76 0032 8DF80390 		strb	r9, [sp, #3]
  77              		.loc 1 20 2 view .LVU17
  78 0036 FFF7FEFF 		bl	tmc5130_readWriteArray
  79              	.LVL5:
  21:TMC-API/tmc/ic/TMC5130/TMC5130.c **** 
  22:TMC-API/tmc/ic/TMC5130/TMC5130.c **** 	int32_t value = (x1 << 24) | (x2 << 16) | (x3 << 8) | x4;
  80              		.loc 1 22 2 is_stmt 1 view .LVU18
  23:TMC-API/tmc/ic/TMC5130/TMC5130.c **** 
  24:TMC-API/tmc/ic/TMC5130/TMC5130.c **** 	// Write to the shadow register and mark the register dirty
  25:TMC-API/tmc/ic/TMC5130/TMC5130.c **** 	address = TMC_ADDRESS(address);
  81              		.loc 1 25 2 view .LVU19
  26:TMC-API/tmc/ic/TMC5130/TMC5130.c **** 	tmc5130->config->shadowRegister[address] = value;
  82              		.loc 1 26 2 view .LVU20
  83              		.loc 1 26 43 is_stmt 0 view .LVU21
  84 003a 2268     		ldr	r2, [r4]
  85              		.loc 1 26 33 view .LVU22
  86 003c 06F07F06 		and	r6, r6, #127
  87              	.LVL6:
  22:TMC-API/tmc/ic/TMC5130/TMC5130.c **** 
  88              		.loc 1 22 10 view .LVU23
  89 0040 45EA0925 		orr	r5, r5, r9, lsl #8
  90              	.LVL7:
  91              		.loc 1 26 43 view .LVU24
  92 0044 02EB8601 		add	r1, r2, r6, lsl #2
  22:TMC-API/tmc/ic/TMC5130/TMC5130.c **** 
  93              		.loc 1 22 10 view .LVU25
  94 0048 45EA0843 		orr	r3, r5, r8, lsl #16
  95 004c 43EA0763 		orr	r3, r3, r7, lsl #24
  27:TMC-API/tmc/ic/TMC5130/TMC5130.c **** 	tmc5130->registerAccess[address] |= TMC_ACCESS_DIRTY;
  96              		.loc 1 27 35 view .LVU26
  97 0050 3444     		add	r4, r4, r6
  98              	.LVL8:
  26:TMC-API/tmc/ic/TMC5130/TMC5130.c **** 	tmc5130->config->shadowRegister[address] = value;
  99              		.loc 1 26 43 view .LVU27
 100 0052 4B60     		str	r3, [r1, #4]
 101              		.loc 1 27 2 is_stmt 1 view .LVU28
 102              		.loc 1 27 35 is_stmt 0 view .LVU29
 103 0054 94F81032 		ldrb	r3, [r4, #528]	@ zero_extendqisi2
 104 0058 43F00803 		orr	r3, r3, #8
 105 005c 84F81032 		strb	r3, [r4, #528]
  28:TMC-API/tmc/ic/TMC5130/TMC5130.c **** }
 106              		.loc 1 28 1 view .LVU30
 107 0060 03B0     		add	sp, sp, #12
 108              	.LCFI1:
 109              		.cfi_def_cfa_offset 28
 110              		@ sp needed
 111 0062 BDE8F083 		pop	{r4, r5, r6, r7, r8, r9, pc}
 112              		.loc 1 28 1 view .LVU31
 113              		.cfi_endproc
 114              	.LFE0:
 116              		.align	1
 117              		.global	tmc5130_writeInt
 118              		.syntax unified
 119              		.thumb
 120              		.thumb_func
 121              		.fpu softvfp
 123              	tmc5130_writeInt:
 124              	.LVL9:
 125              	.LFB1:
  29:TMC-API/tmc/ic/TMC5130/TMC5130.c **** 
  30:TMC-API/tmc/ic/TMC5130/TMC5130.c **** // Write an integer to the given address
  31:TMC-API/tmc/ic/TMC5130/TMC5130.c **** void tmc5130_writeInt(TMC5130TypeDef *tmc5130, uint8_t address, int32_t value)
  32:TMC-API/tmc/ic/TMC5130/TMC5130.c **** {
 126              		.loc 1 32 1 is_stmt 1 view -0
 127              		.cfi_startproc
 128              		@ args = 0, pretend = 0, frame = 0
 129              		@ frame_needed = 0, uses_anonymous_args = 0
  33:TMC-API/tmc/ic/TMC5130/TMC5130.c **** 	tmc5130_writeDatagram(tmc5130, address, BYTE(value, 3), BYTE(value, 2), BYTE(value, 1), BYTE(value
 130              		.loc 1 33 2 view .LVU33
  32:TMC-API/tmc/ic/TMC5130/TMC5130.c **** 	tmc5130_writeDatagram(tmc5130, address, BYTE(value, 3), BYTE(value, 2), BYTE(value, 1), BYTE(value
 131              		.loc 1 32 1 is_stmt 0 view .LVU34
 132 0066 07B5     		push	{r0, r1, r2, lr}
 133              	.LCFI2:
 134              		.cfi_def_cfa_offset 16
 135              		.cfi_offset 14, -4
 136              		.loc 1 33 2 view .LVU35
 137 0068 D3B2     		uxtb	r3, r2
 138 006a 0193     		str	r3, [sp, #4]
 139 006c C2F30723 		ubfx	r3, r2, #8, #8
 140 0070 0093     		str	r3, [sp]
 141 0072 C2F30743 		ubfx	r3, r2, #16, #8
 142 0076 120E     		lsrs	r2, r2, #24
 143              	.LVL10:
 144              		.loc 1 33 2 view .LVU36
 145 0078 FFF7FEFF 		bl	tmc5130_writeDatagram
 146              	.LVL11:
  34:TMC-API/tmc/ic/TMC5130/TMC5130.c **** }
 147              		.loc 1 34 1 view .LVU37
 148 007c 03B0     		add	sp, sp, #12
 149              	.LCFI3:
 150              		.cfi_def_cfa_offset 4
 151              		@ sp needed
 152 007e 5DF804FB 		ldr	pc, [sp], #4
 153              		.cfi_endproc
 154              	.LFE1:
 156              		.align	1
 157              		.global	tmc5130_readInt
 158              		.syntax unified
 159              		.thumb
 160              		.thumb_func
 161              		.fpu softvfp
 163              	tmc5130_readInt:
 164              	.LVL12:
 165              	.LFB2:
  35:TMC-API/tmc/ic/TMC5130/TMC5130.c **** 
  36:TMC-API/tmc/ic/TMC5130/TMC5130.c **** // Read an integer from the given address
  37:TMC-API/tmc/ic/TMC5130/TMC5130.c **** int32_t tmc5130_readInt(TMC5130TypeDef *tmc5130, uint8_t address)
  38:TMC-API/tmc/ic/TMC5130/TMC5130.c **** {
 166              		.loc 1 38 1 is_stmt 1 view -0
 167              		.cfi_startproc
 168              		@ args = 0, pretend = 0, frame = 8
 169              		@ frame_needed = 0, uses_anonymous_args = 0
  39:TMC-API/tmc/ic/TMC5130/TMC5130.c **** 	address = TMC_ADDRESS(address);
 170              		.loc 1 39 2 view .LVU39
  38:TMC-API/tmc/ic/TMC5130/TMC5130.c **** 	address = TMC_ADDRESS(address);
 171              		.loc 1 38 1 is_stmt 0 view .LVU40
 172 0082 37B5     		push	{r0, r1, r2, r4, r5, lr}
 173              	.LCFI4:
 174              		.cfi_def_cfa_offset 24
 175              		.cfi_offset 4, -12
 176              		.cfi_offset 5, -8
 177              		.cfi_offset 14, -4
 178              		.loc 1 39 10 view .LVU41
 179 0084 01F07F04 		and	r4, r1, #127
 180              	.LVL13:
  40:TMC-API/tmc/ic/TMC5130/TMC5130.c **** 
  41:TMC-API/tmc/ic/TMC5130/TMC5130.c **** 	// register not readable -> shadow register copy
  42:TMC-API/tmc/ic/TMC5130/TMC5130.c **** 	if(!TMC_IS_READABLE(tmc5130->registerAccess[address]))
 181              		.loc 1 42 2 is_stmt 1 view .LVU42
 182              		.loc 1 42 6 is_stmt 0 view .LVU43
 183 0088 0219     		adds	r2, r0, r4
 184 008a 0368     		ldr	r3, [r0]
 185              		.loc 1 42 4 view .LVU44
 186 008c 92F81022 		ldrb	r2, [r2, #528]	@ zero_extendqisi2
 187 0090 D207     		lsls	r2, r2, #31
  38:TMC-API/tmc/ic/TMC5130/TMC5130.c **** 	address = TMC_ADDRESS(address);
 188              		.loc 1 38 1 view .LVU45
 189 0092 0546     		mov	r5, r0
 190              		.loc 1 42 4 view .LVU46
 191 0094 04D4     		bmi	.L4
  43:TMC-API/tmc/ic/TMC5130/TMC5130.c **** 		return tmc5130->config->shadowRegister[address];
 192              		.loc 1 43 3 is_stmt 1 view .LVU47
 193              		.loc 1 43 41 is_stmt 0 view .LVU48
 194 0096 03EB8404 		add	r4, r3, r4, lsl #2
 195              	.LVL14:
 196              		.loc 1 43 41 view .LVU49
 197 009a 6068     		ldr	r0, [r4, #4]
 198              	.LVL15:
 199              	.L3:
  44:TMC-API/tmc/ic/TMC5130/TMC5130.c **** 
  45:TMC-API/tmc/ic/TMC5130/TMC5130.c **** 	uint8_t data[5] = { 0, 0, 0, 0, 0 };
  46:TMC-API/tmc/ic/TMC5130/TMC5130.c **** 
  47:TMC-API/tmc/ic/TMC5130/TMC5130.c **** 	data[0] = address;
  48:TMC-API/tmc/ic/TMC5130/TMC5130.c **** 	tmc5130_readWriteArray(tmc5130->config->channel, &data[0], 5);
  49:TMC-API/tmc/ic/TMC5130/TMC5130.c **** 
  50:TMC-API/tmc/ic/TMC5130/TMC5130.c **** 	data[0] = address;
  51:TMC-API/tmc/ic/TMC5130/TMC5130.c **** 	tmc5130_readWriteArray(tmc5130->config->channel, &data[0], 5);
  52:TMC-API/tmc/ic/TMC5130/TMC5130.c **** 
  53:TMC-API/tmc/ic/TMC5130/TMC5130.c **** 	return (data[1] << 24) | (data[2] << 16) | (data[3] << 8) | data[4];
  54:TMC-API/tmc/ic/TMC5130/TMC5130.c **** }
 200              		.loc 1 54 1 view .LVU50
 201 009c 03B0     		add	sp, sp, #12
 202              	.LCFI5:
 203              		.cfi_remember_state
 204              		.cfi_def_cfa_offset 12
 205              		@ sp needed
 206 009e 30BD     		pop	{r4, r5, pc}
 207              	.LVL16:
 208              	.L4:
 209              	.LCFI6:
 210              		.cfi_restore_state
  45:TMC-API/tmc/ic/TMC5130/TMC5130.c **** 
 211              		.loc 1 45 2 is_stmt 1 view .LVU51
  45:TMC-API/tmc/ic/TMC5130/TMC5130.c **** 
 212              		.loc 1 45 10 is_stmt 0 view .LVU52
 213 00a0 0D4A     		ldr	r2, .L6
 214 00a2 1068     		ldr	r0, [r2]	@ unaligned
 215              	.LVL17:
  45:TMC-API/tmc/ic/TMC5130/TMC5130.c **** 
 216              		.loc 1 45 10 view .LVU53
 217 00a4 1279     		ldrb	r2, [r2, #4]	@ zero_extendqisi2
 218 00a6 0090     		str	r0, [sp]
 219 00a8 8DF80420 		strb	r2, [sp, #4]
  47:TMC-API/tmc/ic/TMC5130/TMC5130.c **** 	tmc5130_readWriteArray(tmc5130->config->channel, &data[0], 5);
 220              		.loc 1 47 2 is_stmt 1 view .LVU54
  48:TMC-API/tmc/ic/TMC5130/TMC5130.c **** 
 221              		.loc 1 48 2 is_stmt 0 view .LVU55
 222 00ac 93F81002 		ldrb	r0, [r3, #528]	@ zero_extendqisi2
  47:TMC-API/tmc/ic/TMC5130/TMC5130.c **** 	tmc5130_readWriteArray(tmc5130->config->channel, &data[0], 5);
 223              		.loc 1 47 10 view .LVU56
 224 00b0 8DF80040 		strb	r4, [sp]
  48:TMC-API/tmc/ic/TMC5130/TMC5130.c **** 
 225              		.loc 1 48 2 is_stmt 1 view .LVU57
 226 00b4 0522     		movs	r2, #5
 227 00b6 6946     		mov	r1, sp
 228 00b8 FFF7FEFF 		bl	tmc5130_readWriteArray
 229              	.LVL18:
  50:TMC-API/tmc/ic/TMC5130/TMC5130.c **** 	tmc5130_readWriteArray(tmc5130->config->channel, &data[0], 5);
 230              		.loc 1 50 2 view .LVU58
  51:TMC-API/tmc/ic/TMC5130/TMC5130.c **** 
 231              		.loc 1 51 2 is_stmt 0 view .LVU59
 232 00bc 2B68     		ldr	r3, [r5]
  50:TMC-API/tmc/ic/TMC5130/TMC5130.c **** 	tmc5130_readWriteArray(tmc5130->config->channel, &data[0], 5);
 233              		.loc 1 50 10 view .LVU60
 234 00be 8DF80040 		strb	r4, [sp]
  51:TMC-API/tmc/ic/TMC5130/TMC5130.c **** 
 235              		.loc 1 51 2 is_stmt 1 view .LVU61
 236 00c2 93F81002 		ldrb	r0, [r3, #528]	@ zero_extendqisi2
 237 00c6 0522     		movs	r2, #5
 238 00c8 6946     		mov	r1, sp
 239 00ca FFF7FEFF 		bl	tmc5130_readWriteArray
 240              	.LVL19:
  53:TMC-API/tmc/ic/TMC5130/TMC5130.c **** }
 241              		.loc 1 53 2 view .LVU62
 242 00ce DDF80100 		ldr	r0, [sp, #1]	@ unaligned
 243 00d2 00BA     		rev	r0, r0
  53:TMC-API/tmc/ic/TMC5130/TMC5130.c **** }
 244              		.loc 1 53 60 is_stmt 0 view .LVU63
 245 00d4 E2E7     		b	.L3
 246              	.L7:
 247 00d6 00BF     		.align	2
 248              	.L6:
 249 00d8 00000000 		.word	.LANCHOR0
 250              		.cfi_endproc
 251              	.LFE2:
 253              		.align	1
 254              		.global	tmc5130_init
 255              		.syntax unified
 256              		.thumb
 257              		.thumb_func
 258              		.fpu softvfp
 260              	tmc5130_init:
 261              	.LVL20:
 262              	.LFB3:
  55:TMC-API/tmc/ic/TMC5130/TMC5130.c **** 
  56:TMC-API/tmc/ic/TMC5130/TMC5130.c **** // Initialize a TMC5130 IC.
  57:TMC-API/tmc/ic/TMC5130/TMC5130.c **** // This function requires:
  58:TMC-API/tmc/ic/TMC5130/TMC5130.c **** //     - tmc5130: The pointer to a TMC5130TypeDef struct, which represents one IC
  59:TMC-API/tmc/ic/TMC5130/TMC5130.c **** //     - channel: The channel index, which will be sent back in the SPI callback
  60:TMC-API/tmc/ic/TMC5130/TMC5130.c **** //     - config: A ConfigurationTypeDef struct, which will be used by the IC
  61:TMC-API/tmc/ic/TMC5130/TMC5130.c **** //     - registerResetState: An int32_t array with 128 elements. This holds the values to be used f
  62:TMC-API/tmc/ic/TMC5130/TMC5130.c **** void tmc5130_init(TMC5130TypeDef *tmc5130, uint8_t channel, ConfigurationTypeDef *config, const int
  63:TMC-API/tmc/ic/TMC5130/TMC5130.c **** {
 263              		.loc 1 63 1 is_stmt 1 view -0
 264              		.cfi_startproc
 265              		@ args = 0, pretend = 0, frame = 0
 266              		@ frame_needed = 0, uses_anonymous_args = 0
  64:TMC-API/tmc/ic/TMC5130/TMC5130.c **** 	tmc5130->velocity  = 0;
 267              		.loc 1 64 2 view .LVU65
  63:TMC-API/tmc/ic/TMC5130/TMC5130.c **** 	tmc5130->velocity  = 0;
 268              		.loc 1 63 1 is_stmt 0 view .LVU66
 269 00dc 30B5     		push	{r4, r5, lr}
 270              	.LCFI7:
 271              		.cfi_def_cfa_offset 12
 272              		.cfi_offset 4, -12
 273              		.cfi_offset 5, -8
 274              		.cfi_offset 14, -4
 275              		.loc 1 64 21 view .LVU67
 276 00de 0024     		movs	r4, #0
  65:TMC-API/tmc/ic/TMC5130/TMC5130.c **** 	tmc5130->oldTick   = 0;
  66:TMC-API/tmc/ic/TMC5130/TMC5130.c **** 	tmc5130->oldX      = 0;
 277              		.loc 1 66 21 view .LVU68
 278 00e0 C0E90244 		strd	r4, r4, [r0, #8]
  64:TMC-API/tmc/ic/TMC5130/TMC5130.c **** 	tmc5130->oldTick   = 0;
 279              		.loc 1 64 21 view .LVU69
 280 00e4 4460     		str	r4, [r0, #4]
  65:TMC-API/tmc/ic/TMC5130/TMC5130.c **** 	tmc5130->oldTick   = 0;
 281              		.loc 1 65 2 is_stmt 1 view .LVU70
  67:TMC-API/tmc/ic/TMC5130/TMC5130.c **** 
  68:TMC-API/tmc/ic/TMC5130/TMC5130.c **** 	tmc5130->config               = config;
 282              		.loc 1 68 2 view .LVU71
 283              		.loc 1 68 32 is_stmt 0 view .LVU72
 284 00e6 0260     		str	r2, [r0]
  69:TMC-API/tmc/ic/TMC5130/TMC5130.c **** 	tmc5130->config->callback     = NULL;
 285              		.loc 1 69 2 is_stmt 1 view .LVU73
 286              		.loc 1 69 32 is_stmt 0 view .LVU74
 287 00e8 C2F80C42 		str	r4, [r2, #524]
  70:TMC-API/tmc/ic/TMC5130/TMC5130.c **** 	tmc5130->config->channel      = channel;
 288              		.loc 1 70 2 is_stmt 1 view .LVU75
  71:TMC-API/tmc/ic/TMC5130/TMC5130.c **** 	tmc5130->config->configIndex  = 0;
  72:TMC-API/tmc/ic/TMC5130/TMC5130.c **** 	tmc5130->config->state        = CONFIG_READY;
 289              		.loc 1 72 32 is_stmt 0 view .LVU76
 290 00ec 1480     		strh	r4, [r2]	@ movhi
 291 00ee 0A4C     		ldr	r4, .L11
  70:TMC-API/tmc/ic/TMC5130/TMC5130.c **** 	tmc5130->config->channel      = channel;
 292              		.loc 1 70 32 view .LVU77
 293 00f0 82F81012 		strb	r1, [r2, #528]
  71:TMC-API/tmc/ic/TMC5130/TMC5130.c **** 	tmc5130->config->configIndex  = 0;
 294              		.loc 1 71 2 is_stmt 1 view .LVU78
 295              		.loc 1 72 2 view .LVU79
  73:TMC-API/tmc/ic/TMC5130/TMC5130.c **** 
  74:TMC-API/tmc/ic/TMC5130/TMC5130.c **** 	size_t i;
 296              		.loc 1 74 2 view .LVU80
  75:TMC-API/tmc/ic/TMC5130/TMC5130.c **** 	for(i = 0; i < TMC5130_REGISTER_COUNT; i++)
 297              		.loc 1 75 2 view .LVU81
 298              	.LVL21:
 299              		.loc 1 75 13 view .LVU82
 300 00f4 043B     		subs	r3, r3, #4
 301              	.LVL22:
 302              		.loc 1 75 13 is_stmt 0 view .LVU83
 303 00f6 00F50472 		add	r2, r0, #528
 304              	.LVL23:
 305              		.loc 1 75 13 view .LVU84
 306 00fa 00F11001 		add	r1, r0, #16
 307              	.LVL24:
 308              		.loc 1 75 13 view .LVU85
 309 00fe 00F52470 		add	r0, r0, #656
 310              	.LVL25:
 311              	.L9:
  76:TMC-API/tmc/ic/TMC5130/TMC5130.c **** 	{
  77:TMC-API/tmc/ic/TMC5130/TMC5130.c **** 		tmc5130->registerAccess[i]      = tmc5130_defaultRegisterAccess[i];
 312              		.loc 1 77 3 is_stmt 1 discriminator 3 view .LVU86
 313              		.loc 1 77 66 is_stmt 0 discriminator 3 view .LVU87
 314 0102 14F8015B 		ldrb	r5, [r4], #1	@ zero_extendqisi2
 315              	.LVL26:
 316              		.loc 1 77 35 discriminator 3 view .LVU88
 317 0106 02F8015B 		strb	r5, [r2], #1
  78:TMC-API/tmc/ic/TMC5130/TMC5130.c **** 		tmc5130->registerResetState[i]  = registerResetState[i];
 318              		.loc 1 78 3 is_stmt 1 discriminator 3 view .LVU89
 319              		.loc 1 78 55 is_stmt 0 discriminator 3 view .LVU90
 320 010a 53F8045F 		ldr	r5, [r3, #4]!
 321              		.loc 1 78 35 discriminator 3 view .LVU91
 322 010e 41F8045B 		str	r5, [r1], #4
  75:TMC-API/tmc/ic/TMC5130/TMC5130.c **** 	for(i = 0; i < TMC5130_REGISTER_COUNT; i++)
 323              		.loc 1 75 41 is_stmt 1 discriminator 3 view .LVU92
 324              	.LVL27:
  75:TMC-API/tmc/ic/TMC5130/TMC5130.c **** 	for(i = 0; i < TMC5130_REGISTER_COUNT; i++)
 325              		.loc 1 75 13 discriminator 3 view .LVU93
  75:TMC-API/tmc/ic/TMC5130/TMC5130.c **** 	for(i = 0; i < TMC5130_REGISTER_COUNT; i++)
 326              		.loc 1 75 2 is_stmt 0 discriminator 3 view .LVU94
 327 0112 8242     		cmp	r2, r0
 328 0114 F5D1     		bne	.L9
  79:TMC-API/tmc/ic/TMC5130/TMC5130.c **** 	}
  80:TMC-API/tmc/ic/TMC5130/TMC5130.c **** }
 329              		.loc 1 80 1 view .LVU95
 330 0116 30BD     		pop	{r4, r5, pc}
 331              	.LVL28:
 332              	.L12:
 333              		.loc 1 80 1 view .LVU96
 334              		.align	2
 335              	.L11:
 336 0118 05000000 		.word	.LANCHOR0+5
 337              		.cfi_endproc
 338              	.LFE3:
 340              		.align	1
 341              		.global	tmc5130_fillShadowRegisters
 342              		.syntax unified
 343              		.thumb
 344              		.thumb_func
 345              		.fpu softvfp
 347              	tmc5130_fillShadowRegisters:
 348              	.LVL29:
 349              	.LFB4:
  81:TMC-API/tmc/ic/TMC5130/TMC5130.c **** 
  82:TMC-API/tmc/ic/TMC5130/TMC5130.c **** // Fill the shadow registers of hardware preset non-readable registers
  83:TMC-API/tmc/ic/TMC5130/TMC5130.c **** // Only needed if you want to 'read' those registers e.g to display the value
  84:TMC-API/tmc/ic/TMC5130/TMC5130.c **** // in the TMCL IDE register browser
  85:TMC-API/tmc/ic/TMC5130/TMC5130.c **** void tmc5130_fillShadowRegisters(TMC5130TypeDef *tmc5130)
  86:TMC-API/tmc/ic/TMC5130/TMC5130.c **** {
 350              		.loc 1 86 1 is_stmt 1 view -0
 351              		.cfi_startproc
 352              		@ args = 0, pretend = 0, frame = 0
 353              		@ frame_needed = 0, uses_anonymous_args = 0
  87:TMC-API/tmc/ic/TMC5130/TMC5130.c **** 	// Check if we have constants defined
  88:TMC-API/tmc/ic/TMC5130/TMC5130.c **** 	if(ARRAY_SIZE(tmc5130_RegisterConstants) == 0)
 354              		.loc 1 88 2 view .LVU98
  89:TMC-API/tmc/ic/TMC5130/TMC5130.c **** 		return;
  90:TMC-API/tmc/ic/TMC5130/TMC5130.c **** 
  91:TMC-API/tmc/ic/TMC5130/TMC5130.c **** 	size_t i, j;
 355              		.loc 1 91 2 view .LVU99
  92:TMC-API/tmc/ic/TMC5130/TMC5130.c **** 	for(i = 0, j = 0; i < TMC5130_REGISTER_COUNT; i++)
 356              		.loc 1 92 2 view .LVU100
 357              		.loc 1 92 20 view .LVU101
  86:TMC-API/tmc/ic/TMC5130/TMC5130.c **** 	// Check if we have constants defined
 358              		.loc 1 86 1 is_stmt 0 view .LVU102
 359 011c F0B5     		push	{r4, r5, r6, r7, lr}
 360              	.LCFI8:
 361              		.cfi_def_cfa_offset 20
 362              		.cfi_offset 4, -20
 363              		.cfi_offset 5, -16
 364              		.cfi_offset 6, -12
 365              		.cfi_offset 7, -8
 366              		.cfi_offset 14, -4
  93:TMC-API/tmc/ic/TMC5130/TMC5130.c **** 	{
  94:TMC-API/tmc/ic/TMC5130/TMC5130.c **** 		// We only need to worry about hardware preset, write-only registers
  95:TMC-API/tmc/ic/TMC5130/TMC5130.c **** 		// that have not yet been written (no dirty bit) here.
  96:TMC-API/tmc/ic/TMC5130/TMC5130.c **** 		if(tmc5130->registerAccess[i] != TMC_ACCESS_W_PRESET)
  97:TMC-API/tmc/ic/TMC5130/TMC5130.c **** 			continue;
  98:TMC-API/tmc/ic/TMC5130/TMC5130.c **** 
  99:TMC-API/tmc/ic/TMC5130/TMC5130.c **** 		// Search the constant list for the current address. With the constant
 100:TMC-API/tmc/ic/TMC5130/TMC5130.c **** 		// list being sorted in ascended order, we can walk through the list
 101:TMC-API/tmc/ic/TMC5130/TMC5130.c **** 		// until the entry with an address equal or greater than i
 102:TMC-API/tmc/ic/TMC5130/TMC5130.c **** 		while(j < ARRAY_SIZE(tmc5130_RegisterConstants) && (tmc5130_RegisterConstants[j].address < i))
 367              		.loc 1 102 83 view .LVU103
 368 011e 134D     		ldr	r5, .L26
  92:TMC-API/tmc/ic/TMC5130/TMC5130.c **** 	{
 369              		.loc 1 92 15 view .LVU104
 370 0120 0023     		movs	r3, #0
 371 0122 00F50474 		add	r4, r0, #528
  92:TMC-API/tmc/ic/TMC5130/TMC5130.c **** 	{
 372              		.loc 1 92 8 view .LVU105
 373 0126 1A46     		mov	r2, r3
 103:TMC-API/tmc/ic/TMC5130/TMC5130.c **** 			j++;
 104:TMC-API/tmc/ic/TMC5130/TMC5130.c **** 
 105:TMC-API/tmc/ic/TMC5130/TMC5130.c **** 		// Abort when we reach the end of the constant list
 106:TMC-API/tmc/ic/TMC5130/TMC5130.c **** 		if (j == ARRAY_SIZE(tmc5130_RegisterConstants))
 107:TMC-API/tmc/ic/TMC5130/TMC5130.c **** 			break;
 108:TMC-API/tmc/ic/TMC5130/TMC5130.c **** 
 109:TMC-API/tmc/ic/TMC5130/TMC5130.c **** 		// If we have an entry for our current address, write the constant
 110:TMC-API/tmc/ic/TMC5130/TMC5130.c **** 		if(tmc5130_RegisterConstants[j].address == i)
 374              		.loc 1 110 34 view .LVU106
 375 0128 A5F18807 		sub	r7, r5, #136
 376              	.LVL30:
 377              	.L20:
  96:TMC-API/tmc/ic/TMC5130/TMC5130.c **** 			continue;
 378              		.loc 1 96 3 is_stmt 1 view .LVU107
  96:TMC-API/tmc/ic/TMC5130/TMC5130.c **** 			continue;
 379              		.loc 1 96 29 is_stmt 0 view .LVU108
 380 012c 14F8011B 		ldrb	r1, [r4], #1	@ zero_extendqisi2
  96:TMC-API/tmc/ic/TMC5130/TMC5130.c **** 			continue;
 381              		.loc 1 96 5 view .LVU109
 382 0130 4229     		cmp	r1, #66
 383 0132 11D1     		bne	.L14
 384              	.L15:
 102:TMC-API/tmc/ic/TMC5130/TMC5130.c **** 			j++;
 385              		.loc 1 102 8 is_stmt 1 view .LVU110
 386 0134 0A2B     		cmp	r3, #10
 387 0136 15D8     		bhi	.L16
 102:TMC-API/tmc/ic/TMC5130/TMC5130.c **** 			j++;
 388              		.loc 1 102 83 is_stmt 0 discriminator 1 view .LVU111
 389 0138 15F83310 		ldrb	r1, [r5, r3, lsl #3]	@ zero_extendqisi2
 102:TMC-API/tmc/ic/TMC5130/TMC5130.c **** 			j++;
 390              		.loc 1 102 51 discriminator 1 view .LVU112
 391 013c 9142     		cmp	r1, r2
 392 013e 0FD3     		bcc	.L17
 393              	.L18:
 394              		.loc 1 110 3 is_stmt 1 view .LVU113
 395              		.loc 1 110 34 is_stmt 0 view .LVU114
 396 0140 07EBC306 		add	r6, r7, r3, lsl #3
 397 0144 96F88810 		ldrb	r1, [r6, #136]	@ zero_extendqisi2
 398              		.loc 1 110 5 view .LVU115
 399 0148 9142     		cmp	r1, r2
 111:TMC-API/tmc/ic/TMC5130/TMC5130.c **** 		{
 112:TMC-API/tmc/ic/TMC5130/TMC5130.c **** 			tmc5130->config->shadowRegister[i] = tmc5130_RegisterConstants[j].value;
 400              		.loc 1 112 4 is_stmt 1 view .LVU116
 401              		.loc 1 112 39 is_stmt 0 view .LVU117
 402 014a 01BF     		itttt	eq
 403 014c 0168     		ldreq	r1, [r0]
 404 014e D6F88C60 		ldreq	r6, [r6, #140]
 405 0152 01EB8201 		addeq	r1, r1, r2, lsl #2
 406 0156 4E60     		streq	r6, [r1, #4]
 407              	.L14:
  92:TMC-API/tmc/ic/TMC5130/TMC5130.c **** 	{
 408              		.loc 1 92 48 is_stmt 1 discriminator 2 view .LVU118
  92:TMC-API/tmc/ic/TMC5130/TMC5130.c **** 	{
 409              		.loc 1 92 49 is_stmt 0 discriminator 2 view .LVU119
 410 0158 0132     		adds	r2, r2, #1
 411              	.LVL31:
  92:TMC-API/tmc/ic/TMC5130/TMC5130.c **** 	{
 412              		.loc 1 92 20 is_stmt 1 discriminator 2 view .LVU120
  92:TMC-API/tmc/ic/TMC5130/TMC5130.c **** 	{
 413              		.loc 1 92 2 is_stmt 0 discriminator 2 view .LVU121
 414 015a 802A     		cmp	r2, #128
 415 015c E6D1     		bne	.L20
  92:TMC-API/tmc/ic/TMC5130/TMC5130.c **** 	{
 416              		.loc 1 92 2 discriminator 2 view .LVU122
 417 015e 03E0     		b	.L13
 418              	.L17:
 103:TMC-API/tmc/ic/TMC5130/TMC5130.c **** 
 419              		.loc 1 103 4 is_stmt 1 view .LVU123
 103:TMC-API/tmc/ic/TMC5130/TMC5130.c **** 
 420              		.loc 1 103 5 is_stmt 0 view .LVU124
 421 0160 0133     		adds	r3, r3, #1
 422              	.LVL32:
 103:TMC-API/tmc/ic/TMC5130/TMC5130.c **** 
 423              		.loc 1 103 5 view .LVU125
 424 0162 E7E7     		b	.L15
 425              	.L16:
 106:TMC-API/tmc/ic/TMC5130/TMC5130.c **** 			break;
 426              		.loc 1 106 3 is_stmt 1 view .LVU126
 106:TMC-API/tmc/ic/TMC5130/TMC5130.c **** 			break;
 427              		.loc 1 106 6 is_stmt 0 view .LVU127
 428 0164 0B2B     		cmp	r3, #11
 429 0166 EBD1     		bne	.L18
 430              	.L13:
 113:TMC-API/tmc/ic/TMC5130/TMC5130.c **** 		}
 114:TMC-API/tmc/ic/TMC5130/TMC5130.c **** 	}
 115:TMC-API/tmc/ic/TMC5130/TMC5130.c **** }
 431              		.loc 1 115 1 view .LVU128
 432 0168 F0BD     		pop	{r4, r5, r6, r7, pc}
 433              	.L27:
 434 016a 00BF     		.align	2
 435              	.L26:
 436 016c 88000000 		.word	.LANCHOR0+136
 437              		.cfi_endproc
 438              	.LFE4:
 440              		.align	1
 441              		.global	tmc5130_reset
 442              		.syntax unified
 443              		.thumb
 444              		.thumb_func
 445              		.fpu softvfp
 447              	tmc5130_reset:
 448              	.LVL33:
 449              	.LFB5:
 116:TMC-API/tmc/ic/TMC5130/TMC5130.c **** 
 117:TMC-API/tmc/ic/TMC5130/TMC5130.c **** // Reset the TMC5130.
 118:TMC-API/tmc/ic/TMC5130/TMC5130.c **** uint8_t tmc5130_reset(TMC5130TypeDef *tmc5130)
 119:TMC-API/tmc/ic/TMC5130/TMC5130.c **** {
 450              		.loc 1 119 1 is_stmt 1 view -0
 451              		.cfi_startproc
 452              		@ args = 0, pretend = 0, frame = 0
 453              		@ frame_needed = 0, uses_anonymous_args = 0
 120:TMC-API/tmc/ic/TMC5130/TMC5130.c **** 	if(tmc5130->config->state != CONFIG_READY)
 454              		.loc 1 120 2 view .LVU130
 119:TMC-API/tmc/ic/TMC5130/TMC5130.c **** 	if(tmc5130->config->state != CONFIG_READY)
 455              		.loc 1 119 1 is_stmt 0 view .LVU131
 456 0170 30B5     		push	{r4, r5, lr}
 457              	.LCFI9:
 458              		.cfi_def_cfa_offset 12
 459              		.cfi_offset 4, -12
 460              		.cfi_offset 5, -8
 461              		.cfi_offset 14, -4
 462              		.loc 1 120 12 view .LVU132
 463 0172 0168     		ldr	r1, [r0]
 464              		.loc 1 120 4 view .LVU133
 465 0174 0A78     		ldrb	r2, [r1]	@ zero_extendqisi2
 466 0176 82B9     		cbnz	r2, .L31
 467 0178 00F50473 		add	r3, r0, #528
 468 017c 0D1D     		adds	r5, r1, #4
 469 017e 00F52470 		add	r0, r0, #656
 470              	.LVL34:
 471              	.L30:
 121:TMC-API/tmc/ic/TMC5130/TMC5130.c **** 		return false;
 122:TMC-API/tmc/ic/TMC5130/TMC5130.c **** 
 123:TMC-API/tmc/ic/TMC5130/TMC5130.c **** 	// Reset the dirty bits and wipe the shadow registers
 124:TMC-API/tmc/ic/TMC5130/TMC5130.c **** 	size_t i;
 125:TMC-API/tmc/ic/TMC5130/TMC5130.c **** 	for(i = 0; i < TMC5130_REGISTER_COUNT; i++)
 126:TMC-API/tmc/ic/TMC5130/TMC5130.c **** 	{
 127:TMC-API/tmc/ic/TMC5130/TMC5130.c **** 		tmc5130->registerAccess[i] &= ~TMC_ACCESS_DIRTY;
 472              		.loc 1 127 3 is_stmt 1 discriminator 3 view .LVU134
 473              		.loc 1 127 30 is_stmt 0 discriminator 3 view .LVU135
 474 0182 1C78     		ldrb	r4, [r3]	@ zero_extendqisi2
 475 0184 24F00804 		bic	r4, r4, #8
 476 0188 03F8014B 		strb	r4, [r3], #1
 477              	.LVL35:
 128:TMC-API/tmc/ic/TMC5130/TMC5130.c **** 		tmc5130->config->shadowRegister[i] = 0;
 478              		.loc 1 128 3 is_stmt 1 discriminator 3 view .LVU136
 125:TMC-API/tmc/ic/TMC5130/TMC5130.c **** 	{
 479              		.loc 1 125 2 is_stmt 0 discriminator 3 view .LVU137
 480 018c 8342     		cmp	r3, r0
 481              		.loc 1 128 38 discriminator 3 view .LVU138
 482 018e 45F8042B 		str	r2, [r5], #4
 125:TMC-API/tmc/ic/TMC5130/TMC5130.c **** 	{
 483              		.loc 1 125 41 is_stmt 1 discriminator 3 view .LVU139
 484              	.LVL36:
 125:TMC-API/tmc/ic/TMC5130/TMC5130.c **** 	{
 485              		.loc 1 125 13 discriminator 3 view .LVU140
 125:TMC-API/tmc/ic/TMC5130/TMC5130.c **** 	{
 486              		.loc 1 125 2 is_stmt 0 discriminator 3 view .LVU141
 487 0192 F6D1     		bne	.L30
 129:TMC-API/tmc/ic/TMC5130/TMC5130.c **** 	}
 130:TMC-API/tmc/ic/TMC5130/TMC5130.c **** 
 131:TMC-API/tmc/ic/TMC5130/TMC5130.c **** 	tmc5130->config->state        = CONFIG_RESET;
 488              		.loc 1 131 2 is_stmt 1 view .LVU142
 132:TMC-API/tmc/ic/TMC5130/TMC5130.c **** 	tmc5130->config->configIndex  = 0;
 489              		.loc 1 132 2 view .LVU143
 131:TMC-API/tmc/ic/TMC5130/TMC5130.c **** 	tmc5130->config->configIndex  = 0;
 490              		.loc 1 131 32 is_stmt 0 view .LVU144
 491 0194 0120     		movs	r0, #1
 492              	.LVL37:
 131:TMC-API/tmc/ic/TMC5130/TMC5130.c **** 	tmc5130->config->configIndex  = 0;
 493              		.loc 1 131 32 view .LVU145
 494 0196 0880     		strh	r0, [r1]	@ movhi
 133:TMC-API/tmc/ic/TMC5130/TMC5130.c **** 
 134:TMC-API/tmc/ic/TMC5130/TMC5130.c **** 	return true;
 495              		.loc 1 134 2 is_stmt 1 view .LVU146
 496              	.LVL38:
 497              	.L29:
 135:TMC-API/tmc/ic/TMC5130/TMC5130.c **** }
 498              		.loc 1 135 1 is_stmt 0 view .LVU147
 499 0198 30BD     		pop	{r4, r5, pc}
 500              	.LVL39:
 501              	.L31:
 121:TMC-API/tmc/ic/TMC5130/TMC5130.c **** 
 502              		.loc 1 121 10 view .LVU148
 503 019a 0020     		movs	r0, #0
 504              	.LVL40:
 121:TMC-API/tmc/ic/TMC5130/TMC5130.c **** 
 505              		.loc 1 121 10 view .LVU149
 506 019c FCE7     		b	.L29
 507              		.cfi_endproc
 508              	.LFE5:
 510              		.align	1
 511              		.global	tmc5130_restore
 512              		.syntax unified
 513              		.thumb
 514              		.thumb_func
 515              		.fpu softvfp
 517              	tmc5130_restore:
 518              	.LVL41:
 519              	.LFB6:
 136:TMC-API/tmc/ic/TMC5130/TMC5130.c **** 
 137:TMC-API/tmc/ic/TMC5130/TMC5130.c **** // Restore the TMC5130 to the state stored in the shadow registers.
 138:TMC-API/tmc/ic/TMC5130/TMC5130.c **** // This can be used to recover the IC configuration after a VM power loss.
 139:TMC-API/tmc/ic/TMC5130/TMC5130.c **** uint8_t tmc5130_restore(TMC5130TypeDef *tmc5130)
 140:TMC-API/tmc/ic/TMC5130/TMC5130.c **** {
 520              		.loc 1 140 1 is_stmt 1 view -0
 521              		.cfi_startproc
 522              		@ args = 0, pretend = 0, frame = 0
 523              		@ frame_needed = 0, uses_anonymous_args = 0
 524              		@ link register save eliminated.
 141:TMC-API/tmc/ic/TMC5130/TMC5130.c **** 	if(tmc5130->config->state != CONFIG_READY)
 525              		.loc 1 141 2 view .LVU151
 526              		.loc 1 141 12 is_stmt 0 view .LVU152
 527 019e 0368     		ldr	r3, [r0]
 528              		.loc 1 141 4 view .LVU153
 529 01a0 1A78     		ldrb	r2, [r3]	@ zero_extendqisi2
 530 01a2 1AB9     		cbnz	r2, .L35
 142:TMC-API/tmc/ic/TMC5130/TMC5130.c **** 		return false;
 143:TMC-API/tmc/ic/TMC5130/TMC5130.c **** 
 144:TMC-API/tmc/ic/TMC5130/TMC5130.c **** 	tmc5130->config->state        = CONFIG_RESTORE;
 531              		.loc 1 144 2 is_stmt 1 view .LVU154
 145:TMC-API/tmc/ic/TMC5130/TMC5130.c **** 	tmc5130->config->configIndex  = 0;
 532              		.loc 1 145 2 view .LVU155
 144:TMC-API/tmc/ic/TMC5130/TMC5130.c **** 	tmc5130->config->configIndex  = 0;
 533              		.loc 1 144 32 is_stmt 0 view .LVU156
 534 01a4 0222     		movs	r2, #2
 535 01a6 1A80     		strh	r2, [r3]	@ movhi
 146:TMC-API/tmc/ic/TMC5130/TMC5130.c **** 
 147:TMC-API/tmc/ic/TMC5130/TMC5130.c **** 	return true;
 536              		.loc 1 147 2 is_stmt 1 view .LVU157
 537              		.loc 1 147 9 is_stmt 0 view .LVU158
 538 01a8 0120     		movs	r0, #1
 539              	.LVL42:
 540              		.loc 1 147 9 view .LVU159
 541 01aa 7047     		bx	lr
 542              	.LVL43:
 543              	.L35:
 142:TMC-API/tmc/ic/TMC5130/TMC5130.c **** 
 544              		.loc 1 142 10 view .LVU160
 545 01ac 0020     		movs	r0, #0
 546              	.LVL44:
 148:TMC-API/tmc/ic/TMC5130/TMC5130.c **** }
 547              		.loc 1 148 1 view .LVU161
 548 01ae 7047     		bx	lr
 549              		.cfi_endproc
 550              	.LFE6:
 552              		.align	1
 553              		.global	tmc5130_setRegisterResetState
 554              		.syntax unified
 555              		.thumb
 556              		.thumb_func
 557              		.fpu softvfp
 559              	tmc5130_setRegisterResetState:
 560              	.LVL45:
 561              	.LFB7:
 149:TMC-API/tmc/ic/TMC5130/TMC5130.c **** 
 150:TMC-API/tmc/ic/TMC5130/TMC5130.c **** // Change the values the IC will be configured with when performing a reset.
 151:TMC-API/tmc/ic/TMC5130/TMC5130.c **** void tmc5130_setRegisterResetState(TMC5130TypeDef *tmc5130, const int32_t *resetState)
 152:TMC-API/tmc/ic/TMC5130/TMC5130.c **** {
 562              		.loc 1 152 1 is_stmt 1 view -0
 563              		.cfi_startproc
 564              		@ args = 0, pretend = 0, frame = 0
 565              		@ frame_needed = 0, uses_anonymous_args = 0
 566              		@ link register save eliminated.
 153:TMC-API/tmc/ic/TMC5130/TMC5130.c **** 	size_t i;
 567              		.loc 1 153 2 view .LVU163
 154:TMC-API/tmc/ic/TMC5130/TMC5130.c **** 	for(i = 0; i < TMC5130_REGISTER_COUNT; i++)
 568              		.loc 1 154 2 view .LVU164
 569              		.loc 1 154 13 view .LVU165
 570 01b0 0B1F     		subs	r3, r1, #4
 571 01b2 1030     		adds	r0, r0, #16
 572              	.LVL46:
 573              		.loc 1 154 13 is_stmt 0 view .LVU166
 574 01b4 01F5FE71 		add	r1, r1, #508
 575              	.LVL47:
 576              	.L37:
 155:TMC-API/tmc/ic/TMC5130/TMC5130.c **** 	{
 156:TMC-API/tmc/ic/TMC5130/TMC5130.c **** 		tmc5130->registerResetState[i] = resetState[i];
 577              		.loc 1 156 3 is_stmt 1 discriminator 3 view .LVU167
 578              		.loc 1 156 46 is_stmt 0 discriminator 3 view .LVU168
 579 01b8 53F8042F 		ldr	r2, [r3, #4]!
 580              		.loc 1 156 34 discriminator 3 view .LVU169
 581 01bc 40F8042B 		str	r2, [r0], #4
 154:TMC-API/tmc/ic/TMC5130/TMC5130.c **** 	for(i = 0; i < TMC5130_REGISTER_COUNT; i++)
 582              		.loc 1 154 41 is_stmt 1 discriminator 3 view .LVU170
 154:TMC-API/tmc/ic/TMC5130/TMC5130.c **** 	for(i = 0; i < TMC5130_REGISTER_COUNT; i++)
 583              		.loc 1 154 13 discriminator 3 view .LVU171
 154:TMC-API/tmc/ic/TMC5130/TMC5130.c **** 	for(i = 0; i < TMC5130_REGISTER_COUNT; i++)
 584              		.loc 1 154 2 is_stmt 0 discriminator 3 view .LVU172
 585 01c0 8B42     		cmp	r3, r1
 586 01c2 F9D1     		bne	.L37
 157:TMC-API/tmc/ic/TMC5130/TMC5130.c **** 	}
 158:TMC-API/tmc/ic/TMC5130/TMC5130.c **** }
 587              		.loc 1 158 1 view .LVU173
 588 01c4 7047     		bx	lr
 589              		.cfi_endproc
 590              	.LFE7:
 592              		.align	1
 593              		.global	tmc5130_setCallback
 594              		.syntax unified
 595              		.thumb
 596              		.thumb_func
 597              		.fpu softvfp
 599              	tmc5130_setCallback:
 600              	.LVL48:
 601              	.LFB8:
 159:TMC-API/tmc/ic/TMC5130/TMC5130.c **** 
 160:TMC-API/tmc/ic/TMC5130/TMC5130.c **** // Register a function to be called after completion of the configuration mechanism
 161:TMC-API/tmc/ic/TMC5130/TMC5130.c **** void tmc5130_setCallback(TMC5130TypeDef *tmc5130, tmc5130_callback callback)
 162:TMC-API/tmc/ic/TMC5130/TMC5130.c **** {
 602              		.loc 1 162 1 is_stmt 1 view -0
 603              		.cfi_startproc
 604              		@ args = 0, pretend = 0, frame = 0
 605              		@ frame_needed = 0, uses_anonymous_args = 0
 606              		@ link register save eliminated.
 163:TMC-API/tmc/ic/TMC5130/TMC5130.c **** 	tmc5130->config->callback = (tmc_callback_config) callback;
 607              		.loc 1 163 2 view .LVU175
 608              		.loc 1 163 28 is_stmt 0 view .LVU176
 609 01c6 0368     		ldr	r3, [r0]
 610 01c8 C3F80C12 		str	r1, [r3, #524]
 164:TMC-API/tmc/ic/TMC5130/TMC5130.c **** }
 611              		.loc 1 164 1 view .LVU177
 612 01cc 7047     		bx	lr
 613              		.cfi_endproc
 614              	.LFE8:
 616              		.global	__aeabi_i2f
 617              		.global	__aeabi_ui2f
 618              		.global	__aeabi_fdiv
 619              		.global	__aeabi_fmul
 620              		.global	__aeabi_f2uiz
 621              		.align	1
 622              		.global	tmc5130_periodicJob
 623              		.syntax unified
 624              		.thumb
 625              		.thumb_func
 626              		.fpu softvfp
 628              	tmc5130_periodicJob:
 629              	.LVL49:
 630              	.LFB10:
 165:TMC-API/tmc/ic/TMC5130/TMC5130.c **** 
 166:TMC-API/tmc/ic/TMC5130/TMC5130.c **** // Helper function: Configure the next register.
 167:TMC-API/tmc/ic/TMC5130/TMC5130.c **** static void writeConfiguration(TMC5130TypeDef *tmc5130)
 168:TMC-API/tmc/ic/TMC5130/TMC5130.c **** {
 169:TMC-API/tmc/ic/TMC5130/TMC5130.c **** 	uint8_t *ptr = &tmc5130->config->configIndex;
 170:TMC-API/tmc/ic/TMC5130/TMC5130.c **** 	const int32_t *settings;
 171:TMC-API/tmc/ic/TMC5130/TMC5130.c **** 
 172:TMC-API/tmc/ic/TMC5130/TMC5130.c **** 	if(tmc5130->config->state == CONFIG_RESTORE)
 173:TMC-API/tmc/ic/TMC5130/TMC5130.c **** 	{
 174:TMC-API/tmc/ic/TMC5130/TMC5130.c **** 		settings = tmc5130->config->shadowRegister;
 175:TMC-API/tmc/ic/TMC5130/TMC5130.c **** 		// Find the next restorable register
 176:TMC-API/tmc/ic/TMC5130/TMC5130.c **** 		while((*ptr < TMC5130_REGISTER_COUNT) && !TMC_IS_RESTORABLE(tmc5130->registerAccess[*ptr]))
 177:TMC-API/tmc/ic/TMC5130/TMC5130.c **** 		{
 178:TMC-API/tmc/ic/TMC5130/TMC5130.c **** 			(*ptr)++;
 179:TMC-API/tmc/ic/TMC5130/TMC5130.c **** 		}
 180:TMC-API/tmc/ic/TMC5130/TMC5130.c **** 	}
 181:TMC-API/tmc/ic/TMC5130/TMC5130.c **** 	else
 182:TMC-API/tmc/ic/TMC5130/TMC5130.c **** 	{
 183:TMC-API/tmc/ic/TMC5130/TMC5130.c **** 		settings = tmc5130->registerResetState;
 184:TMC-API/tmc/ic/TMC5130/TMC5130.c **** 		// Find the next resettable register
 185:TMC-API/tmc/ic/TMC5130/TMC5130.c **** 		while((*ptr < TMC5130_REGISTER_COUNT) && !TMC_IS_RESETTABLE(tmc5130->registerAccess[*ptr]))
 186:TMC-API/tmc/ic/TMC5130/TMC5130.c **** 		{
 187:TMC-API/tmc/ic/TMC5130/TMC5130.c **** 			(*ptr)++;
 188:TMC-API/tmc/ic/TMC5130/TMC5130.c **** 		}
 189:TMC-API/tmc/ic/TMC5130/TMC5130.c **** 	}
 190:TMC-API/tmc/ic/TMC5130/TMC5130.c **** 
 191:TMC-API/tmc/ic/TMC5130/TMC5130.c **** 	if(*ptr < TMC5130_REGISTER_COUNT)
 192:TMC-API/tmc/ic/TMC5130/TMC5130.c **** 	{
 193:TMC-API/tmc/ic/TMC5130/TMC5130.c **** 		tmc5130_writeInt(tmc5130, *ptr, settings[*ptr]);
 194:TMC-API/tmc/ic/TMC5130/TMC5130.c **** 		(*ptr)++;
 195:TMC-API/tmc/ic/TMC5130/TMC5130.c **** 	}
 196:TMC-API/tmc/ic/TMC5130/TMC5130.c **** 	else // Finished configuration
 197:TMC-API/tmc/ic/TMC5130/TMC5130.c **** 	{
 198:TMC-API/tmc/ic/TMC5130/TMC5130.c **** 		if(tmc5130->config->callback)
 199:TMC-API/tmc/ic/TMC5130/TMC5130.c **** 		{
 200:TMC-API/tmc/ic/TMC5130/TMC5130.c **** 			((tmc5130_callback)tmc5130->config->callback)(tmc5130, tmc5130->config->state);
 201:TMC-API/tmc/ic/TMC5130/TMC5130.c **** 		}
 202:TMC-API/tmc/ic/TMC5130/TMC5130.c **** 
 203:TMC-API/tmc/ic/TMC5130/TMC5130.c **** 		tmc5130->config->state = CONFIG_READY;
 204:TMC-API/tmc/ic/TMC5130/TMC5130.c **** 	}
 205:TMC-API/tmc/ic/TMC5130/TMC5130.c **** }
 206:TMC-API/tmc/ic/TMC5130/TMC5130.c **** 
 207:TMC-API/tmc/ic/TMC5130/TMC5130.c **** // Call this periodically
 208:TMC-API/tmc/ic/TMC5130/TMC5130.c **** void tmc5130_periodicJob(TMC5130TypeDef *tmc5130, uint32_t tick)
 209:TMC-API/tmc/ic/TMC5130/TMC5130.c **** {
 631              		.loc 1 209 1 is_stmt 1 view -0
 632              		.cfi_startproc
 633              		@ args = 0, pretend = 0, frame = 0
 634              		@ frame_needed = 0, uses_anonymous_args = 0
 210:TMC-API/tmc/ic/TMC5130/TMC5130.c **** 	if(tmc5130->config->state != CONFIG_READY)
 635              		.loc 1 210 2 view .LVU179
 209:TMC-API/tmc/ic/TMC5130/TMC5130.c **** 	if(tmc5130->config->state != CONFIG_READY)
 636              		.loc 1 209 1 is_stmt 0 view .LVU180
 637 01ce 2DE9F041 		push	{r4, r5, r6, r7, r8, lr}
 638              	.LCFI10:
 639              		.cfi_def_cfa_offset 24
 640              		.cfi_offset 4, -24
 641              		.cfi_offset 5, -20
 642              		.cfi_offset 6, -16
 643              		.cfi_offset 7, -12
 644              		.cfi_offset 8, -8
 645              		.cfi_offset 14, -4
 646              		.loc 1 210 12 view .LVU181
 647 01d2 0568     		ldr	r5, [r0]
 648              		.loc 1 210 20 view .LVU182
 649 01d4 2B78     		ldrb	r3, [r5]	@ zero_extendqisi2
 209:TMC-API/tmc/ic/TMC5130/TMC5130.c **** 	if(tmc5130->config->state != CONFIG_READY)
 650              		.loc 1 209 1 view .LVU183
 651 01d6 0446     		mov	r4, r0
 652 01d8 0E46     		mov	r6, r1
 653              		.loc 1 210 4 view .LVU184
 654 01da 002B     		cmp	r3, #0
 655 01dc 3DD0     		beq	.L41
 211:TMC-API/tmc/ic/TMC5130/TMC5130.c **** 	{
 212:TMC-API/tmc/ic/TMC5130/TMC5130.c **** 		writeConfiguration(tmc5130);
 656              		.loc 1 212 3 is_stmt 1 view .LVU185
 657              	.LVL50:
 658              	.LBB4:
 659              	.LBI4:
 167:TMC-API/tmc/ic/TMC5130/TMC5130.c **** {
 660              		.loc 1 167 13 view .LVU186
 661              	.LBB5:
 169:TMC-API/tmc/ic/TMC5130/TMC5130.c **** 	const int32_t *settings;
 662              		.loc 1 169 2 view .LVU187
 170:TMC-API/tmc/ic/TMC5130/TMC5130.c **** 
 663              		.loc 1 170 2 view .LVU188
 172:TMC-API/tmc/ic/TMC5130/TMC5130.c **** 	{
 664              		.loc 1 172 2 view .LVU189
 172:TMC-API/tmc/ic/TMC5130/TMC5130.c **** 	{
 665              		.loc 1 172 4 is_stmt 0 view .LVU190
 666 01de 022B     		cmp	r3, #2
 667 01e0 20D1     		bne	.L42
 174:TMC-API/tmc/ic/TMC5130/TMC5130.c **** 		// Find the next restorable register
 668              		.loc 1 174 3 is_stmt 1 view .LVU191
 174:TMC-API/tmc/ic/TMC5130/TMC5130.c **** 		// Find the next restorable register
 669              		.loc 1 174 12 is_stmt 0 view .LVU192
 670 01e2 281D     		adds	r0, r5, #4
 671              	.LVL51:
 176:TMC-API/tmc/ic/TMC5130/TMC5130.c **** 		{
 672              		.loc 1 176 3 is_stmt 1 view .LVU193
 673              	.L43:
 176:TMC-API/tmc/ic/TMC5130/TMC5130.c **** 		{
 674              		.loc 1 176 8 view .LVU194
 675 01e4 95F90130 		ldrsb	r3, [r5, #1]
 176:TMC-API/tmc/ic/TMC5130/TMC5130.c **** 		{
 676              		.loc 1 176 10 is_stmt 0 view .LVU195
 677 01e8 6A78     		ldrb	r2, [r5, #1]	@ zero_extendqisi2
 176:TMC-API/tmc/ic/TMC5130/TMC5130.c **** 		{
 678              		.loc 1 176 8 view .LVU196
 679 01ea 002B     		cmp	r3, #0
 680 01ec 08DB     		blt	.L44
 176:TMC-API/tmc/ic/TMC5130/TMC5130.c **** 		{
 681              		.loc 1 176 45 view .LVU197
 682 01ee A318     		adds	r3, r4, r2
 683 01f0 93F81032 		ldrb	r3, [r3, #528]	@ zero_extendqisi2
 176:TMC-API/tmc/ic/TMC5130/TMC5130.c **** 		{
 684              		.loc 1 176 41 view .LVU198
 685 01f4 9907     		lsls	r1, r3, #30
 686 01f6 12D5     		bpl	.L45
 176:TMC-API/tmc/ic/TMC5130/TMC5130.c **** 		{
 687              		.loc 1 176 44 view .LVU199
 688 01f8 03F04803 		and	r3, r3, #72
 689 01fc 402B     		cmp	r3, #64
 690 01fe 0ED0     		beq	.L45
 691              	.L44:
 191:TMC-API/tmc/ic/TMC5130/TMC5130.c **** 	{
 692              		.loc 1 191 2 is_stmt 1 view .LVU200
 191:TMC-API/tmc/ic/TMC5130/TMC5130.c **** 	{
 693              		.loc 1 191 4 is_stmt 0 view .LVU201
 694 0200 95F90130 		ldrsb	r3, [r5, #1]
 191:TMC-API/tmc/ic/TMC5130/TMC5130.c **** 	{
 695              		.loc 1 191 5 view .LVU202
 696 0204 6978     		ldrb	r1, [r5, #1]	@ zero_extendqisi2
 191:TMC-API/tmc/ic/TMC5130/TMC5130.c **** 	{
 697              		.loc 1 191 4 view .LVU203
 698 0206 002B     		cmp	r3, #0
 699 0208 1CDB     		blt	.L48
 193:TMC-API/tmc/ic/TMC5130/TMC5130.c **** 		(*ptr)++;
 700              		.loc 1 193 3 is_stmt 1 view .LVU204
 701 020a 50F82120 		ldr	r2, [r0, r1, lsl #2]
 702 020e 2046     		mov	r0, r4
 703              	.LVL52:
 193:TMC-API/tmc/ic/TMC5130/TMC5130.c **** 		(*ptr)++;
 704              		.loc 1 193 3 is_stmt 0 view .LVU205
 705 0210 FFF7FEFF 		bl	tmc5130_writeInt
 706              	.LVL53:
 194:TMC-API/tmc/ic/TMC5130/TMC5130.c **** 	}
 707              		.loc 1 194 3 is_stmt 1 view .LVU206
 194:TMC-API/tmc/ic/TMC5130/TMC5130.c **** 	}
 708              		.loc 1 194 9 is_stmt 0 view .LVU207
 709 0214 6B78     		ldrb	r3, [r5, #1]	@ zero_extendqisi2
 710 0216 0133     		adds	r3, r3, #1
 711 0218 6B70     		strb	r3, [r5, #1]
 712              	.LVL54:
 713              	.L40:
 194:TMC-API/tmc/ic/TMC5130/TMC5130.c **** 	}
 714              		.loc 1 194 9 view .LVU208
 715              	.LBE5:
 716              	.LBE4:
 213:TMC-API/tmc/ic/TMC5130/TMC5130.c **** 		return;
 214:TMC-API/tmc/ic/TMC5130/TMC5130.c **** 	}
 215:TMC-API/tmc/ic/TMC5130/TMC5130.c **** 
 216:TMC-API/tmc/ic/TMC5130/TMC5130.c **** 	int32_t XActual;
 217:TMC-API/tmc/ic/TMC5130/TMC5130.c **** 	uint32_t tickDiff;
 218:TMC-API/tmc/ic/TMC5130/TMC5130.c **** 
 219:TMC-API/tmc/ic/TMC5130/TMC5130.c **** 	// Calculate velocity v = dx/dt
 220:TMC-API/tmc/ic/TMC5130/TMC5130.c **** 	if((tickDiff = tick - tmc5130->oldTick) >= 5)
 221:TMC-API/tmc/ic/TMC5130/TMC5130.c **** 	{
 222:TMC-API/tmc/ic/TMC5130/TMC5130.c **** 		XActual = tmc5130_readInt(tmc5130, TMC5130_XACTUAL);
 223:TMC-API/tmc/ic/TMC5130/TMC5130.c **** 		// ToDo CHECK 2: API Compatibility - write alternative algorithm w/o floating point? (LH)
 224:TMC-API/tmc/ic/TMC5130/TMC5130.c **** 		tmc5130->velocity = (uint32_t) ((float32_t) ((XActual - tmc5130->oldX) / (float32_t) tickDiff) * 
 225:TMC-API/tmc/ic/TMC5130/TMC5130.c **** 
 226:TMC-API/tmc/ic/TMC5130/TMC5130.c **** 		tmc5130->oldX     = XActual;
 227:TMC-API/tmc/ic/TMC5130/TMC5130.c **** 		tmc5130->oldTick  = tick;
 228:TMC-API/tmc/ic/TMC5130/TMC5130.c **** 	}
 229:TMC-API/tmc/ic/TMC5130/TMC5130.c **** }
 717              		.loc 1 229 1 view .LVU209
 718 021a BDE8F081 		pop	{r4, r5, r6, r7, r8, pc}
 719              	.LVL55:
 720              	.L45:
 721              	.LBB7:
 722              	.LBB6:
 178:TMC-API/tmc/ic/TMC5130/TMC5130.c **** 		}
 723              		.loc 1 178 4 is_stmt 1 view .LVU210
 178:TMC-API/tmc/ic/TMC5130/TMC5130.c **** 		}
 724              		.loc 1 178 10 is_stmt 0 view .LVU211
 725 021e 0132     		adds	r2, r2, #1
 726 0220 6A70     		strb	r2, [r5, #1]
 727 0222 DFE7     		b	.L43
 728              	.LVL56:
 729              	.L42:
 183:TMC-API/tmc/ic/TMC5130/TMC5130.c **** 		// Find the next resettable register
 730              		.loc 1 183 3 is_stmt 1 view .LVU212
 183:TMC-API/tmc/ic/TMC5130/TMC5130.c **** 		// Find the next resettable register
 731              		.loc 1 183 12 is_stmt 0 view .LVU213
 732 0224 1030     		adds	r0, r0, #16
 733              	.LVL57:
 185:TMC-API/tmc/ic/TMC5130/TMC5130.c **** 		{
 734              		.loc 1 185 3 is_stmt 1 view .LVU214
 735              	.L46:
 185:TMC-API/tmc/ic/TMC5130/TMC5130.c **** 		{
 736              		.loc 1 185 8 view .LVU215
 737 0226 95F90120 		ldrsb	r2, [r5, #1]
 185:TMC-API/tmc/ic/TMC5130/TMC5130.c **** 		{
 738              		.loc 1 185 10 is_stmt 0 view .LVU216
 739 022a 6B78     		ldrb	r3, [r5, #1]	@ zero_extendqisi2
 185:TMC-API/tmc/ic/TMC5130/TMC5130.c **** 		{
 740              		.loc 1 185 8 view .LVU217
 741 022c 002A     		cmp	r2, #0
 742 022e E7DB     		blt	.L44
 185:TMC-API/tmc/ic/TMC5130/TMC5130.c **** 		{
 743              		.loc 1 185 45 view .LVU218
 744 0230 E218     		adds	r2, r4, r3
 185:TMC-API/tmc/ic/TMC5130/TMC5130.c **** 		{
 745              		.loc 1 185 41 view .LVU219
 746 0232 92F81022 		ldrb	r2, [r2, #528]	@ zero_extendqisi2
 747 0236 02F04202 		and	r2, r2, #66
 748 023a 022A     		cmp	r2, #2
 749 023c E0D0     		beq	.L44
 187:TMC-API/tmc/ic/TMC5130/TMC5130.c **** 		}
 750              		.loc 1 187 4 is_stmt 1 view .LVU220
 187:TMC-API/tmc/ic/TMC5130/TMC5130.c **** 		}
 751              		.loc 1 187 10 is_stmt 0 view .LVU221
 752 023e 0133     		adds	r3, r3, #1
 753 0240 6B70     		strb	r3, [r5, #1]
 754 0242 F0E7     		b	.L46
 755              	.LVL58:
 756              	.L48:
 198:TMC-API/tmc/ic/TMC5130/TMC5130.c **** 		{
 757              		.loc 1 198 3 is_stmt 1 view .LVU222
 198:TMC-API/tmc/ic/TMC5130/TMC5130.c **** 		{
 758              		.loc 1 198 13 is_stmt 0 view .LVU223
 759 0244 2268     		ldr	r2, [r4]
 198:TMC-API/tmc/ic/TMC5130/TMC5130.c **** 		{
 760              		.loc 1 198 21 view .LVU224
 761 0246 D2F80C32 		ldr	r3, [r2, #524]
 198:TMC-API/tmc/ic/TMC5130/TMC5130.c **** 		{
 762              		.loc 1 198 5 view .LVU225
 763 024a 13B1     		cbz	r3, .L50
 200:TMC-API/tmc/ic/TMC5130/TMC5130.c **** 		}
 764              		.loc 1 200 4 is_stmt 1 view .LVU226
 200:TMC-API/tmc/ic/TMC5130/TMC5130.c **** 		}
 765              		.loc 1 200 5 is_stmt 0 view .LVU227
 766 024c 1178     		ldrb	r1, [r2]	@ zero_extendqisi2
 767 024e 2046     		mov	r0, r4
 768              	.LVL59:
 200:TMC-API/tmc/ic/TMC5130/TMC5130.c **** 		}
 769              		.loc 1 200 5 view .LVU228
 770 0250 9847     		blx	r3
 771              	.LVL60:
 772              	.L50:
 203:TMC-API/tmc/ic/TMC5130/TMC5130.c **** 	}
 773              		.loc 1 203 3 is_stmt 1 view .LVU229
 203:TMC-API/tmc/ic/TMC5130/TMC5130.c **** 	}
 774              		.loc 1 203 26 is_stmt 0 view .LVU230
 775 0252 2368     		ldr	r3, [r4]
 776 0254 0022     		movs	r2, #0
 777 0256 1A70     		strb	r2, [r3]
 778 0258 DFE7     		b	.L40
 779              	.LVL61:
 780              	.L41:
 203:TMC-API/tmc/ic/TMC5130/TMC5130.c **** 	}
 781              		.loc 1 203 26 view .LVU231
 782              	.LBE6:
 783              	.LBE7:
 216:TMC-API/tmc/ic/TMC5130/TMC5130.c **** 	uint32_t tickDiff;
 784              		.loc 1 216 2 is_stmt 1 view .LVU232
 217:TMC-API/tmc/ic/TMC5130/TMC5130.c **** 
 785              		.loc 1 217 2 view .LVU233
 220:TMC-API/tmc/ic/TMC5130/TMC5130.c **** 	{
 786              		.loc 1 220 2 view .LVU234
 220:TMC-API/tmc/ic/TMC5130/TMC5130.c **** 	{
 787              		.loc 1 220 15 is_stmt 0 view .LVU235
 788 025a C768     		ldr	r7, [r0, #12]
 789 025c CF1B     		subs	r7, r1, r7
 790              	.LVL62:
 220:TMC-API/tmc/ic/TMC5130/TMC5130.c **** 	{
 791              		.loc 1 220 4 view .LVU236
 792 025e 042F     		cmp	r7, #4
 793 0260 DBD9     		bls	.L40
 222:TMC-API/tmc/ic/TMC5130/TMC5130.c **** 		// ToDo CHECK 2: API Compatibility - write alternative algorithm w/o floating point? (LH)
 794              		.loc 1 222 3 is_stmt 1 view .LVU237
 222:TMC-API/tmc/ic/TMC5130/TMC5130.c **** 		// ToDo CHECK 2: API Compatibility - write alternative algorithm w/o floating point? (LH)
 795              		.loc 1 222 13 is_stmt 0 view .LVU238
 796 0262 2121     		movs	r1, #33
 797              	.LVL63:
 222:TMC-API/tmc/ic/TMC5130/TMC5130.c **** 		// ToDo CHECK 2: API Compatibility - write alternative algorithm w/o floating point? (LH)
 798              		.loc 1 222 13 view .LVU239
 799 0264 FFF7FEFF 		bl	tmc5130_readInt
 800              	.LVL64:
 222:TMC-API/tmc/ic/TMC5130/TMC5130.c **** 		// ToDo CHECK 2: API Compatibility - write alternative algorithm w/o floating point? (LH)
 801              		.loc 1 222 13 view .LVU240
 802 0268 0546     		mov	r5, r0
 803              	.LVL65:
 224:TMC-API/tmc/ic/TMC5130/TMC5130.c **** 
 804              		.loc 1 224 3 is_stmt 1 view .LVU241
 224:TMC-API/tmc/ic/TMC5130/TMC5130.c **** 
 805              		.loc 1 224 57 is_stmt 0 view .LVU242
 806 026a A068     		ldr	r0, [r4, #8]
 807              	.LVL66:
 224:TMC-API/tmc/ic/TMC5130/TMC5130.c **** 
 808              		.loc 1 224 35 view .LVU243
 809 026c 281A     		subs	r0, r5, r0
 810 026e FFF7FEFF 		bl	__aeabi_i2f
 811              	.LVL67:
 812 0272 8046     		mov	r8, r0
 224:TMC-API/tmc/ic/TMC5130/TMC5130.c **** 
 813              		.loc 1 224 76 view .LVU244
 814 0274 3846     		mov	r0, r7
 815 0276 FFF7FEFF 		bl	__aeabi_ui2f
 816              	.LVL68:
 817 027a 0146     		mov	r1, r0
 224:TMC-API/tmc/ic/TMC5130/TMC5130.c **** 
 818              		.loc 1 224 35 view .LVU245
 819 027c 4046     		mov	r0, r8
 820 027e FFF7FEFF 		bl	__aeabi_fdiv
 821              	.LVL69:
 224:TMC-API/tmc/ic/TMC5130/TMC5130.c **** 
 822              		.loc 1 224 98 view .LVU246
 823 0282 0449     		ldr	r1, .L60
 824 0284 FFF7FEFF 		bl	__aeabi_fmul
 825              	.LVL70:
 224:TMC-API/tmc/ic/TMC5130/TMC5130.c **** 
 826              		.loc 1 224 23 view .LVU247
 827 0288 FFF7FEFF 		bl	__aeabi_f2uiz
 828              	.LVL71:
 227:TMC-API/tmc/ic/TMC5130/TMC5130.c **** 	}
 829              		.loc 1 227 21 view .LVU248
 830 028c E660     		str	r6, [r4, #12]
 226:TMC-API/tmc/ic/TMC5130/TMC5130.c **** 		tmc5130->oldTick  = tick;
 831              		.loc 1 226 21 view .LVU249
 832 028e C4E90105 		strd	r0, r5, [r4, #4]
 227:TMC-API/tmc/ic/TMC5130/TMC5130.c **** 	}
 833              		.loc 1 227 3 is_stmt 1 view .LVU250
 834 0292 C2E7     		b	.L40
 835              	.L61:
 836              		.align	2
 837              	.L60:
 838 0294 6F128344 		.word	1149440623
 839              		.cfi_endproc
 840              	.LFE10:
 842              		.align	1
 843              		.global	tmc5130_rotate
 844              		.syntax unified
 845              		.thumb
 846              		.thumb_func
 847              		.fpu softvfp
 849              	tmc5130_rotate:
 850              	.LVL72:
 851              	.LFB11:
 230:TMC-API/tmc/ic/TMC5130/TMC5130.c **** 
 231:TMC-API/tmc/ic/TMC5130/TMC5130.c **** // Rotate with a given velocity (to the right)
 232:TMC-API/tmc/ic/TMC5130/TMC5130.c **** void tmc5130_rotate(TMC5130TypeDef *tmc5130, int32_t velocity)
 233:TMC-API/tmc/ic/TMC5130/TMC5130.c **** {
 852              		.loc 1 233 1 view -0
 853              		.cfi_startproc
 854              		@ args = 0, pretend = 0, frame = 0
 855              		@ frame_needed = 0, uses_anonymous_args = 0
 234:TMC-API/tmc/ic/TMC5130/TMC5130.c **** 	// Set absolute velocity
 235:TMC-API/tmc/ic/TMC5130/TMC5130.c **** 	tmc5130_writeInt(tmc5130, TMC5130_VMAX, abs(velocity));
 856              		.loc 1 235 2 view .LVU252
 233:TMC-API/tmc/ic/TMC5130/TMC5130.c **** 	// Set absolute velocity
 857              		.loc 1 233 1 is_stmt 0 view .LVU253
 858 0298 38B5     		push	{r3, r4, r5, lr}
 859              	.LCFI11:
 860              		.cfi_def_cfa_offset 16
 861              		.cfi_offset 3, -16
 862              		.cfi_offset 4, -12
 863              		.cfi_offset 5, -8
 864              		.cfi_offset 14, -4
 865              		.loc 1 235 2 view .LVU254
 866 029a 81EAE172 		eor	r2, r1, r1, asr #31
 867 029e A2EBE172 		sub	r2, r2, r1, asr #31
 233:TMC-API/tmc/ic/TMC5130/TMC5130.c **** 	// Set absolute velocity
 868              		.loc 1 233 1 view .LVU255
 869 02a2 0C46     		mov	r4, r1
 870              		.loc 1 235 2 view .LVU256
 871 02a4 2721     		movs	r1, #39
 872              	.LVL73:
 233:TMC-API/tmc/ic/TMC5130/TMC5130.c **** 	// Set absolute velocity
 873              		.loc 1 233 1 view .LVU257
 874 02a6 0546     		mov	r5, r0
 875              		.loc 1 235 2 view .LVU258
 876 02a8 FFF7FEFF 		bl	tmc5130_writeInt
 877              	.LVL74:
 236:TMC-API/tmc/ic/TMC5130/TMC5130.c **** 	// Set direction
 237:TMC-API/tmc/ic/TMC5130/TMC5130.c **** 	tmc5130_writeInt(tmc5130, TMC5130_RAMPMODE, (velocity >= 0) ? TMC5130_MODE_VELPOS : TMC5130_MODE_V
 878              		.loc 1 237 2 is_stmt 1 view .LVU259
 879 02ac 002C     		cmp	r4, #0
 880 02ae 2846     		mov	r0, r5
 881 02b0 A8BF     		it	ge
 882 02b2 0122     		movge	r2, #1
 238:TMC-API/tmc/ic/TMC5130/TMC5130.c **** }
 883              		.loc 1 238 1 is_stmt 0 view .LVU260
 884 02b4 BDE83840 		pop	{r3, r4, r5, lr}
 885              	.LCFI12:
 886              		.cfi_restore 14
 887              		.cfi_restore 5
 888              		.cfi_restore 4
 889              		.cfi_restore 3
 890              		.cfi_def_cfa_offset 0
 891              	.LVL75:
 237:TMC-API/tmc/ic/TMC5130/TMC5130.c **** }
 892              		.loc 1 237 2 view .LVU261
 893 02b8 B8BF     		it	lt
 894 02ba 0222     		movlt	r2, #2
 895 02bc 2021     		movs	r1, #32
 896 02be FFF7FEBF 		b	tmc5130_writeInt
 897              	.LVL76:
 237:TMC-API/tmc/ic/TMC5130/TMC5130.c **** }
 898              		.loc 1 237 2 view .LVU262
 899              		.cfi_endproc
 900              	.LFE11:
 902              		.align	1
 903              		.global	tmc5130_right
 904              		.syntax unified
 905              		.thumb
 906              		.thumb_func
 907              		.fpu softvfp
 909              	tmc5130_right:
 910              	.LVL77:
 911              	.LFB12:
 239:TMC-API/tmc/ic/TMC5130/TMC5130.c **** 
 240:TMC-API/tmc/ic/TMC5130/TMC5130.c **** // Rotate to the right
 241:TMC-API/tmc/ic/TMC5130/TMC5130.c **** void tmc5130_right(TMC5130TypeDef *tmc5130, uint32_t velocity)
 242:TMC-API/tmc/ic/TMC5130/TMC5130.c **** {
 912              		.loc 1 242 1 is_stmt 1 view -0
 913              		.cfi_startproc
 914              		@ args = 0, pretend = 0, frame = 0
 915              		@ frame_needed = 0, uses_anonymous_args = 0
 916              		@ link register save eliminated.
 243:TMC-API/tmc/ic/TMC5130/TMC5130.c **** 	tmc5130_rotate(tmc5130, velocity);
 917              		.loc 1 243 2 view .LVU264
 918 02c2 FFF7FEBF 		b	tmc5130_rotate
 919              	.LVL78:
 920              		.loc 1 243 2 is_stmt 0 view .LVU265
 921              		.cfi_endproc
 922              	.LFE12:
 924              		.align	1
 925              		.global	tmc5130_left
 926              		.syntax unified
 927              		.thumb
 928              		.thumb_func
 929              		.fpu softvfp
 931              	tmc5130_left:
 932              	.LVL79:
 933              	.LFB13:
 244:TMC-API/tmc/ic/TMC5130/TMC5130.c **** }
 245:TMC-API/tmc/ic/TMC5130/TMC5130.c **** 
 246:TMC-API/tmc/ic/TMC5130/TMC5130.c **** // Rotate to the left
 247:TMC-API/tmc/ic/TMC5130/TMC5130.c **** void tmc5130_left(TMC5130TypeDef *tmc5130, uint32_t velocity)
 248:TMC-API/tmc/ic/TMC5130/TMC5130.c **** {
 934              		.loc 1 248 1 is_stmt 1 view -0
 935              		.cfi_startproc
 936              		@ args = 0, pretend = 0, frame = 0
 937              		@ frame_needed = 0, uses_anonymous_args = 0
 938              		@ link register save eliminated.
 249:TMC-API/tmc/ic/TMC5130/TMC5130.c **** 	tmc5130_rotate(tmc5130, -velocity);
 939              		.loc 1 249 2 view .LVU267
 940 02c6 4942     		rsbs	r1, r1, #0
 941              	.LVL80:
 942              		.loc 1 249 2 is_stmt 0 view .LVU268
 943 02c8 FFF7FEBF 		b	tmc5130_rotate
 944              	.LVL81:
 945              		.loc 1 249 2 view .LVU269
 946              		.cfi_endproc
 947              	.LFE13:
 949              		.align	1
 950              		.global	tmc5130_stop
 951              		.syntax unified
 952              		.thumb
 953              		.thumb_func
 954              		.fpu softvfp
 956              	tmc5130_stop:
 957              	.LVL82:
 958              	.LFB14:
 250:TMC-API/tmc/ic/TMC5130/TMC5130.c **** }
 251:TMC-API/tmc/ic/TMC5130/TMC5130.c **** 
 252:TMC-API/tmc/ic/TMC5130/TMC5130.c **** // Stop moving
 253:TMC-API/tmc/ic/TMC5130/TMC5130.c **** void tmc5130_stop(TMC5130TypeDef *tmc5130)
 254:TMC-API/tmc/ic/TMC5130/TMC5130.c **** {
 959              		.loc 1 254 1 is_stmt 1 view -0
 960              		.cfi_startproc
 961              		@ args = 0, pretend = 0, frame = 0
 962              		@ frame_needed = 0, uses_anonymous_args = 0
 963              		@ link register save eliminated.
 255:TMC-API/tmc/ic/TMC5130/TMC5130.c **** 	tmc5130_rotate(tmc5130, 0);
 964              		.loc 1 255 2 view .LVU271
 965 02cc 0021     		movs	r1, #0
 966 02ce FFF7FEBF 		b	tmc5130_rotate
 967              	.LVL83:
 968              		.loc 1 255 2 is_stmt 0 view .LVU272
 969              		.cfi_endproc
 970              	.LFE14:
 972              		.align	1
 973              		.global	tmc5130_moveTo
 974              		.syntax unified
 975              		.thumb
 976              		.thumb_func
 977              		.fpu softvfp
 979              	tmc5130_moveTo:
 980              	.LVL84:
 981              	.LFB15:
 256:TMC-API/tmc/ic/TMC5130/TMC5130.c **** }
 257:TMC-API/tmc/ic/TMC5130/TMC5130.c **** 
 258:TMC-API/tmc/ic/TMC5130/TMC5130.c **** // Move to a specified position with a given velocity
 259:TMC-API/tmc/ic/TMC5130/TMC5130.c **** void tmc5130_moveTo(TMC5130TypeDef *tmc5130, int32_t position, uint32_t velocityMax)
 260:TMC-API/tmc/ic/TMC5130/TMC5130.c **** {
 982              		.loc 1 260 1 is_stmt 1 view -0
 983              		.cfi_startproc
 984              		@ args = 0, pretend = 0, frame = 0
 985              		@ frame_needed = 0, uses_anonymous_args = 0
 261:TMC-API/tmc/ic/TMC5130/TMC5130.c **** 	tmc5130_writeInt(tmc5130, TMC5130_RAMPMODE, TMC5130_MODE_POSITION);
 986              		.loc 1 261 2 view .LVU274
 260:TMC-API/tmc/ic/TMC5130/TMC5130.c **** 	tmc5130_writeInt(tmc5130, TMC5130_RAMPMODE, TMC5130_MODE_POSITION);
 987              		.loc 1 260 1 is_stmt 0 view .LVU275
 988 02d2 70B5     		push	{r4, r5, r6, lr}
 989              	.LCFI13:
 990              		.cfi_def_cfa_offset 16
 991              		.cfi_offset 4, -16
 992              		.cfi_offset 5, -12
 993              		.cfi_offset 6, -8
 994              		.cfi_offset 14, -4
 260:TMC-API/tmc/ic/TMC5130/TMC5130.c **** 	tmc5130_writeInt(tmc5130, TMC5130_RAMPMODE, TMC5130_MODE_POSITION);
 995              		.loc 1 260 1 view .LVU276
 996 02d4 0446     		mov	r4, r0
 997 02d6 0D46     		mov	r5, r1
 998 02d8 1646     		mov	r6, r2
 999              		.loc 1 261 2 view .LVU277
 1000 02da 2021     		movs	r1, #32
 1001              	.LVL85:
 1002              		.loc 1 261 2 view .LVU278
 1003 02dc 0022     		movs	r2, #0
 1004              	.LVL86:
 1005              		.loc 1 261 2 view .LVU279
 1006 02de FFF7FEFF 		bl	tmc5130_writeInt
 1007              	.LVL87:
 262:TMC-API/tmc/ic/TMC5130/TMC5130.c **** 
 263:TMC-API/tmc/ic/TMC5130/TMC5130.c **** 	// VMAX also holds the target velocity in velocity mode.
 264:TMC-API/tmc/ic/TMC5130/TMC5130.c **** 	// Re-write the position mode maximum velocity here.
 265:TMC-API/tmc/ic/TMC5130/TMC5130.c **** 	tmc5130_writeInt(tmc5130, TMC5130_VMAX, velocityMax);
 1008              		.loc 1 265 2 is_stmt 1 view .LVU280
 1009 02e2 3246     		mov	r2, r6
 1010 02e4 2046     		mov	r0, r4
 1011 02e6 2721     		movs	r1, #39
 1012 02e8 FFF7FEFF 		bl	tmc5130_writeInt
 1013              	.LVL88:
 266:TMC-API/tmc/ic/TMC5130/TMC5130.c **** 
 267:TMC-API/tmc/ic/TMC5130/TMC5130.c **** 	tmc5130_writeInt(tmc5130, TMC5130_XTARGET, position);
 1014              		.loc 1 267 2 view .LVU281
 1015 02ec 2A46     		mov	r2, r5
 1016 02ee 2046     		mov	r0, r4
 1017 02f0 2D21     		movs	r1, #45
 268:TMC-API/tmc/ic/TMC5130/TMC5130.c **** }
 1018              		.loc 1 268 1 is_stmt 0 view .LVU282
 1019 02f2 BDE87040 		pop	{r4, r5, r6, lr}
 1020              	.LCFI14:
 1021              		.cfi_restore 14
 1022              		.cfi_restore 6
 1023              		.cfi_restore 5
 1024              		.cfi_restore 4
 1025              		.cfi_def_cfa_offset 0
 1026              	.LVL89:
 267:TMC-API/tmc/ic/TMC5130/TMC5130.c **** }
 1027              		.loc 1 267 2 view .LVU283
 1028 02f6 FFF7FEBF 		b	tmc5130_writeInt
 1029              	.LVL90:
 267:TMC-API/tmc/ic/TMC5130/TMC5130.c **** }
 1030              		.loc 1 267 2 view .LVU284
 1031              		.cfi_endproc
 1032              	.LFE15:
 1034              		.align	1
 1035              		.global	tmc5130_moveBy
 1036              		.syntax unified
 1037              		.thumb
 1038              		.thumb_func
 1039              		.fpu softvfp
 1041              	tmc5130_moveBy:
 1042              	.LVL91:
 1043              	.LFB16:
 269:TMC-API/tmc/ic/TMC5130/TMC5130.c **** 
 270:TMC-API/tmc/ic/TMC5130/TMC5130.c **** // Move by a given amount with a given velocity
 271:TMC-API/tmc/ic/TMC5130/TMC5130.c **** // This function will write the absolute target position to *ticks
 272:TMC-API/tmc/ic/TMC5130/TMC5130.c **** void tmc5130_moveBy(TMC5130TypeDef *tmc5130, int32_t *ticks, uint32_t velocityMax)
 273:TMC-API/tmc/ic/TMC5130/TMC5130.c **** {
 1044              		.loc 1 273 1 is_stmt 1 view -0
 1045              		.cfi_startproc
 1046              		@ args = 0, pretend = 0, frame = 0
 1047              		@ frame_needed = 0, uses_anonymous_args = 0
 274:TMC-API/tmc/ic/TMC5130/TMC5130.c **** 	// determine actual position and add numbers of ticks to move
 275:TMC-API/tmc/ic/TMC5130/TMC5130.c **** 	*ticks += tmc5130_readInt(tmc5130, TMC5130_XACTUAL);
 1048              		.loc 1 275 2 view .LVU286
 273:TMC-API/tmc/ic/TMC5130/TMC5130.c **** 	// determine actual position and add numbers of ticks to move
 1049              		.loc 1 273 1 is_stmt 0 view .LVU287
 1050 02fa 70B5     		push	{r4, r5, r6, lr}
 1051              	.LCFI15:
 1052              		.cfi_def_cfa_offset 16
 1053              		.cfi_offset 4, -16
 1054              		.cfi_offset 5, -12
 1055              		.cfi_offset 6, -8
 1056              		.cfi_offset 14, -4
 273:TMC-API/tmc/ic/TMC5130/TMC5130.c **** 	// determine actual position and add numbers of ticks to move
 1057              		.loc 1 273 1 view .LVU288
 1058 02fc 0C46     		mov	r4, r1
 1059              		.loc 1 275 12 view .LVU289
 1060 02fe 2121     		movs	r1, #33
 1061              	.LVL92:
 273:TMC-API/tmc/ic/TMC5130/TMC5130.c **** 	// determine actual position and add numbers of ticks to move
 1062              		.loc 1 273 1 view .LVU290
 1063 0300 0546     		mov	r5, r0
 1064 0302 1646     		mov	r6, r2
 1065              		.loc 1 275 12 view .LVU291
 1066 0304 FFF7FEFF 		bl	tmc5130_readInt
 1067              	.LVL93:
 1068              		.loc 1 275 9 view .LVU292
 1069 0308 2168     		ldr	r1, [r4]
 1070 030a 0144     		add	r1, r1, r0
 1071 030c 2160     		str	r1, [r4]
 276:TMC-API/tmc/ic/TMC5130/TMC5130.c **** 
 277:TMC-API/tmc/ic/TMC5130/TMC5130.c **** 	tmc5130_moveTo(tmc5130, *ticks, velocityMax);
 1072              		.loc 1 277 2 is_stmt 1 view .LVU293
 1073 030e 3246     		mov	r2, r6
 1074 0310 2846     		mov	r0, r5
 278:TMC-API/tmc/ic/TMC5130/TMC5130.c **** }
 1075              		.loc 1 278 1 is_stmt 0 view .LVU294
 1076 0312 BDE87040 		pop	{r4, r5, r6, lr}
 1077              	.LCFI16:
 1078              		.cfi_restore 14
 1079              		.cfi_restore 6
 1080              		.cfi_restore 5
 1081              		.cfi_restore 4
 1082              		.cfi_def_cfa_offset 0
 1083              	.LVL94:
 277:TMC-API/tmc/ic/TMC5130/TMC5130.c **** }
 1084              		.loc 1 277 2 view .LVU295
 1085 0316 FFF7FEBF 		b	tmc5130_moveTo
 1086              	.LVL95:
 277:TMC-API/tmc/ic/TMC5130/TMC5130.c **** }
 1087              		.loc 1 277 2 view .LVU296
 1088              		.cfi_endproc
 1089              	.LFE16:
 1091              		.section	.rodata
 1092              		.align	2
 1093              		.set	.LANCHOR0,. + 0
 1094              	.LC0:
 1095 0000 00000000 		.ascii	"\000\000\000\000\000"
 1095      00
 1098              	tmc5130_defaultRegisterAccess:
 1099 0005 03210102 		.ascii	"\003!\001\002\023\002\000\000\000\000\000\000\000\000"
 1099      13020000 
 1099      00000000 
 1099      0000
 1100 0013 00000202 		.ascii	"\000\000\002\002\001\002\002\002\000\000\000\000\000"
 1100      01020202 
 1100      00000000 
 1100      00
 1101 0020 00000000 		.ascii	"\000\000\000\000\000\003\003\001\002\002\002\002\002"
 1101      00030301 
 1101      02020202 
 1101      02
 1102 002d 02000202 		.ascii	"\002\000\002\002\002\003\000\000\000\000\000\002\003"
 1102      02030000 
 1102      00000002 
 1102      03
 1103 003a 21010003 		.ascii	"!\001\000\003\003\002!\001\000\000\000\000\000\000\000"
 1103      03022101 
 1103      00000000 
 1103      000000
 1104 0049 00000000 		.ascii	"\000\000\000\000\000\000\000\000\000\000\000\000\000"
 1104      00000000 
 1104      00000000 
 1104      00
 1105 0056 00000000 		.ascii	"\000\000\000\000\000\000\000\000\000\000\000\000\000"
 1105      00000000 
 1105      00000000 
 1105      00
 1106 0063 00004242 		.ascii	"\000\000BBBBBBBBBB\001\001\003\002\002\001B\001\002"
 1106      42424242 
 1106      42424242 
 1106      01010302 
 1106      02014201 
 1107 0078 01000000 		.ascii	"\001\000\000\000\000\000\000\000\000\000\000\000\000"
 1107      00000000 
 1107      00000000 
 1107      00
 1108 0085 000000   		.space	3
 1111              	tmc5130_RegisterConstants:
 1112 0088 60       		.byte	96
 1113 0089 000000   		.space	3
 1114 008c 54B5AAAA 		.word	-1431653036
 1115 0090 61       		.byte	97
 1116 0091 000000   		.space	3
 1117 0094 AA54954A 		.word	1251300522
 1118 0098 62       		.byte	98
 1119 0099 000000   		.space	3
 1120 009c 29294924 		.word	608774441
 1121 00a0 63       		.byte	99
 1122 00a1 000000   		.space	3
 1123 00a4 22421010 		.word	269500962
 1124 00a8 64       		.byte	100
 1125 00a9 000000   		.space	3
 1126 00ac FFFFFFFB 		.word	-67108865
 1127 00b0 65       		.byte	101
 1128 00b1 000000   		.space	3
 1129 00b4 7D77BBB5 		.word	-1246005379
 1130 00b8 66       		.byte	102
 1131 00b9 000000   		.space	3
 1132 00bc 56552949 		.word	1227445590
 1133 00c0 67       		.byte	103
 1134 00c1 000000   		.space	3
 1135 00c4 22424000 		.word	4211234
 1136 00c8 68       		.byte	104
 1137 00c9 000000   		.space	3
 1138 00cc 5680FFFF 		.word	-32682
 1139 00d0 69       		.byte	105
 1140 00d1 000000   		.space	3
 1141 00d4 0000F700 		.word	16187392
 1142 00d8 70       		.byte	112
 1143 00d9 000000   		.space	3
 1144 00dc 80040500 		.word	328832
 1145              		.text
 1146              	.Letext0:
 1147              		.file 2 "c:\\program files (x86)\\gnu arm embedded toolchain\\9 2020-q2-update\\lib\\gcc\\arm-none
 1148              		.file 3 "c:\\program files (x86)\\gnu arm embedded toolchain\\9 2020-q2-update\\arm-none-eabi\\inc
 1149              		.file 4 "c:\\program files (x86)\\gnu arm embedded toolchain\\9 2020-q2-update\\arm-none-eabi\\inc
 1150              		.file 5 "TMC-API/tmc/helpers/Types.h"
 1151              		.file 6 "TMC-API/tmc/helpers/Config.h"
 1152              		.file 7 "TMC-API/tmc/helpers/RegisterAccess.h"
 1153              		.file 8 "c:\\program files (x86)\\gnu arm embedded toolchain\\9 2020-q2-update\\arm-none-eabi\\inc
 1154              		.file 9 "c:\\program files (x86)\\gnu arm embedded toolchain\\9 2020-q2-update\\arm-none-eabi\\inc
 1155              		.file 10 "c:\\program files (x86)\\gnu arm embedded toolchain\\9 2020-q2-update\\arm-none-eabi\\in
 1156              		.file 11 "c:\\program files (x86)\\gnu arm embedded toolchain\\9 2020-q2-update\\arm-none-eabi\\in
 1157              		.file 12 "TMC-API/tmc/ic/TMC5130/TMC5130.h"
DEFINED SYMBOLS
                            *ABS*:00000000 TMC5130.c
C:\Users\Shubham\AppData\Local\Temp\ccEAsXqg.s:15     .text:00000000 $t
C:\Users\Shubham\AppData\Local\Temp\ccEAsXqg.s:23     .text:00000000 tmc5130_writeDatagram
C:\Users\Shubham\AppData\Local\Temp\ccEAsXqg.s:123    .text:00000066 tmc5130_writeInt
C:\Users\Shubham\AppData\Local\Temp\ccEAsXqg.s:163    .text:00000082 tmc5130_readInt
C:\Users\Shubham\AppData\Local\Temp\ccEAsXqg.s:249    .text:000000d8 $d
C:\Users\Shubham\AppData\Local\Temp\ccEAsXqg.s:253    .text:000000dc $t
C:\Users\Shubham\AppData\Local\Temp\ccEAsXqg.s:260    .text:000000dc tmc5130_init
C:\Users\Shubham\AppData\Local\Temp\ccEAsXqg.s:336    .text:00000118 $d
C:\Users\Shubham\AppData\Local\Temp\ccEAsXqg.s:340    .text:0000011c $t
C:\Users\Shubham\AppData\Local\Temp\ccEAsXqg.s:347    .text:0000011c tmc5130_fillShadowRegisters
C:\Users\Shubham\AppData\Local\Temp\ccEAsXqg.s:436    .text:0000016c $d
C:\Users\Shubham\AppData\Local\Temp\ccEAsXqg.s:440    .text:00000170 $t
C:\Users\Shubham\AppData\Local\Temp\ccEAsXqg.s:447    .text:00000170 tmc5130_reset
C:\Users\Shubham\AppData\Local\Temp\ccEAsXqg.s:517    .text:0000019e tmc5130_restore
C:\Users\Shubham\AppData\Local\Temp\ccEAsXqg.s:559    .text:000001b0 tmc5130_setRegisterResetState
C:\Users\Shubham\AppData\Local\Temp\ccEAsXqg.s:599    .text:000001c6 tmc5130_setCallback
C:\Users\Shubham\AppData\Local\Temp\ccEAsXqg.s:628    .text:000001ce tmc5130_periodicJob
C:\Users\Shubham\AppData\Local\Temp\ccEAsXqg.s:838    .text:00000294 $d
C:\Users\Shubham\AppData\Local\Temp\ccEAsXqg.s:842    .text:00000298 $t
C:\Users\Shubham\AppData\Local\Temp\ccEAsXqg.s:849    .text:00000298 tmc5130_rotate
C:\Users\Shubham\AppData\Local\Temp\ccEAsXqg.s:909    .text:000002c2 tmc5130_right
C:\Users\Shubham\AppData\Local\Temp\ccEAsXqg.s:931    .text:000002c6 tmc5130_left
C:\Users\Shubham\AppData\Local\Temp\ccEAsXqg.s:956    .text:000002cc tmc5130_stop
C:\Users\Shubham\AppData\Local\Temp\ccEAsXqg.s:979    .text:000002d2 tmc5130_moveTo
C:\Users\Shubham\AppData\Local\Temp\ccEAsXqg.s:1041   .text:000002fa tmc5130_moveBy
C:\Users\Shubham\AppData\Local\Temp\ccEAsXqg.s:1092   .rodata:00000000 $d
C:\Users\Shubham\AppData\Local\Temp\ccEAsXqg.s:1098   .rodata:00000005 tmc5130_defaultRegisterAccess
C:\Users\Shubham\AppData\Local\Temp\ccEAsXqg.s:1111   .rodata:00000088 tmc5130_RegisterConstants

UNDEFINED SYMBOLS
tmc5130_readWriteArray
__aeabi_i2f
__aeabi_ui2f
__aeabi_fdiv
__aeabi_fmul
__aeabi_f2uiz
