   1              		.cpu cortex-m4
   2              		.eabi_attribute 20, 1
   3              		.eabi_attribute 21, 1
   4              		.eabi_attribute 23, 3
   5              		.eabi_attribute 24, 1
   6              		.eabi_attribute 25, 1
   7              		.eabi_attribute 26, 1
   8              		.eabi_attribute 30, 4
   9              		.eabi_attribute 34, 1
  10              		.eabi_attribute 18, 4
  11              		.file	"TMC6100.c"
  12              		.text
  13              	.Ltext0:
  14              		.cfi_sections	.debug_frame
  15              		.align	1
  16              		.global	tmc6100_readInt
  17              		.arch armv7e-m
  18              		.syntax unified
  19              		.thumb
  20              		.thumb_func
  21              		.fpu softvfp
  23              	tmc6100_readInt:
  24              	.LVL0:
  25              	.LFB0:
  26              		.file 1 "TMC-API/tmc/ic/TMC6100/TMC6100.c"
   1:TMC-API/tmc/ic/TMC6100/TMC6100.c **** /*
   2:TMC-API/tmc/ic/TMC6100/TMC6100.c ****  * TMC6100.c
   3:TMC-API/tmc/ic/TMC6100/TMC6100.c ****  *
   4:TMC-API/tmc/ic/TMC6100/TMC6100.c ****  *  Created on: 13.11.2019
   5:TMC-API/tmc/ic/TMC6100/TMC6100.c ****  *      Author: ED
   6:TMC-API/tmc/ic/TMC6100/TMC6100.c ****  */
   7:TMC-API/tmc/ic/TMC6100/TMC6100.c **** 
   8:TMC-API/tmc/ic/TMC6100/TMC6100.c **** #include "TMC6100.h"
   9:TMC-API/tmc/ic/TMC6100/TMC6100.c **** 
  10:TMC-API/tmc/ic/TMC6100/TMC6100.c **** // => SPI wrapper
  11:TMC-API/tmc/ic/TMC6100/TMC6100.c **** extern uint8_t tmc6100_readwriteByte(uint8_t motor, uint8_t data, uint8_t lastTransfer);
  12:TMC-API/tmc/ic/TMC6100/TMC6100.c **** // <= SPI wrapper
  13:TMC-API/tmc/ic/TMC6100/TMC6100.c **** 
  14:TMC-API/tmc/ic/TMC6100/TMC6100.c **** // spi access
  15:TMC-API/tmc/ic/TMC6100/TMC6100.c **** int tmc6100_readInt(uint8_t motor, uint8_t address)
  16:TMC-API/tmc/ic/TMC6100/TMC6100.c **** {
  27              		.loc 1 16 1 view -0
  28              		.cfi_startproc
  29              		@ args = 0, pretend = 0, frame = 0
  30              		@ frame_needed = 0, uses_anonymous_args = 0
  17:TMC-API/tmc/ic/TMC6100/TMC6100.c **** 	// clear write bit
  18:TMC-API/tmc/ic/TMC6100/TMC6100.c **** 	address = TMC_ADDRESS(address);
  31              		.loc 1 18 2 view .LVU1
  19:TMC-API/tmc/ic/TMC6100/TMC6100.c **** 
  20:TMC-API/tmc/ic/TMC6100/TMC6100.c **** 	// write address
  21:TMC-API/tmc/ic/TMC6100/TMC6100.c **** 	tmc6100_readwriteByte(motor, address, false);
  32              		.loc 1 21 2 view .LVU2
  16:TMC-API/tmc/ic/TMC6100/TMC6100.c **** 	// clear write bit
  33              		.loc 1 16 1 is_stmt 0 view .LVU3
  34 0000 38B5     		push	{r3, r4, r5, lr}
  35              	.LCFI0:
  36              		.cfi_def_cfa_offset 16
  37              		.cfi_offset 3, -16
  38              		.cfi_offset 4, -12
  39              		.cfi_offset 5, -8
  40              		.cfi_offset 14, -4
  41              		.loc 1 21 2 view .LVU4
  42 0002 0022     		movs	r2, #0
  43 0004 01F07F01 		and	r1, r1, #127
  44              	.LVL1:
  16:TMC-API/tmc/ic/TMC6100/TMC6100.c **** 	// clear write bit
  45              		.loc 1 16 1 view .LVU5
  46 0008 0446     		mov	r4, r0
  47              		.loc 1 21 2 view .LVU6
  48 000a FFF7FEFF 		bl	tmc6100_readwriteByte
  49              	.LVL2:
  22:TMC-API/tmc/ic/TMC6100/TMC6100.c **** 
  23:TMC-API/tmc/ic/TMC6100/TMC6100.c **** 	// read data
  24:TMC-API/tmc/ic/TMC6100/TMC6100.c **** 	int value = tmc6100_readwriteByte(motor, 0, false);
  50              		.loc 1 24 2 is_stmt 1 view .LVU7
  51              		.loc 1 24 14 is_stmt 0 view .LVU8
  52 000e 0022     		movs	r2, #0
  53 0010 1146     		mov	r1, r2
  54 0012 2046     		mov	r0, r4
  55 0014 FFF7FEFF 		bl	tmc6100_readwriteByte
  56              	.LVL3:
  25:TMC-API/tmc/ic/TMC6100/TMC6100.c **** 	value <<= 8;
  57              		.loc 1 25 2 is_stmt 1 view .LVU9
  26:TMC-API/tmc/ic/TMC6100/TMC6100.c **** 	value |= tmc6100_readwriteByte(motor, 0, false);
  58              		.loc 1 26 11 is_stmt 0 view .LVU10
  59 0018 0022     		movs	r2, #0
  60 001a 1146     		mov	r1, r2
  25:TMC-API/tmc/ic/TMC6100/TMC6100.c **** 	value <<= 8;
  61              		.loc 1 25 8 view .LVU11
  62 001c 0502     		lsls	r5, r0, #8
  63              	.LVL4:
  64              		.loc 1 26 2 is_stmt 1 view .LVU12
  65              		.loc 1 26 11 is_stmt 0 view .LVU13
  66 001e 2046     		mov	r0, r4
  67 0020 FFF7FEFF 		bl	tmc6100_readwriteByte
  68              	.LVL5:
  27:TMC-API/tmc/ic/TMC6100/TMC6100.c **** 	value <<= 8;
  28:TMC-API/tmc/ic/TMC6100/TMC6100.c **** 	value |= tmc6100_readwriteByte(motor, 0, false);
  69              		.loc 1 28 11 view .LVU14
  70 0024 0022     		movs	r2, #0
  71 0026 1146     		mov	r1, r2
  26:TMC-API/tmc/ic/TMC6100/TMC6100.c **** 	value |= tmc6100_readwriteByte(motor, 0, false);
  72              		.loc 1 26 8 view .LVU15
  73 0028 0543     		orrs	r5, r5, r0
  74              	.LVL6:
  27:TMC-API/tmc/ic/TMC6100/TMC6100.c **** 	value <<= 8;
  75              		.loc 1 27 2 is_stmt 1 view .LVU16
  76              		.loc 1 28 11 is_stmt 0 view .LVU17
  77 002a 2046     		mov	r0, r4
  78 002c FFF7FEFF 		bl	tmc6100_readwriteByte
  79              	.LVL7:
  27:TMC-API/tmc/ic/TMC6100/TMC6100.c **** 	value <<= 8;
  80              		.loc 1 27 8 view .LVU18
  81 0030 2D02     		lsls	r5, r5, #8
  82              	.LVL8:
  83              		.loc 1 28 2 is_stmt 1 view .LVU19
  84              		.loc 1 28 8 is_stmt 0 view .LVU20
  85 0032 0543     		orrs	r5, r5, r0
  86              	.LVL9:
  29:TMC-API/tmc/ic/TMC6100/TMC6100.c **** 	value <<= 8;
  87              		.loc 1 29 2 is_stmt 1 view .LVU21
  30:TMC-API/tmc/ic/TMC6100/TMC6100.c **** 	value |= tmc6100_readwriteByte(motor, 0, true);
  88              		.loc 1 30 11 is_stmt 0 view .LVU22
  89 0034 0122     		movs	r2, #1
  90 0036 0021     		movs	r1, #0
  91 0038 2046     		mov	r0, r4
  92 003a FFF7FEFF 		bl	tmc6100_readwriteByte
  93              	.LVL10:
  29:TMC-API/tmc/ic/TMC6100/TMC6100.c **** 	value <<= 8;
  94              		.loc 1 29 8 view .LVU23
  95 003e 2D02     		lsls	r5, r5, #8
  96              	.LVL11:
  97              		.loc 1 30 2 is_stmt 1 view .LVU24
  31:TMC-API/tmc/ic/TMC6100/TMC6100.c **** 
  32:TMC-API/tmc/ic/TMC6100/TMC6100.c **** 	return value;
  98              		.loc 1 32 2 view .LVU25
  33:TMC-API/tmc/ic/TMC6100/TMC6100.c **** }
  99              		.loc 1 33 1 is_stmt 0 view .LVU26
 100 0040 2843     		orrs	r0, r0, r5
 101              	.LVL12:
 102              		.loc 1 33 1 view .LVU27
 103 0042 38BD     		pop	{r3, r4, r5, pc}
 104              		.cfi_endproc
 105              	.LFE0:
 107              		.align	1
 108              		.global	tmc6100_writeInt
 109              		.syntax unified
 110              		.thumb
 111              		.thumb_func
 112              		.fpu softvfp
 114              	tmc6100_writeInt:
 115              	.LVL13:
 116              	.LFB1:
  34:TMC-API/tmc/ic/TMC6100/TMC6100.c **** 
  35:TMC-API/tmc/ic/TMC6100/TMC6100.c **** void tmc6100_writeInt(uint8_t motor, uint8_t address, int value)
  36:TMC-API/tmc/ic/TMC6100/TMC6100.c **** {
 117              		.loc 1 36 1 is_stmt 1 view -0
 118              		.cfi_startproc
 119              		@ args = 0, pretend = 0, frame = 0
 120              		@ frame_needed = 0, uses_anonymous_args = 0
  37:TMC-API/tmc/ic/TMC6100/TMC6100.c **** 	// write address
  38:TMC-API/tmc/ic/TMC6100/TMC6100.c **** 	tmc6100_readwriteByte(motor, address | TMC6100_WRITE_BIT, false);
 121              		.loc 1 38 2 view .LVU29
  36:TMC-API/tmc/ic/TMC6100/TMC6100.c **** 	// write address
 122              		.loc 1 36 1 is_stmt 0 view .LVU30
 123 0044 38B5     		push	{r3, r4, r5, lr}
 124              	.LCFI1:
 125              		.cfi_def_cfa_offset 16
 126              		.cfi_offset 3, -16
 127              		.cfi_offset 4, -12
 128              		.cfi_offset 5, -8
 129              		.cfi_offset 14, -4
 130              		.loc 1 38 2 view .LVU31
 131 0046 41F08001 		orr	r1, r1, #128
 132              	.LVL14:
  36:TMC-API/tmc/ic/TMC6100/TMC6100.c **** 	// write address
 133              		.loc 1 36 1 view .LVU32
 134 004a 0446     		mov	r4, r0
 135 004c 1546     		mov	r5, r2
 136              		.loc 1 38 2 view .LVU33
 137 004e 0022     		movs	r2, #0
 138              	.LVL15:
 139              		.loc 1 38 2 view .LVU34
 140 0050 FFF7FEFF 		bl	tmc6100_readwriteByte
 141              	.LVL16:
  39:TMC-API/tmc/ic/TMC6100/TMC6100.c **** 
  40:TMC-API/tmc/ic/TMC6100/TMC6100.c **** 	// write value
  41:TMC-API/tmc/ic/TMC6100/TMC6100.c **** 	tmc6100_readwriteByte(motor, 0xFF & (value>>24), false);
 142              		.loc 1 41 2 is_stmt 1 view .LVU35
 143 0054 290E     		lsrs	r1, r5, #24
 144 0056 0022     		movs	r2, #0
 145 0058 2046     		mov	r0, r4
 146 005a FFF7FEFF 		bl	tmc6100_readwriteByte
 147              	.LVL17:
  42:TMC-API/tmc/ic/TMC6100/TMC6100.c **** 	tmc6100_readwriteByte(motor, 0xFF & (value>>16), false);
 148              		.loc 1 42 2 view .LVU36
 149 005e C5F30741 		ubfx	r1, r5, #16, #8
 150 0062 0022     		movs	r2, #0
 151 0064 2046     		mov	r0, r4
 152 0066 FFF7FEFF 		bl	tmc6100_readwriteByte
 153              	.LVL18:
  43:TMC-API/tmc/ic/TMC6100/TMC6100.c **** 	tmc6100_readwriteByte(motor, 0xFF & (value>>8), false);
 154              		.loc 1 43 2 view .LVU37
 155 006a C5F30721 		ubfx	r1, r5, #8, #8
 156 006e 0022     		movs	r2, #0
 157 0070 2046     		mov	r0, r4
 158 0072 FFF7FEFF 		bl	tmc6100_readwriteByte
 159              	.LVL19:
  44:TMC-API/tmc/ic/TMC6100/TMC6100.c **** 	tmc6100_readwriteByte(motor, 0xFF & (value>>0), true);
 160              		.loc 1 44 2 view .LVU38
 161 0076 E9B2     		uxtb	r1, r5
 162 0078 2046     		mov	r0, r4
 163 007a 0122     		movs	r2, #1
  45:TMC-API/tmc/ic/TMC6100/TMC6100.c **** }
 164              		.loc 1 45 1 is_stmt 0 view .LVU39
 165 007c BDE83840 		pop	{r3, r4, r5, lr}
 166              	.LCFI2:
 167              		.cfi_restore 14
 168              		.cfi_restore 5
 169              		.cfi_restore 4
 170              		.cfi_restore 3
 171              		.cfi_def_cfa_offset 0
 172              	.LVL20:
  44:TMC-API/tmc/ic/TMC6100/TMC6100.c **** 	tmc6100_readwriteByte(motor, 0xFF & (value>>0), true);
 173              		.loc 1 44 2 view .LVU40
 174 0080 FFF7FEBF 		b	tmc6100_readwriteByte
 175              	.LVL21:
 176              		.cfi_endproc
 177              	.LFE1:
 179              	.Letext0:
 180              		.file 2 "c:\\program files (x86)\\gnu arm embedded toolchain\\9 2020-q2-update\\arm-none-eabi\\inc
 181              		.file 3 "c:\\program files (x86)\\gnu arm embedded toolchain\\9 2020-q2-update\\arm-none-eabi\\inc
 182              		.file 4 "c:\\program files (x86)\\gnu arm embedded toolchain\\9 2020-q2-update\\lib\\gcc\\arm-none
 183              		.file 5 "c:\\program files (x86)\\gnu arm embedded toolchain\\9 2020-q2-update\\arm-none-eabi\\inc
 184              		.file 6 "c:\\program files (x86)\\gnu arm embedded toolchain\\9 2020-q2-update\\arm-none-eabi\\inc
 185              		.file 7 "c:\\program files (x86)\\gnu arm embedded toolchain\\9 2020-q2-update\\arm-none-eabi\\inc
 186              		.file 8 "c:\\program files (x86)\\gnu arm embedded toolchain\\9 2020-q2-update\\arm-none-eabi\\inc
DEFINED SYMBOLS
                            *ABS*:00000000 TMC6100.c
C:\Users\Shubham\AppData\Local\Temp\ccw20IKf.s:15     .text:00000000 $t
C:\Users\Shubham\AppData\Local\Temp\ccw20IKf.s:23     .text:00000000 tmc6100_readInt
C:\Users\Shubham\AppData\Local\Temp\ccw20IKf.s:114    .text:00000044 tmc6100_writeInt

UNDEFINED SYMBOLS
tmc6100_readwriteByte
