   1              		.cpu cortex-m4
   2              		.eabi_attribute 20, 1
   3              		.eabi_attribute 21, 1
   4              		.eabi_attribute 23, 3
   5              		.eabi_attribute 24, 1
   6              		.eabi_attribute 25, 1
   7              		.eabi_attribute 26, 1
   8              		.eabi_attribute 30, 4
   9              		.eabi_attribute 34, 1
  10              		.eabi_attribute 18, 4
  11              		.file	"TMCDriver.c"
  12              		.text
  13              	.Ltext0:
  14              		.cfi_sections	.debug_frame
  15              		.align	1
  16              		.global	tmcdriver_init
  17              		.arch armv7e-m
  18              		.syntax unified
  19              		.thumb
  20              		.thumb_func
  21              		.fpu softvfp
  23              	tmcdriver_init:
  24              	.LFB1:
  25              		.file 1 "boards/TMCDriver.c"
   1:boards/TMCDriver.c **** #include "TMCDriver.h"
   2:boards/TMCDriver.c **** 
   3:boards/TMCDriver.c **** EvalBoardDriverTypeDef TMCDriver =
   4:boards/TMCDriver.c **** {
   5:boards/TMCDriver.c **** 	.config	=
   6:boards/TMCDriver.c **** 	{
   7:boards/TMCDriver.c **** 		.state           = CONFIG_READY,
   8:boards/TMCDriver.c **** 		.configIndex     = 0,
   9:boards/TMCDriver.c **** 		.shadowRegister  = { 0 }
  10:boards/TMCDriver.c **** 	}
  11:boards/TMCDriver.c **** };
  12:boards/TMCDriver.c **** 
  13:boards/TMCDriver.c **** void tmcdriver_init()
  14:boards/TMCDriver.c **** {
  26              		.loc 1 14 1 view -0
  27              		.cfi_startproc
  28              		@ args = 0, pretend = 0, frame = 0
  29              		@ frame_needed = 0, uses_anonymous_args = 0
  30              		@ link register save eliminated.
  15:boards/TMCDriver.c **** 	Evalboards.ch2.config               = &TMCDriver.config;
  31              		.loc 1 15 2 view .LVU1
  32              		.loc 1 15 38 is_stmt 0 view .LVU2
  33 0000 0A48     		ldr	r0, .L2
  34 0002 0B4B     		ldr	r3, .L2+4
  16:boards/TMCDriver.c **** 	Evalboards.ch2.config->state        = CONFIG_READY;
  35              		.loc 1 16 38 view .LVU3
  36 0004 0022     		movs	r2, #0
  17:boards/TMCDriver.c **** 	Evalboards.ch2.config->configIndex  = 0;
  18:boards/TMCDriver.c **** 
  19:boards/TMCDriver.c **** 	// Set the minimum required voltage to 0.1V here.
  20:boards/TMCDriver.c **** 	// A value of 0 indicates the Evalboard not connecting the VM line,
  21:boards/TMCDriver.c **** 	// resulting in skipped global minimum voltage checks.
  22:boards/TMCDriver.c **** 	Evalboards.ch2.VMMin                = 1;
  23:boards/TMCDriver.c **** 	Evalboards.ch2.VMMax                = -1;
  37              		.loc 1 23 38 view .LVU4
  38 0006 0121     		movs	r1, #1
  14:boards/TMCDriver.c **** 	Evalboards.ch2.config               = &TMCDriver.config;
  39              		.loc 1 14 1 view .LVU5
  40 0008 10B4     		push	{r4}
  41              	.LCFI0:
  42              		.cfi_def_cfa_offset 4
  43              		.cfi_offset 4, -4
  44              		.loc 1 23 38 view .LVU6
  45 000a 4FF0FF34 		mov	r4, #-1
  24:boards/TMCDriver.c **** 
  25:boards/TMCDriver.c **** 	Evalboards.ch2.numberOfMotors       = 0;
  46              		.loc 1 25 38 view .LVU7
  47 000e 80F88C20 		strb	r2, [r0, #140]
  16:boards/TMCDriver.c **** 	Evalboards.ch2.config->configIndex  = 0;
  48              		.loc 1 16 38 view .LVU8
  49 0012 1A80     		strh	r2, [r3]	@ movhi
  26:boards/TMCDriver.c **** 	Evalboards.ch2.errors               = 0;
  27:boards/TMCDriver.c **** 
  28:boards/TMCDriver.c **** 	Evalboards.ch2.config->channel      = CHANNEL_2;
  50              		.loc 1 28 38 view .LVU9
  51 0014 83F81012 		strb	r1, [r3, #528]
  23:boards/TMCDriver.c **** 
  52              		.loc 1 23 38 view .LVU10
  53 0018 C0E92141 		strd	r4, r1, [r0, #132]
  15:boards/TMCDriver.c **** 	Evalboards.ch2.config->state        = CONFIG_READY;
  54              		.loc 1 15 38 view .LVU11
  55 001c C0F89030 		str	r3, [r0, #144]
  16:boards/TMCDriver.c **** 	Evalboards.ch2.config->configIndex  = 0;
  56              		.loc 1 16 2 is_stmt 1 view .LVU12
  17:boards/TMCDriver.c **** 
  57              		.loc 1 17 2 view .LVU13
  22:boards/TMCDriver.c **** 	Evalboards.ch2.VMMax                = -1;
  58              		.loc 1 22 2 view .LVU14
  25:boards/TMCDriver.c **** 	Evalboards.ch2.errors               = 0;
  59              		.loc 1 25 2 view .LVU15
  26:boards/TMCDriver.c **** 
  60              		.loc 1 26 2 view .LVU16
  26:boards/TMCDriver.c **** 
  61              		.loc 1 26 38 is_stmt 0 view .LVU17
  62 0020 C0F88020 		str	r2, [r0, #128]
  63              		.loc 1 28 2 is_stmt 1 view .LVU18
  29:boards/TMCDriver.c **** 
  30:boards/TMCDriver.c **** 	board_setDummyFunctions(&Evalboards.ch2);
  64              		.loc 1 30 2 view .LVU19
  31:boards/TMCDriver.c **** }
  65              		.loc 1 31 1 is_stmt 0 view .LVU20
  66 0024 10BC     		pop	{r4}
  67              	.LCFI1:
  68              		.cfi_restore 4
  69              		.cfi_def_cfa_offset 0
  30:boards/TMCDriver.c **** }
  70              		.loc 1 30 2 view .LVU21
  71 0026 7830     		adds	r0, r0, #120
  72 0028 FFF7FEBF 		b	board_setDummyFunctions
  73              	.LVL0:
  74              	.L3:
  75              		.align	2
  76              	.L2:
  77 002c 00000000 		.word	Evalboards
  78 0030 00000000 		.word	.LANCHOR0
  79              		.cfi_endproc
  80              	.LFE1:
  82              		.global	TMCDriver
  83              		.comm	TMCMotionController,532,4
  84              		.comm	Evalboards,244,4
  85              		.comm	VitalSignsMonitor,20,4
  86              		.comm	hwid,1,1
  87              		.comm	HAL,48,4
  88              		.comm	UART,40,4
  89              		.comm	Timer,16,4
  90              		.comm	WLAN,36,4
  91              		.comm	RS232,36,4
  92              		.comm	LEDs,28,4
  93              		.comm	USB,36,4
  94              		.comm	uart0_interrupt,1,1
  95              		.comm	ADCs,32,4
  96              		.comm	SPI,44,4
  97              		.comm	IOMap,2088,4
  98              		.comm	IOs,52,4
  99              		.comm	Cpu,8,4
 100              		.bss
 101              		.align	2
 102              		.set	.LANCHOR0,. + 0
 105              	TMCDriver:
 106 0000 00000000 		.space	532
 106      00000000 
 106      00000000 
 106      00000000 
 106      00000000 
 109              	ADCValue:
 110 0214 00000000 		.space	12
 110      00000000 
 110      00000000 
 111              		.text
 112              	.Letext0:
 113              		.file 2 "c:\\program files (x86)\\gnu arm embedded toolchain\\9 2020-q2-update\\lib\\gcc\\arm-none
 114              		.file 3 "c:\\program files (x86)\\gnu arm embedded toolchain\\9 2020-q2-update\\arm-none-eabi\\inc
 115              		.file 4 "c:\\program files (x86)\\gnu arm embedded toolchain\\9 2020-q2-update\\arm-none-eabi\\inc
 116              		.file 5 "TMC-API/tmc/helpers/Types.h"
 117              		.file 6 "TMC-API/tmc/helpers/Config.h"
 118              		.file 7 "c:\\program files (x86)\\gnu arm embedded toolchain\\9 2020-q2-update\\arm-none-eabi\\inc
 119              		.file 8 "c:\\program files (x86)\\gnu arm embedded toolchain\\9 2020-q2-update\\arm-none-eabi\\inc
 120              		.file 9 "c:\\program files (x86)\\gnu arm embedded toolchain\\9 2020-q2-update\\arm-none-eabi\\inc
 121              		.file 10 "c:\\program files (x86)\\gnu arm embedded toolchain\\9 2020-q2-update\\arm-none-eabi\\in
 122              		.file 11 "hal/Landungsbruecke/freescale/MK20D10.h"
 123              		.file 12 "./hal/Landungsbruecke/freescale/USB_CDC/PE_Types.h"
 124              		.file 13 "./hal/Landungsbruecke/freescale/Cpu.h"
 125              		.file 14 "./hal/IOs.h"
 126              		.file 15 "./hal/IOMap.h"
 127              		.file 16 "./hal/SPI.h"
 128              		.file 17 "./hal/ADCs.h"
 129              		.file 18 "./hal/RXTX.h"
 130              		.file 19 "./hal/USB.h"
 131              		.file 20 "./hal/LEDs.h"
 132              		.file 21 "./hal/RS232.h"
 133              		.file 22 "./hal/WLAN.h"
 134              		.file 23 "./hal/Timer.h"
 135              		.file 24 "./hal/UART.h"
 136              		.file 25 "./hal/HAL.h"
 137              		.file 26 "./tmc/VitalSignsMonitor.h"
 138              		.file 27 "boards/Board.h"
 139              		.file 28 "boards/TMCMotionController.h"
 140              		.file 29 "boards/TMCDriver.h"
DEFINED SYMBOLS
                            *ABS*:00000000 TMCDriver.c
C:\Users\Shubham\AppData\Local\Temp\ccuWq5F2.s:15     .text:00000000 $t
C:\Users\Shubham\AppData\Local\Temp\ccuWq5F2.s:23     .text:00000000 tmcdriver_init
C:\Users\Shubham\AppData\Local\Temp\ccuWq5F2.s:77     .text:0000002c $d
                            *COM*:000000f4 Evalboards
C:\Users\Shubham\AppData\Local\Temp\ccuWq5F2.s:105    .bss:00000000 TMCDriver
                            *COM*:00000214 TMCMotionController
                            *COM*:00000014 VitalSignsMonitor
                            *COM*:00000001 hwid
                            *COM*:00000030 HAL
                            *COM*:00000028 UART
                            *COM*:00000010 Timer
                            *COM*:00000024 WLAN
                            *COM*:00000024 RS232
                            *COM*:0000001c LEDs
                            *COM*:00000024 USB
                            *COM*:00000001 uart0_interrupt
                            *COM*:00000020 ADCs
                            *COM*:0000002c SPI
                            *COM*:00000828 IOMap
                            *COM*:00000034 IOs
                            *COM*:00000008 Cpu
C:\Users\Shubham\AppData\Local\Temp\ccuWq5F2.s:101    .bss:00000000 $d
C:\Users\Shubham\AppData\Local\Temp\ccuWq5F2.s:109    .bss:00000214 ADCValue

UNDEFINED SYMBOLS
board_setDummyFunctions
