   1              		.cpu cortex-m4
   2              		.eabi_attribute 20, 1
   3              		.eabi_attribute 21, 1
   4              		.eabi_attribute 23, 3
   5              		.eabi_attribute 24, 1
   6              		.eabi_attribute 25, 1
   7              		.eabi_attribute 26, 1
   8              		.eabi_attribute 30, 4
   9              		.eabi_attribute 34, 1
  10              		.eabi_attribute 18, 4
  11              		.file	"USB0.c"
  12              		.text
  13              	.Ltext0:
  14              		.cfi_sections	.debug_frame
  15              		.align	1
  16              		.global	USB0_Init
  17              		.arch armv7e-m
  18              		.syntax unified
  19              		.thumb
  20              		.thumb_func
  21              		.fpu softvfp
  23              	USB0_Init:
  24              	.LFB0:
  25              		.file 1 "hal/Landungsbruecke/freescale/USB_CDC/USB0.c"
   1:hal/Landungsbruecke/freescale/USB_CDC/USB0.c **** /* ###################################################################
   2:hal/Landungsbruecke/freescale/USB_CDC/USB0.c **** **     THIS COMPONENT MODULE IS GENERATED BY THE TOOL. DO NOT MODIFY IT.
   3:hal/Landungsbruecke/freescale/USB_CDC/USB0.c **** **     Filename    : USB0.c
   4:hal/Landungsbruecke/freescale/USB_CDC/USB0.c **** **     Project     : Landungsbruecke_KDS_v2.0.0
   5:hal/Landungsbruecke/freescale/USB_CDC/USB0.c **** **     Processor   : MK20DN512VLL10
   6:hal/Landungsbruecke/freescale/USB_CDC/USB0.c **** **     Component   : Init_USB_OTG
   7:hal/Landungsbruecke/freescale/USB_CDC/USB0.c **** **     Version     : Component 01.004, Driver 01.04, CPU db: 3.00.000
   8:hal/Landungsbruecke/freescale/USB_CDC/USB0.c **** **     Compiler    : GNU C Compiler
   9:hal/Landungsbruecke/freescale/USB_CDC/USB0.c **** **     Date/Time   : 2015-01-09, 16:27, # CodeGen: 0
  10:hal/Landungsbruecke/freescale/USB_CDC/USB0.c **** **     Abstract    :
  11:hal/Landungsbruecke/freescale/USB_CDC/USB0.c **** **          This file implements the USB_OTG (USB0) module initialization
  12:hal/Landungsbruecke/freescale/USB_CDC/USB0.c **** **          according to the Peripheral Initialization settings, and
  13:hal/Landungsbruecke/freescale/USB_CDC/USB0.c **** **          defines interrupt service routines prototypes.
  14:hal/Landungsbruecke/freescale/USB_CDC/USB0.c **** **     Settings    :
  15:hal/Landungsbruecke/freescale/USB_CDC/USB0.c **** **          Component name                                 : USB0
  16:hal/Landungsbruecke/freescale/USB_CDC/USB0.c **** **          Device                                         : USB0
  17:hal/Landungsbruecke/freescale/USB_CDC/USB0.c **** **          Settings                                       :
  18:hal/Landungsbruecke/freescale/USB_CDC/USB0.c **** **            Clock gate                                   : Enabled
  19:hal/Landungsbruecke/freescale/USB_CDC/USB0.c **** **            Clock settings                               :
  20:hal/Landungsbruecke/freescale/USB_CDC/USB0.c **** **              Clock divider                              :
  21:hal/Landungsbruecke/freescale/USB_CDC/USB0.c **** **                Clock divider source                     : PLL/FLL clock
  22:hal/Landungsbruecke/freescale/USB_CDC/USB0.c **** **                Clock divider input frequency            : 96 MHz
  23:hal/Landungsbruecke/freescale/USB_CDC/USB0.c **** **                Clock divider fraction                   : multiply by 1
  24:hal/Landungsbruecke/freescale/USB_CDC/USB0.c **** **                Clock divider divisor                    : divide by 2
  25:hal/Landungsbruecke/freescale/USB_CDC/USB0.c **** **              Module clock source                        : Clock divider output
  26:hal/Landungsbruecke/freescale/USB_CDC/USB0.c **** **              Module clock frequency                     : 48 MHz
  27:hal/Landungsbruecke/freescale/USB_CDC/USB0.c **** **            Pull-up/pull-down settings                   :
  28:hal/Landungsbruecke/freescale/USB_CDC/USB0.c **** **              Weak pulldowns                             : Enabled
  29:hal/Landungsbruecke/freescale/USB_CDC/USB0.c **** **              Pull-up/pull-down control                  : Mode dependent
  30:hal/Landungsbruecke/freescale/USB_CDC/USB0.c **** **              D+ pull-up                                 : Disabled
  31:hal/Landungsbruecke/freescale/USB_CDC/USB0.c **** **              D+ pull-down                               : Disabled
  32:hal/Landungsbruecke/freescale/USB_CDC/USB0.c **** **              D- pull-down                               : Disabled
  33:hal/Landungsbruecke/freescale/USB_CDC/USB0.c **** **              D+ pull-up for non-OTG mode                : Disabled
  34:hal/Landungsbruecke/freescale/USB_CDC/USB0.c **** **            Endpoints                                    :
  35:hal/Landungsbruecke/freescale/USB_CDC/USB0.c **** **              EP0                                        : Disabled
  36:hal/Landungsbruecke/freescale/USB_CDC/USB0.c **** **                Direct low speed                         : Disabled
  37:hal/Landungsbruecke/freescale/USB_CDC/USB0.c **** **                Retry                                    : Enabled
  38:hal/Landungsbruecke/freescale/USB_CDC/USB0.c **** **                Setup transfers                          : Enabled
  39:hal/Landungsbruecke/freescale/USB_CDC/USB0.c **** **                Handshake                                : Disabled
  40:hal/Landungsbruecke/freescale/USB_CDC/USB0.c **** **                Rx transfer                              : Disabled
  41:hal/Landungsbruecke/freescale/USB_CDC/USB0.c **** **                Tx transfer                              : Disabled
  42:hal/Landungsbruecke/freescale/USB_CDC/USB0.c **** **                Force stall                              : Disabled
  43:hal/Landungsbruecke/freescale/USB_CDC/USB0.c **** **              EP1                                        : Disabled
  44:hal/Landungsbruecke/freescale/USB_CDC/USB0.c **** **                Setup transfers                          : Enabled
  45:hal/Landungsbruecke/freescale/USB_CDC/USB0.c **** **                Handshake                                : Disabled
  46:hal/Landungsbruecke/freescale/USB_CDC/USB0.c **** **                Rx transfer                              : Disabled
  47:hal/Landungsbruecke/freescale/USB_CDC/USB0.c **** **                Tx transfer                              : Disabled
  48:hal/Landungsbruecke/freescale/USB_CDC/USB0.c **** **                Force stall                              : Disabled
  49:hal/Landungsbruecke/freescale/USB_CDC/USB0.c **** **              EP2                                        : Disabled
  50:hal/Landungsbruecke/freescale/USB_CDC/USB0.c **** **                Setup transfers                          : Enabled
  51:hal/Landungsbruecke/freescale/USB_CDC/USB0.c **** **                Handshake                                : Disabled
  52:hal/Landungsbruecke/freescale/USB_CDC/USB0.c **** **                Rx transfer                              : Disabled
  53:hal/Landungsbruecke/freescale/USB_CDC/USB0.c **** **                Tx transfer                              : Disabled
  54:hal/Landungsbruecke/freescale/USB_CDC/USB0.c **** **                Force stall                              : Disabled
  55:hal/Landungsbruecke/freescale/USB_CDC/USB0.c **** **              EP3                                        : Disabled
  56:hal/Landungsbruecke/freescale/USB_CDC/USB0.c **** **                Setup transfers                          : Enabled
  57:hal/Landungsbruecke/freescale/USB_CDC/USB0.c **** **                Handshake                                : Disabled
  58:hal/Landungsbruecke/freescale/USB_CDC/USB0.c **** **                Rx transfer                              : Disabled
  59:hal/Landungsbruecke/freescale/USB_CDC/USB0.c **** **                Tx transfer                              : Disabled
  60:hal/Landungsbruecke/freescale/USB_CDC/USB0.c **** **                Force stall                              : Disabled
  61:hal/Landungsbruecke/freescale/USB_CDC/USB0.c **** **              EP4                                        : Disabled
  62:hal/Landungsbruecke/freescale/USB_CDC/USB0.c **** **                Setup transfers                          : Enabled
  63:hal/Landungsbruecke/freescale/USB_CDC/USB0.c **** **                Handshake                                : Disabled
  64:hal/Landungsbruecke/freescale/USB_CDC/USB0.c **** **                Rx transfer                              : Disabled
  65:hal/Landungsbruecke/freescale/USB_CDC/USB0.c **** **                Tx transfer                              : Disabled
  66:hal/Landungsbruecke/freescale/USB_CDC/USB0.c **** **                Force stall                              : Disabled
  67:hal/Landungsbruecke/freescale/USB_CDC/USB0.c **** **              EP5                                        : Disabled
  68:hal/Landungsbruecke/freescale/USB_CDC/USB0.c **** **                Setup transfers                          : Enabled
  69:hal/Landungsbruecke/freescale/USB_CDC/USB0.c **** **                Handshake                                : Disabled
  70:hal/Landungsbruecke/freescale/USB_CDC/USB0.c **** **                Rx transfer                              : Disabled
  71:hal/Landungsbruecke/freescale/USB_CDC/USB0.c **** **                Tx transfer                              : Disabled
  72:hal/Landungsbruecke/freescale/USB_CDC/USB0.c **** **                Force stall                              : Disabled
  73:hal/Landungsbruecke/freescale/USB_CDC/USB0.c **** **              EP6                                        : Disabled
  74:hal/Landungsbruecke/freescale/USB_CDC/USB0.c **** **                Setup transfers                          : Enabled
  75:hal/Landungsbruecke/freescale/USB_CDC/USB0.c **** **                Handshake                                : Disabled
  76:hal/Landungsbruecke/freescale/USB_CDC/USB0.c **** **                Rx transfer                              : Disabled
  77:hal/Landungsbruecke/freescale/USB_CDC/USB0.c **** **                Tx transfer                              : Disabled
  78:hal/Landungsbruecke/freescale/USB_CDC/USB0.c **** **                Force stall                              : Disabled
  79:hal/Landungsbruecke/freescale/USB_CDC/USB0.c **** **              EP7                                        : Disabled
  80:hal/Landungsbruecke/freescale/USB_CDC/USB0.c **** **                Setup transfers                          : Enabled
  81:hal/Landungsbruecke/freescale/USB_CDC/USB0.c **** **                Handshake                                : Disabled
  82:hal/Landungsbruecke/freescale/USB_CDC/USB0.c **** **                Rx transfer                              : Disabled
  83:hal/Landungsbruecke/freescale/USB_CDC/USB0.c **** **                Tx transfer                              : Disabled
  84:hal/Landungsbruecke/freescale/USB_CDC/USB0.c **** **                Force stall                              : Disabled
  85:hal/Landungsbruecke/freescale/USB_CDC/USB0.c **** **              EP8                                        : Disabled
  86:hal/Landungsbruecke/freescale/USB_CDC/USB0.c **** **                Setup transfers                          : Enabled
  87:hal/Landungsbruecke/freescale/USB_CDC/USB0.c **** **                Handshake                                : Disabled
  88:hal/Landungsbruecke/freescale/USB_CDC/USB0.c **** **                Rx transfer                              : Disabled
  89:hal/Landungsbruecke/freescale/USB_CDC/USB0.c **** **                Tx transfer                              : Disabled
  90:hal/Landungsbruecke/freescale/USB_CDC/USB0.c **** **                Force stall                              : Disabled
  91:hal/Landungsbruecke/freescale/USB_CDC/USB0.c **** **              EP9                                        : Disabled
  92:hal/Landungsbruecke/freescale/USB_CDC/USB0.c **** **                Setup transfers                          : Enabled
  93:hal/Landungsbruecke/freescale/USB_CDC/USB0.c **** **                Handshake                                : Disabled
  94:hal/Landungsbruecke/freescale/USB_CDC/USB0.c **** **                Rx transfer                              : Disabled
  95:hal/Landungsbruecke/freescale/USB_CDC/USB0.c **** **                Tx transfer                              : Disabled
  96:hal/Landungsbruecke/freescale/USB_CDC/USB0.c **** **                Force stall                              : Disabled
  97:hal/Landungsbruecke/freescale/USB_CDC/USB0.c **** **              EP10                                       : Disabled
  98:hal/Landungsbruecke/freescale/USB_CDC/USB0.c **** **                Setup transfers                          : Enabled
  99:hal/Landungsbruecke/freescale/USB_CDC/USB0.c **** **                Handshake                                : Disabled
 100:hal/Landungsbruecke/freescale/USB_CDC/USB0.c **** **                Rx transfer                              : Disabled
 101:hal/Landungsbruecke/freescale/USB_CDC/USB0.c **** **                Tx transfer                              : Disabled
 102:hal/Landungsbruecke/freescale/USB_CDC/USB0.c **** **                Force stall                              : Disabled
 103:hal/Landungsbruecke/freescale/USB_CDC/USB0.c **** **              EP11                                       : Disabled
 104:hal/Landungsbruecke/freescale/USB_CDC/USB0.c **** **                Setup transfers                          : Enabled
 105:hal/Landungsbruecke/freescale/USB_CDC/USB0.c **** **                Handshake                                : Disabled
 106:hal/Landungsbruecke/freescale/USB_CDC/USB0.c **** **                Rx transfer                              : Disabled
 107:hal/Landungsbruecke/freescale/USB_CDC/USB0.c **** **                Tx transfer                              : Disabled
 108:hal/Landungsbruecke/freescale/USB_CDC/USB0.c **** **                Force stall                              : Disabled
 109:hal/Landungsbruecke/freescale/USB_CDC/USB0.c **** **              EP12                                       : Disabled
 110:hal/Landungsbruecke/freescale/USB_CDC/USB0.c **** **                Setup transfers                          : Enabled
 111:hal/Landungsbruecke/freescale/USB_CDC/USB0.c **** **                Handshake                                : Disabled
 112:hal/Landungsbruecke/freescale/USB_CDC/USB0.c **** **                Rx transfer                              : Disabled
 113:hal/Landungsbruecke/freescale/USB_CDC/USB0.c **** **                Tx transfer                              : Disabled
 114:hal/Landungsbruecke/freescale/USB_CDC/USB0.c **** **                Force stall                              : Disabled
 115:hal/Landungsbruecke/freescale/USB_CDC/USB0.c **** **              EP13                                       : Disabled
 116:hal/Landungsbruecke/freescale/USB_CDC/USB0.c **** **                Setup transfers                          : Enabled
 117:hal/Landungsbruecke/freescale/USB_CDC/USB0.c **** **                Handshake                                : Disabled
 118:hal/Landungsbruecke/freescale/USB_CDC/USB0.c **** **                Rx transfer                              : Disabled
 119:hal/Landungsbruecke/freescale/USB_CDC/USB0.c **** **                Tx transfer                              : Disabled
 120:hal/Landungsbruecke/freescale/USB_CDC/USB0.c **** **                Force stall                              : Disabled
 121:hal/Landungsbruecke/freescale/USB_CDC/USB0.c **** **              EP14                                       : Disabled
 122:hal/Landungsbruecke/freescale/USB_CDC/USB0.c **** **                Setup transfers                          : Enabled
 123:hal/Landungsbruecke/freescale/USB_CDC/USB0.c **** **                Handshake                                : Disabled
 124:hal/Landungsbruecke/freescale/USB_CDC/USB0.c **** **                Rx transfer                              : Disabled
 125:hal/Landungsbruecke/freescale/USB_CDC/USB0.c **** **                Tx transfer                              : Disabled
 126:hal/Landungsbruecke/freescale/USB_CDC/USB0.c **** **                Force stall                              : Disabled
 127:hal/Landungsbruecke/freescale/USB_CDC/USB0.c **** **              EP15                                       : Disabled
 128:hal/Landungsbruecke/freescale/USB_CDC/USB0.c **** **                Setup transfers                          : Enabled
 129:hal/Landungsbruecke/freescale/USB_CDC/USB0.c **** **                Handshake                                : Disabled
 130:hal/Landungsbruecke/freescale/USB_CDC/USB0.c **** **                Rx transfer                              : Disabled
 131:hal/Landungsbruecke/freescale/USB_CDC/USB0.c **** **                Tx transfer                              : Disabled
 132:hal/Landungsbruecke/freescale/USB_CDC/USB0.c **** **                Force stall                              : Disabled
 133:hal/Landungsbruecke/freescale/USB_CDC/USB0.c **** **            Buffer descriptor table                      :
 134:hal/Landungsbruecke/freescale/USB_CDC/USB0.c **** **              External object declaration                : extern uint8 g_Mem[];
 135:hal/Landungsbruecke/freescale/USB_CDC/USB0.c **** **              Address                                    : ((uint32)&g_Mem[0])
 136:hal/Landungsbruecke/freescale/USB_CDC/USB0.c **** **            SOF threshold                                : 0
 137:hal/Landungsbruecke/freescale/USB_CDC/USB0.c **** **          Pins                                           :
 138:hal/Landungsbruecke/freescale/USB_CDC/USB0.c **** **            Alternate clock source                       : Disabled
 139:hal/Landungsbruecke/freescale/USB_CDC/USB0.c **** **            SOF output                                   : Disabled
 140:hal/Landungsbruecke/freescale/USB_CDC/USB0.c **** **            Data plus                                    : Enabled
 141:hal/Landungsbruecke/freescale/USB_CDC/USB0.c **** **              Pin                                        : USB0_DP
 142:hal/Landungsbruecke/freescale/USB_CDC/USB0.c **** **              Pin signal                                 :
 143:hal/Landungsbruecke/freescale/USB_CDC/USB0.c **** **            Data minus                                   : Enabled
 144:hal/Landungsbruecke/freescale/USB_CDC/USB0.c **** **              Pin                                        : USB0_DM
 145:hal/Landungsbruecke/freescale/USB_CDC/USB0.c **** **              Pin signal                                 :
 146:hal/Landungsbruecke/freescale/USB_CDC/USB0.c **** **          Interrupts                                     :
 147:hal/Landungsbruecke/freescale/USB_CDC/USB0.c **** **            USB                                          :
 148:hal/Landungsbruecke/freescale/USB_CDC/USB0.c **** **              Interrupt                                  : INT_USB0
 149:hal/Landungsbruecke/freescale/USB_CDC/USB0.c **** **              Interrupt request                          : Disabled
 150:hal/Landungsbruecke/freescale/USB_CDC/USB0.c **** **              Interrupt priority                         : 0 (Highest)
 151:hal/Landungsbruecke/freescale/USB_CDC/USB0.c **** **              ISR Name                                   : USB_ISR
 152:hal/Landungsbruecke/freescale/USB_CDC/USB0.c **** **              Stall                                      : Enabled
 153:hal/Landungsbruecke/freescale/USB_CDC/USB0.c **** **              Attach                                     : Enabled
 154:hal/Landungsbruecke/freescale/USB_CDC/USB0.c **** **              Resume                                     : Enabled
 155:hal/Landungsbruecke/freescale/USB_CDC/USB0.c **** **              Sleep                                      : Enabled
 156:hal/Landungsbruecke/freescale/USB_CDC/USB0.c **** **              Token OK                                   : Enabled
 157:hal/Landungsbruecke/freescale/USB_CDC/USB0.c **** **              Start of frame                             : Enabled
 158:hal/Landungsbruecke/freescale/USB_CDC/USB0.c **** **              Error interrupt                            : Enabled
 159:hal/Landungsbruecke/freescale/USB_CDC/USB0.c **** **              USB reset                                  : Enabled
 160:hal/Landungsbruecke/freescale/USB_CDC/USB0.c **** **              Asynchronous Resume interrupt              : Enabled
 161:hal/Landungsbruecke/freescale/USB_CDC/USB0.c **** **              Error interrupts                           :
 162:hal/Landungsbruecke/freescale/USB_CDC/USB0.c **** **                Bit stuff error                          : Disabled
 163:hal/Landungsbruecke/freescale/USB_CDC/USB0.c **** **                DMA error                                : Disabled
 164:hal/Landungsbruecke/freescale/USB_CDC/USB0.c **** **                Bus turnaround timeout                   : Disabled
 165:hal/Landungsbruecke/freescale/USB_CDC/USB0.c **** **                Data length error                        : Disabled
 166:hal/Landungsbruecke/freescale/USB_CDC/USB0.c **** **                CRC16 error                              : Disabled
 167:hal/Landungsbruecke/freescale/USB_CDC/USB0.c **** **                CRC5 or EOF                              : Disabled
 168:hal/Landungsbruecke/freescale/USB_CDC/USB0.c **** **                PID error                                : Disabled
 169:hal/Landungsbruecke/freescale/USB_CDC/USB0.c **** **              OTG interrupts                             :
 170:hal/Landungsbruecke/freescale/USB_CDC/USB0.c **** **                ID pin changed                           : Disabled
 171:hal/Landungsbruecke/freescale/USB_CDC/USB0.c **** **                1 ms interrupt                           : Disabled
 172:hal/Landungsbruecke/freescale/USB_CDC/USB0.c **** **                Line stage change                        : Disabled
 173:hal/Landungsbruecke/freescale/USB_CDC/USB0.c **** **                Session valid                            : Disabled
 174:hal/Landungsbruecke/freescale/USB_CDC/USB0.c **** **                "B" session end                          : Disabled
 175:hal/Landungsbruecke/freescale/USB_CDC/USB0.c **** **                "A" bus valid                            : Disabled
 176:hal/Landungsbruecke/freescale/USB_CDC/USB0.c **** **          Initialization                                 :
 177:hal/Landungsbruecke/freescale/USB_CDC/USB0.c **** **            Mode                                         : Device
 178:hal/Landungsbruecke/freescale/USB_CDC/USB0.c **** **            USB transceiver suspend state                : Enabled
 179:hal/Landungsbruecke/freescale/USB_CDC/USB0.c **** **            Call Init method                             : yes
 180:hal/Landungsbruecke/freescale/USB_CDC/USB0.c **** **     Contents    :
 181:hal/Landungsbruecke/freescale/USB_CDC/USB0.c **** **         Init - void USB0_Init(void);
 182:hal/Landungsbruecke/freescale/USB_CDC/USB0.c **** **
 183:hal/Landungsbruecke/freescale/USB_CDC/USB0.c **** **     Copyright : 1997 - 2014 Freescale Semiconductor, Inc.
 184:hal/Landungsbruecke/freescale/USB_CDC/USB0.c **** **     All Rights Reserved.
 185:hal/Landungsbruecke/freescale/USB_CDC/USB0.c **** **
 186:hal/Landungsbruecke/freescale/USB_CDC/USB0.c **** **     Redistribution and use in source and binary forms, with or without modification,
 187:hal/Landungsbruecke/freescale/USB_CDC/USB0.c **** **     are permitted provided that the following conditions are met:
 188:hal/Landungsbruecke/freescale/USB_CDC/USB0.c **** **
 189:hal/Landungsbruecke/freescale/USB_CDC/USB0.c **** **     o Redistributions of source code must retain the above copyright notice, this list
 190:hal/Landungsbruecke/freescale/USB_CDC/USB0.c **** **       of conditions and the following disclaimer.
 191:hal/Landungsbruecke/freescale/USB_CDC/USB0.c **** **
 192:hal/Landungsbruecke/freescale/USB_CDC/USB0.c **** **     o Redistributions in binary form must reproduce the above copyright notice, this
 193:hal/Landungsbruecke/freescale/USB_CDC/USB0.c **** **       list of conditions and the following disclaimer in the documentation and/or
 194:hal/Landungsbruecke/freescale/USB_CDC/USB0.c **** **       other materials provided with the distribution.
 195:hal/Landungsbruecke/freescale/USB_CDC/USB0.c **** **
 196:hal/Landungsbruecke/freescale/USB_CDC/USB0.c **** **     o Neither the name of Freescale Semiconductor, Inc. nor the names of its
 197:hal/Landungsbruecke/freescale/USB_CDC/USB0.c **** **       contributors may be used to endorse or promote products derived from this
 198:hal/Landungsbruecke/freescale/USB_CDC/USB0.c **** **       software without specific prior written permission.
 199:hal/Landungsbruecke/freescale/USB_CDC/USB0.c **** **
 200:hal/Landungsbruecke/freescale/USB_CDC/USB0.c **** **     THIS SOFTWARE IS PROVIDED BY THE COPYRIGHT HOLDERS AND CONTRIBUTORS "AS IS" AND
 201:hal/Landungsbruecke/freescale/USB_CDC/USB0.c **** **     ANY EXPRESS OR IMPLIED WARRANTIES, INCLUDING, BUT NOT LIMITED TO, THE IMPLIED
 202:hal/Landungsbruecke/freescale/USB_CDC/USB0.c **** **     WARRANTIES OF MERCHANTABILITY AND FITNESS FOR A PARTICULAR PURPOSE ARE
 203:hal/Landungsbruecke/freescale/USB_CDC/USB0.c **** **     DISCLAIMED. IN NO EVENT SHALL THE COPYRIGHT HOLDER OR CONTRIBUTORS BE LIABLE FOR
 204:hal/Landungsbruecke/freescale/USB_CDC/USB0.c **** **     ANY DIRECT, INDIRECT, INCIDENTAL, SPECIAL, EXEMPLARY, OR CONSEQUENTIAL DAMAGES
 205:hal/Landungsbruecke/freescale/USB_CDC/USB0.c **** **     (INCLUDING, BUT NOT LIMITED TO, PROCUREMENT OF SUBSTITUTE GOODS OR SERVICES;
 206:hal/Landungsbruecke/freescale/USB_CDC/USB0.c **** **     LOSS OF USE, DATA, OR PROFITS; OR BUSINESS INTERRUPTION) HOWEVER CAUSED AND ON
 207:hal/Landungsbruecke/freescale/USB_CDC/USB0.c **** **     ANY THEORY OF LIABILITY, WHETHER IN CONTRACT, STRICT LIABILITY, OR TORT
 208:hal/Landungsbruecke/freescale/USB_CDC/USB0.c **** **     (INCLUDING NEGLIGENCE OR OTHERWISE) ARISING IN ANY WAY OUT OF THE USE OF THIS
 209:hal/Landungsbruecke/freescale/USB_CDC/USB0.c **** **     SOFTWARE, EVEN IF ADVISED OF THE POSSIBILITY OF SUCH DAMAGE.
 210:hal/Landungsbruecke/freescale/USB_CDC/USB0.c **** **
 211:hal/Landungsbruecke/freescale/USB_CDC/USB0.c **** **     http: www.freescale.com
 212:hal/Landungsbruecke/freescale/USB_CDC/USB0.c **** **     mail: support@freescale.com
 213:hal/Landungsbruecke/freescale/USB_CDC/USB0.c **** ** ###################################################################*/
 214:hal/Landungsbruecke/freescale/USB_CDC/USB0.c **** /*!
 215:hal/Landungsbruecke/freescale/USB_CDC/USB0.c **** ** @file USB0.c
 216:hal/Landungsbruecke/freescale/USB_CDC/USB0.c **** ** @version 01.04
 217:hal/Landungsbruecke/freescale/USB_CDC/USB0.c **** ** @brief
 218:hal/Landungsbruecke/freescale/USB_CDC/USB0.c **** **          This file implements the USB_OTG (USB0) module initialization
 219:hal/Landungsbruecke/freescale/USB_CDC/USB0.c **** **          according to the Peripheral Initialization settings, and
 220:hal/Landungsbruecke/freescale/USB_CDC/USB0.c **** **          defines interrupt service routines prototypes.
 221:hal/Landungsbruecke/freescale/USB_CDC/USB0.c **** */
 222:hal/Landungsbruecke/freescale/USB_CDC/USB0.c **** /*!
 223:hal/Landungsbruecke/freescale/USB_CDC/USB0.c **** **  @addtogroup USB0_module USB0 module documentation
 224:hal/Landungsbruecke/freescale/USB_CDC/USB0.c **** **  @{
 225:hal/Landungsbruecke/freescale/USB_CDC/USB0.c **** */
 226:hal/Landungsbruecke/freescale/USB_CDC/USB0.c **** 
 227:hal/Landungsbruecke/freescale/USB_CDC/USB0.c **** /* MODULE USB0. */
 228:hal/Landungsbruecke/freescale/USB_CDC/USB0.c **** 
 229:hal/Landungsbruecke/freescale/USB_CDC/USB0.c **** #include "USB0.h"
 230:hal/Landungsbruecke/freescale/USB_CDC/USB0.c ****   /* Including shared modules, which are used in the whole project */
 231:hal/Landungsbruecke/freescale/USB_CDC/USB0.c **** #include "PE_Types.h"
 232:hal/Landungsbruecke/freescale/USB_CDC/USB0.c **** #include "PE_Error.h"
 233:hal/Landungsbruecke/freescale/USB_CDC/USB0.c **** #include "PE_Const.h"
 234:hal/Landungsbruecke/freescale/USB_CDC/USB0.c **** #include "hal/derivative.h"
 235:hal/Landungsbruecke/freescale/USB_CDC/USB0.c **** 
 236:hal/Landungsbruecke/freescale/USB_CDC/USB0.c **** 
 237:hal/Landungsbruecke/freescale/USB_CDC/USB0.c **** /*
 238:hal/Landungsbruecke/freescale/USB_CDC/USB0.c **** ** ===================================================================
 239:hal/Landungsbruecke/freescale/USB_CDC/USB0.c **** **     Method      :  USB0_Init (component Init_USB_OTG)
 240:hal/Landungsbruecke/freescale/USB_CDC/USB0.c **** **     Description :
 241:hal/Landungsbruecke/freescale/USB_CDC/USB0.c **** **         This method initializes registers of the USB_OTG module
 242:hal/Landungsbruecke/freescale/USB_CDC/USB0.c **** **         according to the Peripheral Initialization settings.
 243:hal/Landungsbruecke/freescale/USB_CDC/USB0.c **** **         Call this method in user code to initialize the module. By
 244:hal/Landungsbruecke/freescale/USB_CDC/USB0.c **** **         default, the method is called by PE automatically; see "Call
 245:hal/Landungsbruecke/freescale/USB_CDC/USB0.c **** **         Init method" property of the component for more details.
 246:hal/Landungsbruecke/freescale/USB_CDC/USB0.c **** **     Parameters  : None
 247:hal/Landungsbruecke/freescale/USB_CDC/USB0.c **** **     Returns     : Nothing
 248:hal/Landungsbruecke/freescale/USB_CDC/USB0.c **** ** ===================================================================
 249:hal/Landungsbruecke/freescale/USB_CDC/USB0.c **** */
 250:hal/Landungsbruecke/freescale/USB_CDC/USB0.c **** extern uint8 g_Mem[];
 251:hal/Landungsbruecke/freescale/USB_CDC/USB0.c **** void USB0_Init(void)
 252:hal/Landungsbruecke/freescale/USB_CDC/USB0.c **** {
  26              		.loc 1 252 1 view -0
  27              		.cfi_startproc
  28              		@ args = 0, pretend = 0, frame = 0
  29              		@ frame_needed = 0, uses_anonymous_args = 0
  30              		@ link register save eliminated.
 253:hal/Landungsbruecke/freescale/USB_CDC/USB0.c ****   /* SIM_CLKDIV2: USBDIV=1,USBFRAC=0 */
 254:hal/Landungsbruecke/freescale/USB_CDC/USB0.c ****   SIM_CLKDIV2 = (uint32)((SIM_CLKDIV2 & (uint32)~(uint32)(
  31              		.loc 1 254 3 view .LVU1
  32              		.loc 1 254 27 is_stmt 0 view .LVU2
  33 0000 354B     		ldr	r3, .L2
  34 0002 41F24801 		movw	r1, #4168
  35 0006 5A58     		ldr	r2, [r3, r1]
  36              		.loc 1 254 17 view .LVU3
  37 0008 22F00F02 		bic	r2, r2, #15
  38 000c 42F00202 		orr	r2, r2, #2
  39              		.loc 1 254 15 view .LVU4
  40 0010 5A50     		str	r2, [r3, r1]
 255:hal/Landungsbruecke/freescale/USB_CDC/USB0.c ****                  SIM_CLKDIV2_USBDIV(0x06) |
 256:hal/Landungsbruecke/freescale/USB_CDC/USB0.c ****                  SIM_CLKDIV2_USBFRAC_MASK
 257:hal/Landungsbruecke/freescale/USB_CDC/USB0.c ****                 )) | (uint32)(
 258:hal/Landungsbruecke/freescale/USB_CDC/USB0.c ****                  SIM_CLKDIV2_USBDIV(0x01)
 259:hal/Landungsbruecke/freescale/USB_CDC/USB0.c ****                 ));
 260:hal/Landungsbruecke/freescale/USB_CDC/USB0.c ****   /* SIM_SOPT2: USBSRC=1 */
 261:hal/Landungsbruecke/freescale/USB_CDC/USB0.c ****   SIM_SOPT2 |= SIM_SOPT2_USBSRC_MASK;
  41              		.loc 1 261 3 is_stmt 1 view .LVU5
  42              		.loc 1 261 13 is_stmt 0 view .LVU6
  43 0012 41F20401 		movw	r1, #4100
  44 0016 5A58     		ldr	r2, [r3, r1]
  45 0018 42F48022 		orr	r2, r2, #262144
  46 001c 5A50     		str	r2, [r3, r1]
 262:hal/Landungsbruecke/freescale/USB_CDC/USB0.c ****   /* SIM_SCGC4: USBOTG=1 */
 263:hal/Landungsbruecke/freescale/USB_CDC/USB0.c ****   SIM_SCGC4 |= SIM_SCGC4_USBOTG_MASK;
  47              		.loc 1 263 3 is_stmt 1 view .LVU7
  48              		.loc 1 263 13 is_stmt 0 view .LVU8
  49 001e 41F23401 		movw	r1, #4148
  50 0022 5A58     		ldr	r2, [r3, r1]
  51 0024 42F48022 		orr	r2, r2, #262144
  52 0028 5A50     		str	r2, [r3, r1]
 264:hal/Landungsbruecke/freescale/USB_CDC/USB0.c ****   /* USB0_CTL: ODDRST=1 */
 265:hal/Landungsbruecke/freescale/USB_CDC/USB0.c ****   USB0_CTL |= USB_CTL_ODDRST_MASK;
  53              		.loc 1 265 3 is_stmt 1 view .LVU9
  54              		.loc 1 265 12 is_stmt 0 view .LVU10
  55 002a 03F52C33 		add	r3, r3, #176128
 266:hal/Landungsbruecke/freescale/USB_CDC/USB0.c ****   /* USB0_USBCTRL: SUSP=1,PDE=1,??=0,??=0,??=0,??=0,??=0,??=0 */
 267:hal/Landungsbruecke/freescale/USB_CDC/USB0.c ****   USB0_USBCTRL = (USB_USBCTRL_SUSP_MASK | USB_USBCTRL_PDE_MASK);
 268:hal/Landungsbruecke/freescale/USB_CDC/USB0.c ****   /* USB0_OTGISTAT: IDCHG=1,ONEMSEC=1,LINE_STATE_CHG=1,??=1,SESSVLDCHG=1,B_SESS_CHG=1,??=1,AVBUSCHG
 269:hal/Landungsbruecke/freescale/USB_CDC/USB0.c ****   USB0_OTGISTAT = USB_OTGISTAT_IDCHG_MASK |
 270:hal/Landungsbruecke/freescale/USB_CDC/USB0.c ****                   USB_OTGISTAT_ONEMSEC_MASK |
 271:hal/Landungsbruecke/freescale/USB_CDC/USB0.c ****                   USB_OTGISTAT_LINE_STATE_CHG_MASK |
 272:hal/Landungsbruecke/freescale/USB_CDC/USB0.c ****                   USB_OTGISTAT_SESSVLDCHG_MASK |
 273:hal/Landungsbruecke/freescale/USB_CDC/USB0.c ****                   USB_OTGISTAT_B_SESS_CHG_MASK |
 274:hal/Landungsbruecke/freescale/USB_CDC/USB0.c ****                   USB_OTGISTAT_AVBUSCHG_MASK |
 275:hal/Landungsbruecke/freescale/USB_CDC/USB0.c ****                   0x12U;
 276:hal/Landungsbruecke/freescale/USB_CDC/USB0.c ****   /* USB0_ISTAT: STALL=1,ATTACH=1,RESUME=1,SLEEP=1,TOKDNE=1,SOFTOK=1,ERROR=1,USBRST=1 */
 277:hal/Landungsbruecke/freescale/USB_CDC/USB0.c ****   USB0_ISTAT = USB_ISTAT_STALL_MASK |
 278:hal/Landungsbruecke/freescale/USB_CDC/USB0.c ****                USB_ISTAT_ATTACH_MASK |
 279:hal/Landungsbruecke/freescale/USB_CDC/USB0.c ****                USB_ISTAT_RESUME_MASK |
 280:hal/Landungsbruecke/freescale/USB_CDC/USB0.c ****                USB_ISTAT_SLEEP_MASK |
 281:hal/Landungsbruecke/freescale/USB_CDC/USB0.c ****                USB_ISTAT_TOKDNE_MASK |
 282:hal/Landungsbruecke/freescale/USB_CDC/USB0.c ****                USB_ISTAT_SOFTOK_MASK |
 283:hal/Landungsbruecke/freescale/USB_CDC/USB0.c ****                USB_ISTAT_ERROR_MASK |
 284:hal/Landungsbruecke/freescale/USB_CDC/USB0.c ****                USB_ISTAT_USBRST_MASK;
 285:hal/Landungsbruecke/freescale/USB_CDC/USB0.c ****   /* USB0_ERRSTAT: BTSERR=1,??=1,DMAERR=1,BTOERR=1,DFN8=1,CRC16=1,CRC5EOF=1,PIDERR=1 */
 286:hal/Landungsbruecke/freescale/USB_CDC/USB0.c ****   USB0_ERRSTAT = USB_ERRSTAT_BTSERR_MASK |
 287:hal/Landungsbruecke/freescale/USB_CDC/USB0.c ****                  USB_ERRSTAT_DMAERR_MASK |
 288:hal/Landungsbruecke/freescale/USB_CDC/USB0.c ****                  USB_ERRSTAT_BTOERR_MASK |
 289:hal/Landungsbruecke/freescale/USB_CDC/USB0.c ****                  USB_ERRSTAT_DFN8_MASK |
 290:hal/Landungsbruecke/freescale/USB_CDC/USB0.c ****                  USB_ERRSTAT_CRC16_MASK |
 291:hal/Landungsbruecke/freescale/USB_CDC/USB0.c ****                  USB_ERRSTAT_CRC5EOF_MASK |
 292:hal/Landungsbruecke/freescale/USB_CDC/USB0.c ****                  USB_ERRSTAT_PIDERR_MASK |
 293:hal/Landungsbruecke/freescale/USB_CDC/USB0.c ****                  0x40U;
 294:hal/Landungsbruecke/freescale/USB_CDC/USB0.c ****   /* USB0_INTEN: STALLEN=1,ATTACHEN=1,RESUMEEN=1,SLEEPEN=1,TOKDNEEN=1,SOFTOKEN=1,ERROREN=1,USBRSTEN
 295:hal/Landungsbruecke/freescale/USB_CDC/USB0.c ****   USB0_INTEN = USB_INTEN_STALLEN_MASK |
 296:hal/Landungsbruecke/freescale/USB_CDC/USB0.c ****                USB_INTEN_ATTACHEN_MASK |
 297:hal/Landungsbruecke/freescale/USB_CDC/USB0.c ****                USB_INTEN_RESUMEEN_MASK |
 298:hal/Landungsbruecke/freescale/USB_CDC/USB0.c ****                USB_INTEN_SLEEPEN_MASK |
 299:hal/Landungsbruecke/freescale/USB_CDC/USB0.c ****                USB_INTEN_TOKDNEEN_MASK |
 300:hal/Landungsbruecke/freescale/USB_CDC/USB0.c ****                USB_INTEN_SOFTOKEN_MASK |
 301:hal/Landungsbruecke/freescale/USB_CDC/USB0.c ****                USB_INTEN_ERROREN_MASK |
 302:hal/Landungsbruecke/freescale/USB_CDC/USB0.c ****                USB_INTEN_USBRSTEN_MASK;
 303:hal/Landungsbruecke/freescale/USB_CDC/USB0.c ****   /* USB0_ERREN: BTSERREN=0,??=0,DMAERREN=0,BTOERREN=0,DFN8EN=0,CRC16EN=0,CRC5EOFEN=0,PIDERREN=0 */
 304:hal/Landungsbruecke/freescale/USB_CDC/USB0.c ****   USB0_ERREN = 0x00U;
 305:hal/Landungsbruecke/freescale/USB_CDC/USB0.c ****   /* USB0_USBTRC0: USBRESET=0,??=1,USBRESMEN=1,??=0,??=0,??=0,SYNC_DET=0,USB_RESUME_INT=0 */
 306:hal/Landungsbruecke/freescale/USB_CDC/USB0.c ****   USB0_USBTRC0 = (USB_USBTRC0_USBRESMEN_MASK | 0x40U);
  56              		.loc 1 306 16 view .LVU11
  57 002e 6021     		movs	r1, #96
 265:hal/Landungsbruecke/freescale/USB_CDC/USB0.c ****   /* USB0_USBCTRL: SUSP=1,PDE=1,??=0,??=0,??=0,??=0,??=0,??=0 */
  58              		.loc 1 265 12 view .LVU12
  59 0030 93F89420 		ldrb	r2, [r3, #148]	@ zero_extendqisi2
  60 0034 42F00202 		orr	r2, r2, #2
  61 0038 83F89420 		strb	r2, [r3, #148]
 267:hal/Landungsbruecke/freescale/USB_CDC/USB0.c ****   /* USB0_OTGISTAT: IDCHG=1,ONEMSEC=1,LINE_STATE_CHG=1,??=1,SESSVLDCHG=1,B_SESS_CHG=1,??=1,AVBUSCHG
  62              		.loc 1 267 3 is_stmt 1 view .LVU13
 267:hal/Landungsbruecke/freescale/USB_CDC/USB0.c ****   /* USB0_OTGISTAT: IDCHG=1,ONEMSEC=1,LINE_STATE_CHG=1,??=1,SESSVLDCHG=1,B_SESS_CHG=1,??=1,AVBUSCHG
  63              		.loc 1 267 16 is_stmt 0 view .LVU14
  64 003c C022     		movs	r2, #192
  65 003e 83F80021 		strb	r2, [r3, #256]
 269:hal/Landungsbruecke/freescale/USB_CDC/USB0.c ****                   USB_OTGISTAT_ONEMSEC_MASK |
  66              		.loc 1 269 3 is_stmt 1 view .LVU15
 269:hal/Landungsbruecke/freescale/USB_CDC/USB0.c ****                   USB_OTGISTAT_ONEMSEC_MASK |
  67              		.loc 1 269 17 is_stmt 0 view .LVU16
  68 0042 FF22     		movs	r2, #255
  69 0044 1A74     		strb	r2, [r3, #16]
 277:hal/Landungsbruecke/freescale/USB_CDC/USB0.c ****                USB_ISTAT_ATTACH_MASK |
  70              		.loc 1 277 3 is_stmt 1 view .LVU17
 277:hal/Landungsbruecke/freescale/USB_CDC/USB0.c ****                USB_ISTAT_ATTACH_MASK |
  71              		.loc 1 277 14 is_stmt 0 view .LVU18
  72 0046 83F88020 		strb	r2, [r3, #128]
 286:hal/Landungsbruecke/freescale/USB_CDC/USB0.c ****                  USB_ERRSTAT_DMAERR_MASK |
  73              		.loc 1 286 3 is_stmt 1 view .LVU19
 286:hal/Landungsbruecke/freescale/USB_CDC/USB0.c ****                  USB_ERRSTAT_DMAERR_MASK |
  74              		.loc 1 286 16 is_stmt 0 view .LVU20
  75 004a 83F88820 		strb	r2, [r3, #136]
 295:hal/Landungsbruecke/freescale/USB_CDC/USB0.c ****                USB_INTEN_ATTACHEN_MASK |
  76              		.loc 1 295 3 is_stmt 1 view .LVU21
 295:hal/Landungsbruecke/freescale/USB_CDC/USB0.c ****                USB_INTEN_ATTACHEN_MASK |
  77              		.loc 1 295 14 is_stmt 0 view .LVU22
  78 004e 83F88420 		strb	r2, [r3, #132]
 304:hal/Landungsbruecke/freescale/USB_CDC/USB0.c ****   /* USB0_USBTRC0: USBRESET=0,??=1,USBRESMEN=1,??=0,??=0,??=0,SYNC_DET=0,USB_RESUME_INT=0 */
  79              		.loc 1 304 3 is_stmt 1 view .LVU23
 304:hal/Landungsbruecke/freescale/USB_CDC/USB0.c ****   /* USB0_USBTRC0: USBRESET=0,??=1,USBRESMEN=1,??=0,??=0,??=0,SYNC_DET=0,USB_RESUME_INT=0 */
  80              		.loc 1 304 14 is_stmt 0 view .LVU24
  81 0052 0022     		movs	r2, #0
  82 0054 83F88C20 		strb	r2, [r3, #140]
  83              		.loc 1 306 3 is_stmt 1 view .LVU25
  84              		.loc 1 306 16 is_stmt 0 view .LVU26
  85 0058 83F80C11 		strb	r1, [r3, #268]
 307:hal/Landungsbruecke/freescale/USB_CDC/USB0.c ****   /* USB0_OTGICR: IDEN=0,ONEMSECEN=0,LINESTATEEN=0,??=0,SESSVLDEN=0,BSESSEN=0,??=0,AVBUSEN=0 */
 308:hal/Landungsbruecke/freescale/USB_CDC/USB0.c ****   USB0_OTGICR = 0x00U;
  86              		.loc 1 308 3 is_stmt 1 view .LVU27
 309:hal/Landungsbruecke/freescale/USB_CDC/USB0.c ****   /* USB0_ADDR: LSEN=0,ADDR=0 */
 310:hal/Landungsbruecke/freescale/USB_CDC/USB0.c ****   USB0_ADDR = USB_ADDR_ADDR(0x00);
 311:hal/Landungsbruecke/freescale/USB_CDC/USB0.c ****   /* USB0_ENDPT0: HOSTWOHUB=0,RETRYDIS=0,??=0,EPCTLDIS=0,EPRXEN=0,EPTXEN=0,EPSTALL=0,EPHSHK=0 */
 312:hal/Landungsbruecke/freescale/USB_CDC/USB0.c ****   USB0_ENDPT0 = 0x00U;
 313:hal/Landungsbruecke/freescale/USB_CDC/USB0.c ****   /* USB0_ENDPT1: HOSTWOHUB=0,RETRYDIS=0,??=0,EPCTLDIS=0,EPRXEN=0,EPTXEN=0,EPSTALL=0,EPHSHK=0 */
 314:hal/Landungsbruecke/freescale/USB_CDC/USB0.c ****   USB0_ENDPT1 = 0x00U;
 315:hal/Landungsbruecke/freescale/USB_CDC/USB0.c ****   /* USB0_ENDPT2: HOSTWOHUB=0,RETRYDIS=0,??=0,EPCTLDIS=0,EPRXEN=0,EPTXEN=0,EPSTALL=0,EPHSHK=0 */
 316:hal/Landungsbruecke/freescale/USB_CDC/USB0.c ****   USB0_ENDPT2 = 0x00U;
 317:hal/Landungsbruecke/freescale/USB_CDC/USB0.c ****   /* USB0_ENDPT3: HOSTWOHUB=0,RETRYDIS=0,??=0,EPCTLDIS=0,EPRXEN=0,EPTXEN=0,EPSTALL=0,EPHSHK=0 */
 318:hal/Landungsbruecke/freescale/USB_CDC/USB0.c ****   USB0_ENDPT3 = 0x00U;
 319:hal/Landungsbruecke/freescale/USB_CDC/USB0.c ****   /* USB0_ENDPT4: HOSTWOHUB=0,RETRYDIS=0,??=0,EPCTLDIS=0,EPRXEN=0,EPTXEN=0,EPSTALL=0,EPHSHK=0 */
 320:hal/Landungsbruecke/freescale/USB_CDC/USB0.c ****   USB0_ENDPT4 = 0x00U;
 321:hal/Landungsbruecke/freescale/USB_CDC/USB0.c ****   /* USB0_ENDPT5: HOSTWOHUB=0,RETRYDIS=0,??=0,EPCTLDIS=0,EPRXEN=0,EPTXEN=0,EPSTALL=0,EPHSHK=0 */
 322:hal/Landungsbruecke/freescale/USB_CDC/USB0.c ****   USB0_ENDPT5 = 0x00U;
 323:hal/Landungsbruecke/freescale/USB_CDC/USB0.c ****   /* USB0_ENDPT6: HOSTWOHUB=0,RETRYDIS=0,??=0,EPCTLDIS=0,EPRXEN=0,EPTXEN=0,EPSTALL=0,EPHSHK=0 */
 324:hal/Landungsbruecke/freescale/USB_CDC/USB0.c ****   USB0_ENDPT6 = 0x00U;
 325:hal/Landungsbruecke/freescale/USB_CDC/USB0.c ****   /* USB0_ENDPT7: HOSTWOHUB=0,RETRYDIS=0,??=0,EPCTLDIS=0,EPRXEN=0,EPTXEN=0,EPSTALL=0,EPHSHK=0 */
 326:hal/Landungsbruecke/freescale/USB_CDC/USB0.c ****   USB0_ENDPT7 = 0x00U;
 327:hal/Landungsbruecke/freescale/USB_CDC/USB0.c ****   /* USB0_ENDPT8: HOSTWOHUB=0,RETRYDIS=0,??=0,EPCTLDIS=0,EPRXEN=0,EPTXEN=0,EPSTALL=0,EPHSHK=0 */
 328:hal/Landungsbruecke/freescale/USB_CDC/USB0.c ****   USB0_ENDPT8 = 0x00U;
 329:hal/Landungsbruecke/freescale/USB_CDC/USB0.c ****   /* USB0_ENDPT9: HOSTWOHUB=0,RETRYDIS=0,??=0,EPCTLDIS=0,EPRXEN=0,EPTXEN=0,EPSTALL=0,EPHSHK=0 */
 330:hal/Landungsbruecke/freescale/USB_CDC/USB0.c ****   USB0_ENDPT9 = 0x00U;
 331:hal/Landungsbruecke/freescale/USB_CDC/USB0.c ****   /* USB0_ENDPT10: HOSTWOHUB=0,RETRYDIS=0,??=0,EPCTLDIS=0,EPRXEN=0,EPTXEN=0,EPSTALL=0,EPHSHK=0 */
 332:hal/Landungsbruecke/freescale/USB_CDC/USB0.c ****   USB0_ENDPT10 = 0x00U;
 333:hal/Landungsbruecke/freescale/USB_CDC/USB0.c ****   /* USB0_ENDPT11: HOSTWOHUB=0,RETRYDIS=0,??=0,EPCTLDIS=0,EPRXEN=0,EPTXEN=0,EPSTALL=0,EPHSHK=0 */
 334:hal/Landungsbruecke/freescale/USB_CDC/USB0.c ****   USB0_ENDPT11 = 0x00U;
 335:hal/Landungsbruecke/freescale/USB_CDC/USB0.c ****   /* USB0_ENDPT12: HOSTWOHUB=0,RETRYDIS=0,??=0,EPCTLDIS=0,EPRXEN=0,EPTXEN=0,EPSTALL=0,EPHSHK=0 */
 336:hal/Landungsbruecke/freescale/USB_CDC/USB0.c ****   USB0_ENDPT12 = 0x00U;
 337:hal/Landungsbruecke/freescale/USB_CDC/USB0.c ****   /* USB0_ENDPT13: HOSTWOHUB=0,RETRYDIS=0,??=0,EPCTLDIS=0,EPRXEN=0,EPTXEN=0,EPSTALL=0,EPHSHK=0 */
 338:hal/Landungsbruecke/freescale/USB_CDC/USB0.c ****   USB0_ENDPT13 = 0x00U;
 339:hal/Landungsbruecke/freescale/USB_CDC/USB0.c ****   /* USB0_ENDPT14: HOSTWOHUB=0,RETRYDIS=0,??=0,EPCTLDIS=0,EPRXEN=0,EPTXEN=0,EPSTALL=0,EPHSHK=0 */
 340:hal/Landungsbruecke/freescale/USB_CDC/USB0.c ****   USB0_ENDPT14 = 0x00U;
 341:hal/Landungsbruecke/freescale/USB_CDC/USB0.c ****   /* USB0_ENDPT15: HOSTWOHUB=0,RETRYDIS=0,??=0,EPCTLDIS=0,EPRXEN=0,EPTXEN=0,EPSTALL=0,EPHSHK=0 */
 342:hal/Landungsbruecke/freescale/USB_CDC/USB0.c ****   USB0_ENDPT15 = 0x00U;
 343:hal/Landungsbruecke/freescale/USB_CDC/USB0.c ****   USB0_BDTPAGE1 = (uint8)((((uint32)((uint32)&g_Mem[0])) >> 0x08) & 0xFEU);
  87              		.loc 1 343 29 is_stmt 0 view .LVU28
  88 005c 1F49     		ldr	r1, .L2+4
 308:hal/Landungsbruecke/freescale/USB_CDC/USB0.c ****   /* USB0_ADDR: LSEN=0,ADDR=0 */
  89              		.loc 1 308 15 view .LVU29
  90 005e 1A75     		strb	r2, [r3, #20]
 310:hal/Landungsbruecke/freescale/USB_CDC/USB0.c ****   /* USB0_ENDPT0: HOSTWOHUB=0,RETRYDIS=0,??=0,EPCTLDIS=0,EPRXEN=0,EPTXEN=0,EPSTALL=0,EPHSHK=0 */
  91              		.loc 1 310 3 is_stmt 1 view .LVU30
  92              		.loc 1 343 58 is_stmt 0 view .LVU31
  93 0060 080A     		lsrs	r0, r1, #8
  94              		.loc 1 343 19 view .LVU32
  95 0062 00F0FE00 		and	r0, r0, #254
 310:hal/Landungsbruecke/freescale/USB_CDC/USB0.c ****   /* USB0_ENDPT0: HOSTWOHUB=0,RETRYDIS=0,??=0,EPCTLDIS=0,EPRXEN=0,EPTXEN=0,EPSTALL=0,EPHSHK=0 */
  96              		.loc 1 310 13 view .LVU33
  97 0066 83F89820 		strb	r2, [r3, #152]
 312:hal/Landungsbruecke/freescale/USB_CDC/USB0.c ****   /* USB0_ENDPT1: HOSTWOHUB=0,RETRYDIS=0,??=0,EPCTLDIS=0,EPRXEN=0,EPTXEN=0,EPSTALL=0,EPHSHK=0 */
  98              		.loc 1 312 3 is_stmt 1 view .LVU34
 312:hal/Landungsbruecke/freescale/USB_CDC/USB0.c ****   /* USB0_ENDPT1: HOSTWOHUB=0,RETRYDIS=0,??=0,EPCTLDIS=0,EPRXEN=0,EPTXEN=0,EPSTALL=0,EPHSHK=0 */
  99              		.loc 1 312 15 is_stmt 0 view .LVU35
 100 006a 83F8C020 		strb	r2, [r3, #192]
 314:hal/Landungsbruecke/freescale/USB_CDC/USB0.c ****   /* USB0_ENDPT2: HOSTWOHUB=0,RETRYDIS=0,??=0,EPCTLDIS=0,EPRXEN=0,EPTXEN=0,EPSTALL=0,EPHSHK=0 */
 101              		.loc 1 314 3 is_stmt 1 view .LVU36
 314:hal/Landungsbruecke/freescale/USB_CDC/USB0.c ****   /* USB0_ENDPT2: HOSTWOHUB=0,RETRYDIS=0,??=0,EPCTLDIS=0,EPRXEN=0,EPTXEN=0,EPSTALL=0,EPHSHK=0 */
 102              		.loc 1 314 15 is_stmt 0 view .LVU37
 103 006e 83F8C420 		strb	r2, [r3, #196]
 316:hal/Landungsbruecke/freescale/USB_CDC/USB0.c ****   /* USB0_ENDPT3: HOSTWOHUB=0,RETRYDIS=0,??=0,EPCTLDIS=0,EPRXEN=0,EPTXEN=0,EPSTALL=0,EPHSHK=0 */
 104              		.loc 1 316 3 is_stmt 1 view .LVU38
 316:hal/Landungsbruecke/freescale/USB_CDC/USB0.c ****   /* USB0_ENDPT3: HOSTWOHUB=0,RETRYDIS=0,??=0,EPCTLDIS=0,EPRXEN=0,EPTXEN=0,EPSTALL=0,EPHSHK=0 */
 105              		.loc 1 316 15 is_stmt 0 view .LVU39
 106 0072 83F8C820 		strb	r2, [r3, #200]
 318:hal/Landungsbruecke/freescale/USB_CDC/USB0.c ****   /* USB0_ENDPT4: HOSTWOHUB=0,RETRYDIS=0,??=0,EPCTLDIS=0,EPRXEN=0,EPTXEN=0,EPSTALL=0,EPHSHK=0 */
 107              		.loc 1 318 3 is_stmt 1 view .LVU40
 318:hal/Landungsbruecke/freescale/USB_CDC/USB0.c ****   /* USB0_ENDPT4: HOSTWOHUB=0,RETRYDIS=0,??=0,EPCTLDIS=0,EPRXEN=0,EPTXEN=0,EPSTALL=0,EPHSHK=0 */
 108              		.loc 1 318 15 is_stmt 0 view .LVU41
 109 0076 83F8CC20 		strb	r2, [r3, #204]
 320:hal/Landungsbruecke/freescale/USB_CDC/USB0.c ****   /* USB0_ENDPT5: HOSTWOHUB=0,RETRYDIS=0,??=0,EPCTLDIS=0,EPRXEN=0,EPTXEN=0,EPSTALL=0,EPHSHK=0 */
 110              		.loc 1 320 3 is_stmt 1 view .LVU42
 320:hal/Landungsbruecke/freescale/USB_CDC/USB0.c ****   /* USB0_ENDPT5: HOSTWOHUB=0,RETRYDIS=0,??=0,EPCTLDIS=0,EPRXEN=0,EPTXEN=0,EPSTALL=0,EPHSHK=0 */
 111              		.loc 1 320 15 is_stmt 0 view .LVU43
 112 007a 83F8D020 		strb	r2, [r3, #208]
 322:hal/Landungsbruecke/freescale/USB_CDC/USB0.c ****   /* USB0_ENDPT6: HOSTWOHUB=0,RETRYDIS=0,??=0,EPCTLDIS=0,EPRXEN=0,EPTXEN=0,EPSTALL=0,EPHSHK=0 */
 113              		.loc 1 322 3 is_stmt 1 view .LVU44
 322:hal/Landungsbruecke/freescale/USB_CDC/USB0.c ****   /* USB0_ENDPT6: HOSTWOHUB=0,RETRYDIS=0,??=0,EPCTLDIS=0,EPRXEN=0,EPTXEN=0,EPSTALL=0,EPHSHK=0 */
 114              		.loc 1 322 15 is_stmt 0 view .LVU45
 115 007e 83F8D420 		strb	r2, [r3, #212]
 324:hal/Landungsbruecke/freescale/USB_CDC/USB0.c ****   /* USB0_ENDPT7: HOSTWOHUB=0,RETRYDIS=0,??=0,EPCTLDIS=0,EPRXEN=0,EPTXEN=0,EPSTALL=0,EPHSHK=0 */
 116              		.loc 1 324 3 is_stmt 1 view .LVU46
 324:hal/Landungsbruecke/freescale/USB_CDC/USB0.c ****   /* USB0_ENDPT7: HOSTWOHUB=0,RETRYDIS=0,??=0,EPCTLDIS=0,EPRXEN=0,EPTXEN=0,EPSTALL=0,EPHSHK=0 */
 117              		.loc 1 324 15 is_stmt 0 view .LVU47
 118 0082 83F8D820 		strb	r2, [r3, #216]
 326:hal/Landungsbruecke/freescale/USB_CDC/USB0.c ****   /* USB0_ENDPT8: HOSTWOHUB=0,RETRYDIS=0,??=0,EPCTLDIS=0,EPRXEN=0,EPTXEN=0,EPSTALL=0,EPHSHK=0 */
 119              		.loc 1 326 3 is_stmt 1 view .LVU48
 326:hal/Landungsbruecke/freescale/USB_CDC/USB0.c ****   /* USB0_ENDPT8: HOSTWOHUB=0,RETRYDIS=0,??=0,EPCTLDIS=0,EPRXEN=0,EPTXEN=0,EPSTALL=0,EPHSHK=0 */
 120              		.loc 1 326 15 is_stmt 0 view .LVU49
 121 0086 83F8DC20 		strb	r2, [r3, #220]
 328:hal/Landungsbruecke/freescale/USB_CDC/USB0.c ****   /* USB0_ENDPT9: HOSTWOHUB=0,RETRYDIS=0,??=0,EPCTLDIS=0,EPRXEN=0,EPTXEN=0,EPSTALL=0,EPHSHK=0 */
 122              		.loc 1 328 3 is_stmt 1 view .LVU50
 328:hal/Landungsbruecke/freescale/USB_CDC/USB0.c ****   /* USB0_ENDPT9: HOSTWOHUB=0,RETRYDIS=0,??=0,EPCTLDIS=0,EPRXEN=0,EPTXEN=0,EPSTALL=0,EPHSHK=0 */
 123              		.loc 1 328 15 is_stmt 0 view .LVU51
 124 008a 83F8E020 		strb	r2, [r3, #224]
 330:hal/Landungsbruecke/freescale/USB_CDC/USB0.c ****   /* USB0_ENDPT10: HOSTWOHUB=0,RETRYDIS=0,??=0,EPCTLDIS=0,EPRXEN=0,EPTXEN=0,EPSTALL=0,EPHSHK=0 */
 125              		.loc 1 330 3 is_stmt 1 view .LVU52
 330:hal/Landungsbruecke/freescale/USB_CDC/USB0.c ****   /* USB0_ENDPT10: HOSTWOHUB=0,RETRYDIS=0,??=0,EPCTLDIS=0,EPRXEN=0,EPTXEN=0,EPSTALL=0,EPHSHK=0 */
 126              		.loc 1 330 15 is_stmt 0 view .LVU53
 127 008e 83F8E420 		strb	r2, [r3, #228]
 332:hal/Landungsbruecke/freescale/USB_CDC/USB0.c ****   /* USB0_ENDPT11: HOSTWOHUB=0,RETRYDIS=0,??=0,EPCTLDIS=0,EPRXEN=0,EPTXEN=0,EPSTALL=0,EPHSHK=0 */
 128              		.loc 1 332 3 is_stmt 1 view .LVU54
 332:hal/Landungsbruecke/freescale/USB_CDC/USB0.c ****   /* USB0_ENDPT11: HOSTWOHUB=0,RETRYDIS=0,??=0,EPCTLDIS=0,EPRXEN=0,EPTXEN=0,EPSTALL=0,EPHSHK=0 */
 129              		.loc 1 332 16 is_stmt 0 view .LVU55
 130 0092 83F8E820 		strb	r2, [r3, #232]
 334:hal/Landungsbruecke/freescale/USB_CDC/USB0.c ****   /* USB0_ENDPT12: HOSTWOHUB=0,RETRYDIS=0,??=0,EPCTLDIS=0,EPRXEN=0,EPTXEN=0,EPSTALL=0,EPHSHK=0 */
 131              		.loc 1 334 3 is_stmt 1 view .LVU56
 334:hal/Landungsbruecke/freescale/USB_CDC/USB0.c ****   /* USB0_ENDPT12: HOSTWOHUB=0,RETRYDIS=0,??=0,EPCTLDIS=0,EPRXEN=0,EPTXEN=0,EPSTALL=0,EPHSHK=0 */
 132              		.loc 1 334 16 is_stmt 0 view .LVU57
 133 0096 83F8EC20 		strb	r2, [r3, #236]
 336:hal/Landungsbruecke/freescale/USB_CDC/USB0.c ****   /* USB0_ENDPT13: HOSTWOHUB=0,RETRYDIS=0,??=0,EPCTLDIS=0,EPRXEN=0,EPTXEN=0,EPSTALL=0,EPHSHK=0 */
 134              		.loc 1 336 3 is_stmt 1 view .LVU58
 336:hal/Landungsbruecke/freescale/USB_CDC/USB0.c ****   /* USB0_ENDPT13: HOSTWOHUB=0,RETRYDIS=0,??=0,EPCTLDIS=0,EPRXEN=0,EPTXEN=0,EPSTALL=0,EPHSHK=0 */
 135              		.loc 1 336 16 is_stmt 0 view .LVU59
 136 009a 83F8F020 		strb	r2, [r3, #240]
 338:hal/Landungsbruecke/freescale/USB_CDC/USB0.c ****   /* USB0_ENDPT14: HOSTWOHUB=0,RETRYDIS=0,??=0,EPCTLDIS=0,EPRXEN=0,EPTXEN=0,EPSTALL=0,EPHSHK=0 */
 137              		.loc 1 338 3 is_stmt 1 view .LVU60
 338:hal/Landungsbruecke/freescale/USB_CDC/USB0.c ****   /* USB0_ENDPT14: HOSTWOHUB=0,RETRYDIS=0,??=0,EPCTLDIS=0,EPRXEN=0,EPTXEN=0,EPSTALL=0,EPHSHK=0 */
 138              		.loc 1 338 16 is_stmt 0 view .LVU61
 139 009e 83F8F420 		strb	r2, [r3, #244]
 340:hal/Landungsbruecke/freescale/USB_CDC/USB0.c ****   /* USB0_ENDPT15: HOSTWOHUB=0,RETRYDIS=0,??=0,EPCTLDIS=0,EPRXEN=0,EPTXEN=0,EPSTALL=0,EPHSHK=0 */
 140              		.loc 1 340 3 is_stmt 1 view .LVU62
 340:hal/Landungsbruecke/freescale/USB_CDC/USB0.c ****   /* USB0_ENDPT15: HOSTWOHUB=0,RETRYDIS=0,??=0,EPCTLDIS=0,EPRXEN=0,EPTXEN=0,EPSTALL=0,EPHSHK=0 */
 141              		.loc 1 340 16 is_stmt 0 view .LVU63
 142 00a2 83F8F820 		strb	r2, [r3, #248]
 342:hal/Landungsbruecke/freescale/USB_CDC/USB0.c ****   USB0_BDTPAGE1 = (uint8)((((uint32)((uint32)&g_Mem[0])) >> 0x08) & 0xFEU);
 143              		.loc 1 342 3 is_stmt 1 view .LVU64
 342:hal/Landungsbruecke/freescale/USB_CDC/USB0.c ****   USB0_BDTPAGE1 = (uint8)((((uint32)((uint32)&g_Mem[0])) >> 0x08) & 0xFEU);
 144              		.loc 1 342 16 is_stmt 0 view .LVU65
 145 00a6 83F8FC20 		strb	r2, [r3, #252]
 146              		.loc 1 343 3 is_stmt 1 view .LVU66
 147              		.loc 1 343 17 is_stmt 0 view .LVU67
 148 00aa 83F89C00 		strb	r0, [r3, #156]
 344:hal/Landungsbruecke/freescale/USB_CDC/USB0.c ****   USB0_BDTPAGE2 = (uint8)((((uint32)((uint32)&g_Mem[0])) >> 0x10) & 0xFFU);
 149              		.loc 1 344 3 is_stmt 1 view .LVU68
 150              		.loc 1 344 19 is_stmt 0 view .LVU69
 151 00ae C1F30740 		ubfx	r0, r1, #16, #8
 345:hal/Landungsbruecke/freescale/USB_CDC/USB0.c ****   USB0_BDTPAGE3 = (uint8)((((uint32)((uint32)&g_Mem[0])) >> 0x18) & 0xFFU);
 152              		.loc 1 345 19 view .LVU70
 153 00b2 090E     		lsrs	r1, r1, #24
 344:hal/Landungsbruecke/freescale/USB_CDC/USB0.c ****   USB0_BDTPAGE2 = (uint8)((((uint32)((uint32)&g_Mem[0])) >> 0x10) & 0xFFU);
 154              		.loc 1 344 17 view .LVU71
 155 00b4 83F8B000 		strb	r0, [r3, #176]
 156              		.loc 1 345 3 is_stmt 1 view .LVU72
 157              		.loc 1 345 17 is_stmt 0 view .LVU73
 158 00b8 83F8B410 		strb	r1, [r3, #180]
 346:hal/Landungsbruecke/freescale/USB_CDC/USB0.c ****   /* USB0_SOFTHLD: CNT=0 */
 347:hal/Landungsbruecke/freescale/USB_CDC/USB0.c ****   USB0_SOFTHLD = USB_SOFTHLD_CNT(0x00);
 159              		.loc 1 347 3 is_stmt 1 view .LVU74
 160              		.loc 1 347 16 is_stmt 0 view .LVU75
 161 00bc 83F8AC20 		strb	r2, [r3, #172]
 348:hal/Landungsbruecke/freescale/USB_CDC/USB0.c ****   /* USB0_OTGCTL: DPHIGH=0,??=0,DPLOW=0,DMLOW=0,??=0,OTGEN=0,??=0,??=0 */
 349:hal/Landungsbruecke/freescale/USB_CDC/USB0.c ****   USB0_OTGCTL = 0x00U;
 162              		.loc 1 349 3 is_stmt 1 view .LVU76
 163              		.loc 1 349 15 is_stmt 0 view .LVU77
 164 00c0 1A77     		strb	r2, [r3, #28]
 350:hal/Landungsbruecke/freescale/USB_CDC/USB0.c ****   /* USB0_CONTROL: ??=0,??=0,??=0,DPPULLUPNONOTG=0,??=0,??=0,??=0,??=0 */
 351:hal/Landungsbruecke/freescale/USB_CDC/USB0.c ****   USB0_CONTROL = 0x00U;
 165              		.loc 1 351 3 is_stmt 1 view .LVU78
 166              		.loc 1 351 16 is_stmt 0 view .LVU79
 167 00c2 83F80821 		strb	r2, [r3, #264]
 352:hal/Landungsbruecke/freescale/USB_CDC/USB0.c ****   /* USB0_CTL: TXSUSPENDTOKENBUSY=0,HOSTMODEEN=0,ODDRST=0,USBENSOFEN=1 */
 353:hal/Landungsbruecke/freescale/USB_CDC/USB0.c ****   USB0_CTL = (uint8)((USB0_CTL & (uint8)~(uint8)(
 168              		.loc 1 353 3 is_stmt 1 view .LVU80
 169              		.loc 1 353 23 is_stmt 0 view .LVU81
 170 00c6 93F89420 		ldrb	r2, [r3, #148]	@ zero_extendqisi2
 354:hal/Landungsbruecke/freescale/USB_CDC/USB0.c ****               USB_CTL_TXSUSPENDTOKENBUSY_MASK |
 355:hal/Landungsbruecke/freescale/USB_CDC/USB0.c ****               USB_CTL_HOSTMODEEN_MASK |
 356:hal/Landungsbruecke/freescale/USB_CDC/USB0.c ****               USB_CTL_ODDRST_MASK
 357:hal/Landungsbruecke/freescale/USB_CDC/USB0.c ****              )) | (uint8)(
 171              		.loc 1 357 17 view .LVU82
 172 00ca 02F0D402 		and	r2, r2, #212
 353:hal/Landungsbruecke/freescale/USB_CDC/USB0.c ****               USB_CTL_TXSUSPENDTOKENBUSY_MASK |
 173              		.loc 1 353 14 view .LVU83
 174 00ce 42F00102 		orr	r2, r2, #1
 353:hal/Landungsbruecke/freescale/USB_CDC/USB0.c ****               USB_CTL_TXSUSPENDTOKENBUSY_MASK |
 175              		.loc 1 353 12 view .LVU84
 176 00d2 83F89420 		strb	r2, [r3, #148]
 358:hal/Landungsbruecke/freescale/USB_CDC/USB0.c ****               USB_CTL_USBENSOFEN_MASK
 359:hal/Landungsbruecke/freescale/USB_CDC/USB0.c ****              ));
 360:hal/Landungsbruecke/freescale/USB_CDC/USB0.c **** }
 177              		.loc 1 360 1 view .LVU85
 178 00d6 7047     		bx	lr
 179              	.L3:
 180              		.align	2
 181              	.L2:
 182 00d8 00700440 		.word	1074032640
 183 00dc 00000000 		.word	g_Mem
 184              		.cfi_endproc
 185              	.LFE0:
 187              		.comm	Cpu,8,4
 188              	.Letext0:
 189              		.file 2 "c:\\program files (x86)\\gnu arm embedded toolchain\\9 2020-q2-update\\arm-none-eabi\\inc
 190              		.file 3 "c:\\program files (x86)\\gnu arm embedded toolchain\\9 2020-q2-update\\arm-none-eabi\\inc
 191              		.file 4 "TMC-API/tmc/helpers/Types.h"
 192              		.file 5 "c:\\program files (x86)\\gnu arm embedded toolchain\\9 2020-q2-update\\lib\\gcc\\arm-none
 193              		.file 6 "c:\\program files (x86)\\gnu arm embedded toolchain\\9 2020-q2-update\\arm-none-eabi\\inc
 194              		.file 7 "c:\\program files (x86)\\gnu arm embedded toolchain\\9 2020-q2-update\\arm-none-eabi\\inc
 195              		.file 8 "c:\\program files (x86)\\gnu arm embedded toolchain\\9 2020-q2-update\\arm-none-eabi\\inc
 196              		.file 9 "c:\\program files (x86)\\gnu arm embedded toolchain\\9 2020-q2-update\\arm-none-eabi\\inc
 197              		.file 10 "hal/Landungsbruecke/freescale/MK20D10.h"
 198              		.file 11 "./hal/Landungsbruecke/freescale/Cpu.h"
 199              		.file 12 "hal/Landungsbruecke/freescale/USB_CDC/PE_Types.h"
DEFINED SYMBOLS
                            *ABS*:00000000 USB0.c
C:\Users\Shubham\AppData\Local\Temp\ccS2qfBp.s:15     .text:00000000 $t
C:\Users\Shubham\AppData\Local\Temp\ccS2qfBp.s:23     .text:00000000 USB0_Init
C:\Users\Shubham\AppData\Local\Temp\ccS2qfBp.s:182    .text:000000d8 $d
                            *COM*:00000008 Cpu

UNDEFINED SYMBOLS
g_Mem
