   1              		.cpu cortex-m4
   2              		.eabi_attribute 20, 1
   3              		.eabi_attribute 21, 1
   4              		.eabi_attribute 23, 3
   5              		.eabi_attribute 24, 1
   6              		.eabi_attribute 25, 1
   7              		.eabi_attribute 26, 1
   8              		.eabi_attribute 30, 4
   9              		.eabi_attribute 34, 1
  10              		.eabi_attribute 18, 4
  11              		.file	"wdt_kinetis.c"
  12              		.text
  13              	.Ltext0:
  14              		.cfi_sections	.debug_frame
  15              		.align	1
  16              		.global	Watchdog_Reset
  17              		.arch armv7e-m
  18              		.syntax unified
  19              		.thumb
  20              		.thumb_func
  21              		.fpu softvfp
  23              	Watchdog_Reset:
  24              	.LFB0:
  25              		.file 1 "hal/Landungsbruecke/freescale/USB_CDC/wdt_kinetis.c"
   1:hal/Landungsbruecke/freescale/USB_CDC/wdt_kinetis.c **** /******************************************************************************
   2:hal/Landungsbruecke/freescale/USB_CDC/wdt_kinetis.c ****  *
   3:hal/Landungsbruecke/freescale/USB_CDC/wdt_kinetis.c ****  * Freescale Semiconductor Inc.
   4:hal/Landungsbruecke/freescale/USB_CDC/wdt_kinetis.c ****  * (c) Copyright 2004-2010 Freescale Semiconductor, Inc.
   5:hal/Landungsbruecke/freescale/USB_CDC/wdt_kinetis.c ****  * ALL RIGHTS RESERVED.
   6:hal/Landungsbruecke/freescale/USB_CDC/wdt_kinetis.c ****  *
   7:hal/Landungsbruecke/freescale/USB_CDC/wdt_kinetis.c ****  ******************************************************************************
   8:hal/Landungsbruecke/freescale/USB_CDC/wdt_kinetis.c ****  *
   9:hal/Landungsbruecke/freescale/USB_CDC/wdt_kinetis.c ****  * THIS SOFTWARE IS PROVIDED BY FREESCALE "AS IS" AND ANY EXPRESSED OR
  10:hal/Landungsbruecke/freescale/USB_CDC/wdt_kinetis.c ****  * IMPLIED WARRANTIES, INCLUDING, BUT NOT LIMITED TO, THE IMPLIED WARRANTIES
  11:hal/Landungsbruecke/freescale/USB_CDC/wdt_kinetis.c ****  * OF MERCHANTABILITY AND FITNESS FOR A PARTICULAR PURPOSE ARE DISCLAIMED.
  12:hal/Landungsbruecke/freescale/USB_CDC/wdt_kinetis.c ****  * IN NO EVENT SHALL FREESCALE OR ITS CONTRIBUTORS BE LIABLE FOR ANY DIRECT,
  13:hal/Landungsbruecke/freescale/USB_CDC/wdt_kinetis.c ****  * INDIRECT, INCIDENTAL, SPECIAL, EXEMPLARY, OR CONSEQUENTIAL DAMAGES
  14:hal/Landungsbruecke/freescale/USB_CDC/wdt_kinetis.c ****  * (INCLUDING, BUT NOT LIMITED TO, PROCUREMENT OF SUBSTITUTE GOODS OR
  15:hal/Landungsbruecke/freescale/USB_CDC/wdt_kinetis.c ****  * SERVICES; LOSS OF USE, DATA, OR PROFITS; OR BUSINESS INTERRUPTION)
  16:hal/Landungsbruecke/freescale/USB_CDC/wdt_kinetis.c ****  * HOWEVER CAUSED AND ON ANY THEORY OF LIABILITY, WHETHER IN CONTRACT,
  17:hal/Landungsbruecke/freescale/USB_CDC/wdt_kinetis.c ****  * STRICT LIABILITY, OR TORT (INCLUDING NEGLIGENCE OR OTHERWISE) ARISING
  18:hal/Landungsbruecke/freescale/USB_CDC/wdt_kinetis.c ****  * IN ANY WAY OUT OF THE USE OF THIS SOFTWARE, EVEN IF ADVISED OF
  19:hal/Landungsbruecke/freescale/USB_CDC/wdt_kinetis.c ****  * THE POSSIBILITY OF SUCH DAMAGE.
  20:hal/Landungsbruecke/freescale/USB_CDC/wdt_kinetis.c ****  *
  21:hal/Landungsbruecke/freescale/USB_CDC/wdt_kinetis.c ****  **************************************************************************//*!
  22:hal/Landungsbruecke/freescale/USB_CDC/wdt_kinetis.c ****  *
  23:hal/Landungsbruecke/freescale/USB_CDC/wdt_kinetis.c ****  * @file wdt_kinetis.c
  24:hal/Landungsbruecke/freescale/USB_CDC/wdt_kinetis.c ****  *
  25:hal/Landungsbruecke/freescale/USB_CDC/wdt_kinetis.c ****  * @author
  26:hal/Landungsbruecke/freescale/USB_CDC/wdt_kinetis.c ****  *
  27:hal/Landungsbruecke/freescale/USB_CDC/wdt_kinetis.c ****  * @version
  28:hal/Landungsbruecke/freescale/USB_CDC/wdt_kinetis.c ****  *
  29:hal/Landungsbruecke/freescale/USB_CDC/wdt_kinetis.c ****  * @date
  30:hal/Landungsbruecke/freescale/USB_CDC/wdt_kinetis.c ****  *
  31:hal/Landungsbruecke/freescale/USB_CDC/wdt_kinetis.c ****  * @brief   This file contains the implementation of the Watchdog service routines on CFV2
  32:hal/Landungsbruecke/freescale/USB_CDC/wdt_kinetis.c ****  *****************************************************************************/
  33:hal/Landungsbruecke/freescale/USB_CDC/wdt_kinetis.c **** 
  34:hal/Landungsbruecke/freescale/USB_CDC/wdt_kinetis.c **** #include "types.h"      		/* User Defined Data Types */
  35:hal/Landungsbruecke/freescale/USB_CDC/wdt_kinetis.c **** #include "hal/derivative.h" 	/* include peripheral declarations */
  36:hal/Landungsbruecke/freescale/USB_CDC/wdt_kinetis.c **** #include "wdt_kinetis.h"       	/* own header with public declarations */
  37:hal/Landungsbruecke/freescale/USB_CDC/wdt_kinetis.c **** 
  38:hal/Landungsbruecke/freescale/USB_CDC/wdt_kinetis.c **** /*****************************************************************************/
  39:hal/Landungsbruecke/freescale/USB_CDC/wdt_kinetis.c **** void Watchdog_Reset(void)
  40:hal/Landungsbruecke/freescale/USB_CDC/wdt_kinetis.c **** {
  26              		.loc 1 40 1 view -0
  27              		.cfi_startproc
  28              		@ args = 0, pretend = 0, frame = 0
  29              		@ frame_needed = 0, uses_anonymous_args = 0
  30              		@ link register save eliminated.
  41:hal/Landungsbruecke/freescale/USB_CDC/wdt_kinetis.c **** #if defined(MCU_MKL25Z4) || defined(MCU_MKL26Z4) || defined(MCU_MKL46Z4)
  42:hal/Landungsbruecke/freescale/USB_CDC/wdt_kinetis.c **** 	(void)(RCM_SRS0 |= RCM_SRS0_WDOG_MASK);
  43:hal/Landungsbruecke/freescale/USB_CDC/wdt_kinetis.c **** #else
  44:hal/Landungsbruecke/freescale/USB_CDC/wdt_kinetis.c **** 	(void)(WDOG_REFRESH = 0xA602, WDOG_REFRESH = 0xB480);
  31              		.loc 1 44 2 view .LVU1
  32              		.loc 1 44 22 is_stmt 0 view .LVU2
  33 0000 034B     		ldr	r3, .L2
  34 0002 4AF20262 		movw	r2, #42498
  35 0006 9A81     		strh	r2, [r3, #12]	@ movhi
  36              		.loc 1 44 45 view .LVU3
  37 0008 4BF28042 		movw	r2, #46208
  38 000c 9A81     		strh	r2, [r3, #12]	@ movhi
  45:hal/Landungsbruecke/freescale/USB_CDC/wdt_kinetis.c **** #endif
  46:hal/Landungsbruecke/freescale/USB_CDC/wdt_kinetis.c **** }
  39              		.loc 1 46 1 view .LVU4
  40 000e 7047     		bx	lr
  41              	.L3:
  42              		.align	2
  43              	.L2:
  44 0010 00200540 		.word	1074077696
  45              		.cfi_endproc
  46              	.LFE0:
  48              		.comm	Cpu,8,4
  49              	.Letext0:
  50              		.file 2 "c:\\program files (x86)\\gnu arm embedded toolchain\\9 2020-q2-update\\arm-none-eabi\\inc
  51              		.file 3 "c:\\program files (x86)\\gnu arm embedded toolchain\\9 2020-q2-update\\arm-none-eabi\\inc
  52              		.file 4 "TMC-API/tmc/helpers/Types.h"
  53              		.file 5 "c:\\program files (x86)\\gnu arm embedded toolchain\\9 2020-q2-update\\lib\\gcc\\arm-none
  54              		.file 6 "c:\\program files (x86)\\gnu arm embedded toolchain\\9 2020-q2-update\\arm-none-eabi\\inc
  55              		.file 7 "c:\\program files (x86)\\gnu arm embedded toolchain\\9 2020-q2-update\\arm-none-eabi\\inc
  56              		.file 8 "c:\\program files (x86)\\gnu arm embedded toolchain\\9 2020-q2-update\\arm-none-eabi\\inc
  57              		.file 9 "c:\\program files (x86)\\gnu arm embedded toolchain\\9 2020-q2-update\\arm-none-eabi\\inc
  58              		.file 10 "hal/Landungsbruecke/freescale/MK20D10.h"
  59              		.file 11 "./hal/Landungsbruecke/freescale/USB_CDC/PE_Types.h"
  60              		.file 12 "./hal/Landungsbruecke/freescale/Cpu.h"
DEFINED SYMBOLS
                            *ABS*:00000000 wdt_kinetis.c
C:\Users\Shubham\AppData\Local\Temp\ccGAfony.s:15     .text:00000000 $t
C:\Users\Shubham\AppData\Local\Temp\ccGAfony.s:23     .text:00000000 Watchdog_Reset
C:\Users\Shubham\AppData\Local\Temp\ccGAfony.s:44     .text:00000010 $d
                            *COM*:00000008 Cpu

NO UNDEFINED SYMBOLS
